<?xml version="1.0" encoding="UTF-8"?>
<testsuite xmlns:xsi="http://www.w3.org/2001/XMLSchema-instance" xsi:noNamespaceSchemaLocation="https://maven.apache.org/surefire/maven-surefire-plugin/xsd/surefire-test-report-3.0.xsd" version="3.0" name="com.example.frauddetection.service.CloudWatchLoggingIntegrationTest" time="21.55" tests="1" errors="0" skipped="0" failures="0">
  <properties>
    <property name="java.specification.version" value="21"/>
    <property name="sun.jnu.encoding" value="UTF-8"/>
    <property name="java.class.path" value="/Users/shaoliang/projs/fraud-detection/target/test-classes:/Users/shaoliang/projs/fraud-detection/target/classes:/Users/shaoliang/.m2/repository/org/springframework/boot/spring-boot-starter-web/3.1.5/spring-boot-starter-web-3.1.5.jar:/Users/shaoliang/.m2/repository/org/springframework/boot/spring-boot-starter/3.1.5/spring-boot-starter-3.1.5.jar:/Users/shaoliang/.m2/repository/org/springframework/boot/spring-boot/3.1.5/spring-boot-3.1.5.jar:/Users/shaoliang/.m2/repository/org/springframework/boot/spring-boot-autoconfigure/3.1.5/spring-boot-autoconfigure-3.1.5.jar:/Users/shaoliang/.m2/repository/org/springframework/boot/spring-boot-starter-logging/3.1.5/spring-boot-starter-logging-3.1.5.jar:/Users/shaoliang/.m2/repository/org/apache/logging/log4j/log4j-to-slf4j/2.20.0/log4j-to-slf4j-2.20.0.jar:/Users/shaoliang/.m2/repository/org/apache/logging/log4j/log4j-api/2.20.0/log4j-api-2.20.0.jar:/Users/shaoliang/.m2/repository/org/slf4j/jul-to-slf4j/2.0.9/jul-to-slf4j-2.0.9.jar:/Users/shaoliang/.m2/repository/jakarta/annotation/jakarta.annotation-api/2.1.1/jakarta.annotation-api-2.1.1.jar:/Users/shaoliang/.m2/repository/org/yaml/snakeyaml/1.33/snakeyaml-1.33.jar:/Users/shaoliang/.m2/repository/org/springframework/boot/spring-boot-starter-json/3.1.5/spring-boot-starter-json-3.1.5.jar:/Users/shaoliang/.m2/repository/com/fasterxml/jackson/core/jackson-databind/2.15.3/jackson-databind-2.15.3.jar:/Users/shaoliang/.m2/repository/com/fasterxml/jackson/core/jackson-core/2.15.3/jackson-core-2.15.3.jar:/Users/shaoliang/.m2/repository/com/fasterxml/jackson/datatype/jackson-datatype-jdk8/2.15.3/jackson-datatype-jdk8-2.15.3.jar:/Users/shaoliang/.m2/repository/com/fasterxml/jackson/datatype/jackson-datatype-jsr310/2.15.3/jackson-datatype-jsr310-2.15.3.jar:/Users/shaoliang/.m2/repository/com/fasterxml/jackson/module/jackson-module-parameter-names/2.15.3/jackson-module-parameter-names-2.15.3.jar:/Users/shaoliang/.m2/repository/org/springframework/boot/spring-boot-starter-tomcat/3.1.5/spring-boot-starter-tomcat-3.1.5.jar:/Users/shaoliang/.m2/repository/org/apache/tomcat/embed/tomcat-embed-core/10.1.15/tomcat-embed-core-10.1.15.jar:/Users/shaoliang/.m2/repository/org/apache/tomcat/embed/tomcat-embed-el/10.1.15/tomcat-embed-el-10.1.15.jar:/Users/shaoliang/.m2/repository/org/apache/tomcat/embed/tomcat-embed-websocket/10.1.15/tomcat-embed-websocket-10.1.15.jar:/Users/shaoliang/.m2/repository/org/springframework/spring-web/6.0.13/spring-web-6.0.13.jar:/Users/shaoliang/.m2/repository/org/springframework/spring-webmvc/6.0.13/spring-webmvc-6.0.13.jar:/Users/shaoliang/.m2/repository/org/springframework/boot/spring-boot-starter-data-jpa/3.1.5/spring-boot-starter-data-jpa-3.1.5.jar:/Users/shaoliang/.m2/repository/org/springframework/boot/spring-boot-starter-aop/3.1.5/spring-boot-starter-aop-3.1.5.jar:/Users/shaoliang/.m2/repository/org/aspectj/aspectjweaver/1.9.20/aspectjweaver-1.9.20.jar:/Users/shaoliang/.m2/repository/org/springframework/boot/spring-boot-starter-jdbc/3.1.5/spring-boot-starter-jdbc-3.1.5.jar:/Users/shaoliang/.m2/repository/com/zaxxer/HikariCP/5.0.1/HikariCP-5.0.1.jar:/Users/shaoliang/.m2/repository/org/springframework/spring-jdbc/6.0.13/spring-jdbc-6.0.13.jar:/Users/shaoliang/.m2/repository/org/hibernate/orm/hibernate-core/6.2.13.Final/hibernate-core-6.2.13.Final.jar:/Users/shaoliang/.m2/repository/jakarta/persistence/jakarta.persistence-api/3.1.0/jakarta.persistence-api-3.1.0.jar:/Users/shaoliang/.m2/repository/jakarta/transaction/jakarta.transaction-api/2.0.1/jakarta.transaction-api-2.0.1.jar:/Users/shaoliang/.m2/repository/org/jboss/logging/jboss-logging/3.5.3.Final/jboss-logging-3.5.3.Final.jar:/Users/shaoliang/.m2/repository/org/hibernate/common/hibernate-commons-annotations/6.0.6.Final/hibernate-commons-annotations-6.0.6.Final.jar:/Users/shaoliang/.m2/repository/io/smallrye/jandex/3.0.5/jandex-3.0.5.jar:/Users/shaoliang/.m2/repository/com/fasterxml/classmate/1.5.1/classmate-1.5.1.jar:/Users/shaoliang/.m2/repository/net/bytebuddy/byte-buddy/1.14.9/byte-buddy-1.14.9.jar:/Users/shaoliang/.m2/repository/org/glassfish/jaxb/jaxb-runtime/4.0.3/jaxb-runtime-4.0.3.jar:/Users/shaoliang/.m2/repository/org/glassfish/jaxb/jaxb-core/4.0.3/jaxb-core-4.0.3.jar:/Users/shaoliang/.m2/repository/org/eclipse/angus/angus-activation/2.0.1/angus-activation-2.0.1.jar:/Users/shaoliang/.m2/repository/org/glassfish/jaxb/txw2/4.0.3/txw2-4.0.3.jar:/Users/shaoliang/.m2/repository/com/sun/istack/istack-commons-runtime/4.1.2/istack-commons-runtime-4.1.2.jar:/Users/shaoliang/.m2/repository/jakarta/inject/jakarta.inject-api/2.0.1/jakarta.inject-api-2.0.1.jar:/Users/shaoliang/.m2/repository/org/antlr/antlr4-runtime/4.10.1/antlr4-runtime-4.10.1.jar:/Users/shaoliang/.m2/repository/org/springframework/data/spring-data-jpa/3.1.5/spring-data-jpa-3.1.5.jar:/Users/shaoliang/.m2/repository/org/springframework/data/spring-data-commons/3.1.5/spring-data-commons-3.1.5.jar:/Users/shaoliang/.m2/repository/org/springframework/spring-orm/6.0.13/spring-orm-6.0.13.jar:/Users/shaoliang/.m2/repository/org/springframework/spring-aspects/6.0.13/spring-aspects-6.0.13.jar:/Users/shaoliang/.m2/repository/org/springframework/kafka/spring-kafka/3.0.12/spring-kafka-3.0.12.jar:/Users/shaoliang/.m2/repository/org/springframework/spring-messaging/6.0.13/spring-messaging-6.0.13.jar:/Users/shaoliang/.m2/repository/org/springframework/spring-tx/6.0.13/spring-tx-6.0.13.jar:/Users/shaoliang/.m2/repository/org/springframework/retry/spring-retry/2.0.4/spring-retry-2.0.4.jar:/Users/shaoliang/.m2/repository/org/apache/kafka/kafka-clients/3.4.1/kafka-clients-3.4.1.jar:/Users/shaoliang/.m2/repository/com/github/luben/zstd-jni/1.5.2-1/zstd-jni-1.5.2-1.jar:/Users/shaoliang/.m2/repository/org/lz4/lz4-java/1.8.0/lz4-java-1.8.0.jar:/Users/shaoliang/.m2/repository/org/xerial/snappy/snappy-java/1.1.8.4/snappy-java-1.1.8.4.jar:/Users/shaoliang/.m2/repository/io/micrometer/micrometer-observation/1.11.5/micrometer-observation-1.11.5.jar:/Users/shaoliang/.m2/repository/io/micrometer/micrometer-commons/1.11.5/micrometer-commons-1.11.5.jar:/Users/shaoliang/.m2/repository/com/google/code/findbugs/jsr305/3.0.2/jsr305-3.0.2.jar:/Users/shaoliang/.m2/repository/io/awspring/cloud/spring-cloud-aws-starter-sqs/3.0.2/spring-cloud-aws-starter-sqs-3.0.2.jar:/Users/shaoliang/.m2/repository/io/awspring/cloud/spring-cloud-aws-starter/3.0.2/spring-cloud-aws-starter-3.0.2.jar:/Users/shaoliang/.m2/repository/io/awspring/cloud/spring-cloud-aws-autoconfigure/3.0.2/spring-cloud-aws-autoconfigure-3.0.2.jar:/Users/shaoliang/.m2/repository/io/awspring/cloud/spring-cloud-aws-core/3.0.2/spring-cloud-aws-core-3.0.2.jar:/Users/shaoliang/.m2/repository/io/awspring/cloud/spring-cloud-aws-sqs/3.0.2/spring-cloud-aws-sqs-3.0.2.jar:/Users/shaoliang/.m2/repository/software/amazon/awssdk/sqs/2.20.63/sqs-2.20.63.jar:/Users/shaoliang/.m2/repository/software/amazon/awssdk/aws-query-protocol/2.20.63/aws-query-protocol-2.20.63.jar:/Users/shaoliang/.m2/repository/software/amazon/awssdk/arns/2.20.63/arns-2.20.63.jar:/Users/shaoliang/.m2/repository/org/slf4j/slf4j-api/2.0.9/slf4j-api-2.0.9.jar:/Users/shaoliang/.m2/repository/io/github/dnovitski/logback-awslogs-appender/1.7.1/logback-awslogs-appender-1.7.1.jar:/Users/shaoliang/.m2/repository/ch/qos/logback/logback-classic/1.4.11/logback-classic-1.4.11.jar:/Users/shaoliang/.m2/repository/ch/qos/logback/logback-core/1.4.11/logback-core-1.4.11.jar:/Users/shaoliang/.m2/repository/software/amazon/awssdk/cloudwatchlogs/2.16.65/cloudwatchlogs-2.16.65.jar:/Users/shaoliang/.m2/repository/software/amazon/awssdk/aws-json-protocol/2.16.65/aws-json-protocol-2.16.65.jar:/Users/shaoliang/.m2/repository/software/amazon/awssdk/protocol-core/2.16.65/protocol-core-2.16.65.jar:/Users/shaoliang/.m2/repository/software/amazon/awssdk/apache-client/2.16.65/apache-client-2.16.65.jar:/Users/shaoliang/.m2/repository/org/apache/httpcomponents/httpcore/4.4.16/httpcore-4.4.16.jar:/Users/shaoliang/.m2/repository/software/amazon/awssdk/netty-nio-client/2.16.65/netty-nio-client-2.16.65.jar:/Users/shaoliang/.m2/repository/io/netty/netty-codec-http/4.1.100.Final/netty-codec-http-4.1.100.Final.jar:/Users/shaoliang/.m2/repository/io/netty/netty-codec-http2/4.1.100.Final/netty-codec-http2-4.1.100.Final.jar:/Users/shaoliang/.m2/repository/io/netty/netty-codec/4.1.100.Final/netty-codec-4.1.100.Final.jar:/Users/shaoliang/.m2/repository/io/netty/netty-transport/4.1.100.Final/netty-transport-4.1.100.Final.jar:/Users/shaoliang/.m2/repository/io/netty/netty-common/4.1.100.Final/netty-common-4.1.100.Final.jar:/Users/shaoliang/.m2/repository/io/netty/netty-buffer/4.1.100.Final/netty-buffer-4.1.100.Final.jar:/Users/shaoliang/.m2/repository/io/netty/netty-transport-native-epoll/4.1.100.Final/netty-transport-native-epoll-4.1.100.Final-linux-x86_64.jar:/Users/shaoliang/.m2/repository/com/typesafe/netty/netty-reactive-streams-http/2.0.5/netty-reactive-streams-http-2.0.5.jar:/Users/shaoliang/.m2/repository/com/typesafe/netty/netty-reactive-streams/2.0.5/netty-reactive-streams-2.0.5.jar:/Users/shaoliang/.m2/repository/software/amazon/awssdk/s3/2.16.65/s3-2.16.65.jar:/Users/shaoliang/.m2/repository/software/amazon/awssdk/aws-xml-protocol/2.16.65/aws-xml-protocol-2.16.65.jar:/Users/shaoliang/.m2/repository/org/springframework/boot/spring-boot-starter-actuator/3.1.5/spring-boot-starter-actuator-3.1.5.jar:/Users/shaoliang/.m2/repository/org/springframework/boot/spring-boot-actuator-autoconfigure/3.1.5/spring-boot-actuator-autoconfigure-3.1.5.jar:/Users/shaoliang/.m2/repository/org/springframework/boot/spring-boot-actuator/3.1.5/spring-boot-actuator-3.1.5.jar:/Users/shaoliang/.m2/repository/io/micrometer/micrometer-core/1.11.5/micrometer-core-1.11.5.jar:/Users/shaoliang/.m2/repository/org/hdrhistogram/HdrHistogram/2.1.12/HdrHistogram-2.1.12.jar:/Users/shaoliang/.m2/repository/org/latencyutils/LatencyUtils/2.0.3/LatencyUtils-2.0.3.jar:/Users/shaoliang/.m2/repository/io/micrometer/micrometer-registry-prometheus/1.11.5/micrometer-registry-prometheus-1.11.5.jar:/Users/shaoliang/.m2/repository/io/prometheus/simpleclient_common/0.16.0/simpleclient_common-0.16.0.jar:/Users/shaoliang/.m2/repository/io/prometheus/simpleclient/0.16.0/simpleclient-0.16.0.jar:/Users/shaoliang/.m2/repository/io/prometheus/simpleclient_tracer_otel/0.16.0/simpleclient_tracer_otel-0.16.0.jar:/Users/shaoliang/.m2/repository/io/prometheus/simpleclient_tracer_common/0.16.0/simpleclient_tracer_common-0.16.0.jar:/Users/shaoliang/.m2/repository/io/prometheus/simpleclient_tracer_otel_agent/0.16.0/simpleclient_tracer_otel_agent-0.16.0.jar:/Users/shaoliang/.m2/repository/com/h2database/h2/2.1.214/h2-2.1.214.jar:/Users/shaoliang/.m2/repository/org/projectlombok/lombok/1.18.30/lombok-1.18.30.jar:/Users/shaoliang/.m2/repository/org/springframework/boot/spring-boot-starter-test/3.1.5/spring-boot-starter-test-3.1.5.jar:/Users/shaoliang/.m2/repository/org/springframework/boot/spring-boot-test/3.1.5/spring-boot-test-3.1.5.jar:/Users/shaoliang/.m2/repository/org/springframework/boot/spring-boot-test-autoconfigure/3.1.5/spring-boot-test-autoconfigure-3.1.5.jar:/Users/shaoliang/.m2/repository/com/jayway/jsonpath/json-path/2.8.0/json-path-2.8.0.jar:/Users/shaoliang/.m2/repository/jakarta/xml/bind/jakarta.xml.bind-api/4.0.1/jakarta.xml.bind-api-4.0.1.jar:/Users/shaoliang/.m2/repository/jakarta/activation/jakarta.activation-api/2.1.2/jakarta.activation-api-2.1.2.jar:/Users/shaoliang/.m2/repository/net/minidev/json-smart/2.4.11/json-smart-2.4.11.jar:/Users/shaoliang/.m2/repository/net/minidev/accessors-smart/2.4.11/accessors-smart-2.4.11.jar:/Users/shaoliang/.m2/repository/org/ow2/asm/asm/9.3/asm-9.3.jar:/Users/shaoliang/.m2/repository/org/assertj/assertj-core/3.24.2/assertj-core-3.24.2.jar:/Users/shaoliang/.m2/repository/org/hamcrest/hamcrest/2.2/hamcrest-2.2.jar:/Users/shaoliang/.m2/repository/org/junit/jupiter/junit-jupiter/5.9.3/junit-jupiter-5.9.3.jar:/Users/shaoliang/.m2/repository/org/junit/jupiter/junit-jupiter-params/5.9.3/junit-jupiter-params-5.9.3.jar:/Users/shaoliang/.m2/repository/org/junit/jupiter/junit-jupiter-engine/5.9.3/junit-jupiter-engine-5.9.3.jar:/Users/shaoliang/.m2/repository/org/mockito/mockito-core/5.3.1/mockito-core-5.3.1.jar:/Users/shaoliang/.m2/repository/net/bytebuddy/byte-buddy-agent/1.14.9/byte-buddy-agent-1.14.9.jar:/Users/shaoliang/.m2/repository/org/objenesis/objenesis/3.3/objenesis-3.3.jar:/Users/shaoliang/.m2/repository/org/mockito/mockito-junit-jupiter/5.3.1/mockito-junit-jupiter-5.3.1.jar:/Users/shaoliang/.m2/repository/org/skyscreamer/jsonassert/1.5.1/jsonassert-1.5.1.jar:/Users/shaoliang/.m2/repository/com/vaadin/external/google/android-json/0.0.20131108.vaadin1/android-json-0.0.20131108.vaadin1.jar:/Users/shaoliang/.m2/repository/org/springframework/spring-core/6.0.13/spring-core-6.0.13.jar:/Users/shaoliang/.m2/repository/org/springframework/spring-jcl/6.0.13/spring-jcl-6.0.13.jar:/Users/shaoliang/.m2/repository/org/springframework/spring-test/6.0.13/spring-test-6.0.13.jar:/Users/shaoliang/.m2/repository/org/xmlunit/xmlunit-core/2.9.1/xmlunit-core-2.9.1.jar:/Users/shaoliang/.m2/repository/org/springframework/kafka/spring-kafka-test/3.0.12/spring-kafka-test-3.0.12.jar:/Users/shaoliang/.m2/repository/org/apache/zookeeper/zookeeper/3.6.3/zookeeper-3.6.3.jar:/Users/shaoliang/.m2/repository/org/apache/zookeeper/zookeeper-jute/3.6.3/zookeeper-jute-3.6.3.jar:/Users/shaoliang/.m2/repository/org/apache/yetus/audience-annotations/0.5.0/audience-annotations-0.5.0.jar:/Users/shaoliang/.m2/repository/io/netty/netty-handler/4.1.100.Final/netty-handler-4.1.100.Final.jar:/Users/shaoliang/.m2/repository/io/netty/netty-resolver/4.1.100.Final/netty-resolver-4.1.100.Final.jar:/Users/shaoliang/.m2/repository/io/netty/netty-transport-native-unix-common/4.1.100.Final/netty-transport-native-unix-common-4.1.100.Final.jar:/Users/shaoliang/.m2/repository/io/netty/netty-transport-native-epoll/4.1.100.Final/netty-transport-native-epoll-4.1.100.Final.jar:/Users/shaoliang/.m2/repository/io/netty/netty-transport-classes-epoll/4.1.100.Final/netty-transport-classes-epoll-4.1.100.Final.jar:/Users/shaoliang/.m2/repository/org/apache/kafka/kafka-clients/3.4.1/kafka-clients-3.4.1-test.jar:/Users/shaoliang/.m2/repository/org/apache/kafka/kafka-metadata/3.4.1/kafka-metadata-3.4.1.jar:/Users/shaoliang/.m2/repository/org/apache/kafka/kafka-server-common/3.4.1/kafka-server-common-3.4.1.jar:/Users/shaoliang/.m2/repository/org/apache/kafka/kafka-raft/3.4.1/kafka-raft-3.4.1.jar:/Users/shaoliang/.m2/repository/com/yammer/metrics/metrics-core/2.2.0/metrics-core-2.2.0.jar:/Users/shaoliang/.m2/repository/org/apache/kafka/kafka-streams-test-utils/3.4.1/kafka-streams-test-utils-3.4.1.jar:/Users/shaoliang/.m2/repository/org/apache/kafka/kafka-streams/3.4.1/kafka-streams-3.4.1.jar:/Users/shaoliang/.m2/repository/org/rocksdb/rocksdbjni/7.1.2/rocksdbjni-7.1.2.jar:/Users/shaoliang/.m2/repository/org/apache/kafka/kafka_2.13/3.4.1/kafka_2.13-3.4.1.jar:/Users/shaoliang/.m2/repository/org/scala-lang/scala-library/2.13.10/scala-library-2.13.10.jar:/Users/shaoliang/.m2/repository/org/apache/kafka/kafka-group-coordinator/3.4.1/kafka-group-coordinator-3.4.1.jar:/Users/shaoliang/.m2/repository/org/apache/kafka/kafka-storage/3.4.1/kafka-storage-3.4.1.jar:/Users/shaoliang/.m2/repository/org/apache/kafka/kafka-storage-api/3.4.1/kafka-storage-api-3.4.1.jar:/Users/shaoliang/.m2/repository/net/sourceforge/argparse4j/argparse4j/0.7.0/argparse4j-0.7.0.jar:/Users/shaoliang/.m2/repository/com/fasterxml/jackson/module/jackson-module-scala_2.13/2.15.3/jackson-module-scala_2.13-2.15.3.jar:/Users/shaoliang/.m2/repository/com/thoughtworks/paranamer/paranamer/2.8/paranamer-2.8.jar:/Users/shaoliang/.m2/repository/com/fasterxml/jackson/dataformat/jackson-dataformat-csv/2.15.3/jackson-dataformat-csv-2.15.3.jar:/Users/shaoliang/.m2/repository/net/sf/jopt-simple/jopt-simple/5.0.4/jopt-simple-5.0.4.jar:/Users/shaoliang/.m2/repository/org/bitbucket/b_c/jose4j/0.9.3/jose4j-0.9.3.jar:/Users/shaoliang/.m2/repository/org/scala-lang/modules/scala-collection-compat_2.13/2.10.0/scala-collection-compat_2.13-2.10.0.jar:/Users/shaoliang/.m2/repository/org/scala-lang/modules/scala-java8-compat_2.13/1.0.2/scala-java8-compat_2.13-1.0.2.jar:/Users/shaoliang/.m2/repository/org/scala-lang/scala-reflect/2.13.10/scala-reflect-2.13.10.jar:/Users/shaoliang/.m2/repository/com/typesafe/scala-logging/scala-logging_2.13/3.9.4/scala-logging_2.13-3.9.4.jar:/Users/shaoliang/.m2/repository/io/dropwizard/metrics/metrics-core/4.2.21/metrics-core-4.2.21.jar:/Users/shaoliang/.m2/repository/commons-cli/commons-cli/1.4/commons-cli-1.4.jar:/Users/shaoliang/.m2/repository/org/apache/kafka/kafka_2.13/3.4.1/kafka_2.13-3.4.1-test.jar:/Users/shaoliang/.m2/repository/org/junit/jupiter/junit-jupiter-api/5.9.3/junit-jupiter-api-5.9.3.jar:/Users/shaoliang/.m2/repository/org/opentest4j/opentest4j/1.2.0/opentest4j-1.2.0.jar:/Users/shaoliang/.m2/repository/org/junit/platform/junit-platform-commons/1.9.3/junit-platform-commons-1.9.3.jar:/Users/shaoliang/.m2/repository/org/apiguardian/apiguardian-api/1.1.2/apiguardian-api-1.1.2.jar:/Users/shaoliang/.m2/repository/org/junit/platform/junit-platform-launcher/1.9.3/junit-platform-launcher-1.9.3.jar:/Users/shaoliang/.m2/repository/org/junit/platform/junit-platform-engine/1.9.3/junit-platform-engine-1.9.3.jar:/Users/shaoliang/.m2/repository/org/testcontainers/testcontainers/1.19.1/testcontainers-1.19.1.jar:/Users/shaoliang/.m2/repository/junit/junit/4.13.2/junit-4.13.2.jar:/Users/shaoliang/.m2/repository/org/hamcrest/hamcrest-core/2.2/hamcrest-core-2.2.jar:/Users/shaoliang/.m2/repository/org/apache/commons/commons-compress/1.24.0/commons-compress-1.24.0.jar:/Users/shaoliang/.m2/repository/org/rnorth/duct-tape/duct-tape/1.0.8/duct-tape-1.0.8.jar:/Users/shaoliang/.m2/repository/org/jetbrains/annotations/17.0.0/annotations-17.0.0.jar:/Users/shaoliang/.m2/repository/com/github/docker-java/docker-java-api/3.3.3/docker-java-api-3.3.3.jar:/Users/shaoliang/.m2/repository/com/fasterxml/jackson/core/jackson-annotations/2.15.3/jackson-annotations-2.15.3.jar:/Users/shaoliang/.m2/repository/com/github/docker-java/docker-java-transport-zerodep/3.3.3/docker-java-transport-zerodep-3.3.3.jar:/Users/shaoliang/.m2/repository/com/github/docker-java/docker-java-transport/3.3.3/docker-java-transport-3.3.3.jar:/Users/shaoliang/.m2/repository/net/java/dev/jna/jna/5.12.1/jna-5.12.1.jar:/Users/shaoliang/.m2/repository/org/testcontainers/localstack/1.19.1/localstack-1.19.1.jar:/Users/shaoliang/.m2/repository/org/testcontainers/junit-jupiter/1.19.1/junit-jupiter-1.19.1.jar:/Users/shaoliang/.m2/repository/com/amazonaws/aws-java-sdk-logs/1.12.521/aws-java-sdk-logs-1.12.521.jar:/Users/shaoliang/.m2/repository/com/amazonaws/aws-java-sdk-core/1.12.521/aws-java-sdk-core-1.12.521.jar:/Users/shaoliang/.m2/repository/commons-logging/commons-logging/1.1.3/commons-logging-1.1.3.jar:/Users/shaoliang/.m2/repository/commons-codec/commons-codec/1.15/commons-codec-1.15.jar:/Users/shaoliang/.m2/repository/org/apache/httpcomponents/httpclient/4.5.13/httpclient-4.5.13.jar:/Users/shaoliang/.m2/repository/software/amazon/ion/ion-java/1.0.2/ion-java-1.0.2.jar:/Users/shaoliang/.m2/repository/com/fasterxml/jackson/dataformat/jackson-dataformat-cbor/2.15.3/jackson-dataformat-cbor-2.15.3.jar:/Users/shaoliang/.m2/repository/joda-time/joda-time/2.8.1/joda-time-2.8.1.jar:/Users/shaoliang/.m2/repository/com/amazonaws/jmespath-java/1.12.521/jmespath-java-1.12.521.jar:/Users/shaoliang/.m2/repository/com/google/guava/guava/32.1.3-jre/guava-32.1.3-jre.jar:/Users/shaoliang/.m2/repository/com/google/guava/failureaccess/1.0.1/failureaccess-1.0.1.jar:/Users/shaoliang/.m2/repository/com/google/guava/listenablefuture/9999.0-empty-to-avoid-conflict-with-guava/listenablefuture-9999.0-empty-to-avoid-conflict-with-guava.jar:/Users/shaoliang/.m2/repository/org/checkerframework/checker-qual/3.37.0/checker-qual-3.37.0.jar:/Users/shaoliang/.m2/repository/com/google/errorprone/error_prone_annotations/2.21.1/error_prone_annotations-2.21.1.jar:/Users/shaoliang/.m2/repository/com/google/j2objc/j2objc-annotations/2.8/j2objc-annotations-2.8.jar:/Users/shaoliang/.m2/repository/org/springframework/spring-context/6.0.13/spring-context-6.0.13.jar:/Users/shaoliang/.m2/repository/org/springframework/spring-aop/6.0.13/spring-aop-6.0.13.jar:/Users/shaoliang/.m2/repository/org/springframework/spring-beans/6.0.13/spring-beans-6.0.13.jar:/Users/shaoliang/.m2/repository/org/springframework/spring-expression/6.0.13/spring-expression-6.0.13.jar:/Users/shaoliang/.m2/repository/com/amazonaws/aws-java-sdk-sqs/1.12.261/aws-java-sdk-sqs-1.12.261.jar:/Users/shaoliang/.m2/repository/org/awaitility/awaitility/4.2.0/awaitility-4.2.0.jar:/Users/shaoliang/.m2/repository/software/amazon/awssdk/aws-core/2.20.162/aws-core-2.20.162.jar:/Users/shaoliang/.m2/repository/software/amazon/awssdk/annotations/2.20.162/annotations-2.20.162.jar:/Users/shaoliang/.m2/repository/software/amazon/awssdk/regions/2.20.162/regions-2.20.162.jar:/Users/shaoliang/.m2/repository/software/amazon/awssdk/json-utils/2.20.162/json-utils-2.20.162.jar:/Users/shaoliang/.m2/repository/software/amazon/awssdk/third-party-jackson-core/2.20.162/third-party-jackson-core-2.20.162.jar:/Users/shaoliang/.m2/repository/software/amazon/awssdk/auth/2.20.162/auth-2.20.162.jar:/Users/shaoliang/.m2/repository/software/amazon/awssdk/profiles/2.20.162/profiles-2.20.162.jar:/Users/shaoliang/.m2/repository/software/amazon/awssdk/sdk-core/2.20.162/sdk-core-2.20.162.jar:/Users/shaoliang/.m2/repository/org/reactivestreams/reactive-streams/1.0.4/reactive-streams-1.0.4.jar:/Users/shaoliang/.m2/repository/software/amazon/awssdk/http-client-spi/2.20.162/http-client-spi-2.20.162.jar:/Users/shaoliang/.m2/repository/software/amazon/awssdk/metrics-spi/2.20.162/metrics-spi-2.20.162.jar:/Users/shaoliang/.m2/repository/software/amazon/awssdk/endpoints-spi/2.20.162/endpoints-spi-2.20.162.jar:/Users/shaoliang/.m2/repository/software/amazon/awssdk/utils/2.20.162/utils-2.20.162.jar:/Users/shaoliang/.m2/repository/software/amazon/eventstream/eventstream/1.0.1/eventstream-1.0.1.jar:"/>
    <property name="java.vm.vendor" value="Homebrew"/>
    <property name="sun.arch.data.model" value="64"/>
    <property name="java.vendor.url" value="https://github.com/Homebrew/homebrew-core/issues"/>
    <property name="user.timezone" value="Asia/Singapore"/>
    <property name="org.jboss.logging.provider" value="slf4j"/>
    <property name="os.name" value="Mac OS X"/>
    <property name="java.vm.specification.version" value="21"/>
    <property name="sun.java.launcher" value="SUN_STANDARD"/>
    <property name="user.country" value="SG"/>
    <property name="sun.boot.library.path" value="/opt/homebrew/Cellar/openjdk@21/21.0.6/libexec/openjdk.jdk/Contents/Home/lib"/>
    <property name="sun.java.command" value="/Users/shaoliang/projs/fraud-detection/target/surefire/surefirebooter-20250216151901864_3.jar /Users/shaoliang/projs/fraud-detection/target/surefire 2025-02-16T15-19-01_798-jvmRun1 surefire-20250216151901864_1tmp surefire_0-20250216151901864_2tmp"/>
    <property name="http.nonProxyHosts" value="local|*.local|169.254/16|*.169.254/16"/>
    <property name="jdk.debug" value="release"/>
    <property name="surefire.test.class.path" value="/Users/shaoliang/projs/fraud-detection/target/test-classes:/Users/shaoliang/projs/fraud-detection/target/classes:/Users/shaoliang/.m2/repository/org/springframework/boot/spring-boot-starter-web/3.1.5/spring-boot-starter-web-3.1.5.jar:/Users/shaoliang/.m2/repository/org/springframework/boot/spring-boot-starter/3.1.5/spring-boot-starter-3.1.5.jar:/Users/shaoliang/.m2/repository/org/springframework/boot/spring-boot/3.1.5/spring-boot-3.1.5.jar:/Users/shaoliang/.m2/repository/org/springframework/boot/spring-boot-autoconfigure/3.1.5/spring-boot-autoconfigure-3.1.5.jar:/Users/shaoliang/.m2/repository/org/springframework/boot/spring-boot-starter-logging/3.1.5/spring-boot-starter-logging-3.1.5.jar:/Users/shaoliang/.m2/repository/org/apache/logging/log4j/log4j-to-slf4j/2.20.0/log4j-to-slf4j-2.20.0.jar:/Users/shaoliang/.m2/repository/org/apache/logging/log4j/log4j-api/2.20.0/log4j-api-2.20.0.jar:/Users/shaoliang/.m2/repository/org/slf4j/jul-to-slf4j/2.0.9/jul-to-slf4j-2.0.9.jar:/Users/shaoliang/.m2/repository/jakarta/annotation/jakarta.annotation-api/2.1.1/jakarta.annotation-api-2.1.1.jar:/Users/shaoliang/.m2/repository/org/yaml/snakeyaml/1.33/snakeyaml-1.33.jar:/Users/shaoliang/.m2/repository/org/springframework/boot/spring-boot-starter-json/3.1.5/spring-boot-starter-json-3.1.5.jar:/Users/shaoliang/.m2/repository/com/fasterxml/jackson/core/jackson-databind/2.15.3/jackson-databind-2.15.3.jar:/Users/shaoliang/.m2/repository/com/fasterxml/jackson/core/jackson-core/2.15.3/jackson-core-2.15.3.jar:/Users/shaoliang/.m2/repository/com/fasterxml/jackson/datatype/jackson-datatype-jdk8/2.15.3/jackson-datatype-jdk8-2.15.3.jar:/Users/shaoliang/.m2/repository/com/fasterxml/jackson/datatype/jackson-datatype-jsr310/2.15.3/jackson-datatype-jsr310-2.15.3.jar:/Users/shaoliang/.m2/repository/com/fasterxml/jackson/module/jackson-module-parameter-names/2.15.3/jackson-module-parameter-names-2.15.3.jar:/Users/shaoliang/.m2/repository/org/springframework/boot/spring-boot-starter-tomcat/3.1.5/spring-boot-starter-tomcat-3.1.5.jar:/Users/shaoliang/.m2/repository/org/apache/tomcat/embed/tomcat-embed-core/10.1.15/tomcat-embed-core-10.1.15.jar:/Users/shaoliang/.m2/repository/org/apache/tomcat/embed/tomcat-embed-el/10.1.15/tomcat-embed-el-10.1.15.jar:/Users/shaoliang/.m2/repository/org/apache/tomcat/embed/tomcat-embed-websocket/10.1.15/tomcat-embed-websocket-10.1.15.jar:/Users/shaoliang/.m2/repository/org/springframework/spring-web/6.0.13/spring-web-6.0.13.jar:/Users/shaoliang/.m2/repository/org/springframework/spring-webmvc/6.0.13/spring-webmvc-6.0.13.jar:/Users/shaoliang/.m2/repository/org/springframework/boot/spring-boot-starter-data-jpa/3.1.5/spring-boot-starter-data-jpa-3.1.5.jar:/Users/shaoliang/.m2/repository/org/springframework/boot/spring-boot-starter-aop/3.1.5/spring-boot-starter-aop-3.1.5.jar:/Users/shaoliang/.m2/repository/org/aspectj/aspectjweaver/1.9.20/aspectjweaver-1.9.20.jar:/Users/shaoliang/.m2/repository/org/springframework/boot/spring-boot-starter-jdbc/3.1.5/spring-boot-starter-jdbc-3.1.5.jar:/Users/shaoliang/.m2/repository/com/zaxxer/HikariCP/5.0.1/HikariCP-5.0.1.jar:/Users/shaoliang/.m2/repository/org/springframework/spring-jdbc/6.0.13/spring-jdbc-6.0.13.jar:/Users/shaoliang/.m2/repository/org/hibernate/orm/hibernate-core/6.2.13.Final/hibernate-core-6.2.13.Final.jar:/Users/shaoliang/.m2/repository/jakarta/persistence/jakarta.persistence-api/3.1.0/jakarta.persistence-api-3.1.0.jar:/Users/shaoliang/.m2/repository/jakarta/transaction/jakarta.transaction-api/2.0.1/jakarta.transaction-api-2.0.1.jar:/Users/shaoliang/.m2/repository/org/jboss/logging/jboss-logging/3.5.3.Final/jboss-logging-3.5.3.Final.jar:/Users/shaoliang/.m2/repository/org/hibernate/common/hibernate-commons-annotations/6.0.6.Final/hibernate-commons-annotations-6.0.6.Final.jar:/Users/shaoliang/.m2/repository/io/smallrye/jandex/3.0.5/jandex-3.0.5.jar:/Users/shaoliang/.m2/repository/com/fasterxml/classmate/1.5.1/classmate-1.5.1.jar:/Users/shaoliang/.m2/repository/net/bytebuddy/byte-buddy/1.14.9/byte-buddy-1.14.9.jar:/Users/shaoliang/.m2/repository/org/glassfish/jaxb/jaxb-runtime/4.0.3/jaxb-runtime-4.0.3.jar:/Users/shaoliang/.m2/repository/org/glassfish/jaxb/jaxb-core/4.0.3/jaxb-core-4.0.3.jar:/Users/shaoliang/.m2/repository/org/eclipse/angus/angus-activation/2.0.1/angus-activation-2.0.1.jar:/Users/shaoliang/.m2/repository/org/glassfish/jaxb/txw2/4.0.3/txw2-4.0.3.jar:/Users/shaoliang/.m2/repository/com/sun/istack/istack-commons-runtime/4.1.2/istack-commons-runtime-4.1.2.jar:/Users/shaoliang/.m2/repository/jakarta/inject/jakarta.inject-api/2.0.1/jakarta.inject-api-2.0.1.jar:/Users/shaoliang/.m2/repository/org/antlr/antlr4-runtime/4.10.1/antlr4-runtime-4.10.1.jar:/Users/shaoliang/.m2/repository/org/springframework/data/spring-data-jpa/3.1.5/spring-data-jpa-3.1.5.jar:/Users/shaoliang/.m2/repository/org/springframework/data/spring-data-commons/3.1.5/spring-data-commons-3.1.5.jar:/Users/shaoliang/.m2/repository/org/springframework/spring-orm/6.0.13/spring-orm-6.0.13.jar:/Users/shaoliang/.m2/repository/org/springframework/spring-aspects/6.0.13/spring-aspects-6.0.13.jar:/Users/shaoliang/.m2/repository/org/springframework/kafka/spring-kafka/3.0.12/spring-kafka-3.0.12.jar:/Users/shaoliang/.m2/repository/org/springframework/spring-messaging/6.0.13/spring-messaging-6.0.13.jar:/Users/shaoliang/.m2/repository/org/springframework/spring-tx/6.0.13/spring-tx-6.0.13.jar:/Users/shaoliang/.m2/repository/org/springframework/retry/spring-retry/2.0.4/spring-retry-2.0.4.jar:/Users/shaoliang/.m2/repository/org/apache/kafka/kafka-clients/3.4.1/kafka-clients-3.4.1.jar:/Users/shaoliang/.m2/repository/com/github/luben/zstd-jni/1.5.2-1/zstd-jni-1.5.2-1.jar:/Users/shaoliang/.m2/repository/org/lz4/lz4-java/1.8.0/lz4-java-1.8.0.jar:/Users/shaoliang/.m2/repository/org/xerial/snappy/snappy-java/1.1.8.4/snappy-java-1.1.8.4.jar:/Users/shaoliang/.m2/repository/io/micrometer/micrometer-observation/1.11.5/micrometer-observation-1.11.5.jar:/Users/shaoliang/.m2/repository/io/micrometer/micrometer-commons/1.11.5/micrometer-commons-1.11.5.jar:/Users/shaoliang/.m2/repository/com/google/code/findbugs/jsr305/3.0.2/jsr305-3.0.2.jar:/Users/shaoliang/.m2/repository/io/awspring/cloud/spring-cloud-aws-starter-sqs/3.0.2/spring-cloud-aws-starter-sqs-3.0.2.jar:/Users/shaoliang/.m2/repository/io/awspring/cloud/spring-cloud-aws-starter/3.0.2/spring-cloud-aws-starter-3.0.2.jar:/Users/shaoliang/.m2/repository/io/awspring/cloud/spring-cloud-aws-autoconfigure/3.0.2/spring-cloud-aws-autoconfigure-3.0.2.jar:/Users/shaoliang/.m2/repository/io/awspring/cloud/spring-cloud-aws-core/3.0.2/spring-cloud-aws-core-3.0.2.jar:/Users/shaoliang/.m2/repository/io/awspring/cloud/spring-cloud-aws-sqs/3.0.2/spring-cloud-aws-sqs-3.0.2.jar:/Users/shaoliang/.m2/repository/software/amazon/awssdk/sqs/2.20.63/sqs-2.20.63.jar:/Users/shaoliang/.m2/repository/software/amazon/awssdk/aws-query-protocol/2.20.63/aws-query-protocol-2.20.63.jar:/Users/shaoliang/.m2/repository/software/amazon/awssdk/arns/2.20.63/arns-2.20.63.jar:/Users/shaoliang/.m2/repository/org/slf4j/slf4j-api/2.0.9/slf4j-api-2.0.9.jar:/Users/shaoliang/.m2/repository/io/github/dnovitski/logback-awslogs-appender/1.7.1/logback-awslogs-appender-1.7.1.jar:/Users/shaoliang/.m2/repository/ch/qos/logback/logback-classic/1.4.11/logback-classic-1.4.11.jar:/Users/shaoliang/.m2/repository/ch/qos/logback/logback-core/1.4.11/logback-core-1.4.11.jar:/Users/shaoliang/.m2/repository/software/amazon/awssdk/cloudwatchlogs/2.16.65/cloudwatchlogs-2.16.65.jar:/Users/shaoliang/.m2/repository/software/amazon/awssdk/aws-json-protocol/2.16.65/aws-json-protocol-2.16.65.jar:/Users/shaoliang/.m2/repository/software/amazon/awssdk/protocol-core/2.16.65/protocol-core-2.16.65.jar:/Users/shaoliang/.m2/repository/software/amazon/awssdk/apache-client/2.16.65/apache-client-2.16.65.jar:/Users/shaoliang/.m2/repository/org/apache/httpcomponents/httpcore/4.4.16/httpcore-4.4.16.jar:/Users/shaoliang/.m2/repository/software/amazon/awssdk/netty-nio-client/2.16.65/netty-nio-client-2.16.65.jar:/Users/shaoliang/.m2/repository/io/netty/netty-codec-http/4.1.100.Final/netty-codec-http-4.1.100.Final.jar:/Users/shaoliang/.m2/repository/io/netty/netty-codec-http2/4.1.100.Final/netty-codec-http2-4.1.100.Final.jar:/Users/shaoliang/.m2/repository/io/netty/netty-codec/4.1.100.Final/netty-codec-4.1.100.Final.jar:/Users/shaoliang/.m2/repository/io/netty/netty-transport/4.1.100.Final/netty-transport-4.1.100.Final.jar:/Users/shaoliang/.m2/repository/io/netty/netty-common/4.1.100.Final/netty-common-4.1.100.Final.jar:/Users/shaoliang/.m2/repository/io/netty/netty-buffer/4.1.100.Final/netty-buffer-4.1.100.Final.jar:/Users/shaoliang/.m2/repository/io/netty/netty-transport-native-epoll/4.1.100.Final/netty-transport-native-epoll-4.1.100.Final-linux-x86_64.jar:/Users/shaoliang/.m2/repository/com/typesafe/netty/netty-reactive-streams-http/2.0.5/netty-reactive-streams-http-2.0.5.jar:/Users/shaoliang/.m2/repository/com/typesafe/netty/netty-reactive-streams/2.0.5/netty-reactive-streams-2.0.5.jar:/Users/shaoliang/.m2/repository/software/amazon/awssdk/s3/2.16.65/s3-2.16.65.jar:/Users/shaoliang/.m2/repository/software/amazon/awssdk/aws-xml-protocol/2.16.65/aws-xml-protocol-2.16.65.jar:/Users/shaoliang/.m2/repository/org/springframework/boot/spring-boot-starter-actuator/3.1.5/spring-boot-starter-actuator-3.1.5.jar:/Users/shaoliang/.m2/repository/org/springframework/boot/spring-boot-actuator-autoconfigure/3.1.5/spring-boot-actuator-autoconfigure-3.1.5.jar:/Users/shaoliang/.m2/repository/org/springframework/boot/spring-boot-actuator/3.1.5/spring-boot-actuator-3.1.5.jar:/Users/shaoliang/.m2/repository/io/micrometer/micrometer-core/1.11.5/micrometer-core-1.11.5.jar:/Users/shaoliang/.m2/repository/org/hdrhistogram/HdrHistogram/2.1.12/HdrHistogram-2.1.12.jar:/Users/shaoliang/.m2/repository/org/latencyutils/LatencyUtils/2.0.3/LatencyUtils-2.0.3.jar:/Users/shaoliang/.m2/repository/io/micrometer/micrometer-registry-prometheus/1.11.5/micrometer-registry-prometheus-1.11.5.jar:/Users/shaoliang/.m2/repository/io/prometheus/simpleclient_common/0.16.0/simpleclient_common-0.16.0.jar:/Users/shaoliang/.m2/repository/io/prometheus/simpleclient/0.16.0/simpleclient-0.16.0.jar:/Users/shaoliang/.m2/repository/io/prometheus/simpleclient_tracer_otel/0.16.0/simpleclient_tracer_otel-0.16.0.jar:/Users/shaoliang/.m2/repository/io/prometheus/simpleclient_tracer_common/0.16.0/simpleclient_tracer_common-0.16.0.jar:/Users/shaoliang/.m2/repository/io/prometheus/simpleclient_tracer_otel_agent/0.16.0/simpleclient_tracer_otel_agent-0.16.0.jar:/Users/shaoliang/.m2/repository/com/h2database/h2/2.1.214/h2-2.1.214.jar:/Users/shaoliang/.m2/repository/org/projectlombok/lombok/1.18.30/lombok-1.18.30.jar:/Users/shaoliang/.m2/repository/org/springframework/boot/spring-boot-starter-test/3.1.5/spring-boot-starter-test-3.1.5.jar:/Users/shaoliang/.m2/repository/org/springframework/boot/spring-boot-test/3.1.5/spring-boot-test-3.1.5.jar:/Users/shaoliang/.m2/repository/org/springframework/boot/spring-boot-test-autoconfigure/3.1.5/spring-boot-test-autoconfigure-3.1.5.jar:/Users/shaoliang/.m2/repository/com/jayway/jsonpath/json-path/2.8.0/json-path-2.8.0.jar:/Users/shaoliang/.m2/repository/jakarta/xml/bind/jakarta.xml.bind-api/4.0.1/jakarta.xml.bind-api-4.0.1.jar:/Users/shaoliang/.m2/repository/jakarta/activation/jakarta.activation-api/2.1.2/jakarta.activation-api-2.1.2.jar:/Users/shaoliang/.m2/repository/net/minidev/json-smart/2.4.11/json-smart-2.4.11.jar:/Users/shaoliang/.m2/repository/net/minidev/accessors-smart/2.4.11/accessors-smart-2.4.11.jar:/Users/shaoliang/.m2/repository/org/ow2/asm/asm/9.3/asm-9.3.jar:/Users/shaoliang/.m2/repository/org/assertj/assertj-core/3.24.2/assertj-core-3.24.2.jar:/Users/shaoliang/.m2/repository/org/hamcrest/hamcrest/2.2/hamcrest-2.2.jar:/Users/shaoliang/.m2/repository/org/junit/jupiter/junit-jupiter/5.9.3/junit-jupiter-5.9.3.jar:/Users/shaoliang/.m2/repository/org/junit/jupiter/junit-jupiter-params/5.9.3/junit-jupiter-params-5.9.3.jar:/Users/shaoliang/.m2/repository/org/junit/jupiter/junit-jupiter-engine/5.9.3/junit-jupiter-engine-5.9.3.jar:/Users/shaoliang/.m2/repository/org/mockito/mockito-core/5.3.1/mockito-core-5.3.1.jar:/Users/shaoliang/.m2/repository/net/bytebuddy/byte-buddy-agent/1.14.9/byte-buddy-agent-1.14.9.jar:/Users/shaoliang/.m2/repository/org/objenesis/objenesis/3.3/objenesis-3.3.jar:/Users/shaoliang/.m2/repository/org/mockito/mockito-junit-jupiter/5.3.1/mockito-junit-jupiter-5.3.1.jar:/Users/shaoliang/.m2/repository/org/skyscreamer/jsonassert/1.5.1/jsonassert-1.5.1.jar:/Users/shaoliang/.m2/repository/com/vaadin/external/google/android-json/0.0.20131108.vaadin1/android-json-0.0.20131108.vaadin1.jar:/Users/shaoliang/.m2/repository/org/springframework/spring-core/6.0.13/spring-core-6.0.13.jar:/Users/shaoliang/.m2/repository/org/springframework/spring-jcl/6.0.13/spring-jcl-6.0.13.jar:/Users/shaoliang/.m2/repository/org/springframework/spring-test/6.0.13/spring-test-6.0.13.jar:/Users/shaoliang/.m2/repository/org/xmlunit/xmlunit-core/2.9.1/xmlunit-core-2.9.1.jar:/Users/shaoliang/.m2/repository/org/springframework/kafka/spring-kafka-test/3.0.12/spring-kafka-test-3.0.12.jar:/Users/shaoliang/.m2/repository/org/apache/zookeeper/zookeeper/3.6.3/zookeeper-3.6.3.jar:/Users/shaoliang/.m2/repository/org/apache/zookeeper/zookeeper-jute/3.6.3/zookeeper-jute-3.6.3.jar:/Users/shaoliang/.m2/repository/org/apache/yetus/audience-annotations/0.5.0/audience-annotations-0.5.0.jar:/Users/shaoliang/.m2/repository/io/netty/netty-handler/4.1.100.Final/netty-handler-4.1.100.Final.jar:/Users/shaoliang/.m2/repository/io/netty/netty-resolver/4.1.100.Final/netty-resolver-4.1.100.Final.jar:/Users/shaoliang/.m2/repository/io/netty/netty-transport-native-unix-common/4.1.100.Final/netty-transport-native-unix-common-4.1.100.Final.jar:/Users/shaoliang/.m2/repository/io/netty/netty-transport-native-epoll/4.1.100.Final/netty-transport-native-epoll-4.1.100.Final.jar:/Users/shaoliang/.m2/repository/io/netty/netty-transport-classes-epoll/4.1.100.Final/netty-transport-classes-epoll-4.1.100.Final.jar:/Users/shaoliang/.m2/repository/org/apache/kafka/kafka-clients/3.4.1/kafka-clients-3.4.1-test.jar:/Users/shaoliang/.m2/repository/org/apache/kafka/kafka-metadata/3.4.1/kafka-metadata-3.4.1.jar:/Users/shaoliang/.m2/repository/org/apache/kafka/kafka-server-common/3.4.1/kafka-server-common-3.4.1.jar:/Users/shaoliang/.m2/repository/org/apache/kafka/kafka-raft/3.4.1/kafka-raft-3.4.1.jar:/Users/shaoliang/.m2/repository/com/yammer/metrics/metrics-core/2.2.0/metrics-core-2.2.0.jar:/Users/shaoliang/.m2/repository/org/apache/kafka/kafka-streams-test-utils/3.4.1/kafka-streams-test-utils-3.4.1.jar:/Users/shaoliang/.m2/repository/org/apache/kafka/kafka-streams/3.4.1/kafka-streams-3.4.1.jar:/Users/shaoliang/.m2/repository/org/rocksdb/rocksdbjni/7.1.2/rocksdbjni-7.1.2.jar:/Users/shaoliang/.m2/repository/org/apache/kafka/kafka_2.13/3.4.1/kafka_2.13-3.4.1.jar:/Users/shaoliang/.m2/repository/org/scala-lang/scala-library/2.13.10/scala-library-2.13.10.jar:/Users/shaoliang/.m2/repository/org/apache/kafka/kafka-group-coordinator/3.4.1/kafka-group-coordinator-3.4.1.jar:/Users/shaoliang/.m2/repository/org/apache/kafka/kafka-storage/3.4.1/kafka-storage-3.4.1.jar:/Users/shaoliang/.m2/repository/org/apache/kafka/kafka-storage-api/3.4.1/kafka-storage-api-3.4.1.jar:/Users/shaoliang/.m2/repository/net/sourceforge/argparse4j/argparse4j/0.7.0/argparse4j-0.7.0.jar:/Users/shaoliang/.m2/repository/com/fasterxml/jackson/module/jackson-module-scala_2.13/2.15.3/jackson-module-scala_2.13-2.15.3.jar:/Users/shaoliang/.m2/repository/com/thoughtworks/paranamer/paranamer/2.8/paranamer-2.8.jar:/Users/shaoliang/.m2/repository/com/fasterxml/jackson/dataformat/jackson-dataformat-csv/2.15.3/jackson-dataformat-csv-2.15.3.jar:/Users/shaoliang/.m2/repository/net/sf/jopt-simple/jopt-simple/5.0.4/jopt-simple-5.0.4.jar:/Users/shaoliang/.m2/repository/org/bitbucket/b_c/jose4j/0.9.3/jose4j-0.9.3.jar:/Users/shaoliang/.m2/repository/org/scala-lang/modules/scala-collection-compat_2.13/2.10.0/scala-collection-compat_2.13-2.10.0.jar:/Users/shaoliang/.m2/repository/org/scala-lang/modules/scala-java8-compat_2.13/1.0.2/scala-java8-compat_2.13-1.0.2.jar:/Users/shaoliang/.m2/repository/org/scala-lang/scala-reflect/2.13.10/scala-reflect-2.13.10.jar:/Users/shaoliang/.m2/repository/com/typesafe/scala-logging/scala-logging_2.13/3.9.4/scala-logging_2.13-3.9.4.jar:/Users/shaoliang/.m2/repository/io/dropwizard/metrics/metrics-core/4.2.21/metrics-core-4.2.21.jar:/Users/shaoliang/.m2/repository/commons-cli/commons-cli/1.4/commons-cli-1.4.jar:/Users/shaoliang/.m2/repository/org/apache/kafka/kafka_2.13/3.4.1/kafka_2.13-3.4.1-test.jar:/Users/shaoliang/.m2/repository/org/junit/jupiter/junit-jupiter-api/5.9.3/junit-jupiter-api-5.9.3.jar:/Users/shaoliang/.m2/repository/org/opentest4j/opentest4j/1.2.0/opentest4j-1.2.0.jar:/Users/shaoliang/.m2/repository/org/junit/platform/junit-platform-commons/1.9.3/junit-platform-commons-1.9.3.jar:/Users/shaoliang/.m2/repository/org/apiguardian/apiguardian-api/1.1.2/apiguardian-api-1.1.2.jar:/Users/shaoliang/.m2/repository/org/junit/platform/junit-platform-launcher/1.9.3/junit-platform-launcher-1.9.3.jar:/Users/shaoliang/.m2/repository/org/junit/platform/junit-platform-engine/1.9.3/junit-platform-engine-1.9.3.jar:/Users/shaoliang/.m2/repository/org/testcontainers/testcontainers/1.19.1/testcontainers-1.19.1.jar:/Users/shaoliang/.m2/repository/junit/junit/4.13.2/junit-4.13.2.jar:/Users/shaoliang/.m2/repository/org/hamcrest/hamcrest-core/2.2/hamcrest-core-2.2.jar:/Users/shaoliang/.m2/repository/org/apache/commons/commons-compress/1.24.0/commons-compress-1.24.0.jar:/Users/shaoliang/.m2/repository/org/rnorth/duct-tape/duct-tape/1.0.8/duct-tape-1.0.8.jar:/Users/shaoliang/.m2/repository/org/jetbrains/annotations/17.0.0/annotations-17.0.0.jar:/Users/shaoliang/.m2/repository/com/github/docker-java/docker-java-api/3.3.3/docker-java-api-3.3.3.jar:/Users/shaoliang/.m2/repository/com/fasterxml/jackson/core/jackson-annotations/2.15.3/jackson-annotations-2.15.3.jar:/Users/shaoliang/.m2/repository/com/github/docker-java/docker-java-transport-zerodep/3.3.3/docker-java-transport-zerodep-3.3.3.jar:/Users/shaoliang/.m2/repository/com/github/docker-java/docker-java-transport/3.3.3/docker-java-transport-3.3.3.jar:/Users/shaoliang/.m2/repository/net/java/dev/jna/jna/5.12.1/jna-5.12.1.jar:/Users/shaoliang/.m2/repository/org/testcontainers/localstack/1.19.1/localstack-1.19.1.jar:/Users/shaoliang/.m2/repository/org/testcontainers/junit-jupiter/1.19.1/junit-jupiter-1.19.1.jar:/Users/shaoliang/.m2/repository/com/amazonaws/aws-java-sdk-logs/1.12.521/aws-java-sdk-logs-1.12.521.jar:/Users/shaoliang/.m2/repository/com/amazonaws/aws-java-sdk-core/1.12.521/aws-java-sdk-core-1.12.521.jar:/Users/shaoliang/.m2/repository/commons-logging/commons-logging/1.1.3/commons-logging-1.1.3.jar:/Users/shaoliang/.m2/repository/commons-codec/commons-codec/1.15/commons-codec-1.15.jar:/Users/shaoliang/.m2/repository/org/apache/httpcomponents/httpclient/4.5.13/httpclient-4.5.13.jar:/Users/shaoliang/.m2/repository/software/amazon/ion/ion-java/1.0.2/ion-java-1.0.2.jar:/Users/shaoliang/.m2/repository/com/fasterxml/jackson/dataformat/jackson-dataformat-cbor/2.15.3/jackson-dataformat-cbor-2.15.3.jar:/Users/shaoliang/.m2/repository/joda-time/joda-time/2.8.1/joda-time-2.8.1.jar:/Users/shaoliang/.m2/repository/com/amazonaws/jmespath-java/1.12.521/jmespath-java-1.12.521.jar:/Users/shaoliang/.m2/repository/com/google/guava/guava/32.1.3-jre/guava-32.1.3-jre.jar:/Users/shaoliang/.m2/repository/com/google/guava/failureaccess/1.0.1/failureaccess-1.0.1.jar:/Users/shaoliang/.m2/repository/com/google/guava/listenablefuture/9999.0-empty-to-avoid-conflict-with-guava/listenablefuture-9999.0-empty-to-avoid-conflict-with-guava.jar:/Users/shaoliang/.m2/repository/org/checkerframework/checker-qual/3.37.0/checker-qual-3.37.0.jar:/Users/shaoliang/.m2/repository/com/google/errorprone/error_prone_annotations/2.21.1/error_prone_annotations-2.21.1.jar:/Users/shaoliang/.m2/repository/com/google/j2objc/j2objc-annotations/2.8/j2objc-annotations-2.8.jar:/Users/shaoliang/.m2/repository/org/springframework/spring-context/6.0.13/spring-context-6.0.13.jar:/Users/shaoliang/.m2/repository/org/springframework/spring-aop/6.0.13/spring-aop-6.0.13.jar:/Users/shaoliang/.m2/repository/org/springframework/spring-beans/6.0.13/spring-beans-6.0.13.jar:/Users/shaoliang/.m2/repository/org/springframework/spring-expression/6.0.13/spring-expression-6.0.13.jar:/Users/shaoliang/.m2/repository/com/amazonaws/aws-java-sdk-sqs/1.12.261/aws-java-sdk-sqs-1.12.261.jar:/Users/shaoliang/.m2/repository/org/awaitility/awaitility/4.2.0/awaitility-4.2.0.jar:/Users/shaoliang/.m2/repository/software/amazon/awssdk/aws-core/2.20.162/aws-core-2.20.162.jar:/Users/shaoliang/.m2/repository/software/amazon/awssdk/annotations/2.20.162/annotations-2.20.162.jar:/Users/shaoliang/.m2/repository/software/amazon/awssdk/regions/2.20.162/regions-2.20.162.jar:/Users/shaoliang/.m2/repository/software/amazon/awssdk/json-utils/2.20.162/json-utils-2.20.162.jar:/Users/shaoliang/.m2/repository/software/amazon/awssdk/third-party-jackson-core/2.20.162/third-party-jackson-core-2.20.162.jar:/Users/shaoliang/.m2/repository/software/amazon/awssdk/auth/2.20.162/auth-2.20.162.jar:/Users/shaoliang/.m2/repository/software/amazon/awssdk/profiles/2.20.162/profiles-2.20.162.jar:/Users/shaoliang/.m2/repository/software/amazon/awssdk/sdk-core/2.20.162/sdk-core-2.20.162.jar:/Users/shaoliang/.m2/repository/org/reactivestreams/reactive-streams/1.0.4/reactive-streams-1.0.4.jar:/Users/shaoliang/.m2/repository/software/amazon/awssdk/http-client-spi/2.20.162/http-client-spi-2.20.162.jar:/Users/shaoliang/.m2/repository/software/amazon/awssdk/metrics-spi/2.20.162/metrics-spi-2.20.162.jar:/Users/shaoliang/.m2/repository/software/amazon/awssdk/endpoints-spi/2.20.162/endpoints-spi-2.20.162.jar:/Users/shaoliang/.m2/repository/software/amazon/awssdk/utils/2.20.162/utils-2.20.162.jar:/Users/shaoliang/.m2/repository/software/amazon/eventstream/eventstream/1.0.1/eventstream-1.0.1.jar:"/>
    <property name="sun.cpu.endian" value="little"/>
    <property name="user.home" value="/Users/shaoliang"/>
    <property name="user.language" value="en"/>
    <property name="java.specification.vendor" value="Oracle Corporation"/>
    <property name="java.version.date" value="2025-01-21"/>
    <property name="java.home" value="/opt/homebrew/Cellar/openjdk@21/21.0.6/libexec/openjdk.jdk/Contents/Home"/>
    <property name="file.separator" value="/"/>
    <property name="basedir" value="/Users/shaoliang/projs/fraud-detection"/>
    <property name="java.vm.compressedOopsMode" value="Zero based"/>
    <property name="line.separator" value="&#10;"/>
    <property name="java.vm.specification.vendor" value="Oracle Corporation"/>
    <property name="java.specification.name" value="Java Platform API Specification"/>
    <property name="FILE_LOG_CHARSET" value="UTF-8"/>
    <property name="java.awt.headless" value="true"/>
    <property name="apple.awt.application.name" value="ForkedBooter"/>
    <property name="surefire.real.class.path" value="/Users/shaoliang/projs/fraud-detection/target/surefire/surefirebooter-20250216151901864_3.jar"/>
    <property name="sun.management.compiler" value="HotSpot 64-Bit Tiered Compilers"/>
    <property name="ftp.nonProxyHosts" value="local|*.local|169.254/16|*.169.254/16"/>
    <property name="java.runtime.version" value="21.0.6"/>
    <property name="user.name" value="shaoliang"/>
    <property name="stdout.encoding" value="UTF-8"/>
    <property name="path.separator" value=":"/>
    <property name="os.version" value="15.0.1"/>
    <property name="java.runtime.name" value="OpenJDK Runtime Environment"/>
    <property name="file.encoding" value="UTF-8"/>
    <property name="java.vm.name" value="OpenJDK 64-Bit Server VM"/>
    <property name="java.vendor.version" value="Homebrew"/>
    <property name="localRepository" value="/Users/shaoliang/.m2/repository"/>
    <property name="java.vendor.url.bug" value="https://github.com/Homebrew/homebrew-core/issues"/>
    <property name="java.io.tmpdir" value="/var/folders/4c/m2xlqfxx50j2b_28vh892mtm0000gn/T/"/>
    <property name="com.zaxxer.hikari.pool_number" value="2"/>
    <property name="java.version" value="21.0.6"/>
    <property name="user.dir" value="/Users/shaoliang/projs/fraud-detection"/>
    <property name="os.arch" value="aarch64"/>
    <property name="java.vm.specification.name" value="Java Virtual Machine Specification"/>
    <property name="PID" value="44625"/>
    <property name="CONSOLE_LOG_CHARSET" value="UTF-8"/>
    <property name="native.encoding" value="UTF-8"/>
    <property name="java.library.path" value="/Users/shaoliang/Library/Java/Extensions:/Library/Java/Extensions:/Network/Library/Java/Extensions:/System/Library/Java/Extensions:/usr/lib/java:."/>
    <property name="java.vm.info" value="mixed mode, sharing"/>
    <property name="stderr.encoding" value="UTF-8"/>
    <property name="java.vendor" value="Homebrew"/>
    <property name="java.vm.version" value="21.0.6"/>
    <property name="sun.io.unicode.encoding" value="UnicodeBig"/>
    <property name="socksNonProxyHosts" value="local|*.local|169.254/16|*.169.254/16"/>
    <property name="java.class.version" value="65.0"/>
  </properties>
  <testcase name="whenAnalyzingSuspiciousTransaction_thenLogWarning" classname="com.example.frauddetection.service.CloudWatchLoggingIntegrationTest" time="17.2">
    <system-out><![CDATA[2025-02-16T15:19:40.581+08:00  INFO 44625 --- [           main] t.c.s.AnnotationConfigContextLoaderUtils : Could not detect default configuration classes for test class [com.example.frauddetection.service.CloudWatchLoggingIntegrationTest]: CloudWatchLoggingIntegrationTest does not declare any static, non-private, non-final, nested classes annotated with @Configuration.
2025-02-16T15:19:40.584+08:00  INFO 44625 --- [           main] .b.t.c.SpringBootTestContextBootstrapper : Found @SpringBootConfiguration com.example.frauddetection.FraudDetectionApplication for test class com.example.frauddetection.service.CloudWatchLoggingIntegrationTest
2025-02-16T15:19:40.588+08:00  INFO 44625 --- [           main] tc.localstack/localstack:2.1             : LOCALSTACK_HOST environment variable set to localhost (to match host-routable address for container)
2025-02-16T15:19:40.588+08:00  INFO 44625 --- [           main] tc.localstack/localstack:2.1             : Creating container for image: localstack/localstack:2.1
2025-02-16T15:19:40.653+08:00  INFO 44625 --- [           main] tc.localstack/localstack:2.1             : Container localstack/localstack:2.1 is starting: 035099da0981322c275c4bd997aa6a35320be8e31cf61ea8a503097d3f8193ed
2025-02-16T15:19:40.717+08:00 ERROR 44625 --- [c-response-1-11] i.a.c.s.l.s.AbstractPollingMessageSource : Error polling for messages in queue test-fraud-detection-queue

java.util.concurrent.CompletionException: software.amazon.awssdk.core.exception.SdkClientException: Unable to execute HTTP request: Connection refused: /127.0.0.1:4566
	at software.amazon.awssdk.utils.CompletableFutureUtils.errorAsCompletionException(CompletableFutureUtils.java:65)
	at software.amazon.awssdk.core.internal.http.pipeline.stages.AsyncExecutionFailureExceptionReportingStage.lambda$execute$0(AsyncExecutionFailureExceptionReportingStage.java:51)
	at java.base/java.util.concurrent.CompletableFuture.uniHandle(CompletableFuture.java:934)
	at java.base/java.util.concurrent.CompletableFuture$UniHandle.tryFire(CompletableFuture.java:911)
	at java.base/java.util.concurrent.CompletableFuture.postComplete(CompletableFuture.java:510)
	at java.base/java.util.concurrent.CompletableFuture.completeExceptionally(CompletableFuture.java:2194)
	at software.amazon.awssdk.utils.CompletableFutureUtils.lambda$forwardExceptionTo$0(CompletableFutureUtils.java:79)
	at java.base/java.util.concurrent.CompletableFuture.uniWhenComplete(CompletableFuture.java:863)
	at java.base/java.util.concurrent.CompletableFuture$UniWhenComplete.tryFire(CompletableFuture.java:841)
	at java.base/java.util.concurrent.CompletableFuture.postComplete(CompletableFuture.java:510)
	at java.base/java.util.concurrent.CompletableFuture.completeExceptionally(CompletableFuture.java:2194)
	at software.amazon.awssdk.core.internal.http.pipeline.stages.AsyncRetryableStage$RetryingExecutor.maybeAttemptExecute(AsyncRetryableStage.java:103)
	at software.amazon.awssdk.core.internal.http.pipeline.stages.AsyncRetryableStage$RetryingExecutor.maybeRetryExecute(AsyncRetryableStage.java:184)
	at software.amazon.awssdk.core.internal.http.pipeline.stages.AsyncRetryableStage$RetryingExecutor.lambda$attemptExecute$1(AsyncRetryableStage.java:159)
	at java.base/java.util.concurrent.CompletableFuture.uniWhenComplete(CompletableFuture.java:863)
	at java.base/java.util.concurrent.CompletableFuture$UniWhenComplete.tryFire(CompletableFuture.java:841)
	at java.base/java.util.concurrent.CompletableFuture.postComplete(CompletableFuture.java:510)
	at java.base/java.util.concurrent.CompletableFuture.completeExceptionally(CompletableFuture.java:2194)
	at software.amazon.awssdk.utils.CompletableFutureUtils.lambda$forwardExceptionTo$0(CompletableFutureUtils.java:79)
	at java.base/java.util.concurrent.CompletableFuture.uniWhenComplete(CompletableFuture.java:863)
	at java.base/java.util.concurrent.CompletableFuture$UniWhenComplete.tryFire(CompletableFuture.java:841)
	at java.base/java.util.concurrent.CompletableFuture.postComplete(CompletableFuture.java:510)
	at java.base/java.util.concurrent.CompletableFuture.completeExceptionally(CompletableFuture.java:2194)
	at software.amazon.awssdk.core.internal.http.pipeline.stages.MakeAsyncHttpRequestStage.lambda$null$0(MakeAsyncHttpRequestStage.java:103)
	at java.base/java.util.concurrent.CompletableFuture.uniWhenComplete(CompletableFuture.java:863)
	at java.base/java.util.concurrent.CompletableFuture$UniWhenComplete.tryFire(CompletableFuture.java:841)
	at java.base/java.util.concurrent.CompletableFuture.postComplete(CompletableFuture.java:510)
	at java.base/java.util.concurrent.CompletableFuture.completeExceptionally(CompletableFuture.java:2194)
	at software.amazon.awssdk.core.internal.http.pipeline.stages.MakeAsyncHttpRequestStage.completeResponseFuture(MakeAsyncHttpRequestStage.java:240)
	at software.amazon.awssdk.core.internal.http.pipeline.stages.MakeAsyncHttpRequestStage.lambda$executeHttpRequest$3(MakeAsyncHttpRequestStage.java:163)
	at java.base/java.util.concurrent.CompletableFuture.uniHandle(CompletableFuture.java:934)
	at java.base/java.util.concurrent.CompletableFuture$UniHandle.tryFire(CompletableFuture.java:911)
	at java.base/java.util.concurrent.CompletableFuture$Completion.run(CompletableFuture.java:482)
	at java.base/java.util.concurrent.ThreadPoolExecutor.runWorker(ThreadPoolExecutor.java:1144)
	at java.base/java.util.concurrent.ThreadPoolExecutor$Worker.run(ThreadPoolExecutor.java:642)
	at java.base/java.lang.Thread.run(Thread.java:1583)
Caused by: software.amazon.awssdk.core.exception.SdkClientException: Unable to execute HTTP request: Connection refused: /127.0.0.1:4566
	at software.amazon.awssdk.core.exception.SdkClientException$BuilderImpl.build(SdkClientException.java:111)
	at software.amazon.awssdk.core.exception.SdkClientException.create(SdkClientException.java:47)
	at software.amazon.awssdk.core.internal.http.pipeline.stages.utils.RetryableStageHelper.setLastException(RetryableStageHelper.java:223)
	at software.amazon.awssdk.core.internal.http.pipeline.stages.utils.RetryableStageHelper.setLastException(RetryableStageHelper.java:218)
	at software.amazon.awssdk.core.internal.http.pipeline.stages.AsyncRetryableStage$RetryingExecutor.maybeRetryExecute(AsyncRetryableStage.java:182)
	... 23 common frames omitted
	Suppressed: software.amazon.awssdk.core.exception.SdkClientException: Request attempt 1 failure: Unable to execute HTTP request: Server failed to send complete response. The channel was closed. This may have been done by the client (e.g. because the request was aborted), by the service (e.g. because there was a handshake error, the request took too long, or the client tried to write on a read-only socket), or by an intermediary party (e.g. because the channel was idle for too long).
	Suppressed: software.amazon.awssdk.core.exception.SdkClientException: Request attempt 2 failure: Unable to execute HTTP request: Server failed to send complete response. The channel was closed. This may have been done by the client (e.g. because the request was aborted), by the service (e.g. because there was a handshake error, the request took too long, or the client tried to write on a read-only socket), or by an intermediary party (e.g. because the channel was idle for too long).
	Suppressed: software.amazon.awssdk.core.exception.SdkClientException: Request attempt 3 failure: Unable to execute HTTP request: Connection refused: /127.0.0.1:4566
Caused by: io.netty.channel.AbstractChannel$AnnotatedConnectException: Connection refused: /127.0.0.1:4566
Caused by: java.net.ConnectException: Connection refused
	at java.base/sun.nio.ch.Net.pollConnect(Native Method)
	at java.base/sun.nio.ch.Net.pollConnectNow(Net.java:682)
	at java.base/sun.nio.ch.SocketChannelImpl.finishConnect(SocketChannelImpl.java:973)
	at io.netty.channel.socket.nio.NioSocketChannel.doFinishConnect(NioSocketChannel.java:337)
	at io.netty.channel.nio.AbstractNioChannel$AbstractNioUnsafe.finishConnect(AbstractNioChannel.java:334)
	at io.netty.channel.nio.NioEventLoop.processSelectedKey(NioEventLoop.java:776)
	at io.netty.channel.nio.NioEventLoop.processSelectedKeysOptimized(NioEventLoop.java:724)
	at io.netty.channel.nio.NioEventLoop.processSelectedKeys(NioEventLoop.java:650)
	at io.netty.channel.nio.NioEventLoop.run(NioEventLoop.java:562)
	at io.netty.util.concurrent.SingleThreadEventExecutor$4.run(SingleThreadEventExecutor.java:997)
	at io.netty.util.internal.ThreadExecutorMap$2.run(ThreadExecutorMap.java:74)
	at java.base/java.lang.Thread.run(Thread.java:1583)

15:19:40,857 |-ERROR in ca.pjer.logback.AwsLogsAppender[CLOUDWATCH] - Unable to flush events to AWS software.amazon.awssdk.core.exception.SdkClientException: Unable to execute HTTP request: Connect to localhost:4566 [localhost/127.0.0.1, localhost/0:0:0:0:0:0:0:1] failed: Connection refused
	at software.amazon.awssdk.core.exception.SdkClientException: Unable to execute HTTP request: Connect to localhost:4566 [localhost/127.0.0.1, localhost/0:0:0:0:0:0:0:1] failed: Connection refused
	at 	at software.amazon.awssdk.core.exception.SdkClientException$BuilderImpl.build(SdkClientException.java:111)
	at 	at software.amazon.awssdk.core.exception.SdkClientException.create(SdkClientException.java:47)
	at 	at software.amazon.awssdk.core.internal.http.pipeline.stages.utils.RetryableStageHelper.setLastException(RetryableStageHelper.java:223)
	at 	at software.amazon.awssdk.core.internal.http.pipeline.stages.RetryableStage.execute(RetryableStage.java:83)
	at 	at software.amazon.awssdk.core.internal.http.pipeline.stages.RetryableStage.execute(RetryableStage.java:36)
	at 	at software.amazon.awssdk.core.internal.http.pipeline.RequestPipelineBuilder$ComposingRequestPipelineStage.execute(RequestPipelineBuilder.java:206)
	at 	at software.amazon.awssdk.core.internal.http.StreamManagingStage.execute(StreamManagingStage.java:56)
	at 	at software.amazon.awssdk.core.internal.http.StreamManagingStage.execute(StreamManagingStage.java:36)
	at 	at software.amazon.awssdk.core.internal.http.pipeline.stages.ApiCallTimeoutTrackingStage.executeWithTimer(ApiCallTimeoutTrackingStage.java:80)
	at 	at software.amazon.awssdk.core.internal.http.pipeline.stages.ApiCallTimeoutTrackingStage.execute(ApiCallTimeoutTrackingStage.java:60)
	at 	at software.amazon.awssdk.core.internal.http.pipeline.stages.ApiCallTimeoutTrackingStage.execute(ApiCallTimeoutTrackingStage.java:42)
	at 	at software.amazon.awssdk.core.internal.http.pipeline.stages.ApiCallMetricCollectionStage.execute(ApiCallMetricCollectionStage.java:50)
	at 	at software.amazon.awssdk.core.internal.http.pipeline.stages.ApiCallMetricCollectionStage.execute(ApiCallMetricCollectionStage.java:32)
	at 	at software.amazon.awssdk.core.internal.http.pipeline.RequestPipelineBuilder$ComposingRequestPipelineStage.execute(RequestPipelineBuilder.java:206)
	at 	at software.amazon.awssdk.core.internal.http.pipeline.RequestPipelineBuilder$ComposingRequestPipelineStage.execute(RequestPipelineBuilder.java:206)
	at 	at software.amazon.awssdk.core.internal.http.pipeline.stages.ExecutionFailureExceptionReportingStage.execute(ExecutionFailureExceptionReportingStage.java:37)
	at 	at software.amazon.awssdk.core.internal.http.pipeline.stages.ExecutionFailureExceptionReportingStage.execute(ExecutionFailureExceptionReportingStage.java:26)
	at 	at software.amazon.awssdk.core.internal.http.AmazonSyncHttpClient$RequestExecutionBuilderImpl.execute(AmazonSyncHttpClient.java:198)
	at 	at software.amazon.awssdk.core.internal.handler.BaseSyncClientHandler.invoke(BaseSyncClientHandler.java:103)
	at 	at software.amazon.awssdk.core.internal.handler.BaseSyncClientHandler.doExecute(BaseSyncClientHandler.java:171)
	at 	at software.amazon.awssdk.core.internal.handler.BaseSyncClientHandler.lambda$execute$1(BaseSyncClientHandler.java:82)
	at 	at software.amazon.awssdk.core.internal.handler.BaseSyncClientHandler.measureApiCallSuccess(BaseSyncClientHandler.java:179)
	at 	at software.amazon.awssdk.core.internal.handler.BaseSyncClientHandler.execute(BaseSyncClientHandler.java:76)
	at 	at software.amazon.awssdk.core.client.handler.SdkSyncClientHandler.execute(SdkSyncClientHandler.java:45)
	at 	at software.amazon.awssdk.awscore.client.handler.AwsSyncClientHandler.execute(AwsSyncClientHandler.java:56)
	at 	at software.amazon.awssdk.services.cloudwatchlogs.DefaultCloudWatchLogsClient.putLogEvents(DefaultCloudWatchLogsClient.java:2873)
	at 	at ca.pjer.logback.client.AwsLogsCloudWatchClient.sendLogs(AwsLogsCloudWatchClient.java:96)
	at 	at ca.pjer.logback.AWSLogsStub.sendLogEvents(AWSLogsStub.java:84)
	at 	at ca.pjer.logback.AWSLogsStub.logEvents(AWSLogsStub.java:80)
	at 	at ca.pjer.logback.AsyncWorker.flush(AsyncWorker.java:148)
	at 	at ca.pjer.logback.AsyncWorker.run(AsyncWorker.java:123)
	at 	at java.base/java.lang.Thread.run(Thread.java:1583)
Caused by: org.apache.http.conn.HttpHostConnectException: Connect to localhost:4566 [localhost/127.0.0.1, localhost/0:0:0:0:0:0:0:1] failed: Connection refused
	at 	at org.apache.http.impl.conn.DefaultHttpClientConnectionOperator.connect(DefaultHttpClientConnectionOperator.java:156)
	at 	at org.apache.http.impl.conn.PoolingHttpClientConnectionManager.connect(PoolingHttpClientConnectionManager.java:376)
	at 	at java.base/jdk.internal.reflect.DirectMethodHandleAccessor.invoke(DirectMethodHandleAccessor.java:103)
	at 	at java.base/java.lang.reflect.Method.invoke(Method.java:580)
	at 	at software.amazon.awssdk.http.apache.internal.conn.ClientConnectionManagerFactory$Handler.invoke(ClientConnectionManagerFactory.java:80)
	at 	at jdk.proxy2/jdk.proxy2.$Proxy124.connect(Unknown Source)
	at 	at org.apache.http.impl.execchain.MainClientExec.establishRoute(MainClientExec.java:393)
	at 	at org.apache.http.impl.execchain.MainClientExec.execute(MainClientExec.java:236)
	at 	at org.apache.http.impl.execchain.ProtocolExec.execute(ProtocolExec.java:186)
	at 	at org.apache.http.impl.client.InternalHttpClient.doExecute(InternalHttpClient.java:185)
	at 	at org.apache.http.impl.client.CloseableHttpClient.execute(CloseableHttpClient.java:83)
	at 	at org.apache.http.impl.client.CloseableHttpClient.execute(CloseableHttpClient.java:56)
	at 	at software.amazon.awssdk.http.apache.internal.impl.ApacheSdkHttpClient.execute(ApacheSdkHttpClient.java:72)
	at 	at software.amazon.awssdk.http.apache.ApacheHttpClient.execute(ApacheHttpClient.java:253)
	at 	at software.amazon.awssdk.http.apache.ApacheHttpClient.access$500(ApacheHttpClient.java:106)
	at 	at software.amazon.awssdk.http.apache.ApacheHttpClient$1.call(ApacheHttpClient.java:232)
	at 	at software.amazon.awssdk.http.apache.ApacheHttpClient$1.call(ApacheHttpClient.java:229)
	at 	at software.amazon.awssdk.core.internal.util.MetricUtils.measureDurationUnsafe(MetricUtils.java:67)
	at 	at software.amazon.awssdk.core.internal.http.pipeline.stages.MakeHttpRequestStage.executeHttpRequest(MakeHttpRequestStage.java:77)
	at 	at software.amazon.awssdk.core.internal.http.pipeline.stages.MakeHttpRequestStage.execute(MakeHttpRequestStage.java:56)
	at 	at software.amazon.awssdk.core.internal.http.pipeline.stages.MakeHttpRequestStage.execute(MakeHttpRequestStage.java:39)
	at 	at software.amazon.awssdk.core.internal.http.pipeline.RequestPipelineBuilder$ComposingRequestPipelineStage.execute(RequestPipelineBuilder.java:206)
	at 	at software.amazon.awssdk.core.internal.http.pipeline.RequestPipelineBuilder$ComposingRequestPipelineStage.execute(RequestPipelineBuilder.java:206)
	at 	at software.amazon.awssdk.core.internal.http.pipeline.RequestPipelineBuilder$ComposingRequestPipelineStage.execute(RequestPipelineBuilder.java:206)
	at 	at software.amazon.awssdk.core.internal.http.pipeline.RequestPipelineBuilder$ComposingRequestPipelineStage.execute(RequestPipelineBuilder.java:206)
	at 	at software.amazon.awssdk.core.internal.http.pipeline.stages.ApiCallAttemptTimeoutTrackingStage.execute(ApiCallAttemptTimeoutTrackingStage.java:72)
	at 	at software.amazon.awssdk.core.internal.http.pipeline.stages.ApiCallAttemptTimeoutTrackingStage.execute(ApiCallAttemptTimeoutTrackingStage.java:42)
	at 	at software.amazon.awssdk.core.internal.http.pipeline.stages.TimeoutExceptionHandlingStage.execute(TimeoutExceptionHandlingStage.java:78)
	at 	at software.amazon.awssdk.core.internal.http.pipeline.stages.TimeoutExceptionHandlingStage.execute(TimeoutExceptionHandlingStage.java:40)
	at 	at software.amazon.awssdk.core.internal.http.pipeline.stages.ApiCallAttemptMetricCollectionStage.execute(ApiCallAttemptMetricCollectionStage.java:52)
	at 	at software.amazon.awssdk.core.internal.http.pipeline.stages.ApiCallAttemptMetricCollectionStage.execute(ApiCallAttemptMetricCollectionStage.java:37)
	at 	at software.amazon.awssdk.core.internal.http.pipeline.stages.RetryableStage.execute(RetryableStage.java:81)
	at 	... 28 common frames omitted
Caused by: java.net.ConnectException: Connection refused
	at 	at java.base/sun.nio.ch.Net.pollConnect(Native Method)
	at 	at java.base/sun.nio.ch.Net.pollConnectNow(Net.java:682)
	at 	at java.base/sun.nio.ch.NioSocketImpl.timedFinishConnect(NioSocketImpl.java:549)
	at 	at java.base/sun.nio.ch.NioSocketImpl.connect(NioSocketImpl.java:592)
	at 	at java.base/java.net.SocksSocketImpl.connect(SocksSocketImpl.java:327)
	at 	at java.base/java.net.Socket.connect(Socket.java:751)
	at 	at org.apache.http.conn.socket.PlainConnectionSocketFactory.connectSocket(PlainConnectionSocketFactory.java:75)
	at 	at org.apache.http.impl.conn.DefaultHttpClientConnectionOperator.connect(DefaultHttpClientConnectionOperator.java:142)
	at 	... 59 common frames omitted
15:19:40,959 |-WARN in ca.pjer.logback.AwsLogsAppender[CLOUDWATCH] - 2 events lost
15:19:41,333 |-ERROR in ca.pjer.logback.AwsLogsAppender[CLOUDWATCH] - Unable to flush events to AWS software.amazon.awssdk.core.exception.SdkClientException: Unable to execute HTTP request: The target server failed to respond
	at software.amazon.awssdk.core.exception.SdkClientException: Unable to execute HTTP request: The target server failed to respond
	at 	at software.amazon.awssdk.core.exception.SdkClientException$BuilderImpl.build(SdkClientException.java:111)
	at 	at software.amazon.awssdk.core.exception.SdkClientException.create(SdkClientException.java:47)
	at 	at software.amazon.awssdk.core.internal.http.pipeline.stages.utils.RetryableStageHelper.setLastException(RetryableStageHelper.java:223)
	at 	at software.amazon.awssdk.core.internal.http.pipeline.stages.RetryableStage.execute(RetryableStage.java:83)
	at 	at software.amazon.awssdk.core.internal.http.pipeline.stages.RetryableStage.execute(RetryableStage.java:36)
	at 	at software.amazon.awssdk.core.internal.http.pipeline.RequestPipelineBuilder$ComposingRequestPipelineStage.execute(RequestPipelineBuilder.java:206)
	at 	at software.amazon.awssdk.core.internal.http.StreamManagingStage.execute(StreamManagingStage.java:56)
	at 	at software.amazon.awssdk.core.internal.http.StreamManagingStage.execute(StreamManagingStage.java:36)
	at 	at software.amazon.awssdk.core.internal.http.pipeline.stages.ApiCallTimeoutTrackingStage.executeWithTimer(ApiCallTimeoutTrackingStage.java:80)
	at 	at software.amazon.awssdk.core.internal.http.pipeline.stages.ApiCallTimeoutTrackingStage.execute(ApiCallTimeoutTrackingStage.java:60)
	at 	at software.amazon.awssdk.core.internal.http.pipeline.stages.ApiCallTimeoutTrackingStage.execute(ApiCallTimeoutTrackingStage.java:42)
	at 	at software.amazon.awssdk.core.internal.http.pipeline.stages.ApiCallMetricCollectionStage.execute(ApiCallMetricCollectionStage.java:50)
	at 	at software.amazon.awssdk.core.internal.http.pipeline.stages.ApiCallMetricCollectionStage.execute(ApiCallMetricCollectionStage.java:32)
	at 	at software.amazon.awssdk.core.internal.http.pipeline.RequestPipelineBuilder$ComposingRequestPipelineStage.execute(RequestPipelineBuilder.java:206)
	at 	at software.amazon.awssdk.core.internal.http.pipeline.RequestPipelineBuilder$ComposingRequestPipelineStage.execute(RequestPipelineBuilder.java:206)
	at 	at software.amazon.awssdk.core.internal.http.pipeline.stages.ExecutionFailureExceptionReportingStage.execute(ExecutionFailureExceptionReportingStage.java:37)
	at 	at software.amazon.awssdk.core.internal.http.pipeline.stages.ExecutionFailureExceptionReportingStage.execute(ExecutionFailureExceptionReportingStage.java:26)
	at 	at software.amazon.awssdk.core.internal.http.AmazonSyncHttpClient$RequestExecutionBuilderImpl.execute(AmazonSyncHttpClient.java:198)
	at 	at software.amazon.awssdk.core.internal.handler.BaseSyncClientHandler.invoke(BaseSyncClientHandler.java:103)
	at 	at software.amazon.awssdk.core.internal.handler.BaseSyncClientHandler.doExecute(BaseSyncClientHandler.java:171)
	at 	at software.amazon.awssdk.core.internal.handler.BaseSyncClientHandler.lambda$execute$1(BaseSyncClientHandler.java:82)
	at 	at software.amazon.awssdk.core.internal.handler.BaseSyncClientHandler.measureApiCallSuccess(BaseSyncClientHandler.java:179)
	at 	at software.amazon.awssdk.core.internal.handler.BaseSyncClientHandler.execute(BaseSyncClientHandler.java:76)
	at 	at software.amazon.awssdk.core.client.handler.SdkSyncClientHandler.execute(SdkSyncClientHandler.java:45)
	at 	at software.amazon.awssdk.awscore.client.handler.AwsSyncClientHandler.execute(AwsSyncClientHandler.java:56)
	at 	at software.amazon.awssdk.services.cloudwatchlogs.DefaultCloudWatchLogsClient.putLogEvents(DefaultCloudWatchLogsClient.java:2873)
	at 	at ca.pjer.logback.client.AwsLogsCloudWatchClient.sendLogs(AwsLogsCloudWatchClient.java:96)
	at 	at ca.pjer.logback.AWSLogsStub.sendLogEvents(AWSLogsStub.java:84)
	at 	at ca.pjer.logback.AWSLogsStub.logEvents(AWSLogsStub.java:80)
	at 	at ca.pjer.logback.AsyncWorker.flush(AsyncWorker.java:148)
	at 	at ca.pjer.logback.AsyncWorker.run(AsyncWorker.java:123)
	at 	at java.base/java.lang.Thread.run(Thread.java:1583)
Caused by: org.apache.http.NoHttpResponseException: The target server failed to respond
	at 	at org.apache.http.impl.conn.DefaultHttpResponseParser.parseHead(DefaultHttpResponseParser.java:141)
	at 	at org.apache.http.impl.conn.DefaultHttpResponseParser.parseHead(DefaultHttpResponseParser.java:56)
	at 	at org.apache.http.impl.io.AbstractMessageParser.parse(AbstractMessageParser.java:259)
	at 	at org.apache.http.impl.DefaultBHttpClientConnection.receiveResponseHeader(DefaultBHttpClientConnection.java:163)
	at 	at org.apache.http.impl.conn.CPoolProxy.receiveResponseHeader(CPoolProxy.java:157)
	at 	at org.apache.http.protocol.HttpRequestExecutor.doReceiveResponse(HttpRequestExecutor.java:273)
	at 	at org.apache.http.protocol.HttpRequestExecutor.execute(HttpRequestExecutor.java:125)
	at 	at org.apache.http.impl.execchain.MainClientExec.execute(MainClientExec.java:272)
	at 	at org.apache.http.impl.execchain.ProtocolExec.execute(ProtocolExec.java:186)
	at 	at org.apache.http.impl.client.InternalHttpClient.doExecute(InternalHttpClient.java:185)
	at 	at org.apache.http.impl.client.CloseableHttpClient.execute(CloseableHttpClient.java:83)
	at 	at org.apache.http.impl.client.CloseableHttpClient.execute(CloseableHttpClient.java:56)
	at 	at software.amazon.awssdk.http.apache.internal.impl.ApacheSdkHttpClient.execute(ApacheSdkHttpClient.java:72)
	at 	at software.amazon.awssdk.http.apache.ApacheHttpClient.execute(ApacheHttpClient.java:253)
	at 	at software.amazon.awssdk.http.apache.ApacheHttpClient.access$500(ApacheHttpClient.java:106)
	at 	at software.amazon.awssdk.http.apache.ApacheHttpClient$1.call(ApacheHttpClient.java:232)
	at 	at software.amazon.awssdk.http.apache.ApacheHttpClient$1.call(ApacheHttpClient.java:229)
	at 	at software.amazon.awssdk.core.internal.util.MetricUtils.measureDurationUnsafe(MetricUtils.java:67)
	at 	at software.amazon.awssdk.core.internal.http.pipeline.stages.MakeHttpRequestStage.executeHttpRequest(MakeHttpRequestStage.java:77)
	at 	at software.amazon.awssdk.core.internal.http.pipeline.stages.MakeHttpRequestStage.execute(MakeHttpRequestStage.java:56)
	at 	at software.amazon.awssdk.core.internal.http.pipeline.stages.MakeHttpRequestStage.execute(MakeHttpRequestStage.java:39)
	at 	at software.amazon.awssdk.core.internal.http.pipeline.RequestPipelineBuilder$ComposingRequestPipelineStage.execute(RequestPipelineBuilder.java:206)
	at 	at software.amazon.awssdk.core.internal.http.pipeline.RequestPipelineBuilder$ComposingRequestPipelineStage.execute(RequestPipelineBuilder.java:206)
	at 	at software.amazon.awssdk.core.internal.http.pipeline.RequestPipelineBuilder$ComposingRequestPipelineStage.execute(RequestPipelineBuilder.java:206)
	at 	at software.amazon.awssdk.core.internal.http.pipeline.RequestPipelineBuilder$ComposingRequestPipelineStage.execute(RequestPipelineBuilder.java:206)
	at 	at software.amazon.awssdk.core.internal.http.pipeline.stages.ApiCallAttemptTimeoutTrackingStage.execute(ApiCallAttemptTimeoutTrackingStage.java:72)
	at 	at software.amazon.awssdk.core.internal.http.pipeline.stages.ApiCallAttemptTimeoutTrackingStage.execute(ApiCallAttemptTimeoutTrackingStage.java:42)
	at 	at software.amazon.awssdk.core.internal.http.pipeline.stages.TimeoutExceptionHandlingStage.execute(TimeoutExceptionHandlingStage.java:78)
	at 	at software.amazon.awssdk.core.internal.http.pipeline.stages.TimeoutExceptionHandlingStage.execute(TimeoutExceptionHandlingStage.java:40)
	at 	at software.amazon.awssdk.core.internal.http.pipeline.stages.ApiCallAttemptMetricCollectionStage.execute(ApiCallAttemptMetricCollectionStage.java:52)
	at 	at software.amazon.awssdk.core.internal.http.pipeline.stages.ApiCallAttemptMetricCollectionStage.execute(ApiCallAttemptMetricCollectionStage.java:37)
	at 	at software.amazon.awssdk.core.internal.http.pipeline.stages.RetryableStage.execute(RetryableStage.java:81)
	at 	... 28 common frames omitted
2025-02-16T15:19:41.364+08:00 ERROR 44625 --- [nc-response-1-7] i.a.c.s.l.s.AbstractPollingMessageSource : Error polling for messages in queue test-fraud-detection-queue

java.util.concurrent.CompletionException: software.amazon.awssdk.core.exception.SdkClientException: Unable to execute HTTP request: Server failed to send complete response. The channel was closed. This may have been done by the client (e.g. because the request was aborted), by the service (e.g. because there was a handshake error, the request took too long, or the client tried to write on a read-only socket), or by an intermediary party (e.g. because the channel was idle for too long).
	at software.amazon.awssdk.utils.CompletableFutureUtils.errorAsCompletionException(CompletableFutureUtils.java:65)
	at software.amazon.awssdk.core.internal.http.pipeline.stages.AsyncExecutionFailureExceptionReportingStage.lambda$execute$0(AsyncExecutionFailureExceptionReportingStage.java:51)
	at java.base/java.util.concurrent.CompletableFuture.uniHandle(CompletableFuture.java:934)
	at java.base/java.util.concurrent.CompletableFuture$UniHandle.tryFire(CompletableFuture.java:911)
	at java.base/java.util.concurrent.CompletableFuture.postComplete(CompletableFuture.java:510)
	at java.base/java.util.concurrent.CompletableFuture.completeExceptionally(CompletableFuture.java:2194)
	at software.amazon.awssdk.utils.CompletableFutureUtils.lambda$forwardExceptionTo$0(CompletableFutureUtils.java:79)
	at java.base/java.util.concurrent.CompletableFuture.uniWhenComplete(CompletableFuture.java:863)
	at java.base/java.util.concurrent.CompletableFuture$UniWhenComplete.tryFire(CompletableFuture.java:841)
	at java.base/java.util.concurrent.CompletableFuture.postComplete(CompletableFuture.java:510)
	at java.base/java.util.concurrent.CompletableFuture.completeExceptionally(CompletableFuture.java:2194)
	at software.amazon.awssdk.core.internal.http.pipeline.stages.AsyncRetryableStage$RetryingExecutor.maybeAttemptExecute(AsyncRetryableStage.java:103)
	at software.amazon.awssdk.core.internal.http.pipeline.stages.AsyncRetryableStage$RetryingExecutor.maybeRetryExecute(AsyncRetryableStage.java:184)
	at software.amazon.awssdk.core.internal.http.pipeline.stages.AsyncRetryableStage$RetryingExecutor.lambda$attemptExecute$1(AsyncRetryableStage.java:159)
	at java.base/java.util.concurrent.CompletableFuture.uniWhenComplete(CompletableFuture.java:863)
	at java.base/java.util.concurrent.CompletableFuture$UniWhenComplete.tryFire(CompletableFuture.java:841)
	at java.base/java.util.concurrent.CompletableFuture.postComplete(CompletableFuture.java:510)
	at java.base/java.util.concurrent.CompletableFuture.completeExceptionally(CompletableFuture.java:2194)
	at software.amazon.awssdk.utils.CompletableFutureUtils.lambda$forwardExceptionTo$0(CompletableFutureUtils.java:79)
	at java.base/java.util.concurrent.CompletableFuture.uniWhenComplete(CompletableFuture.java:863)
	at java.base/java.util.concurrent.CompletableFuture$UniWhenComplete.tryFire(CompletableFuture.java:841)
	at java.base/java.util.concurrent.CompletableFuture.postComplete(CompletableFuture.java:510)
	at java.base/java.util.concurrent.CompletableFuture.completeExceptionally(CompletableFuture.java:2194)
	at software.amazon.awssdk.core.internal.http.pipeline.stages.MakeAsyncHttpRequestStage.lambda$null$0(MakeAsyncHttpRequestStage.java:103)
	at java.base/java.util.concurrent.CompletableFuture.uniWhenComplete(CompletableFuture.java:863)
	at java.base/java.util.concurrent.CompletableFuture$UniWhenComplete.tryFire(CompletableFuture.java:841)
	at java.base/java.util.concurrent.CompletableFuture.postComplete(CompletableFuture.java:510)
	at java.base/java.util.concurrent.CompletableFuture.completeExceptionally(CompletableFuture.java:2194)
	at software.amazon.awssdk.core.internal.http.pipeline.stages.MakeAsyncHttpRequestStage.completeResponseFuture(MakeAsyncHttpRequestStage.java:240)
	at software.amazon.awssdk.core.internal.http.pipeline.stages.MakeAsyncHttpRequestStage.lambda$executeHttpRequest$3(MakeAsyncHttpRequestStage.java:163)
	at java.base/java.util.concurrent.CompletableFuture.uniHandle(CompletableFuture.java:934)
	at java.base/java.util.concurrent.CompletableFuture$UniHandle.tryFire(CompletableFuture.java:911)
	at java.base/java.util.concurrent.CompletableFuture$Completion.run(CompletableFuture.java:482)
	at java.base/java.util.concurrent.ThreadPoolExecutor.runWorker(ThreadPoolExecutor.java:1144)
	at java.base/java.util.concurrent.ThreadPoolExecutor$Worker.run(ThreadPoolExecutor.java:642)
	at java.base/java.lang.Thread.run(Thread.java:1583)
Caused by: software.amazon.awssdk.core.exception.SdkClientException: Unable to execute HTTP request: Server failed to send complete response. The channel was closed. This may have been done by the client (e.g. because the request was aborted), by the service (e.g. because there was a handshake error, the request took too long, or the client tried to write on a read-only socket), or by an intermediary party (e.g. because the channel was idle for too long).
	at software.amazon.awssdk.core.exception.SdkClientException$BuilderImpl.build(SdkClientException.java:111)
	at software.amazon.awssdk.core.exception.SdkClientException.create(SdkClientException.java:47)
	at software.amazon.awssdk.core.internal.http.pipeline.stages.utils.RetryableStageHelper.setLastException(RetryableStageHelper.java:223)
	at software.amazon.awssdk.core.internal.http.pipeline.stages.utils.RetryableStageHelper.setLastException(RetryableStageHelper.java:218)
	at software.amazon.awssdk.core.internal.http.pipeline.stages.AsyncRetryableStage$RetryingExecutor.maybeRetryExecute(AsyncRetryableStage.java:182)
	... 23 common frames omitted
	Suppressed: software.amazon.awssdk.core.exception.SdkClientException: Request attempt 1 failure: Unable to execute HTTP request: Connection reset
	Suppressed: software.amazon.awssdk.core.exception.SdkClientException: Request attempt 2 failure: Unable to execute HTTP request: Server failed to send complete response. The channel was closed. This may have been done by the client (e.g. because the request was aborted), by the service (e.g. because there was a handshake error, the request took too long, or the client tried to write on a read-only socket), or by an intermediary party (e.g. because the channel was idle for too long).
	Suppressed: software.amazon.awssdk.core.exception.SdkClientException: Request attempt 3 failure: Unable to execute HTTP request: Server failed to send complete response. The channel was closed. This may have been done by the client (e.g. because the request was aborted), by the service (e.g. because there was a handshake error, the request took too long, or the client tried to write on a read-only socket), or by an intermediary party (e.g. because the channel was idle for too long).
Caused by: java.io.IOException: Server failed to send complete response. The channel was closed. This may have been done by the client (e.g. because the request was aborted), by the service (e.g. because there was a handshake error, the request took too long, or the client tried to write on a read-only socket), or by an intermediary party (e.g. because the channel was idle for too long).
	at software.amazon.awssdk.http.nio.netty.internal.ResponseHandler.notifyIfResponseNotCompleted(ResponseHandler.java:401)
	at software.amazon.awssdk.http.nio.netty.internal.ResponseHandler.channelInactive(ResponseHandler.java:153)
	at io.netty.channel.AbstractChannelHandlerContext.invokeChannelInactive(AbstractChannelHandlerContext.java:305)
	at io.netty.channel.AbstractChannelHandlerContext.invokeChannelInactive(AbstractChannelHandlerContext.java:281)
	at io.netty.channel.AbstractChannelHandlerContext.fireChannelInactive(AbstractChannelHandlerContext.java:274)
	at io.netty.handler.logging.LoggingHandler.channelInactive(LoggingHandler.java:206)
	at io.netty.channel.AbstractChannelHandlerContext.invokeChannelInactive(AbstractChannelHandlerContext.java:303)
	at io.netty.channel.AbstractChannelHandlerContext.invokeChannelInactive(AbstractChannelHandlerContext.java:281)
	at io.netty.channel.AbstractChannelHandlerContext.fireChannelInactive(AbstractChannelHandlerContext.java:274)
	at io.netty.channel.ChannelInboundHandlerAdapter.channelInactive(ChannelInboundHandlerAdapter.java:81)
	at io.netty.handler.timeout.IdleStateHandler.channelInactive(IdleStateHandler.java:277)
	at io.netty.channel.AbstractChannelHandlerContext.invokeChannelInactive(AbstractChannelHandlerContext.java:303)
	at io.netty.channel.AbstractChannelHandlerContext.invokeChannelInactive(AbstractChannelHandlerContext.java:281)
	at io.netty.channel.AbstractChannelHandlerContext.fireChannelInactive(AbstractChannelHandlerContext.java:274)
	at io.netty.channel.CombinedChannelDuplexHandler$DelegatingChannelHandlerContext.fireChannelInactive(CombinedChannelDuplexHandler.java:418)
	at io.netty.handler.codec.ByteToMessageDecoder.channelInputClosed(ByteToMessageDecoder.java:411)
	at io.netty.handler.codec.ByteToMessageDecoder.channelInactive(ByteToMessageDecoder.java:376)
	at io.netty.handler.codec.http.HttpClientCodec$Decoder.channelInactive(HttpClientCodec.java:328)
	at io.netty.channel.CombinedChannelDuplexHandler.channelInactive(CombinedChannelDuplexHandler.java:221)
	at io.netty.channel.AbstractChannelHandlerContext.invokeChannelInactive(AbstractChannelHandlerContext.java:303)
	at io.netty.channel.AbstractChannelHandlerContext.invokeChannelInactive(AbstractChannelHandlerContext.java:281)
	at io.netty.channel.AbstractChannelHandlerContext.fireChannelInactive(AbstractChannelHandlerContext.java:274)
	at io.netty.channel.ChannelInboundHandlerAdapter.channelInactive(ChannelInboundHandlerAdapter.java:81)
	at io.netty.handler.timeout.IdleStateHandler.channelInactive(IdleStateHandler.java:277)
	at io.netty.channel.AbstractChannelHandlerContext.invokeChannelInactive(AbstractChannelHandlerContext.java:303)
	at io.netty.channel.AbstractChannelHandlerContext.invokeChannelInactive(AbstractChannelHandlerContext.java:281)
	at io.netty.channel.AbstractChannelHandlerContext.fireChannelInactive(AbstractChannelHandlerContext.java:274)
	at io.netty.channel.DefaultChannelPipeline$HeadContext.channelInactive(DefaultChannelPipeline.java:1405)
	at io.netty.channel.AbstractChannelHandlerContext.invokeChannelInactive(AbstractChannelHandlerContext.java:301)
	at io.netty.channel.AbstractChannelHandlerContext.invokeChannelInactive(AbstractChannelHandlerContext.java:281)
	at io.netty.channel.DefaultChannelPipeline.fireChannelInactive(DefaultChannelPipeline.java:901)
	at io.netty.channel.AbstractChannel$AbstractUnsafe$7.run(AbstractChannel.java:813)
	at io.netty.util.concurrent.AbstractEventExecutor.runTask(AbstractEventExecutor.java:173)
	at io.netty.util.concurrent.AbstractEventExecutor.safeExecute(AbstractEventExecutor.java:166)
	at io.netty.util.concurrent.SingleThreadEventExecutor.runAllTasks(SingleThreadEventExecutor.java:470)
	at io.netty.channel.nio.NioEventLoop.run(NioEventLoop.java:566)
	at io.netty.util.concurrent.SingleThreadEventExecutor$4.run(SingleThreadEventExecutor.java:997)
	at io.netty.util.internal.ThreadExecutorMap$2.run(ThreadExecutorMap.java:74)
	... 1 common frames omitted

2025-02-16T15:19:41.747+08:00 ERROR 44625 --- [c-response-1-11] i.a.c.s.l.s.AbstractPollingMessageSource : Error polling for messages in queue test-fraud-detection-queue

java.util.concurrent.CompletionException: software.amazon.awssdk.core.exception.SdkClientException: Unable to execute HTTP request: Server failed to send complete response. The channel was closed. This may have been done by the client (e.g. because the request was aborted), by the service (e.g. because there was a handshake error, the request took too long, or the client tried to write on a read-only socket), or by an intermediary party (e.g. because the channel was idle for too long).
	at software.amazon.awssdk.utils.CompletableFutureUtils.errorAsCompletionException(CompletableFutureUtils.java:65)
	at software.amazon.awssdk.core.internal.http.pipeline.stages.AsyncExecutionFailureExceptionReportingStage.lambda$execute$0(AsyncExecutionFailureExceptionReportingStage.java:51)
	at java.base/java.util.concurrent.CompletableFuture.uniHandle(CompletableFuture.java:934)
	at java.base/java.util.concurrent.CompletableFuture$UniHandle.tryFire(CompletableFuture.java:911)
	at java.base/java.util.concurrent.CompletableFuture.postComplete(CompletableFuture.java:510)
	at java.base/java.util.concurrent.CompletableFuture.completeExceptionally(CompletableFuture.java:2194)
	at software.amazon.awssdk.utils.CompletableFutureUtils.lambda$forwardExceptionTo$0(CompletableFutureUtils.java:79)
	at java.base/java.util.concurrent.CompletableFuture.uniWhenComplete(CompletableFuture.java:863)
	at java.base/java.util.concurrent.CompletableFuture$UniWhenComplete.tryFire(CompletableFuture.java:841)
	at java.base/java.util.concurrent.CompletableFuture.postComplete(CompletableFuture.java:510)
	at java.base/java.util.concurrent.CompletableFuture.completeExceptionally(CompletableFuture.java:2194)
	at software.amazon.awssdk.core.internal.http.pipeline.stages.AsyncRetryableStage$RetryingExecutor.maybeAttemptExecute(AsyncRetryableStage.java:103)
	at software.amazon.awssdk.core.internal.http.pipeline.stages.AsyncRetryableStage$RetryingExecutor.maybeRetryExecute(AsyncRetryableStage.java:184)
	at software.amazon.awssdk.core.internal.http.pipeline.stages.AsyncRetryableStage$RetryingExecutor.lambda$attemptExecute$1(AsyncRetryableStage.java:159)
	at java.base/java.util.concurrent.CompletableFuture.uniWhenComplete(CompletableFuture.java:863)
	at java.base/java.util.concurrent.CompletableFuture$UniWhenComplete.tryFire(CompletableFuture.java:841)
	at java.base/java.util.concurrent.CompletableFuture.postComplete(CompletableFuture.java:510)
	at java.base/java.util.concurrent.CompletableFuture.completeExceptionally(CompletableFuture.java:2194)
	at software.amazon.awssdk.utils.CompletableFutureUtils.lambda$forwardExceptionTo$0(CompletableFutureUtils.java:79)
	at java.base/java.util.concurrent.CompletableFuture.uniWhenComplete(CompletableFuture.java:863)
	at java.base/java.util.concurrent.CompletableFuture$UniWhenComplete.tryFire(CompletableFuture.java:841)
	at java.base/java.util.concurrent.CompletableFuture.postComplete(CompletableFuture.java:510)
	at java.base/java.util.concurrent.CompletableFuture.completeExceptionally(CompletableFuture.java:2194)
	at software.amazon.awssdk.core.internal.http.pipeline.stages.MakeAsyncHttpRequestStage.lambda$null$0(MakeAsyncHttpRequestStage.java:103)
	at java.base/java.util.concurrent.CompletableFuture.uniWhenComplete(CompletableFuture.java:863)
	at java.base/java.util.concurrent.CompletableFuture$UniWhenComplete.tryFire(CompletableFuture.java:841)
	at java.base/java.util.concurrent.CompletableFuture.postComplete(CompletableFuture.java:510)
	at java.base/java.util.concurrent.CompletableFuture.completeExceptionally(CompletableFuture.java:2194)
	at software.amazon.awssdk.core.internal.http.pipeline.stages.MakeAsyncHttpRequestStage.completeResponseFuture(MakeAsyncHttpRequestStage.java:240)
	at software.amazon.awssdk.core.internal.http.pipeline.stages.MakeAsyncHttpRequestStage.lambda$executeHttpRequest$3(MakeAsyncHttpRequestStage.java:163)
	at java.base/java.util.concurrent.CompletableFuture.uniHandle(CompletableFuture.java:934)
	at java.base/java.util.concurrent.CompletableFuture$UniHandle.tryFire(CompletableFuture.java:911)
	at java.base/java.util.concurrent.CompletableFuture$Completion.run(CompletableFuture.java:482)
	at java.base/java.util.concurrent.ThreadPoolExecutor.runWorker(ThreadPoolExecutor.java:1144)
	at java.base/java.util.concurrent.ThreadPoolExecutor$Worker.run(ThreadPoolExecutor.java:642)
	at java.base/java.lang.Thread.run(Thread.java:1583)
Caused by: software.amazon.awssdk.core.exception.SdkClientException: Unable to execute HTTP request: Server failed to send complete response. The channel was closed. This may have been done by the client (e.g. because the request was aborted), by the service (e.g. because there was a handshake error, the request took too long, or the client tried to write on a read-only socket), or by an intermediary party (e.g. because the channel was idle for too long).
	at software.amazon.awssdk.core.exception.SdkClientException$BuilderImpl.build(SdkClientException.java:111)
	at software.amazon.awssdk.core.exception.SdkClientException.create(SdkClientException.java:47)
	at software.amazon.awssdk.core.internal.http.pipeline.stages.utils.RetryableStageHelper.setLastException(RetryableStageHelper.java:223)
	at software.amazon.awssdk.core.internal.http.pipeline.stages.utils.RetryableStageHelper.setLastException(RetryableStageHelper.java:218)
	at software.amazon.awssdk.core.internal.http.pipeline.stages.AsyncRetryableStage$RetryingExecutor.maybeRetryExecute(AsyncRetryableStage.java:182)
	... 23 common frames omitted
	Suppressed: software.amazon.awssdk.core.exception.SdkClientException: Request attempt 1 failure: Unable to execute HTTP request: Server failed to send complete response. The channel was closed. This may have been done by the client (e.g. because the request was aborted), by the service (e.g. because there was a handshake error, the request took too long, or the client tried to write on a read-only socket), or by an intermediary party (e.g. because the channel was idle for too long).
	Suppressed: software.amazon.awssdk.core.exception.SdkClientException: Request attempt 2 failure: Unable to execute HTTP request: Server failed to send complete response. The channel was closed. This may have been done by the client (e.g. because the request was aborted), by the service (e.g. because there was a handshake error, the request took too long, or the client tried to write on a read-only socket), or by an intermediary party (e.g. because the channel was idle for too long).
	Suppressed: software.amazon.awssdk.core.exception.SdkClientException: Request attempt 3 failure: Unable to execute HTTP request: Server failed to send complete response. The channel was closed. This may have been done by the client (e.g. because the request was aborted), by the service (e.g. because there was a handshake error, the request took too long, or the client tried to write on a read-only socket), or by an intermediary party (e.g. because the channel was idle for too long).
Caused by: java.io.IOException: Server failed to send complete response. The channel was closed. This may have been done by the client (e.g. because the request was aborted), by the service (e.g. because there was a handshake error, the request took too long, or the client tried to write on a read-only socket), or by an intermediary party (e.g. because the channel was idle for too long).
	at software.amazon.awssdk.http.nio.netty.internal.ResponseHandler.notifyIfResponseNotCompleted(ResponseHandler.java:401)
	at software.amazon.awssdk.http.nio.netty.internal.ResponseHandler.channelInactive(ResponseHandler.java:153)
	at io.netty.channel.AbstractChannelHandlerContext.invokeChannelInactive(AbstractChannelHandlerContext.java:305)
	at io.netty.channel.AbstractChannelHandlerContext.invokeChannelInactive(AbstractChannelHandlerContext.java:281)
	at io.netty.channel.AbstractChannelHandlerContext.fireChannelInactive(AbstractChannelHandlerContext.java:274)
	at io.netty.handler.logging.LoggingHandler.channelInactive(LoggingHandler.java:206)
	at io.netty.channel.AbstractChannelHandlerContext.invokeChannelInactive(AbstractChannelHandlerContext.java:303)
	at io.netty.channel.AbstractChannelHandlerContext.invokeChannelInactive(AbstractChannelHandlerContext.java:281)
	at io.netty.channel.AbstractChannelHandlerContext.fireChannelInactive(AbstractChannelHandlerContext.java:274)
	at io.netty.channel.ChannelInboundHandlerAdapter.channelInactive(ChannelInboundHandlerAdapter.java:81)
	at io.netty.handler.timeout.IdleStateHandler.channelInactive(IdleStateHandler.java:277)
	at io.netty.channel.AbstractChannelHandlerContext.invokeChannelInactive(AbstractChannelHandlerContext.java:303)
	at io.netty.channel.AbstractChannelHandlerContext.invokeChannelInactive(AbstractChannelHandlerContext.java:281)
	at io.netty.channel.AbstractChannelHandlerContext.fireChannelInactive(AbstractChannelHandlerContext.java:274)
	at io.netty.channel.CombinedChannelDuplexHandler$DelegatingChannelHandlerContext.fireChannelInactive(CombinedChannelDuplexHandler.java:418)
	at io.netty.handler.codec.ByteToMessageDecoder.channelInputClosed(ByteToMessageDecoder.java:411)
	at io.netty.handler.codec.ByteToMessageDecoder.channelInactive(ByteToMessageDecoder.java:376)
	at io.netty.handler.codec.http.HttpClientCodec$Decoder.channelInactive(HttpClientCodec.java:328)
	at io.netty.channel.CombinedChannelDuplexHandler.channelInactive(CombinedChannelDuplexHandler.java:221)
	at io.netty.channel.AbstractChannelHandlerContext.invokeChannelInactive(AbstractChannelHandlerContext.java:303)
	at io.netty.channel.AbstractChannelHandlerContext.invokeChannelInactive(AbstractChannelHandlerContext.java:281)
	at io.netty.channel.AbstractChannelHandlerContext.fireChannelInactive(AbstractChannelHandlerContext.java:274)
	at io.netty.channel.ChannelInboundHandlerAdapter.channelInactive(ChannelInboundHandlerAdapter.java:81)
	at io.netty.handler.timeout.IdleStateHandler.channelInactive(IdleStateHandler.java:277)
	at io.netty.channel.AbstractChannelHandlerContext.invokeChannelInactive(AbstractChannelHandlerContext.java:303)
	at io.netty.channel.AbstractChannelHandlerContext.invokeChannelInactive(AbstractChannelHandlerContext.java:281)
	at io.netty.channel.AbstractChannelHandlerContext.fireChannelInactive(AbstractChannelHandlerContext.java:274)
	at io.netty.channel.DefaultChannelPipeline$HeadContext.channelInactive(DefaultChannelPipeline.java:1405)
	at io.netty.channel.AbstractChannelHandlerContext.invokeChannelInactive(AbstractChannelHandlerContext.java:301)
	at io.netty.channel.AbstractChannelHandlerContext.invokeChannelInactive(AbstractChannelHandlerContext.java:281)
	at io.netty.channel.DefaultChannelPipeline.fireChannelInactive(DefaultChannelPipeline.java:901)
	at io.netty.channel.AbstractChannel$AbstractUnsafe$7.run(AbstractChannel.java:813)
	at io.netty.util.concurrent.AbstractEventExecutor.runTask(AbstractEventExecutor.java:173)
	at io.netty.util.concurrent.AbstractEventExecutor.safeExecute(AbstractEventExecutor.java:166)
	at io.netty.util.concurrent.SingleThreadEventExecutor.runAllTasks(SingleThreadEventExecutor.java:470)
	at io.netty.channel.nio.NioEventLoop.run(NioEventLoop.java:566)
	at io.netty.util.concurrent.SingleThreadEventExecutor$4.run(SingleThreadEventExecutor.java:997)
	at io.netty.util.internal.ThreadExecutorMap$2.run(ThreadExecutorMap.java:74)
	... 1 common frames omitted

15:19:41,812 |-ERROR in ca.pjer.logback.AwsLogsAppender[CLOUDWATCH] - Unable to flush events to AWS software.amazon.awssdk.core.exception.SdkClientException: Unable to execute HTTP request: The target server failed to respond
	at software.amazon.awssdk.core.exception.SdkClientException: Unable to execute HTTP request: The target server failed to respond
	at 	at software.amazon.awssdk.core.exception.SdkClientException$BuilderImpl.build(SdkClientException.java:111)
	at 	at software.amazon.awssdk.core.exception.SdkClientException.create(SdkClientException.java:47)
	at 	at software.amazon.awssdk.core.internal.http.pipeline.stages.utils.RetryableStageHelper.setLastException(RetryableStageHelper.java:223)
	at 	at software.amazon.awssdk.core.internal.http.pipeline.stages.RetryableStage.execute(RetryableStage.java:83)
	at 	at software.amazon.awssdk.core.internal.http.pipeline.stages.RetryableStage.execute(RetryableStage.java:36)
	at 	at software.amazon.awssdk.core.internal.http.pipeline.RequestPipelineBuilder$ComposingRequestPipelineStage.execute(RequestPipelineBuilder.java:206)
	at 	at software.amazon.awssdk.core.internal.http.StreamManagingStage.execute(StreamManagingStage.java:56)
	at 	at software.amazon.awssdk.core.internal.http.StreamManagingStage.execute(StreamManagingStage.java:36)
	at 	at software.amazon.awssdk.core.internal.http.pipeline.stages.ApiCallTimeoutTrackingStage.executeWithTimer(ApiCallTimeoutTrackingStage.java:80)
	at 	at software.amazon.awssdk.core.internal.http.pipeline.stages.ApiCallTimeoutTrackingStage.execute(ApiCallTimeoutTrackingStage.java:60)
	at 	at software.amazon.awssdk.core.internal.http.pipeline.stages.ApiCallTimeoutTrackingStage.execute(ApiCallTimeoutTrackingStage.java:42)
	at 	at software.amazon.awssdk.core.internal.http.pipeline.stages.ApiCallMetricCollectionStage.execute(ApiCallMetricCollectionStage.java:50)
	at 	at software.amazon.awssdk.core.internal.http.pipeline.stages.ApiCallMetricCollectionStage.execute(ApiCallMetricCollectionStage.java:32)
	at 	at software.amazon.awssdk.core.internal.http.pipeline.RequestPipelineBuilder$ComposingRequestPipelineStage.execute(RequestPipelineBuilder.java:206)
	at 	at software.amazon.awssdk.core.internal.http.pipeline.RequestPipelineBuilder$ComposingRequestPipelineStage.execute(RequestPipelineBuilder.java:206)
	at 	at software.amazon.awssdk.core.internal.http.pipeline.stages.ExecutionFailureExceptionReportingStage.execute(ExecutionFailureExceptionReportingStage.java:37)
	at 	at software.amazon.awssdk.core.internal.http.pipeline.stages.ExecutionFailureExceptionReportingStage.execute(ExecutionFailureExceptionReportingStage.java:26)
	at 	at software.amazon.awssdk.core.internal.http.AmazonSyncHttpClient$RequestExecutionBuilderImpl.execute(AmazonSyncHttpClient.java:198)
	at 	at software.amazon.awssdk.core.internal.handler.BaseSyncClientHandler.invoke(BaseSyncClientHandler.java:103)
	at 	at software.amazon.awssdk.core.internal.handler.BaseSyncClientHandler.doExecute(BaseSyncClientHandler.java:171)
	at 	at software.amazon.awssdk.core.internal.handler.BaseSyncClientHandler.lambda$execute$1(BaseSyncClientHandler.java:82)
	at 	at software.amazon.awssdk.core.internal.handler.BaseSyncClientHandler.measureApiCallSuccess(BaseSyncClientHandler.java:179)
	at 	at software.amazon.awssdk.core.internal.handler.BaseSyncClientHandler.execute(BaseSyncClientHandler.java:76)
	at 	at software.amazon.awssdk.core.client.handler.SdkSyncClientHandler.execute(SdkSyncClientHandler.java:45)
	at 	at software.amazon.awssdk.awscore.client.handler.AwsSyncClientHandler.execute(AwsSyncClientHandler.java:56)
	at 	at software.amazon.awssdk.services.cloudwatchlogs.DefaultCloudWatchLogsClient.putLogEvents(DefaultCloudWatchLogsClient.java:2873)
	at 	at ca.pjer.logback.client.AwsLogsCloudWatchClient.sendLogs(AwsLogsCloudWatchClient.java:96)
	at 	at ca.pjer.logback.AWSLogsStub.sendLogEvents(AWSLogsStub.java:84)
	at 	at ca.pjer.logback.AWSLogsStub.logEvents(AWSLogsStub.java:80)
	at 	at ca.pjer.logback.AsyncWorker.flush(AsyncWorker.java:148)
	at 	at ca.pjer.logback.AsyncWorker.run(AsyncWorker.java:123)
	at 	at java.base/java.lang.Thread.run(Thread.java:1583)
Caused by: org.apache.http.NoHttpResponseException: The target server failed to respond
	at 	at org.apache.http.impl.conn.DefaultHttpResponseParser.parseHead(DefaultHttpResponseParser.java:141)
	at 	at org.apache.http.impl.conn.DefaultHttpResponseParser.parseHead(DefaultHttpResponseParser.java:56)
	at 	at org.apache.http.impl.io.AbstractMessageParser.parse(AbstractMessageParser.java:259)
	at 	at org.apache.http.impl.DefaultBHttpClientConnection.receiveResponseHeader(DefaultBHttpClientConnection.java:163)
	at 	at org.apache.http.impl.conn.CPoolProxy.receiveResponseHeader(CPoolProxy.java:157)
	at 	at org.apache.http.protocol.HttpRequestExecutor.doReceiveResponse(HttpRequestExecutor.java:273)
	at 	at org.apache.http.protocol.HttpRequestExecutor.execute(HttpRequestExecutor.java:125)
	at 	at org.apache.http.impl.execchain.MainClientExec.execute(MainClientExec.java:272)
	at 	at org.apache.http.impl.execchain.ProtocolExec.execute(ProtocolExec.java:186)
	at 	at org.apache.http.impl.client.InternalHttpClient.doExecute(InternalHttpClient.java:185)
	at 	at org.apache.http.impl.client.CloseableHttpClient.execute(CloseableHttpClient.java:83)
	at 	at org.apache.http.impl.client.CloseableHttpClient.execute(CloseableHttpClient.java:56)
	at 	at software.amazon.awssdk.http.apache.internal.impl.ApacheSdkHttpClient.execute(ApacheSdkHttpClient.java:72)
	at 	at software.amazon.awssdk.http.apache.ApacheHttpClient.execute(ApacheHttpClient.java:253)
	at 	at software.amazon.awssdk.http.apache.ApacheHttpClient.access$500(ApacheHttpClient.java:106)
	at 	at software.amazon.awssdk.http.apache.ApacheHttpClient$1.call(ApacheHttpClient.java:232)
	at 	at software.amazon.awssdk.http.apache.ApacheHttpClient$1.call(ApacheHttpClient.java:229)
	at 	at software.amazon.awssdk.core.internal.util.MetricUtils.measureDurationUnsafe(MetricUtils.java:67)
	at 	at software.amazon.awssdk.core.internal.http.pipeline.stages.MakeHttpRequestStage.executeHttpRequest(MakeHttpRequestStage.java:77)
	at 	at software.amazon.awssdk.core.internal.http.pipeline.stages.MakeHttpRequestStage.execute(MakeHttpRequestStage.java:56)
	at 	at software.amazon.awssdk.core.internal.http.pipeline.stages.MakeHttpRequestStage.execute(MakeHttpRequestStage.java:39)
	at 	at software.amazon.awssdk.core.internal.http.pipeline.RequestPipelineBuilder$ComposingRequestPipelineStage.execute(RequestPipelineBuilder.java:206)
	at 	at software.amazon.awssdk.core.internal.http.pipeline.RequestPipelineBuilder$ComposingRequestPipelineStage.execute(RequestPipelineBuilder.java:206)
	at 	at software.amazon.awssdk.core.internal.http.pipeline.RequestPipelineBuilder$ComposingRequestPipelineStage.execute(RequestPipelineBuilder.java:206)
	at 	at software.amazon.awssdk.core.internal.http.pipeline.RequestPipelineBuilder$ComposingRequestPipelineStage.execute(RequestPipelineBuilder.java:206)
	at 	at software.amazon.awssdk.core.internal.http.pipeline.stages.ApiCallAttemptTimeoutTrackingStage.execute(ApiCallAttemptTimeoutTrackingStage.java:72)
	at 	at software.amazon.awssdk.core.internal.http.pipeline.stages.ApiCallAttemptTimeoutTrackingStage.execute(ApiCallAttemptTimeoutTrackingStage.java:42)
	at 	at software.amazon.awssdk.core.internal.http.pipeline.stages.TimeoutExceptionHandlingStage.execute(TimeoutExceptionHandlingStage.java:78)
	at 	at software.amazon.awssdk.core.internal.http.pipeline.stages.TimeoutExceptionHandlingStage.execute(TimeoutExceptionHandlingStage.java:40)
	at 	at software.amazon.awssdk.core.internal.http.pipeline.stages.ApiCallAttemptMetricCollectionStage.execute(ApiCallAttemptMetricCollectionStage.java:52)
	at 	at software.amazon.awssdk.core.internal.http.pipeline.stages.ApiCallAttemptMetricCollectionStage.execute(ApiCallAttemptMetricCollectionStage.java:37)
	at 	at software.amazon.awssdk.core.internal.http.pipeline.stages.RetryableStage.execute(RetryableStage.java:81)
	at 	... 28 common frames omitted
2025-02-16T15:19:41.910+08:00 ERROR 44625 --- [nc-response-1-7] i.a.c.s.l.s.AbstractPollingMessageSource : Error polling for messages in queue test-fraud-detection-queue

java.util.concurrent.CompletionException: software.amazon.awssdk.core.exception.SdkClientException: Unable to execute HTTP request: Connection reset
	at software.amazon.awssdk.utils.CompletableFutureUtils.errorAsCompletionException(CompletableFutureUtils.java:65)
	at software.amazon.awssdk.core.internal.http.pipeline.stages.AsyncExecutionFailureExceptionReportingStage.lambda$execute$0(AsyncExecutionFailureExceptionReportingStage.java:51)
	at java.base/java.util.concurrent.CompletableFuture.uniHandle(CompletableFuture.java:934)
	at java.base/java.util.concurrent.CompletableFuture$UniHandle.tryFire(CompletableFuture.java:911)
	at java.base/java.util.concurrent.CompletableFuture.postComplete(CompletableFuture.java:510)
	at java.base/java.util.concurrent.CompletableFuture.completeExceptionally(CompletableFuture.java:2194)
	at software.amazon.awssdk.utils.CompletableFutureUtils.lambda$forwardExceptionTo$0(CompletableFutureUtils.java:79)
	at java.base/java.util.concurrent.CompletableFuture.uniWhenComplete(CompletableFuture.java:863)
	at java.base/java.util.concurrent.CompletableFuture$UniWhenComplete.tryFire(CompletableFuture.java:841)
	at java.base/java.util.concurrent.CompletableFuture.postComplete(CompletableFuture.java:510)
	at java.base/java.util.concurrent.CompletableFuture.completeExceptionally(CompletableFuture.java:2194)
	at software.amazon.awssdk.core.internal.http.pipeline.stages.AsyncRetryableStage$RetryingExecutor.maybeAttemptExecute(AsyncRetryableStage.java:103)
	at software.amazon.awssdk.core.internal.http.pipeline.stages.AsyncRetryableStage$RetryingExecutor.maybeRetryExecute(AsyncRetryableStage.java:184)
	at software.amazon.awssdk.core.internal.http.pipeline.stages.AsyncRetryableStage$RetryingExecutor.lambda$attemptExecute$1(AsyncRetryableStage.java:159)
	at java.base/java.util.concurrent.CompletableFuture.uniWhenComplete(CompletableFuture.java:863)
	at java.base/java.util.concurrent.CompletableFuture$UniWhenComplete.tryFire(CompletableFuture.java:841)
	at java.base/java.util.concurrent.CompletableFuture.postComplete(CompletableFuture.java:510)
	at java.base/java.util.concurrent.CompletableFuture.completeExceptionally(CompletableFuture.java:2194)
	at software.amazon.awssdk.utils.CompletableFutureUtils.lambda$forwardExceptionTo$0(CompletableFutureUtils.java:79)
	at java.base/java.util.concurrent.CompletableFuture.uniWhenComplete(CompletableFuture.java:863)
	at java.base/java.util.concurrent.CompletableFuture$UniWhenComplete.tryFire(CompletableFuture.java:841)
	at java.base/java.util.concurrent.CompletableFuture.postComplete(CompletableFuture.java:510)
	at java.base/java.util.concurrent.CompletableFuture.completeExceptionally(CompletableFuture.java:2194)
	at software.amazon.awssdk.core.internal.http.pipeline.stages.MakeAsyncHttpRequestStage.lambda$null$0(MakeAsyncHttpRequestStage.java:103)
	at java.base/java.util.concurrent.CompletableFuture.uniWhenComplete(CompletableFuture.java:863)
	at java.base/java.util.concurrent.CompletableFuture$UniWhenComplete.tryFire(CompletableFuture.java:841)
	at java.base/java.util.concurrent.CompletableFuture.postComplete(CompletableFuture.java:510)
	at java.base/java.util.concurrent.CompletableFuture.completeExceptionally(CompletableFuture.java:2194)
	at software.amazon.awssdk.core.internal.http.pipeline.stages.MakeAsyncHttpRequestStage.completeResponseFuture(MakeAsyncHttpRequestStage.java:240)
	at software.amazon.awssdk.core.internal.http.pipeline.stages.MakeAsyncHttpRequestStage.lambda$executeHttpRequest$3(MakeAsyncHttpRequestStage.java:163)
	at java.base/java.util.concurrent.CompletableFuture.uniHandle(CompletableFuture.java:934)
	at java.base/java.util.concurrent.CompletableFuture$UniHandle.tryFire(CompletableFuture.java:911)
	at java.base/java.util.concurrent.CompletableFuture$Completion.run(CompletableFuture.java:482)
	at java.base/java.util.concurrent.ThreadPoolExecutor.runWorker(ThreadPoolExecutor.java:1144)
	at java.base/java.util.concurrent.ThreadPoolExecutor$Worker.run(ThreadPoolExecutor.java:642)
	at java.base/java.lang.Thread.run(Thread.java:1583)
Caused by: software.amazon.awssdk.core.exception.SdkClientException: Unable to execute HTTP request: Connection reset
	at software.amazon.awssdk.core.exception.SdkClientException$BuilderImpl.build(SdkClientException.java:111)
	at software.amazon.awssdk.core.exception.SdkClientException.create(SdkClientException.java:47)
	at software.amazon.awssdk.core.internal.http.pipeline.stages.utils.RetryableStageHelper.setLastException(RetryableStageHelper.java:223)
	at software.amazon.awssdk.core.internal.http.pipeline.stages.utils.RetryableStageHelper.setLastException(RetryableStageHelper.java:218)
	at software.amazon.awssdk.core.internal.http.pipeline.stages.AsyncRetryableStage$RetryingExecutor.maybeRetryExecute(AsyncRetryableStage.java:182)
	... 23 common frames omitted
	Suppressed: software.amazon.awssdk.core.exception.SdkClientException: Request attempt 1 failure: Unable to execute HTTP request: Server failed to send complete response. The channel was closed. This may have been done by the client (e.g. because the request was aborted), by the service (e.g. because there was a handshake error, the request took too long, or the client tried to write on a read-only socket), or by an intermediary party (e.g. because the channel was idle for too long).
	Suppressed: software.amazon.awssdk.core.exception.SdkClientException: Request attempt 2 failure: Unable to execute HTTP request: Server failed to send complete response. The channel was closed. This may have been done by the client (e.g. because the request was aborted), by the service (e.g. because there was a handshake error, the request took too long, or the client tried to write on a read-only socket), or by an intermediary party (e.g. because the channel was idle for too long).
	Suppressed: software.amazon.awssdk.core.exception.SdkClientException: Request attempt 3 failure: Unable to execute HTTP request: Connection reset
Caused by: java.net.SocketException: Connection reset
	at java.base/sun.nio.ch.SocketChannelImpl.throwConnectionReset(SocketChannelImpl.java:401)
	at java.base/sun.nio.ch.SocketChannelImpl.read(SocketChannelImpl.java:434)
	at io.netty.buffer.PooledByteBuf.setBytes(PooledByteBuf.java:254)
	at io.netty.buffer.AbstractByteBuf.writeBytes(AbstractByteBuf.java:1132)
	at io.netty.channel.socket.nio.NioSocketChannel.doReadBytes(NioSocketChannel.java:357)
	at io.netty.channel.nio.AbstractNioByteChannel$NioByteUnsafe.read(AbstractNioByteChannel.java:151)
	at io.netty.channel.nio.NioEventLoop.processSelectedKey(NioEventLoop.java:788)
	at io.netty.channel.nio.NioEventLoop.processSelectedKeysOptimized(NioEventLoop.java:724)
	at io.netty.channel.nio.NioEventLoop.processSelectedKeys(NioEventLoop.java:650)
	at io.netty.channel.nio.NioEventLoop.run(NioEventLoop.java:562)
	at io.netty.util.concurrent.SingleThreadEventExecutor$4.run(SingleThreadEventExecutor.java:997)
	at io.netty.util.internal.ThreadExecutorMap$2.run(ThreadExecutorMap.java:74)
	... 1 common frames omitted

15:19:42,133 |-ERROR in ca.pjer.logback.AwsLogsAppender[CLOUDWATCH] - Unable to flush events to AWS software.amazon.awssdk.core.exception.SdkClientException: Unable to execute HTTP request: The target server failed to respond
	at software.amazon.awssdk.core.exception.SdkClientException: Unable to execute HTTP request: The target server failed to respond
	at 	at software.amazon.awssdk.core.exception.SdkClientException$BuilderImpl.build(SdkClientException.java:111)
	at 	at software.amazon.awssdk.core.exception.SdkClientException.create(SdkClientException.java:47)
	at 	at software.amazon.awssdk.core.internal.http.pipeline.stages.utils.RetryableStageHelper.setLastException(RetryableStageHelper.java:223)
	at 	at software.amazon.awssdk.core.internal.http.pipeline.stages.RetryableStage.execute(RetryableStage.java:83)
	at 	at software.amazon.awssdk.core.internal.http.pipeline.stages.RetryableStage.execute(RetryableStage.java:36)
	at 	at software.amazon.awssdk.core.internal.http.pipeline.RequestPipelineBuilder$ComposingRequestPipelineStage.execute(RequestPipelineBuilder.java:206)
	at 	at software.amazon.awssdk.core.internal.http.StreamManagingStage.execute(StreamManagingStage.java:56)
	at 	at software.amazon.awssdk.core.internal.http.StreamManagingStage.execute(StreamManagingStage.java:36)
	at 	at software.amazon.awssdk.core.internal.http.pipeline.stages.ApiCallTimeoutTrackingStage.executeWithTimer(ApiCallTimeoutTrackingStage.java:80)
	at 	at software.amazon.awssdk.core.internal.http.pipeline.stages.ApiCallTimeoutTrackingStage.execute(ApiCallTimeoutTrackingStage.java:60)
	at 	at software.amazon.awssdk.core.internal.http.pipeline.stages.ApiCallTimeoutTrackingStage.execute(ApiCallTimeoutTrackingStage.java:42)
	at 	at software.amazon.awssdk.core.internal.http.pipeline.stages.ApiCallMetricCollectionStage.execute(ApiCallMetricCollectionStage.java:50)
	at 	at software.amazon.awssdk.core.internal.http.pipeline.stages.ApiCallMetricCollectionStage.execute(ApiCallMetricCollectionStage.java:32)
	at 	at software.amazon.awssdk.core.internal.http.pipeline.RequestPipelineBuilder$ComposingRequestPipelineStage.execute(RequestPipelineBuilder.java:206)
	at 	at software.amazon.awssdk.core.internal.http.pipeline.RequestPipelineBuilder$ComposingRequestPipelineStage.execute(RequestPipelineBuilder.java:206)
	at 	at software.amazon.awssdk.core.internal.http.pipeline.stages.ExecutionFailureExceptionReportingStage.execute(ExecutionFailureExceptionReportingStage.java:37)
	at 	at software.amazon.awssdk.core.internal.http.pipeline.stages.ExecutionFailureExceptionReportingStage.execute(ExecutionFailureExceptionReportingStage.java:26)
	at 	at software.amazon.awssdk.core.internal.http.AmazonSyncHttpClient$RequestExecutionBuilderImpl.execute(AmazonSyncHttpClient.java:198)
	at 	at software.amazon.awssdk.core.internal.handler.BaseSyncClientHandler.invoke(BaseSyncClientHandler.java:103)
	at 	at software.amazon.awssdk.core.internal.handler.BaseSyncClientHandler.doExecute(BaseSyncClientHandler.java:171)
	at 	at software.amazon.awssdk.core.internal.handler.BaseSyncClientHandler.lambda$execute$1(BaseSyncClientHandler.java:82)
	at 	at software.amazon.awssdk.core.internal.handler.BaseSyncClientHandler.measureApiCallSuccess(BaseSyncClientHandler.java:179)
	at 	at software.amazon.awssdk.core.internal.handler.BaseSyncClientHandler.execute(BaseSyncClientHandler.java:76)
	at 	at software.amazon.awssdk.core.client.handler.SdkSyncClientHandler.execute(SdkSyncClientHandler.java:45)
	at 	at software.amazon.awssdk.awscore.client.handler.AwsSyncClientHandler.execute(AwsSyncClientHandler.java:56)
	at 	at software.amazon.awssdk.services.cloudwatchlogs.DefaultCloudWatchLogsClient.putLogEvents(DefaultCloudWatchLogsClient.java:2873)
	at 	at ca.pjer.logback.client.AwsLogsCloudWatchClient.sendLogs(AwsLogsCloudWatchClient.java:96)
	at 	at ca.pjer.logback.AWSLogsStub.sendLogEvents(AWSLogsStub.java:84)
	at 	at ca.pjer.logback.AWSLogsStub.logEvents(AWSLogsStub.java:80)
	at 	at ca.pjer.logback.AsyncWorker.flush(AsyncWorker.java:148)
	at 	at ca.pjer.logback.AsyncWorker.run(AsyncWorker.java:123)
	at 	at java.base/java.lang.Thread.run(Thread.java:1583)
Caused by: org.apache.http.NoHttpResponseException: The target server failed to respond
	at 	at org.apache.http.impl.conn.DefaultHttpResponseParser.parseHead(DefaultHttpResponseParser.java:141)
	at 	at org.apache.http.impl.conn.DefaultHttpResponseParser.parseHead(DefaultHttpResponseParser.java:56)
	at 	at org.apache.http.impl.io.AbstractMessageParser.parse(AbstractMessageParser.java:259)
	at 	at org.apache.http.impl.DefaultBHttpClientConnection.receiveResponseHeader(DefaultBHttpClientConnection.java:163)
	at 	at org.apache.http.impl.conn.CPoolProxy.receiveResponseHeader(CPoolProxy.java:157)
	at 	at org.apache.http.protocol.HttpRequestExecutor.doReceiveResponse(HttpRequestExecutor.java:273)
	at 	at org.apache.http.protocol.HttpRequestExecutor.execute(HttpRequestExecutor.java:125)
	at 	at org.apache.http.impl.execchain.MainClientExec.execute(MainClientExec.java:272)
	at 	at org.apache.http.impl.execchain.ProtocolExec.execute(ProtocolExec.java:186)
	at 	at org.apache.http.impl.client.InternalHttpClient.doExecute(InternalHttpClient.java:185)
	at 	at org.apache.http.impl.client.CloseableHttpClient.execute(CloseableHttpClient.java:83)
	at 	at org.apache.http.impl.client.CloseableHttpClient.execute(CloseableHttpClient.java:56)
	at 	at software.amazon.awssdk.http.apache.internal.impl.ApacheSdkHttpClient.execute(ApacheSdkHttpClient.java:72)
	at 	at software.amazon.awssdk.http.apache.ApacheHttpClient.execute(ApacheHttpClient.java:253)
	at 	at software.amazon.awssdk.http.apache.ApacheHttpClient.access$500(ApacheHttpClient.java:106)
	at 	at software.amazon.awssdk.http.apache.ApacheHttpClient$1.call(ApacheHttpClient.java:232)
	at 	at software.amazon.awssdk.http.apache.ApacheHttpClient$1.call(ApacheHttpClient.java:229)
	at 	at software.amazon.awssdk.core.internal.util.MetricUtils.measureDurationUnsafe(MetricUtils.java:67)
	at 	at software.amazon.awssdk.core.internal.http.pipeline.stages.MakeHttpRequestStage.executeHttpRequest(MakeHttpRequestStage.java:77)
	at 	at software.amazon.awssdk.core.internal.http.pipeline.stages.MakeHttpRequestStage.execute(MakeHttpRequestStage.java:56)
	at 	at software.amazon.awssdk.core.internal.http.pipeline.stages.MakeHttpRequestStage.execute(MakeHttpRequestStage.java:39)
	at 	at software.amazon.awssdk.core.internal.http.pipeline.RequestPipelineBuilder$ComposingRequestPipelineStage.execute(RequestPipelineBuilder.java:206)
	at 	at software.amazon.awssdk.core.internal.http.pipeline.RequestPipelineBuilder$ComposingRequestPipelineStage.execute(RequestPipelineBuilder.java:206)
	at 	at software.amazon.awssdk.core.internal.http.pipeline.RequestPipelineBuilder$ComposingRequestPipelineStage.execute(RequestPipelineBuilder.java:206)
	at 	at software.amazon.awssdk.core.internal.http.pipeline.RequestPipelineBuilder$ComposingRequestPipelineStage.execute(RequestPipelineBuilder.java:206)
	at 	at software.amazon.awssdk.core.internal.http.pipeline.stages.ApiCallAttemptTimeoutTrackingStage.execute(ApiCallAttemptTimeoutTrackingStage.java:72)
	at 	at software.amazon.awssdk.core.internal.http.pipeline.stages.ApiCallAttemptTimeoutTrackingStage.execute(ApiCallAttemptTimeoutTrackingStage.java:42)
	at 	at software.amazon.awssdk.core.internal.http.pipeline.stages.TimeoutExceptionHandlingStage.execute(TimeoutExceptionHandlingStage.java:78)
	at 	at software.amazon.awssdk.core.internal.http.pipeline.stages.TimeoutExceptionHandlingStage.execute(TimeoutExceptionHandlingStage.java:40)
	at 	at software.amazon.awssdk.core.internal.http.pipeline.stages.ApiCallAttemptMetricCollectionStage.execute(ApiCallAttemptMetricCollectionStage.java:52)
	at 	at software.amazon.awssdk.core.internal.http.pipeline.stages.ApiCallAttemptMetricCollectionStage.execute(ApiCallAttemptMetricCollectionStage.java:37)
	at 	at software.amazon.awssdk.core.internal.http.pipeline.stages.RetryableStage.execute(RetryableStage.java:81)
	at 	... 28 common frames omitted
2025-02-16T15:19:42.316+08:00 ERROR 44625 --- [c-response-1-11] i.a.c.s.l.s.AbstractPollingMessageSource : Error polling for messages in queue test-fraud-detection-queue

java.util.concurrent.CompletionException: software.amazon.awssdk.core.exception.SdkClientException: Unable to execute HTTP request: Server failed to send complete response. The channel was closed. This may have been done by the client (e.g. because the request was aborted), by the service (e.g. because there was a handshake error, the request took too long, or the client tried to write on a read-only socket), or by an intermediary party (e.g. because the channel was idle for too long).
	at software.amazon.awssdk.utils.CompletableFutureUtils.errorAsCompletionException(CompletableFutureUtils.java:65)
	at software.amazon.awssdk.core.internal.http.pipeline.stages.AsyncExecutionFailureExceptionReportingStage.lambda$execute$0(AsyncExecutionFailureExceptionReportingStage.java:51)
	at java.base/java.util.concurrent.CompletableFuture.uniHandle(CompletableFuture.java:934)
	at java.base/java.util.concurrent.CompletableFuture$UniHandle.tryFire(CompletableFuture.java:911)
	at java.base/java.util.concurrent.CompletableFuture.postComplete(CompletableFuture.java:510)
	at java.base/java.util.concurrent.CompletableFuture.completeExceptionally(CompletableFuture.java:2194)
	at software.amazon.awssdk.utils.CompletableFutureUtils.lambda$forwardExceptionTo$0(CompletableFutureUtils.java:79)
	at java.base/java.util.concurrent.CompletableFuture.uniWhenComplete(CompletableFuture.java:863)
	at java.base/java.util.concurrent.CompletableFuture$UniWhenComplete.tryFire(CompletableFuture.java:841)
	at java.base/java.util.concurrent.CompletableFuture.postComplete(CompletableFuture.java:510)
	at java.base/java.util.concurrent.CompletableFuture.completeExceptionally(CompletableFuture.java:2194)
	at software.amazon.awssdk.core.internal.http.pipeline.stages.AsyncRetryableStage$RetryingExecutor.maybeAttemptExecute(AsyncRetryableStage.java:103)
	at software.amazon.awssdk.core.internal.http.pipeline.stages.AsyncRetryableStage$RetryingExecutor.maybeRetryExecute(AsyncRetryableStage.java:184)
	at software.amazon.awssdk.core.internal.http.pipeline.stages.AsyncRetryableStage$RetryingExecutor.lambda$attemptExecute$1(AsyncRetryableStage.java:159)
	at java.base/java.util.concurrent.CompletableFuture.uniWhenComplete(CompletableFuture.java:863)
	at java.base/java.util.concurrent.CompletableFuture$UniWhenComplete.tryFire(CompletableFuture.java:841)
	at java.base/java.util.concurrent.CompletableFuture.postComplete(CompletableFuture.java:510)
	at java.base/java.util.concurrent.CompletableFuture.completeExceptionally(CompletableFuture.java:2194)
	at software.amazon.awssdk.utils.CompletableFutureUtils.lambda$forwardExceptionTo$0(CompletableFutureUtils.java:79)
	at java.base/java.util.concurrent.CompletableFuture.uniWhenComplete(CompletableFuture.java:863)
	at java.base/java.util.concurrent.CompletableFuture$UniWhenComplete.tryFire(CompletableFuture.java:841)
	at java.base/java.util.concurrent.CompletableFuture.postComplete(CompletableFuture.java:510)
	at java.base/java.util.concurrent.CompletableFuture.completeExceptionally(CompletableFuture.java:2194)
	at software.amazon.awssdk.core.internal.http.pipeline.stages.MakeAsyncHttpRequestStage.lambda$null$0(MakeAsyncHttpRequestStage.java:103)
	at java.base/java.util.concurrent.CompletableFuture.uniWhenComplete(CompletableFuture.java:863)
	at java.base/java.util.concurrent.CompletableFuture$UniWhenComplete.tryFire(CompletableFuture.java:841)
	at java.base/java.util.concurrent.CompletableFuture.postComplete(CompletableFuture.java:510)
	at java.base/java.util.concurrent.CompletableFuture.completeExceptionally(CompletableFuture.java:2194)
	at software.amazon.awssdk.core.internal.http.pipeline.stages.MakeAsyncHttpRequestStage.completeResponseFuture(MakeAsyncHttpRequestStage.java:240)
	at software.amazon.awssdk.core.internal.http.pipeline.stages.MakeAsyncHttpRequestStage.lambda$executeHttpRequest$3(MakeAsyncHttpRequestStage.java:163)
	at java.base/java.util.concurrent.CompletableFuture.uniHandle(CompletableFuture.java:934)
	at java.base/java.util.concurrent.CompletableFuture$UniHandle.tryFire(CompletableFuture.java:911)
	at java.base/java.util.concurrent.CompletableFuture$Completion.run(CompletableFuture.java:482)
	at java.base/java.util.concurrent.ThreadPoolExecutor.runWorker(ThreadPoolExecutor.java:1144)
	at java.base/java.util.concurrent.ThreadPoolExecutor$Worker.run(ThreadPoolExecutor.java:642)
	at java.base/java.lang.Thread.run(Thread.java:1583)
Caused by: software.amazon.awssdk.core.exception.SdkClientException: Unable to execute HTTP request: Server failed to send complete response. The channel was closed. This may have been done by the client (e.g. because the request was aborted), by the service (e.g. because there was a handshake error, the request took too long, or the client tried to write on a read-only socket), or by an intermediary party (e.g. because the channel was idle for too long).
	at software.amazon.awssdk.core.exception.SdkClientException$BuilderImpl.build(SdkClientException.java:111)
	at software.amazon.awssdk.core.exception.SdkClientException.create(SdkClientException.java:47)
	at software.amazon.awssdk.core.internal.http.pipeline.stages.utils.RetryableStageHelper.setLastException(RetryableStageHelper.java:223)
	at software.amazon.awssdk.core.internal.http.pipeline.stages.utils.RetryableStageHelper.setLastException(RetryableStageHelper.java:218)
	at software.amazon.awssdk.core.internal.http.pipeline.stages.AsyncRetryableStage$RetryingExecutor.maybeRetryExecute(AsyncRetryableStage.java:182)
	... 23 common frames omitted
	Suppressed: software.amazon.awssdk.core.exception.SdkClientException: Request attempt 1 failure: Unable to execute HTTP request: Server failed to send complete response. The channel was closed. This may have been done by the client (e.g. because the request was aborted), by the service (e.g. because there was a handshake error, the request took too long, or the client tried to write on a read-only socket), or by an intermediary party (e.g. because the channel was idle for too long).
	Suppressed: software.amazon.awssdk.core.exception.SdkClientException: Request attempt 2 failure: Unable to execute HTTP request: Server failed to send complete response. The channel was closed. This may have been done by the client (e.g. because the request was aborted), by the service (e.g. because there was a handshake error, the request took too long, or the client tried to write on a read-only socket), or by an intermediary party (e.g. because the channel was idle for too long).
	Suppressed: software.amazon.awssdk.core.exception.SdkClientException: Request attempt 3 failure: Unable to execute HTTP request: Server failed to send complete response. The channel was closed. This may have been done by the client (e.g. because the request was aborted), by the service (e.g. because there was a handshake error, the request took too long, or the client tried to write on a read-only socket), or by an intermediary party (e.g. because the channel was idle for too long).
Caused by: java.io.IOException: Server failed to send complete response. The channel was closed. This may have been done by the client (e.g. because the request was aborted), by the service (e.g. because there was a handshake error, the request took too long, or the client tried to write on a read-only socket), or by an intermediary party (e.g. because the channel was idle for too long).
	at software.amazon.awssdk.http.nio.netty.internal.ResponseHandler.notifyIfResponseNotCompleted(ResponseHandler.java:401)
	at software.amazon.awssdk.http.nio.netty.internal.ResponseHandler.channelInactive(ResponseHandler.java:153)
	at io.netty.channel.AbstractChannelHandlerContext.invokeChannelInactive(AbstractChannelHandlerContext.java:305)
	at io.netty.channel.AbstractChannelHandlerContext.invokeChannelInactive(AbstractChannelHandlerContext.java:281)
	at io.netty.channel.AbstractChannelHandlerContext.fireChannelInactive(AbstractChannelHandlerContext.java:274)
	at io.netty.handler.logging.LoggingHandler.channelInactive(LoggingHandler.java:206)
	at io.netty.channel.AbstractChannelHandlerContext.invokeChannelInactive(AbstractChannelHandlerContext.java:303)
	at io.netty.channel.AbstractChannelHandlerContext.invokeChannelInactive(AbstractChannelHandlerContext.java:281)
	at io.netty.channel.AbstractChannelHandlerContext.fireChannelInactive(AbstractChannelHandlerContext.java:274)
	at io.netty.channel.ChannelInboundHandlerAdapter.channelInactive(ChannelInboundHandlerAdapter.java:81)
	at io.netty.handler.timeout.IdleStateHandler.channelInactive(IdleStateHandler.java:277)
	at io.netty.channel.AbstractChannelHandlerContext.invokeChannelInactive(AbstractChannelHandlerContext.java:303)
	at io.netty.channel.AbstractChannelHandlerContext.invokeChannelInactive(AbstractChannelHandlerContext.java:281)
	at io.netty.channel.AbstractChannelHandlerContext.fireChannelInactive(AbstractChannelHandlerContext.java:274)
	at io.netty.channel.CombinedChannelDuplexHandler$DelegatingChannelHandlerContext.fireChannelInactive(CombinedChannelDuplexHandler.java:418)
	at io.netty.handler.codec.ByteToMessageDecoder.channelInputClosed(ByteToMessageDecoder.java:411)
	at io.netty.handler.codec.ByteToMessageDecoder.channelInactive(ByteToMessageDecoder.java:376)
	at io.netty.handler.codec.http.HttpClientCodec$Decoder.channelInactive(HttpClientCodec.java:328)
	at io.netty.channel.CombinedChannelDuplexHandler.channelInactive(CombinedChannelDuplexHandler.java:221)
	at io.netty.channel.AbstractChannelHandlerContext.invokeChannelInactive(AbstractChannelHandlerContext.java:303)
	at io.netty.channel.AbstractChannelHandlerContext.invokeChannelInactive(AbstractChannelHandlerContext.java:281)
	at io.netty.channel.AbstractChannelHandlerContext.fireChannelInactive(AbstractChannelHandlerContext.java:274)
	at io.netty.channel.ChannelInboundHandlerAdapter.channelInactive(ChannelInboundHandlerAdapter.java:81)
	at io.netty.handler.timeout.IdleStateHandler.channelInactive(IdleStateHandler.java:277)
	at io.netty.channel.AbstractChannelHandlerContext.invokeChannelInactive(AbstractChannelHandlerContext.java:303)
	at io.netty.channel.AbstractChannelHandlerContext.invokeChannelInactive(AbstractChannelHandlerContext.java:281)
	at io.netty.channel.AbstractChannelHandlerContext.fireChannelInactive(AbstractChannelHandlerContext.java:274)
	at io.netty.channel.DefaultChannelPipeline$HeadContext.channelInactive(DefaultChannelPipeline.java:1405)
	at io.netty.channel.AbstractChannelHandlerContext.invokeChannelInactive(AbstractChannelHandlerContext.java:301)
	at io.netty.channel.AbstractChannelHandlerContext.invokeChannelInactive(AbstractChannelHandlerContext.java:281)
	at io.netty.channel.DefaultChannelPipeline.fireChannelInactive(DefaultChannelPipeline.java:901)
	at io.netty.channel.AbstractChannel$AbstractUnsafe$7.run(AbstractChannel.java:813)
	at io.netty.util.concurrent.AbstractEventExecutor.runTask(AbstractEventExecutor.java:173)
	at io.netty.util.concurrent.AbstractEventExecutor.safeExecute(AbstractEventExecutor.java:166)
	at io.netty.util.concurrent.SingleThreadEventExecutor.runAllTasks(SingleThreadEventExecutor.java:470)
	at io.netty.channel.nio.NioEventLoop.run(NioEventLoop.java:566)
	at io.netty.util.concurrent.SingleThreadEventExecutor$4.run(SingleThreadEventExecutor.java:997)
	at io.netty.util.internal.ThreadExecutorMap$2.run(ThreadExecutorMap.java:74)
	... 1 common frames omitted

2025-02-16T15:19:42.373+08:00  INFO 44625 --- [           main] tc.localstack/localstack:2.1             : Container localstack/localstack:2.1 started in PT1.784744S

  .   ____          _            __ _ _
 /\\ / ___'_ __ _ _(_)_ __  __ _ \ \ \ \
( ( )\___ | '_ | '_| | '_ \/ _` | \ \ \ \
 \\/  ___)| |_)| | | | | || (_| |  ) ) ) )
  '  |____| .__|_| |_|_| |_\__, | / / / /
 =========|_|==============|___/=/_/_/_/
 :: Spring Boot ::                (v3.1.5)

2025-02-16T15:19:42.395+08:00  INFO 44625 --- [           main] c.e.f.s.CloudWatchLoggingIntegrationTest : Starting CloudWatchLoggingIntegrationTest using Java 21.0.6 with PID 44625 (started by shaoliang in /Users/shaoliang/projs/fraud-detection)
2025-02-16T15:19:42.396+08:00 DEBUG 44625 --- [           main] c.e.f.s.CloudWatchLoggingIntegrationTest : Running with Spring Boot v3.1.5, Spring v6.0.13
2025-02-16T15:19:42.396+08:00  INFO 44625 --- [           main] c.e.f.s.CloudWatchLoggingIntegrationTest : No active profile set, falling back to 1 default profile: "default"
2025-02-16T15:19:42.644+08:00  INFO 44625 --- [           main] .s.d.r.c.RepositoryConfigurationDelegate : Bootstrapping Spring Data JPA repositories in DEFAULT mode.
2025-02-16T15:19:42.651+08:00  INFO 44625 --- [           main] .s.d.r.c.RepositoryConfigurationDelegate : Finished Spring Data repository scanning in 6 ms. Found 1 JPA repository interfaces.
2025-02-16T15:19:42.742+08:00  INFO 44625 --- [           main] com.zaxxer.hikari.HikariDataSource       : HikariPool-2 - Starting...
2025-02-16T15:19:42.744+08:00  INFO 44625 --- [           main] com.zaxxer.hikari.pool.HikariPool        : HikariPool-2 - Added connection conn10: url=jdbc:h2:mem:cde81e8c-f070-4358-95ee-94e8f6a2fa63 user=SA
2025-02-16T15:19:42.745+08:00  INFO 44625 --- [           main] com.zaxxer.hikari.HikariDataSource       : HikariPool-2 - Start completed.
2025-02-16T15:19:42.746+08:00  INFO 44625 --- [           main] o.hibernate.jpa.internal.util.LogHelper  : HHH000204: Processing PersistenceUnitInfo [name: default]
2025-02-16T15:19:42.751+08:00  INFO 44625 --- [           main] o.s.o.j.p.SpringPersistenceUnitInfo      : No LoadTimeWeaver setup: ignoring JPA class transformer
2025-02-16T15:19:42.780+08:00  INFO 44625 --- [           main] o.h.e.t.j.p.i.JtaPlatformInitiator       : HHH000489: No JTA platform available (set 'hibernate.transaction.jta.platform' to enable JTA platform integration)
2025-02-16T15:19:42.784+08:00  INFO 44625 --- [           main] j.LocalContainerEntityManagerFactoryBean : Initialized JPA EntityManagerFactory for persistence unit 'default'
2025-02-16T15:19:43.050+08:00  INFO 44625 --- [           main] o.s.d.j.r.query.QueryEnhancerFactory     : Hibernate is in classpath; If applicable, HQL parser will be used.
2025-02-16T15:19:43.751+08:00  WARN 44625 --- [           main] JpaBaseConfiguration$JpaWebConfiguration : spring.jpa.open-in-view is enabled by default. Therefore, database queries may be performed during view rendering. Explicitly configure spring.jpa.open-in-view to disable this warning
15:19:44,384 |-ERROR in ca.pjer.logback.AwsLogsAppender[CLOUDWATCH] - Unable to flush events to AWS software.amazon.awssdk.services.cloudwatchlogs.model.ResourceNotFoundException: The specified log group does not exist (Service: CloudWatchLogs, Status Code: 400, Request ID: 5f3a9769-2844-453a-be3c-9dfbdaddc18a)
	at software.amazon.awssdk.services.cloudwatchlogs.model.ResourceNotFoundException: The specified log group does not exist (Service: CloudWatchLogs, Status Code: 400, Request ID: 5f3a9769-2844-453a-be3c-9dfbdaddc18a)
	at 	at software.amazon.awssdk.core.internal.http.CombinedResponseHandler.handleErrorResponse(CombinedResponseHandler.java:125)
	at 	at software.amazon.awssdk.core.internal.http.CombinedResponseHandler.handleResponse(CombinedResponseHandler.java:82)
	at 	at software.amazon.awssdk.core.internal.http.CombinedResponseHandler.handle(CombinedResponseHandler.java:60)
	at 	at software.amazon.awssdk.core.internal.http.CombinedResponseHandler.handle(CombinedResponseHandler.java:41)
	at 	at software.amazon.awssdk.core.internal.http.pipeline.stages.HandleResponseStage.execute(HandleResponseStage.java:40)
	at 	at software.amazon.awssdk.core.internal.http.pipeline.stages.HandleResponseStage.execute(HandleResponseStage.java:30)
	at 	at software.amazon.awssdk.core.internal.http.pipeline.RequestPipelineBuilder$ComposingRequestPipelineStage.execute(RequestPipelineBuilder.java:206)
	at 	at software.amazon.awssdk.core.internal.http.pipeline.stages.ApiCallAttemptTimeoutTrackingStage.execute(ApiCallAttemptTimeoutTrackingStage.java:72)
	at 	at software.amazon.awssdk.core.internal.http.pipeline.stages.ApiCallAttemptTimeoutTrackingStage.execute(ApiCallAttemptTimeoutTrackingStage.java:42)
	at 	at software.amazon.awssdk.core.internal.http.pipeline.stages.TimeoutExceptionHandlingStage.execute(TimeoutExceptionHandlingStage.java:78)
	at 	at software.amazon.awssdk.core.internal.http.pipeline.stages.TimeoutExceptionHandlingStage.execute(TimeoutExceptionHandlingStage.java:40)
	at 	at software.amazon.awssdk.core.internal.http.pipeline.stages.ApiCallAttemptMetricCollectionStage.execute(ApiCallAttemptMetricCollectionStage.java:52)
	at 	at software.amazon.awssdk.core.internal.http.pipeline.stages.ApiCallAttemptMetricCollectionStage.execute(ApiCallAttemptMetricCollectionStage.java:37)
	at 	at software.amazon.awssdk.core.internal.http.pipeline.stages.RetryableStage.execute(RetryableStage.java:81)
	at 	at software.amazon.awssdk.core.internal.http.pipeline.stages.RetryableStage.execute(RetryableStage.java:36)
	at 	at software.amazon.awssdk.core.internal.http.pipeline.RequestPipelineBuilder$ComposingRequestPipelineStage.execute(RequestPipelineBuilder.java:206)
	at 	at software.amazon.awssdk.core.internal.http.StreamManagingStage.execute(StreamManagingStage.java:56)
	at 	at software.amazon.awssdk.core.internal.http.StreamManagingStage.execute(StreamManagingStage.java:36)
	at 	at software.amazon.awssdk.core.internal.http.pipeline.stages.ApiCallTimeoutTrackingStage.executeWithTimer(ApiCallTimeoutTrackingStage.java:80)
	at 	at software.amazon.awssdk.core.internal.http.pipeline.stages.ApiCallTimeoutTrackingStage.execute(ApiCallTimeoutTrackingStage.java:60)
	at 	at software.amazon.awssdk.core.internal.http.pipeline.stages.ApiCallTimeoutTrackingStage.execute(ApiCallTimeoutTrackingStage.java:42)
	at 	at software.amazon.awssdk.core.internal.http.pipeline.stages.ApiCallMetricCollectionStage.execute(ApiCallMetricCollectionStage.java:50)
	at 	at software.amazon.awssdk.core.internal.http.pipeline.stages.ApiCallMetricCollectionStage.execute(ApiCallMetricCollectionStage.java:32)
	at 	at software.amazon.awssdk.core.internal.http.pipeline.RequestPipelineBuilder$ComposingRequestPipelineStage.execute(RequestPipelineBuilder.java:206)
	at 	at software.amazon.awssdk.core.internal.http.pipeline.RequestPipelineBuilder$ComposingRequestPipelineStage.execute(RequestPipelineBuilder.java:206)
	at 	at software.amazon.awssdk.core.internal.http.pipeline.stages.ExecutionFailureExceptionReportingStage.execute(ExecutionFailureExceptionReportingStage.java:37)
	at 	at software.amazon.awssdk.core.internal.http.pipeline.stages.ExecutionFailureExceptionReportingStage.execute(ExecutionFailureExceptionReportingStage.java:26)
	at 	at software.amazon.awssdk.core.internal.http.AmazonSyncHttpClient$RequestExecutionBuilderImpl.execute(AmazonSyncHttpClient.java:198)
	at 	at software.amazon.awssdk.core.internal.handler.BaseSyncClientHandler.invoke(BaseSyncClientHandler.java:103)
	at 	at software.amazon.awssdk.core.internal.handler.BaseSyncClientHandler.doExecute(BaseSyncClientHandler.java:171)
	at 	at software.amazon.awssdk.core.internal.handler.BaseSyncClientHandler.lambda$execute$1(BaseSyncClientHandler.java:82)
	at 	at software.amazon.awssdk.core.internal.handler.BaseSyncClientHandler.measureApiCallSuccess(BaseSyncClientHandler.java:179)
	at 	at software.amazon.awssdk.core.internal.handler.BaseSyncClientHandler.execute(BaseSyncClientHandler.java:76)
	at 	at software.amazon.awssdk.core.client.handler.SdkSyncClientHandler.execute(SdkSyncClientHandler.java:45)
	at 	at software.amazon.awssdk.awscore.client.handler.AwsSyncClientHandler.execute(AwsSyncClientHandler.java:56)
	at 	at software.amazon.awssdk.services.cloudwatchlogs.DefaultCloudWatchLogsClient.putLogEvents(DefaultCloudWatchLogsClient.java:2873)
	at 	at ca.pjer.logback.client.AwsLogsCloudWatchClient.sendLogs(AwsLogsCloudWatchClient.java:96)
	at 	at ca.pjer.logback.AWSLogsStub.sendLogEvents(AWSLogsStub.java:84)
	at 	at ca.pjer.logback.AWSLogsStub.logEvents(AWSLogsStub.java:80)
	at 	at ca.pjer.logback.AsyncWorker.flush(AsyncWorker.java:148)
	at 	at ca.pjer.logback.AsyncWorker.run(AsyncWorker.java:123)
	at 	at java.base/java.lang.Thread.run(Thread.java:1583)
2025-02-16T15:19:44.388+08:00 ERROR 44625 --- [c-response-1-13] i.a.c.s.l.s.AbstractPollingMessageSource : Error polling for messages in queue test-fraud-detection-queue

java.util.concurrent.CompletionException: software.amazon.awssdk.services.sqs.model.QueueDoesNotExistException: The specified queue does not exist for this wsdl version. (Service: Sqs, Status Code: 400, Request ID: 9e6ee4cd-1522-4299-a63c-4e72206588ac)
	at software.amazon.awssdk.utils.CompletableFutureUtils.errorAsCompletionException(CompletableFutureUtils.java:65)
	at software.amazon.awssdk.core.internal.http.pipeline.stages.AsyncExecutionFailureExceptionReportingStage.lambda$execute$0(AsyncExecutionFailureExceptionReportingStage.java:51)
	at java.base/java.util.concurrent.CompletableFuture.uniHandle(CompletableFuture.java:934)
	at java.base/java.util.concurrent.CompletableFuture$UniHandle.tryFire(CompletableFuture.java:911)
	at java.base/java.util.concurrent.CompletableFuture.postComplete(CompletableFuture.java:510)
	at java.base/java.util.concurrent.CompletableFuture.completeExceptionally(CompletableFuture.java:2194)
	at software.amazon.awssdk.utils.CompletableFutureUtils.lambda$forwardExceptionTo$0(CompletableFutureUtils.java:79)
	at java.base/java.util.concurrent.CompletableFuture.uniWhenComplete(CompletableFuture.java:863)
	at java.base/java.util.concurrent.CompletableFuture$UniWhenComplete.tryFire(CompletableFuture.java:841)
	at java.base/java.util.concurrent.CompletableFuture.postComplete(CompletableFuture.java:510)
	at java.base/java.util.concurrent.CompletableFuture.completeExceptionally(CompletableFuture.java:2194)
	at software.amazon.awssdk.core.internal.http.pipeline.stages.AsyncRetryableStage$RetryingExecutor.maybeAttemptExecute(AsyncRetryableStage.java:103)
	at software.amazon.awssdk.core.internal.http.pipeline.stages.AsyncRetryableStage$RetryingExecutor.maybeRetryExecute(AsyncRetryableStage.java:184)
	at software.amazon.awssdk.core.internal.http.pipeline.stages.AsyncRetryableStage$RetryingExecutor.lambda$attemptExecute$1(AsyncRetryableStage.java:170)
	at java.base/java.util.concurrent.CompletableFuture.uniWhenComplete(CompletableFuture.java:863)
	at java.base/java.util.concurrent.CompletableFuture$UniWhenComplete.tryFire(CompletableFuture.java:841)
	at java.base/java.util.concurrent.CompletableFuture.postComplete(CompletableFuture.java:510)
	at java.base/java.util.concurrent.CompletableFuture.complete(CompletableFuture.java:2179)
	at software.amazon.awssdk.core.internal.http.pipeline.stages.MakeAsyncHttpRequestStage.lambda$null$0(MakeAsyncHttpRequestStage.java:105)
	at java.base/java.util.concurrent.CompletableFuture.uniWhenComplete(CompletableFuture.java:863)
	at java.base/java.util.concurrent.CompletableFuture$UniWhenComplete.tryFire(CompletableFuture.java:841)
	at java.base/java.util.concurrent.CompletableFuture.postComplete(CompletableFuture.java:510)
	at java.base/java.util.concurrent.CompletableFuture.complete(CompletableFuture.java:2179)
	at software.amazon.awssdk.core.internal.http.pipeline.stages.MakeAsyncHttpRequestStage.completeResponseFuture(MakeAsyncHttpRequestStage.java:238)
	at software.amazon.awssdk.core.internal.http.pipeline.stages.MakeAsyncHttpRequestStage.lambda$executeHttpRequest$3(MakeAsyncHttpRequestStage.java:163)
	at java.base/java.util.concurrent.CompletableFuture.uniHandle(CompletableFuture.java:934)
	at java.base/java.util.concurrent.CompletableFuture$UniHandle.tryFire(CompletableFuture.java:911)
	at java.base/java.util.concurrent.CompletableFuture$Completion.run(CompletableFuture.java:482)
	at java.base/java.util.concurrent.ThreadPoolExecutor.runWorker(ThreadPoolExecutor.java:1144)
	at java.base/java.util.concurrent.ThreadPoolExecutor$Worker.run(ThreadPoolExecutor.java:642)
	at java.base/java.lang.Thread.run(Thread.java:1583)
Caused by: software.amazon.awssdk.services.sqs.model.QueueDoesNotExistException: The specified queue does not exist for this wsdl version. (Service: Sqs, Status Code: 400, Request ID: 9e6ee4cd-1522-4299-a63c-4e72206588ac)
	at software.amazon.awssdk.services.sqs.model.QueueDoesNotExistException$BuilderImpl.build(QueueDoesNotExistException.java:126)
	at software.amazon.awssdk.services.sqs.model.QueueDoesNotExistException$BuilderImpl.build(QueueDoesNotExistException.java:80)
	at software.amazon.awssdk.protocols.query.internal.unmarshall.AwsXmlErrorUnmarshaller.unmarshall(AwsXmlErrorUnmarshaller.java:99)
	at software.amazon.awssdk.protocols.query.unmarshall.AwsXmlErrorProtocolUnmarshaller.handle(AwsXmlErrorProtocolUnmarshaller.java:102)
	at software.amazon.awssdk.protocols.query.unmarshall.AwsXmlErrorProtocolUnmarshaller.handle(AwsXmlErrorProtocolUnmarshaller.java:82)
	at software.amazon.awssdk.core.http.MetricCollectingHttpResponseHandler.lambda$handle$0(MetricCollectingHttpResponseHandler.java:52)
	at software.amazon.awssdk.core.internal.util.MetricUtils.measureDurationUnsafe(MetricUtils.java:67)
	at software.amazon.awssdk.core.http.MetricCollectingHttpResponseHandler.handle(MetricCollectingHttpResponseHandler.java:52)
	at software.amazon.awssdk.core.internal.http.async.AsyncResponseHandler.lambda$prepare$0(AsyncResponseHandler.java:89)
	at java.base/java.util.concurrent.CompletableFuture$UniCompose.tryFire(CompletableFuture.java:1150)
	at java.base/java.util.concurrent.CompletableFuture.postComplete(CompletableFuture.java:510)
	at java.base/java.util.concurrent.CompletableFuture.complete(CompletableFuture.java:2179)
	at software.amazon.awssdk.core.internal.http.async.AsyncResponseHandler$BaosSubscriber.onComplete(AsyncResponseHandler.java:132)
	at software.amazon.awssdk.http.nio.netty.internal.ResponseHandler.runAndLogError(ResponseHandler.java:181)
	at software.amazon.awssdk.http.nio.netty.internal.ResponseHandler.access$500(ResponseHandler.java:71)
	at software.amazon.awssdk.http.nio.netty.internal.ResponseHandler$PublisherAdapter$1.onComplete(ResponseHandler.java:298)
	at software.amazon.awssdk.http.nio.netty.internal.nrs.HandlerPublisher.publishMessage(HandlerPublisher.java:402)
	at software.amazon.awssdk.http.nio.netty.internal.nrs.HandlerPublisher.flushBuffer(HandlerPublisher.java:338)
	at software.amazon.awssdk.http.nio.netty.internal.nrs.HandlerPublisher.receivedDemand(HandlerPublisher.java:291)
	at software.amazon.awssdk.http.nio.netty.internal.nrs.HandlerPublisher.access$200(HandlerPublisher.java:61)
	at software.amazon.awssdk.http.nio.netty.internal.nrs.HandlerPublisher$ChannelSubscription$1.run(HandlerPublisher.java:495)
	at io.netty.util.concurrent.AbstractEventExecutor.runTask(AbstractEventExecutor.java:173)
	at io.netty.util.concurrent.AbstractEventExecutor.safeExecute(AbstractEventExecutor.java:166)
	at io.netty.util.concurrent.SingleThreadEventExecutor.runAllTasks(SingleThreadEventExecutor.java:470)
	at io.netty.channel.nio.NioEventLoop.run(NioEventLoop.java:566)
	at io.netty.util.concurrent.SingleThreadEventExecutor$4.run(SingleThreadEventExecutor.java:997)
	at io.netty.util.internal.ThreadExecutorMap$2.run(ThreadExecutorMap.java:74)
	... 1 common frames omitted
	Suppressed: software.amazon.awssdk.core.exception.SdkClientException: Request attempt 1 failure: Unable to execute HTTP request: Server failed to send complete response. The channel was closed. This may have been done by the client (e.g. because the request was aborted), by the service (e.g. because there was a handshake error, the request took too long, or the client tried to write on a read-only socket), or by an intermediary party (e.g. because the channel was idle for too long).

15:19:44,490 |-WARN in ca.pjer.logback.AwsLogsAppender[CLOUDWATCH] - 12 events lost
15:19:44,506 |-ERROR in ca.pjer.logback.AwsLogsAppender[CLOUDWATCH] - Unable to flush events to AWS software.amazon.awssdk.services.cloudwatchlogs.model.ResourceNotFoundException: The specified log group does not exist (Service: CloudWatchLogs, Status Code: 400, Request ID: 5c6866a3-e306-4b12-aab3-e4cdcc0479db)
	at software.amazon.awssdk.services.cloudwatchlogs.model.ResourceNotFoundException: The specified log group does not exist (Service: CloudWatchLogs, Status Code: 400, Request ID: 5c6866a3-e306-4b12-aab3-e4cdcc0479db)
	at 	at software.amazon.awssdk.core.internal.http.CombinedResponseHandler.handleErrorResponse(CombinedResponseHandler.java:125)
	at 	at software.amazon.awssdk.core.internal.http.CombinedResponseHandler.handleResponse(CombinedResponseHandler.java:82)
	at 	at software.amazon.awssdk.core.internal.http.CombinedResponseHandler.handle(CombinedResponseHandler.java:60)
	at 	at software.amazon.awssdk.core.internal.http.CombinedResponseHandler.handle(CombinedResponseHandler.java:41)
	at 	at software.amazon.awssdk.core.internal.http.pipeline.stages.HandleResponseStage.execute(HandleResponseStage.java:40)
	at 	at software.amazon.awssdk.core.internal.http.pipeline.stages.HandleResponseStage.execute(HandleResponseStage.java:30)
	at 	at software.amazon.awssdk.core.internal.http.pipeline.RequestPipelineBuilder$ComposingRequestPipelineStage.execute(RequestPipelineBuilder.java:206)
	at 	at software.amazon.awssdk.core.internal.http.pipeline.stages.ApiCallAttemptTimeoutTrackingStage.execute(ApiCallAttemptTimeoutTrackingStage.java:72)
	at 	at software.amazon.awssdk.core.internal.http.pipeline.stages.ApiCallAttemptTimeoutTrackingStage.execute(ApiCallAttemptTimeoutTrackingStage.java:42)
	at 	at software.amazon.awssdk.core.internal.http.pipeline.stages.TimeoutExceptionHandlingStage.execute(TimeoutExceptionHandlingStage.java:78)
	at 	at software.amazon.awssdk.core.internal.http.pipeline.stages.TimeoutExceptionHandlingStage.execute(TimeoutExceptionHandlingStage.java:40)
	at 	at software.amazon.awssdk.core.internal.http.pipeline.stages.ApiCallAttemptMetricCollectionStage.execute(ApiCallAttemptMetricCollectionStage.java:52)
	at 	at software.amazon.awssdk.core.internal.http.pipeline.stages.ApiCallAttemptMetricCollectionStage.execute(ApiCallAttemptMetricCollectionStage.java:37)
	at 	at software.amazon.awssdk.core.internal.http.pipeline.stages.RetryableStage.execute(RetryableStage.java:81)
	at 	at software.amazon.awssdk.core.internal.http.pipeline.stages.RetryableStage.execute(RetryableStage.java:36)
	at 	at software.amazon.awssdk.core.internal.http.pipeline.RequestPipelineBuilder$ComposingRequestPipelineStage.execute(RequestPipelineBuilder.java:206)
	at 	at software.amazon.awssdk.core.internal.http.StreamManagingStage.execute(StreamManagingStage.java:56)
	at 	at software.amazon.awssdk.core.internal.http.StreamManagingStage.execute(StreamManagingStage.java:36)
	at 	at software.amazon.awssdk.core.internal.http.pipeline.stages.ApiCallTimeoutTrackingStage.executeWithTimer(ApiCallTimeoutTrackingStage.java:80)
	at 	at software.amazon.awssdk.core.internal.http.pipeline.stages.ApiCallTimeoutTrackingStage.execute(ApiCallTimeoutTrackingStage.java:60)
	at 	at software.amazon.awssdk.core.internal.http.pipeline.stages.ApiCallTimeoutTrackingStage.execute(ApiCallTimeoutTrackingStage.java:42)
	at 	at software.amazon.awssdk.core.internal.http.pipeline.stages.ApiCallMetricCollectionStage.execute(ApiCallMetricCollectionStage.java:50)
	at 	at software.amazon.awssdk.core.internal.http.pipeline.stages.ApiCallMetricCollectionStage.execute(ApiCallMetricCollectionStage.java:32)
	at 	at software.amazon.awssdk.core.internal.http.pipeline.RequestPipelineBuilder$ComposingRequestPipelineStage.execute(RequestPipelineBuilder.java:206)
	at 	at software.amazon.awssdk.core.internal.http.pipeline.RequestPipelineBuilder$ComposingRequestPipelineStage.execute(RequestPipelineBuilder.java:206)
	at 	at software.amazon.awssdk.core.internal.http.pipeline.stages.ExecutionFailureExceptionReportingStage.execute(ExecutionFailureExceptionReportingStage.java:37)
	at 	at software.amazon.awssdk.core.internal.http.pipeline.stages.ExecutionFailureExceptionReportingStage.execute(ExecutionFailureExceptionReportingStage.java:26)
	at 	at software.amazon.awssdk.core.internal.http.AmazonSyncHttpClient$RequestExecutionBuilderImpl.execute(AmazonSyncHttpClient.java:198)
	at 	at software.amazon.awssdk.core.internal.handler.BaseSyncClientHandler.invoke(BaseSyncClientHandler.java:103)
	at 	at software.amazon.awssdk.core.internal.handler.BaseSyncClientHandler.doExecute(BaseSyncClientHandler.java:171)
	at 	at software.amazon.awssdk.core.internal.handler.BaseSyncClientHandler.lambda$execute$1(BaseSyncClientHandler.java:82)
	at 	at software.amazon.awssdk.core.internal.handler.BaseSyncClientHandler.measureApiCallSuccess(BaseSyncClientHandler.java:179)
	at 	at software.amazon.awssdk.core.internal.handler.BaseSyncClientHandler.execute(BaseSyncClientHandler.java:76)
	at 	at software.amazon.awssdk.core.client.handler.SdkSyncClientHandler.execute(SdkSyncClientHandler.java:45)
	at 	at software.amazon.awssdk.awscore.client.handler.AwsSyncClientHandler.execute(AwsSyncClientHandler.java:56)
	at 	at software.amazon.awssdk.services.cloudwatchlogs.DefaultCloudWatchLogsClient.putLogEvents(DefaultCloudWatchLogsClient.java:2873)
	at 	at ca.pjer.logback.client.AwsLogsCloudWatchClient.sendLogs(AwsLogsCloudWatchClient.java:96)
	at 	at ca.pjer.logback.AWSLogsStub.sendLogEvents(AWSLogsStub.java:84)
	at 	at ca.pjer.logback.AWSLogsStub.logEvents(AWSLogsStub.java:80)
	at 	at ca.pjer.logback.AsyncWorker.flush(AsyncWorker.java:148)
	at 	at ca.pjer.logback.AsyncWorker.run(AsyncWorker.java:123)
	at 	at java.base/java.lang.Thread.run(Thread.java:1583)
2025-02-16T15:19:44.508+08:00 ERROR 44625 --- [nc-response-1-6] i.a.c.s.l.s.AbstractPollingMessageSource : Error polling for messages in queue test-fraud-detection-queue

java.util.concurrent.CompletionException: software.amazon.awssdk.services.sqs.model.QueueDoesNotExistException: The specified queue does not exist for this wsdl version. (Service: Sqs, Status Code: 400, Request ID: 782568d1-19ee-4674-b7f6-d0366203d946)
	at software.amazon.awssdk.utils.CompletableFutureUtils.errorAsCompletionException(CompletableFutureUtils.java:65)
	at software.amazon.awssdk.core.internal.http.pipeline.stages.AsyncExecutionFailureExceptionReportingStage.lambda$execute$0(AsyncExecutionFailureExceptionReportingStage.java:51)
	at java.base/java.util.concurrent.CompletableFuture.uniHandle(CompletableFuture.java:934)
	at java.base/java.util.concurrent.CompletableFuture$UniHandle.tryFire(CompletableFuture.java:911)
	at java.base/java.util.concurrent.CompletableFuture.postComplete(CompletableFuture.java:510)
	at java.base/java.util.concurrent.CompletableFuture.completeExceptionally(CompletableFuture.java:2194)
	at software.amazon.awssdk.utils.CompletableFutureUtils.lambda$forwardExceptionTo$0(CompletableFutureUtils.java:79)
	at java.base/java.util.concurrent.CompletableFuture.uniWhenComplete(CompletableFuture.java:863)
	at java.base/java.util.concurrent.CompletableFuture$UniWhenComplete.tryFire(CompletableFuture.java:841)
	at java.base/java.util.concurrent.CompletableFuture.postComplete(CompletableFuture.java:510)
	at java.base/java.util.concurrent.CompletableFuture.completeExceptionally(CompletableFuture.java:2194)
	at software.amazon.awssdk.core.internal.http.pipeline.stages.AsyncRetryableStage$RetryingExecutor.maybeAttemptExecute(AsyncRetryableStage.java:103)
	at software.amazon.awssdk.core.internal.http.pipeline.stages.AsyncRetryableStage$RetryingExecutor.maybeRetryExecute(AsyncRetryableStage.java:184)
	at software.amazon.awssdk.core.internal.http.pipeline.stages.AsyncRetryableStage$RetryingExecutor.lambda$attemptExecute$1(AsyncRetryableStage.java:170)
	at java.base/java.util.concurrent.CompletableFuture.uniWhenComplete(CompletableFuture.java:863)
	at java.base/java.util.concurrent.CompletableFuture$UniWhenComplete.tryFire(CompletableFuture.java:841)
	at java.base/java.util.concurrent.CompletableFuture.postComplete(CompletableFuture.java:510)
	at java.base/java.util.concurrent.CompletableFuture.complete(CompletableFuture.java:2179)
	at software.amazon.awssdk.core.internal.http.pipeline.stages.MakeAsyncHttpRequestStage.lambda$null$0(MakeAsyncHttpRequestStage.java:105)
	at java.base/java.util.concurrent.CompletableFuture.uniWhenComplete(CompletableFuture.java:863)
	at java.base/java.util.concurrent.CompletableFuture$UniWhenComplete.tryFire(CompletableFuture.java:841)
	at java.base/java.util.concurrent.CompletableFuture.postComplete(CompletableFuture.java:510)
	at java.base/java.util.concurrent.CompletableFuture.complete(CompletableFuture.java:2179)
	at software.amazon.awssdk.core.internal.http.pipeline.stages.MakeAsyncHttpRequestStage.completeResponseFuture(MakeAsyncHttpRequestStage.java:238)
	at software.amazon.awssdk.core.internal.http.pipeline.stages.MakeAsyncHttpRequestStage.lambda$executeHttpRequest$3(MakeAsyncHttpRequestStage.java:163)
	at java.base/java.util.concurrent.CompletableFuture.uniHandle(CompletableFuture.java:934)
	at java.base/java.util.concurrent.CompletableFuture$UniHandle.tryFire(CompletableFuture.java:911)
	at java.base/java.util.concurrent.CompletableFuture$Completion.run(CompletableFuture.java:482)
	at java.base/java.util.concurrent.ThreadPoolExecutor.runWorker(ThreadPoolExecutor.java:1144)
	at java.base/java.util.concurrent.ThreadPoolExecutor$Worker.run(ThreadPoolExecutor.java:642)
	at java.base/java.lang.Thread.run(Thread.java:1583)
Caused by: software.amazon.awssdk.services.sqs.model.QueueDoesNotExistException: The specified queue does not exist for this wsdl version. (Service: Sqs, Status Code: 400, Request ID: 782568d1-19ee-4674-b7f6-d0366203d946)
	at software.amazon.awssdk.services.sqs.model.QueueDoesNotExistException$BuilderImpl.build(QueueDoesNotExistException.java:126)
	at software.amazon.awssdk.services.sqs.model.QueueDoesNotExistException$BuilderImpl.build(QueueDoesNotExistException.java:80)
	at software.amazon.awssdk.protocols.query.internal.unmarshall.AwsXmlErrorUnmarshaller.unmarshall(AwsXmlErrorUnmarshaller.java:99)
	at software.amazon.awssdk.protocols.query.unmarshall.AwsXmlErrorProtocolUnmarshaller.handle(AwsXmlErrorProtocolUnmarshaller.java:102)
	at software.amazon.awssdk.protocols.query.unmarshall.AwsXmlErrorProtocolUnmarshaller.handle(AwsXmlErrorProtocolUnmarshaller.java:82)
	at software.amazon.awssdk.core.http.MetricCollectingHttpResponseHandler.lambda$handle$0(MetricCollectingHttpResponseHandler.java:52)
	at software.amazon.awssdk.core.internal.util.MetricUtils.measureDurationUnsafe(MetricUtils.java:67)
	at software.amazon.awssdk.core.http.MetricCollectingHttpResponseHandler.handle(MetricCollectingHttpResponseHandler.java:52)
	at software.amazon.awssdk.core.internal.http.async.AsyncResponseHandler.lambda$prepare$0(AsyncResponseHandler.java:89)
	at java.base/java.util.concurrent.CompletableFuture$UniCompose.tryFire(CompletableFuture.java:1150)
	at java.base/java.util.concurrent.CompletableFuture.postComplete(CompletableFuture.java:510)
	at java.base/java.util.concurrent.CompletableFuture.complete(CompletableFuture.java:2179)
	at software.amazon.awssdk.core.internal.http.async.AsyncResponseHandler$BaosSubscriber.onComplete(AsyncResponseHandler.java:132)
	at software.amazon.awssdk.http.nio.netty.internal.ResponseHandler.runAndLogError(ResponseHandler.java:181)
	at software.amazon.awssdk.http.nio.netty.internal.ResponseHandler.access$500(ResponseHandler.java:71)
	at software.amazon.awssdk.http.nio.netty.internal.ResponseHandler$PublisherAdapter$1.onComplete(ResponseHandler.java:298)
	at software.amazon.awssdk.http.nio.netty.internal.nrs.HandlerPublisher.publishMessage(HandlerPublisher.java:402)
	at software.amazon.awssdk.http.nio.netty.internal.nrs.HandlerPublisher.flushBuffer(HandlerPublisher.java:338)
	at software.amazon.awssdk.http.nio.netty.internal.nrs.HandlerPublisher.receivedDemand(HandlerPublisher.java:291)
	at software.amazon.awssdk.http.nio.netty.internal.nrs.HandlerPublisher.access$200(HandlerPublisher.java:61)
	at software.amazon.awssdk.http.nio.netty.internal.nrs.HandlerPublisher$ChannelSubscription$1.run(HandlerPublisher.java:495)
	at io.netty.util.concurrent.AbstractEventExecutor.runTask(AbstractEventExecutor.java:173)
	at io.netty.util.concurrent.AbstractEventExecutor.safeExecute(AbstractEventExecutor.java:166)
	at io.netty.util.concurrent.SingleThreadEventExecutor.runAllTasks(SingleThreadEventExecutor.java:470)
	at io.netty.channel.nio.NioEventLoop.run(NioEventLoop.java:566)
	at io.netty.util.concurrent.SingleThreadEventExecutor$4.run(SingleThreadEventExecutor.java:997)
	at io.netty.util.internal.ThreadExecutorMap$2.run(ThreadExecutorMap.java:74)
	... 1 common frames omitted

15:19:44,625 |-ERROR in ca.pjer.logback.AwsLogsAppender[CLOUDWATCH] - Unable to flush events to AWS software.amazon.awssdk.services.cloudwatchlogs.model.ResourceNotFoundException: The specified log group does not exist (Service: CloudWatchLogs, Status Code: 400, Request ID: 29456746-eb35-4dc3-a79a-3e24e5c09d4d)
	at software.amazon.awssdk.services.cloudwatchlogs.model.ResourceNotFoundException: The specified log group does not exist (Service: CloudWatchLogs, Status Code: 400, Request ID: 29456746-eb35-4dc3-a79a-3e24e5c09d4d)
	at 	at software.amazon.awssdk.core.internal.http.CombinedResponseHandler.handleErrorResponse(CombinedResponseHandler.java:125)
	at 	at software.amazon.awssdk.core.internal.http.CombinedResponseHandler.handleResponse(CombinedResponseHandler.java:82)
	at 	at software.amazon.awssdk.core.internal.http.CombinedResponseHandler.handle(CombinedResponseHandler.java:60)
	at 	at software.amazon.awssdk.core.internal.http.CombinedResponseHandler.handle(CombinedResponseHandler.java:41)
	at 	at software.amazon.awssdk.core.internal.http.pipeline.stages.HandleResponseStage.execute(HandleResponseStage.java:40)
	at 	at software.amazon.awssdk.core.internal.http.pipeline.stages.HandleResponseStage.execute(HandleResponseStage.java:30)
	at 	at software.amazon.awssdk.core.internal.http.pipeline.RequestPipelineBuilder$ComposingRequestPipelineStage.execute(RequestPipelineBuilder.java:206)
	at 	at software.amazon.awssdk.core.internal.http.pipeline.stages.ApiCallAttemptTimeoutTrackingStage.execute(ApiCallAttemptTimeoutTrackingStage.java:72)
	at 	at software.amazon.awssdk.core.internal.http.pipeline.stages.ApiCallAttemptTimeoutTrackingStage.execute(ApiCallAttemptTimeoutTrackingStage.java:42)
	at 	at software.amazon.awssdk.core.internal.http.pipeline.stages.TimeoutExceptionHandlingStage.execute(TimeoutExceptionHandlingStage.java:78)
	at 	at software.amazon.awssdk.core.internal.http.pipeline.stages.TimeoutExceptionHandlingStage.execute(TimeoutExceptionHandlingStage.java:40)
	at 	at software.amazon.awssdk.core.internal.http.pipeline.stages.ApiCallAttemptMetricCollectionStage.execute(ApiCallAttemptMetricCollectionStage.java:52)
	at 	at software.amazon.awssdk.core.internal.http.pipeline.stages.ApiCallAttemptMetricCollectionStage.execute(ApiCallAttemptMetricCollectionStage.java:37)
	at 	at software.amazon.awssdk.core.internal.http.pipeline.stages.RetryableStage.execute(RetryableStage.java:81)
	at 	at software.amazon.awssdk.core.internal.http.pipeline.stages.RetryableStage.execute(RetryableStage.java:36)
	at 	at software.amazon.awssdk.core.internal.http.pipeline.RequestPipelineBuilder$ComposingRequestPipelineStage.execute(RequestPipelineBuilder.java:206)
	at 	at software.amazon.awssdk.core.internal.http.StreamManagingStage.execute(StreamManagingStage.java:56)
	at 	at software.amazon.awssdk.core.internal.http.StreamManagingStage.execute(StreamManagingStage.java:36)
	at 	at software.amazon.awssdk.core.internal.http.pipeline.stages.ApiCallTimeoutTrackingStage.executeWithTimer(ApiCallTimeoutTrackingStage.java:80)
	at 	at software.amazon.awssdk.core.internal.http.pipeline.stages.ApiCallTimeoutTrackingStage.execute(ApiCallTimeoutTrackingStage.java:60)
	at 	at software.amazon.awssdk.core.internal.http.pipeline.stages.ApiCallTimeoutTrackingStage.execute(ApiCallTimeoutTrackingStage.java:42)
	at 	at software.amazon.awssdk.core.internal.http.pipeline.stages.ApiCallMetricCollectionStage.execute(ApiCallMetricCollectionStage.java:50)
	at 	at software.amazon.awssdk.core.internal.http.pipeline.stages.ApiCallMetricCollectionStage.execute(ApiCallMetricCollectionStage.java:32)
	at 	at software.amazon.awssdk.core.internal.http.pipeline.RequestPipelineBuilder$ComposingRequestPipelineStage.execute(RequestPipelineBuilder.java:206)
	at 	at software.amazon.awssdk.core.internal.http.pipeline.RequestPipelineBuilder$ComposingRequestPipelineStage.execute(RequestPipelineBuilder.java:206)
	at 	at software.amazon.awssdk.core.internal.http.pipeline.stages.ExecutionFailureExceptionReportingStage.execute(ExecutionFailureExceptionReportingStage.java:37)
	at 	at software.amazon.awssdk.core.internal.http.pipeline.stages.ExecutionFailureExceptionReportingStage.execute(ExecutionFailureExceptionReportingStage.java:26)
	at 	at software.amazon.awssdk.core.internal.http.AmazonSyncHttpClient$RequestExecutionBuilderImpl.execute(AmazonSyncHttpClient.java:198)
	at 	at software.amazon.awssdk.core.internal.handler.BaseSyncClientHandler.invoke(BaseSyncClientHandler.java:103)
	at 	at software.amazon.awssdk.core.internal.handler.BaseSyncClientHandler.doExecute(BaseSyncClientHandler.java:171)
	at 	at software.amazon.awssdk.core.internal.handler.BaseSyncClientHandler.lambda$execute$1(BaseSyncClientHandler.java:82)
	at 	at software.amazon.awssdk.core.internal.handler.BaseSyncClientHandler.measureApiCallSuccess(BaseSyncClientHandler.java:179)
	at 	at software.amazon.awssdk.core.internal.handler.BaseSyncClientHandler.execute(BaseSyncClientHandler.java:76)
	at 	at software.amazon.awssdk.core.client.handler.SdkSyncClientHandler.execute(SdkSyncClientHandler.java:45)
	at 	at software.amazon.awssdk.awscore.client.handler.AwsSyncClientHandler.execute(AwsSyncClientHandler.java:56)
	at 	at software.amazon.awssdk.services.cloudwatchlogs.DefaultCloudWatchLogsClient.putLogEvents(DefaultCloudWatchLogsClient.java:2873)
	at 	at ca.pjer.logback.client.AwsLogsCloudWatchClient.sendLogs(AwsLogsCloudWatchClient.java:96)
	at 	at ca.pjer.logback.AWSLogsStub.sendLogEvents(AWSLogsStub.java:84)
	at 	at ca.pjer.logback.AWSLogsStub.logEvents(AWSLogsStub.java:80)
	at 	at ca.pjer.logback.AsyncWorker.flush(AsyncWorker.java:148)
	at 	at ca.pjer.logback.AsyncWorker.run(AsyncWorker.java:123)
	at 	at java.base/java.lang.Thread.run(Thread.java:1583)
2025-02-16T15:19:44.627+08:00 ERROR 44625 --- [nc-response-1-7] i.a.c.s.l.s.AbstractPollingMessageSource : Error polling for messages in queue test-fraud-detection-queue

java.util.concurrent.CompletionException: software.amazon.awssdk.services.sqs.model.QueueDoesNotExistException: The specified queue does not exist for this wsdl version. (Service: Sqs, Status Code: 400, Request ID: 789dfab0-c7b6-4838-89e3-6931d8d94212)
	at software.amazon.awssdk.utils.CompletableFutureUtils.errorAsCompletionException(CompletableFutureUtils.java:65)
	at software.amazon.awssdk.core.internal.http.pipeline.stages.AsyncExecutionFailureExceptionReportingStage.lambda$execute$0(AsyncExecutionFailureExceptionReportingStage.java:51)
	at java.base/java.util.concurrent.CompletableFuture.uniHandle(CompletableFuture.java:934)
	at java.base/java.util.concurrent.CompletableFuture$UniHandle.tryFire(CompletableFuture.java:911)
	at java.base/java.util.concurrent.CompletableFuture.postComplete(CompletableFuture.java:510)
	at java.base/java.util.concurrent.CompletableFuture.completeExceptionally(CompletableFuture.java:2194)
	at software.amazon.awssdk.utils.CompletableFutureUtils.lambda$forwardExceptionTo$0(CompletableFutureUtils.java:79)
	at java.base/java.util.concurrent.CompletableFuture.uniWhenComplete(CompletableFuture.java:863)
	at java.base/java.util.concurrent.CompletableFuture$UniWhenComplete.tryFire(CompletableFuture.java:841)
	at java.base/java.util.concurrent.CompletableFuture.postComplete(CompletableFuture.java:510)
	at java.base/java.util.concurrent.CompletableFuture.completeExceptionally(CompletableFuture.java:2194)
	at software.amazon.awssdk.core.internal.http.pipeline.stages.AsyncRetryableStage$RetryingExecutor.maybeAttemptExecute(AsyncRetryableStage.java:103)
	at software.amazon.awssdk.core.internal.http.pipeline.stages.AsyncRetryableStage$RetryingExecutor.maybeRetryExecute(AsyncRetryableStage.java:184)
	at software.amazon.awssdk.core.internal.http.pipeline.stages.AsyncRetryableStage$RetryingExecutor.lambda$attemptExecute$1(AsyncRetryableStage.java:170)
	at java.base/java.util.concurrent.CompletableFuture.uniWhenComplete(CompletableFuture.java:863)
	at java.base/java.util.concurrent.CompletableFuture$UniWhenComplete.tryFire(CompletableFuture.java:841)
	at java.base/java.util.concurrent.CompletableFuture.postComplete(CompletableFuture.java:510)
	at java.base/java.util.concurrent.CompletableFuture.complete(CompletableFuture.java:2179)
	at software.amazon.awssdk.core.internal.http.pipeline.stages.MakeAsyncHttpRequestStage.lambda$null$0(MakeAsyncHttpRequestStage.java:105)
	at java.base/java.util.concurrent.CompletableFuture.uniWhenComplete(CompletableFuture.java:863)
	at java.base/java.util.concurrent.CompletableFuture$UniWhenComplete.tryFire(CompletableFuture.java:841)
	at java.base/java.util.concurrent.CompletableFuture.postComplete(CompletableFuture.java:510)
	at java.base/java.util.concurrent.CompletableFuture.complete(CompletableFuture.java:2179)
	at software.amazon.awssdk.core.internal.http.pipeline.stages.MakeAsyncHttpRequestStage.completeResponseFuture(MakeAsyncHttpRequestStage.java:238)
	at software.amazon.awssdk.core.internal.http.pipeline.stages.MakeAsyncHttpRequestStage.lambda$executeHttpRequest$3(MakeAsyncHttpRequestStage.java:163)
	at java.base/java.util.concurrent.CompletableFuture.uniHandle(CompletableFuture.java:934)
	at java.base/java.util.concurrent.CompletableFuture$UniHandle.tryFire(CompletableFuture.java:911)
	at java.base/java.util.concurrent.CompletableFuture$Completion.run(CompletableFuture.java:482)
	at java.base/java.util.concurrent.ThreadPoolExecutor.runWorker(ThreadPoolExecutor.java:1144)
	at java.base/java.util.concurrent.ThreadPoolExecutor$Worker.run(ThreadPoolExecutor.java:642)
	at java.base/java.lang.Thread.run(Thread.java:1583)
Caused by: software.amazon.awssdk.services.sqs.model.QueueDoesNotExistException: The specified queue does not exist for this wsdl version. (Service: Sqs, Status Code: 400, Request ID: 789dfab0-c7b6-4838-89e3-6931d8d94212)
	at software.amazon.awssdk.services.sqs.model.QueueDoesNotExistException$BuilderImpl.build(QueueDoesNotExistException.java:126)
	at software.amazon.awssdk.services.sqs.model.QueueDoesNotExistException$BuilderImpl.build(QueueDoesNotExistException.java:80)
	at software.amazon.awssdk.protocols.query.internal.unmarshall.AwsXmlErrorUnmarshaller.unmarshall(AwsXmlErrorUnmarshaller.java:99)
	at software.amazon.awssdk.protocols.query.unmarshall.AwsXmlErrorProtocolUnmarshaller.handle(AwsXmlErrorProtocolUnmarshaller.java:102)
	at software.amazon.awssdk.protocols.query.unmarshall.AwsXmlErrorProtocolUnmarshaller.handle(AwsXmlErrorProtocolUnmarshaller.java:82)
	at software.amazon.awssdk.core.http.MetricCollectingHttpResponseHandler.lambda$handle$0(MetricCollectingHttpResponseHandler.java:52)
	at software.amazon.awssdk.core.internal.util.MetricUtils.measureDurationUnsafe(MetricUtils.java:67)
	at software.amazon.awssdk.core.http.MetricCollectingHttpResponseHandler.handle(MetricCollectingHttpResponseHandler.java:52)
	at software.amazon.awssdk.core.internal.http.async.AsyncResponseHandler.lambda$prepare$0(AsyncResponseHandler.java:89)
	at java.base/java.util.concurrent.CompletableFuture$UniCompose.tryFire(CompletableFuture.java:1150)
	at java.base/java.util.concurrent.CompletableFuture.postComplete(CompletableFuture.java:510)
	at java.base/java.util.concurrent.CompletableFuture.complete(CompletableFuture.java:2179)
	at software.amazon.awssdk.core.internal.http.async.AsyncResponseHandler$BaosSubscriber.onComplete(AsyncResponseHandler.java:132)
	at software.amazon.awssdk.http.nio.netty.internal.ResponseHandler.runAndLogError(ResponseHandler.java:181)
	at software.amazon.awssdk.http.nio.netty.internal.ResponseHandler.access$500(ResponseHandler.java:71)
	at software.amazon.awssdk.http.nio.netty.internal.ResponseHandler$PublisherAdapter$1.onComplete(ResponseHandler.java:298)
	at software.amazon.awssdk.http.nio.netty.internal.nrs.HandlerPublisher.publishMessage(HandlerPublisher.java:402)
	at software.amazon.awssdk.http.nio.netty.internal.nrs.HandlerPublisher.flushBuffer(HandlerPublisher.java:338)
	at software.amazon.awssdk.http.nio.netty.internal.nrs.HandlerPublisher.receivedDemand(HandlerPublisher.java:291)
	at software.amazon.awssdk.http.nio.netty.internal.nrs.HandlerPublisher.access$200(HandlerPublisher.java:61)
	at software.amazon.awssdk.http.nio.netty.internal.nrs.HandlerPublisher$ChannelSubscription$1.run(HandlerPublisher.java:495)
	at io.netty.util.concurrent.AbstractEventExecutor.runTask(AbstractEventExecutor.java:173)
	at io.netty.util.concurrent.AbstractEventExecutor.safeExecute(AbstractEventExecutor.java:166)
	at io.netty.util.concurrent.SingleThreadEventExecutor.runAllTasks(SingleThreadEventExecutor.java:470)
	at io.netty.channel.nio.NioEventLoop.run(NioEventLoop.java:566)
	at io.netty.util.concurrent.SingleThreadEventExecutor$4.run(SingleThreadEventExecutor.java:997)
	at io.netty.util.internal.ThreadExecutorMap$2.run(ThreadExecutorMap.java:74)
	... 1 common frames omitted

2025-02-16T15:19:44.635+08:00  INFO 44625 --- [           main] o.s.b.a.e.web.EndpointLinksResolver      : Exposing 1 endpoint(s) beneath base path '/actuator'
2025-02-16T15:19:44.647+08:00 ERROR 44625 --- [nc-response-1-8] i.a.c.s.l.s.AbstractPollingMessageSource : Error polling for messages in queue test-fraud-detection-queue

java.util.concurrent.CompletionException: software.amazon.awssdk.services.sqs.model.QueueDoesNotExistException: The specified queue does not exist for this wsdl version. (Service: Sqs, Status Code: 400, Request ID: 13f2c6fc-3e94-4c52-97c0-7249bf3e1af6)
	at software.amazon.awssdk.utils.CompletableFutureUtils.errorAsCompletionException(CompletableFutureUtils.java:65)
	at software.amazon.awssdk.core.internal.http.pipeline.stages.AsyncExecutionFailureExceptionReportingStage.lambda$execute$0(AsyncExecutionFailureExceptionReportingStage.java:51)
	at java.base/java.util.concurrent.CompletableFuture.uniHandle(CompletableFuture.java:934)
	at java.base/java.util.concurrent.CompletableFuture$UniHandle.tryFire(CompletableFuture.java:911)
	at java.base/java.util.concurrent.CompletableFuture.postComplete(CompletableFuture.java:510)
	at java.base/java.util.concurrent.CompletableFuture.completeExceptionally(CompletableFuture.java:2194)
	at software.amazon.awssdk.utils.CompletableFutureUtils.lambda$forwardExceptionTo$0(CompletableFutureUtils.java:79)
	at java.base/java.util.concurrent.CompletableFuture.uniWhenComplete(CompletableFuture.java:863)
	at java.base/java.util.concurrent.CompletableFuture$UniWhenComplete.tryFire(CompletableFuture.java:841)
	at java.base/java.util.concurrent.CompletableFuture.postComplete(CompletableFuture.java:510)
	at java.base/java.util.concurrent.CompletableFuture.completeExceptionally(CompletableFuture.java:2194)
	at software.amazon.awssdk.core.internal.http.pipeline.stages.AsyncRetryableStage$RetryingExecutor.maybeAttemptExecute(AsyncRetryableStage.java:103)
	at software.amazon.awssdk.core.internal.http.pipeline.stages.AsyncRetryableStage$RetryingExecutor.maybeRetryExecute(AsyncRetryableStage.java:184)
	at software.amazon.awssdk.core.internal.http.pipeline.stages.AsyncRetryableStage$RetryingExecutor.lambda$attemptExecute$1(AsyncRetryableStage.java:170)
	at java.base/java.util.concurrent.CompletableFuture.uniWhenComplete(CompletableFuture.java:863)
	at java.base/java.util.concurrent.CompletableFuture$UniWhenComplete.tryFire(CompletableFuture.java:841)
	at java.base/java.util.concurrent.CompletableFuture.postComplete(CompletableFuture.java:510)
	at java.base/java.util.concurrent.CompletableFuture.complete(CompletableFuture.java:2179)
	at software.amazon.awssdk.core.internal.http.pipeline.stages.MakeAsyncHttpRequestStage.lambda$null$0(MakeAsyncHttpRequestStage.java:105)
	at java.base/java.util.concurrent.CompletableFuture.uniWhenComplete(CompletableFuture.java:863)
	at java.base/java.util.concurrent.CompletableFuture$UniWhenComplete.tryFire(CompletableFuture.java:841)
	at java.base/java.util.concurrent.CompletableFuture.postComplete(CompletableFuture.java:510)
	at java.base/java.util.concurrent.CompletableFuture.complete(CompletableFuture.java:2179)
	at software.amazon.awssdk.core.internal.http.pipeline.stages.MakeAsyncHttpRequestStage.completeResponseFuture(MakeAsyncHttpRequestStage.java:238)
	at software.amazon.awssdk.core.internal.http.pipeline.stages.MakeAsyncHttpRequestStage.lambda$executeHttpRequest$3(MakeAsyncHttpRequestStage.java:163)
	at java.base/java.util.concurrent.CompletableFuture.uniHandle(CompletableFuture.java:934)
	at java.base/java.util.concurrent.CompletableFuture$UniHandle.tryFire(CompletableFuture.java:911)
	at java.base/java.util.concurrent.CompletableFuture$Completion.run(CompletableFuture.java:482)
	at java.base/java.util.concurrent.ThreadPoolExecutor.runWorker(ThreadPoolExecutor.java:1144)
	at java.base/java.util.concurrent.ThreadPoolExecutor$Worker.run(ThreadPoolExecutor.java:642)
	at java.base/java.lang.Thread.run(Thread.java:1583)
Caused by: software.amazon.awssdk.services.sqs.model.QueueDoesNotExistException: The specified queue does not exist for this wsdl version. (Service: Sqs, Status Code: 400, Request ID: 13f2c6fc-3e94-4c52-97c0-7249bf3e1af6)
	at software.amazon.awssdk.services.sqs.model.QueueDoesNotExistException$BuilderImpl.build(QueueDoesNotExistException.java:126)
	at software.amazon.awssdk.services.sqs.model.QueueDoesNotExistException$BuilderImpl.build(QueueDoesNotExistException.java:80)
	at software.amazon.awssdk.protocols.query.internal.unmarshall.AwsXmlErrorUnmarshaller.unmarshall(AwsXmlErrorUnmarshaller.java:99)
	at software.amazon.awssdk.protocols.query.unmarshall.AwsXmlErrorProtocolUnmarshaller.handle(AwsXmlErrorProtocolUnmarshaller.java:102)
	at software.amazon.awssdk.protocols.query.unmarshall.AwsXmlErrorProtocolUnmarshaller.handle(AwsXmlErrorProtocolUnmarshaller.java:82)
	at software.amazon.awssdk.core.http.MetricCollectingHttpResponseHandler.lambda$handle$0(MetricCollectingHttpResponseHandler.java:52)
	at software.amazon.awssdk.core.internal.util.MetricUtils.measureDurationUnsafe(MetricUtils.java:67)
	at software.amazon.awssdk.core.http.MetricCollectingHttpResponseHandler.handle(MetricCollectingHttpResponseHandler.java:52)
	at software.amazon.awssdk.core.internal.http.async.AsyncResponseHandler.lambda$prepare$0(AsyncResponseHandler.java:89)
	at java.base/java.util.concurrent.CompletableFuture$UniCompose.tryFire(CompletableFuture.java:1150)
	at java.base/java.util.concurrent.CompletableFuture.postComplete(CompletableFuture.java:510)
	at java.base/java.util.concurrent.CompletableFuture.complete(CompletableFuture.java:2179)
	at software.amazon.awssdk.core.internal.http.async.AsyncResponseHandler$BaosSubscriber.onComplete(AsyncResponseHandler.java:132)
	at software.amazon.awssdk.http.nio.netty.internal.ResponseHandler.runAndLogError(ResponseHandler.java:181)
	at software.amazon.awssdk.http.nio.netty.internal.ResponseHandler.access$500(ResponseHandler.java:71)
	at software.amazon.awssdk.http.nio.netty.internal.ResponseHandler$PublisherAdapter$1.onComplete(ResponseHandler.java:298)
	at software.amazon.awssdk.http.nio.netty.internal.nrs.HandlerPublisher.publishMessage(HandlerPublisher.java:402)
	at software.amazon.awssdk.http.nio.netty.internal.nrs.HandlerPublisher.flushBuffer(HandlerPublisher.java:338)
	at software.amazon.awssdk.http.nio.netty.internal.nrs.HandlerPublisher.receivedDemand(HandlerPublisher.java:291)
	at software.amazon.awssdk.http.nio.netty.internal.nrs.HandlerPublisher.access$200(HandlerPublisher.java:61)
	at software.amazon.awssdk.http.nio.netty.internal.nrs.HandlerPublisher$ChannelSubscription$1.run(HandlerPublisher.java:495)
	at io.netty.util.concurrent.AbstractEventExecutor.runTask(AbstractEventExecutor.java:173)
	at io.netty.util.concurrent.AbstractEventExecutor.safeExecute(AbstractEventExecutor.java:166)
	at io.netty.util.concurrent.SingleThreadEventExecutor.runAllTasks(SingleThreadEventExecutor.java:470)
	at io.netty.channel.nio.NioEventLoop.run(NioEventLoop.java:566)
	at io.netty.util.concurrent.SingleThreadEventExecutor$4.run(SingleThreadEventExecutor.java:997)
	at io.netty.util.internal.ThreadExecutorMap$2.run(ThreadExecutorMap.java:74)
	... 1 common frames omitted

2025-02-16T15:19:44.664+08:00 ERROR 44625 --- [nc-response-1-9] i.a.c.s.l.s.AbstractPollingMessageSource : Error polling for messages in queue test-fraud-detection-queue

java.util.concurrent.CompletionException: software.amazon.awssdk.services.sqs.model.QueueDoesNotExistException: The specified queue does not exist for this wsdl version. (Service: Sqs, Status Code: 400, Request ID: b3d20c51-31ba-45ad-a1a6-ca0a3f323838)
	at software.amazon.awssdk.utils.CompletableFutureUtils.errorAsCompletionException(CompletableFutureUtils.java:65)
	at software.amazon.awssdk.core.internal.http.pipeline.stages.AsyncExecutionFailureExceptionReportingStage.lambda$execute$0(AsyncExecutionFailureExceptionReportingStage.java:51)
	at java.base/java.util.concurrent.CompletableFuture.uniHandle(CompletableFuture.java:934)
	at java.base/java.util.concurrent.CompletableFuture$UniHandle.tryFire(CompletableFuture.java:911)
	at java.base/java.util.concurrent.CompletableFuture.postComplete(CompletableFuture.java:510)
	at java.base/java.util.concurrent.CompletableFuture.completeExceptionally(CompletableFuture.java:2194)
	at software.amazon.awssdk.utils.CompletableFutureUtils.lambda$forwardExceptionTo$0(CompletableFutureUtils.java:79)
	at java.base/java.util.concurrent.CompletableFuture.uniWhenComplete(CompletableFuture.java:863)
	at java.base/java.util.concurrent.CompletableFuture$UniWhenComplete.tryFire(CompletableFuture.java:841)
	at java.base/java.util.concurrent.CompletableFuture.postComplete(CompletableFuture.java:510)
	at java.base/java.util.concurrent.CompletableFuture.completeExceptionally(CompletableFuture.java:2194)
	at software.amazon.awssdk.core.internal.http.pipeline.stages.AsyncRetryableStage$RetryingExecutor.maybeAttemptExecute(AsyncRetryableStage.java:103)
	at software.amazon.awssdk.core.internal.http.pipeline.stages.AsyncRetryableStage$RetryingExecutor.maybeRetryExecute(AsyncRetryableStage.java:184)
	at software.amazon.awssdk.core.internal.http.pipeline.stages.AsyncRetryableStage$RetryingExecutor.lambda$attemptExecute$1(AsyncRetryableStage.java:170)
	at java.base/java.util.concurrent.CompletableFuture.uniWhenComplete(CompletableFuture.java:863)
	at java.base/java.util.concurrent.CompletableFuture$UniWhenComplete.tryFire(CompletableFuture.java:841)
	at java.base/java.util.concurrent.CompletableFuture.postComplete(CompletableFuture.java:510)
	at java.base/java.util.concurrent.CompletableFuture.complete(CompletableFuture.java:2179)
	at software.amazon.awssdk.core.internal.http.pipeline.stages.MakeAsyncHttpRequestStage.lambda$null$0(MakeAsyncHttpRequestStage.java:105)
	at java.base/java.util.concurrent.CompletableFuture.uniWhenComplete(CompletableFuture.java:863)
	at java.base/java.util.concurrent.CompletableFuture$UniWhenComplete.tryFire(CompletableFuture.java:841)
	at java.base/java.util.concurrent.CompletableFuture.postComplete(CompletableFuture.java:510)
	at java.base/java.util.concurrent.CompletableFuture.complete(CompletableFuture.java:2179)
	at software.amazon.awssdk.core.internal.http.pipeline.stages.MakeAsyncHttpRequestStage.completeResponseFuture(MakeAsyncHttpRequestStage.java:238)
	at software.amazon.awssdk.core.internal.http.pipeline.stages.MakeAsyncHttpRequestStage.lambda$executeHttpRequest$3(MakeAsyncHttpRequestStage.java:163)
	at java.base/java.util.concurrent.CompletableFuture.uniHandle(CompletableFuture.java:934)
	at java.base/java.util.concurrent.CompletableFuture$UniHandle.tryFire(CompletableFuture.java:911)
	at java.base/java.util.concurrent.CompletableFuture$Completion.run(CompletableFuture.java:482)
	at java.base/java.util.concurrent.ThreadPoolExecutor.runWorker(ThreadPoolExecutor.java:1144)
	at java.base/java.util.concurrent.ThreadPoolExecutor$Worker.run(ThreadPoolExecutor.java:642)
	at java.base/java.lang.Thread.run(Thread.java:1583)
Caused by: software.amazon.awssdk.services.sqs.model.QueueDoesNotExistException: The specified queue does not exist for this wsdl version. (Service: Sqs, Status Code: 400, Request ID: b3d20c51-31ba-45ad-a1a6-ca0a3f323838)
	at software.amazon.awssdk.services.sqs.model.QueueDoesNotExistException$BuilderImpl.build(QueueDoesNotExistException.java:126)
	at software.amazon.awssdk.services.sqs.model.QueueDoesNotExistException$BuilderImpl.build(QueueDoesNotExistException.java:80)
	at software.amazon.awssdk.protocols.query.internal.unmarshall.AwsXmlErrorUnmarshaller.unmarshall(AwsXmlErrorUnmarshaller.java:99)
	at software.amazon.awssdk.protocols.query.unmarshall.AwsXmlErrorProtocolUnmarshaller.handle(AwsXmlErrorProtocolUnmarshaller.java:102)
	at software.amazon.awssdk.protocols.query.unmarshall.AwsXmlErrorProtocolUnmarshaller.handle(AwsXmlErrorProtocolUnmarshaller.java:82)
	at software.amazon.awssdk.core.http.MetricCollectingHttpResponseHandler.lambda$handle$0(MetricCollectingHttpResponseHandler.java:52)
	at software.amazon.awssdk.core.internal.util.MetricUtils.measureDurationUnsafe(MetricUtils.java:67)
	at software.amazon.awssdk.core.http.MetricCollectingHttpResponseHandler.handle(MetricCollectingHttpResponseHandler.java:52)
	at software.amazon.awssdk.core.internal.http.async.AsyncResponseHandler.lambda$prepare$0(AsyncResponseHandler.java:89)
	at java.base/java.util.concurrent.CompletableFuture$UniCompose.tryFire(CompletableFuture.java:1150)
	at java.base/java.util.concurrent.CompletableFuture.postComplete(CompletableFuture.java:510)
	at java.base/java.util.concurrent.CompletableFuture.complete(CompletableFuture.java:2179)
	at software.amazon.awssdk.core.internal.http.async.AsyncResponseHandler$BaosSubscriber.onComplete(AsyncResponseHandler.java:132)
	at software.amazon.awssdk.http.nio.netty.internal.ResponseHandler.runAndLogError(ResponseHandler.java:181)
	at software.amazon.awssdk.http.nio.netty.internal.ResponseHandler.access$500(ResponseHandler.java:71)
	at software.amazon.awssdk.http.nio.netty.internal.ResponseHandler$PublisherAdapter$1.onComplete(ResponseHandler.java:298)
	at software.amazon.awssdk.http.nio.netty.internal.nrs.HandlerPublisher.publishMessage(HandlerPublisher.java:402)
	at software.amazon.awssdk.http.nio.netty.internal.nrs.HandlerPublisher.flushBuffer(HandlerPublisher.java:338)
	at software.amazon.awssdk.http.nio.netty.internal.nrs.HandlerPublisher.receivedDemand(HandlerPublisher.java:291)
	at software.amazon.awssdk.http.nio.netty.internal.nrs.HandlerPublisher.access$200(HandlerPublisher.java:61)
	at software.amazon.awssdk.http.nio.netty.internal.nrs.HandlerPublisher$ChannelSubscription$1.run(HandlerPublisher.java:495)
	at io.netty.util.concurrent.AbstractEventExecutor.runTask(AbstractEventExecutor.java:173)
	at io.netty.util.concurrent.AbstractEventExecutor.safeExecute(AbstractEventExecutor.java:166)
	at io.netty.util.concurrent.SingleThreadEventExecutor.runAllTasks(SingleThreadEventExecutor.java:470)
	at io.netty.channel.nio.NioEventLoop.run(NioEventLoop.java:566)
	at io.netty.util.concurrent.SingleThreadEventExecutor$4.run(SingleThreadEventExecutor.java:997)
	at io.netty.util.internal.ThreadExecutorMap$2.run(ThreadExecutorMap.java:74)
	... 1 common frames omitted

2025-02-16T15:19:44.674+08:00  INFO 44625 --- [ecycle-thread-3] a.c.s.l.AbstractMessageListenerContainer : Container io.awspring.cloud.sqs.sqsListenerEndpointContainer#0 started
2025-02-16T15:19:44.681+08:00  INFO 44625 --- [           main] c.e.f.s.CloudWatchLoggingIntegrationTest : Started CloudWatchLoggingIntegrationTest in 2.306 seconds (process running for 42.718)
15:19:44,684 |-ERROR in ca.pjer.logback.AwsLogsAppender[CLOUDWATCH] - Unable to flush events to AWS software.amazon.awssdk.services.cloudwatchlogs.model.ResourceNotFoundException: The specified log group does not exist (Service: CloudWatchLogs, Status Code: 400, Request ID: 1ddc9e5c-24a9-42ed-b25e-4d692f6d74fd)
	at software.amazon.awssdk.services.cloudwatchlogs.model.ResourceNotFoundException: The specified log group does not exist (Service: CloudWatchLogs, Status Code: 400, Request ID: 1ddc9e5c-24a9-42ed-b25e-4d692f6d74fd)
	at 	at software.amazon.awssdk.core.internal.http.CombinedResponseHandler.handleErrorResponse(CombinedResponseHandler.java:125)
	at 	at software.amazon.awssdk.core.internal.http.CombinedResponseHandler.handleResponse(CombinedResponseHandler.java:82)
	at 	at software.amazon.awssdk.core.internal.http.CombinedResponseHandler.handle(CombinedResponseHandler.java:60)
	at 	at software.amazon.awssdk.core.internal.http.CombinedResponseHandler.handle(CombinedResponseHandler.java:41)
	at 	at software.amazon.awssdk.core.internal.http.pipeline.stages.HandleResponseStage.execute(HandleResponseStage.java:40)
	at 	at software.amazon.awssdk.core.internal.http.pipeline.stages.HandleResponseStage.execute(HandleResponseStage.java:30)
	at 	at software.amazon.awssdk.core.internal.http.pipeline.RequestPipelineBuilder$ComposingRequestPipelineStage.execute(RequestPipelineBuilder.java:206)
	at 	at software.amazon.awssdk.core.internal.http.pipeline.stages.ApiCallAttemptTimeoutTrackingStage.execute(ApiCallAttemptTimeoutTrackingStage.java:72)
	at 	at software.amazon.awssdk.core.internal.http.pipeline.stages.ApiCallAttemptTimeoutTrackingStage.execute(ApiCallAttemptTimeoutTrackingStage.java:42)
	at 	at software.amazon.awssdk.core.internal.http.pipeline.stages.TimeoutExceptionHandlingStage.execute(TimeoutExceptionHandlingStage.java:78)
	at 	at software.amazon.awssdk.core.internal.http.pipeline.stages.TimeoutExceptionHandlingStage.execute(TimeoutExceptionHandlingStage.java:40)
	at 	at software.amazon.awssdk.core.internal.http.pipeline.stages.ApiCallAttemptMetricCollectionStage.execute(ApiCallAttemptMetricCollectionStage.java:52)
	at 	at software.amazon.awssdk.core.internal.http.pipeline.stages.ApiCallAttemptMetricCollectionStage.execute(ApiCallAttemptMetricCollectionStage.java:37)
	at 	at software.amazon.awssdk.core.internal.http.pipeline.stages.RetryableStage.execute(RetryableStage.java:81)
	at 	at software.amazon.awssdk.core.internal.http.pipeline.stages.RetryableStage.execute(RetryableStage.java:36)
	at 	at software.amazon.awssdk.core.internal.http.pipeline.RequestPipelineBuilder$ComposingRequestPipelineStage.execute(RequestPipelineBuilder.java:206)
	at 	at software.amazon.awssdk.core.internal.http.StreamManagingStage.execute(StreamManagingStage.java:56)
	at 	at software.amazon.awssdk.core.internal.http.StreamManagingStage.execute(StreamManagingStage.java:36)
	at 	at software.amazon.awssdk.core.internal.http.pipeline.stages.ApiCallTimeoutTrackingStage.executeWithTimer(ApiCallTimeoutTrackingStage.java:80)
	at 	at software.amazon.awssdk.core.internal.http.pipeline.stages.ApiCallTimeoutTrackingStage.execute(ApiCallTimeoutTrackingStage.java:60)
	at 	at software.amazon.awssdk.core.internal.http.pipeline.stages.ApiCallTimeoutTrackingStage.execute(ApiCallTimeoutTrackingStage.java:42)
	at 	at software.amazon.awssdk.core.internal.http.pipeline.stages.ApiCallMetricCollectionStage.execute(ApiCallMetricCollectionStage.java:50)
	at 	at software.amazon.awssdk.core.internal.http.pipeline.stages.ApiCallMetricCollectionStage.execute(ApiCallMetricCollectionStage.java:32)
	at 	at software.amazon.awssdk.core.internal.http.pipeline.RequestPipelineBuilder$ComposingRequestPipelineStage.execute(RequestPipelineBuilder.java:206)
	at 	at software.amazon.awssdk.core.internal.http.pipeline.RequestPipelineBuilder$ComposingRequestPipelineStage.execute(RequestPipelineBuilder.java:206)
	at 	at software.amazon.awssdk.core.internal.http.pipeline.stages.ExecutionFailureExceptionReportingStage.execute(ExecutionFailureExceptionReportingStage.java:37)
	at 	at software.amazon.awssdk.core.internal.http.pipeline.stages.ExecutionFailureExceptionReportingStage.execute(ExecutionFailureExceptionReportingStage.java:26)
	at 	at software.amazon.awssdk.core.internal.http.AmazonSyncHttpClient$RequestExecutionBuilderImpl.execute(AmazonSyncHttpClient.java:198)
	at 	at software.amazon.awssdk.core.internal.handler.BaseSyncClientHandler.invoke(BaseSyncClientHandler.java:103)
	at 	at software.amazon.awssdk.core.internal.handler.BaseSyncClientHandler.doExecute(BaseSyncClientHandler.java:171)
	at 	at software.amazon.awssdk.core.internal.handler.BaseSyncClientHandler.lambda$execute$1(BaseSyncClientHandler.java:82)
	at 	at software.amazon.awssdk.core.internal.handler.BaseSyncClientHandler.measureApiCallSuccess(BaseSyncClientHandler.java:179)
	at 	at software.amazon.awssdk.core.internal.handler.BaseSyncClientHandler.execute(BaseSyncClientHandler.java:76)
	at 	at software.amazon.awssdk.core.client.handler.SdkSyncClientHandler.execute(SdkSyncClientHandler.java:45)
	at 	at software.amazon.awssdk.awscore.client.handler.AwsSyncClientHandler.execute(AwsSyncClientHandler.java:56)
	at 	at software.amazon.awssdk.services.cloudwatchlogs.DefaultCloudWatchLogsClient.putLogEvents(DefaultCloudWatchLogsClient.java:2873)
	at 	at ca.pjer.logback.client.AwsLogsCloudWatchClient.sendLogs(AwsLogsCloudWatchClient.java:96)
	at 	at ca.pjer.logback.AWSLogsStub.sendLogEvents(AWSLogsStub.java:84)
	at 	at ca.pjer.logback.AWSLogsStub.logEvents(AWSLogsStub.java:80)
	at 	at ca.pjer.logback.AsyncWorker.flush(AsyncWorker.java:148)
	at 	at ca.pjer.logback.AsyncWorker.run(AsyncWorker.java:123)
	at 	at java.base/java.lang.Thread.run(Thread.java:1583)
15:19:44,786 |-WARN in ca.pjer.logback.AwsLogsAppender[CLOUDWATCH] - 2 events lost
2025-02-16T15:19:56.841+08:00  INFO 44625 --- [           main] c.e.f.service.FraudDetectionService      : Analyzing transaction: com.example.frauddetection.model.Transaction@925ac16
2025-02-16T15:19:56.843+08:00  WARN 44625 --- [           main] c.e.f.service.FraudDetectionService      : High-value transaction detected: com.example.frauddetection.model.Transaction@925ac16
Verifying message:[15:19:44.635 [main] INFO  o.s.b.a.e.web.EndpointLinksResolver - Exposing 1 endpoint(s) beneath base path '/actuator'
]
Verifying message:[15:19:44.647 [sdk-async-response-1-8] ERROR i.a.c.s.l.s.AbstractPollingMessageSource - Error polling for messages in queue test-fraud-detection-queue
java.util.concurrent.CompletionException: software.amazon.awssdk.services.sqs.model.QueueDoesNotExistException: The specified queue does not exist for this wsdl version. (Service: Sqs, Status Code: 400, Request ID: 13f2c6fc-3e94-4c52-97c0-7249bf3e1af6)
	at software.amazon.awssdk.utils.CompletableFutureUtils.errorAsCompletionException(CompletableFutureUtils.java:65)
	at software.amazon.awssdk.core.internal.http.pipeline.stages.AsyncExecutionFailureExceptionReportingStage.lambda$execute$0(AsyncExecutionFailureExceptionReportingStage.java:51)
	at java.base/java.util.concurrent.CompletableFuture.uniHandle(CompletableFuture.java:934)
	at java.base/java.util.concurrent.CompletableFuture$UniHandle.tryFire(CompletableFuture.java:911)
	at java.base/java.util.concurrent.CompletableFuture.postComplete(CompletableFuture.java:510)
	at java.base/java.util.concurrent.CompletableFuture.completeExceptionally(CompletableFuture.java:2194)
	at software.amazon.awssdk.utils.CompletableFutureUtils.lambda$forwardExceptionTo$0(CompletableFutureUtils.java:79)
	at java.base/java.util.concurrent.CompletableFuture.uniWhenComplete(CompletableFuture.java:863)
	at java.base/java.util.concurrent.CompletableFuture$UniWhenComplete.tryFire(CompletableFuture.java:841)
	at java.base/java.util.concurrent.CompletableFuture.postComplete(CompletableFuture.java:510)
	at java.base/java.util.concurrent.CompletableFuture.completeExceptionally(CompletableFuture.java:2194)
	at software.amazon.awssdk.core.internal.http.pipeline.stages.AsyncRetryableStage$RetryingExecutor.maybeAttemptExecute(AsyncRetryableStage.java:103)
	at software.amazon.awssdk.core.internal.http.pipeline.stages.AsyncRetryableStage$RetryingExecutor.maybeRetryExecute(AsyncRetryableStage.java:184)
	at software.amazon.awssdk.core.internal.http.pipeline.stages.AsyncRetryableStage$RetryingExecutor.lambda$attemptExecute$1(AsyncRetryableStage.java:170)
	at java.base/java.util.concurrent.CompletableFuture.uniWhenComplete(CompletableFuture.java:863)
	at java.base/java.util.concurrent.CompletableFuture$UniWhenComplete.tryFire(CompletableFuture.java:841)
	at java.base/java.util.concurrent.CompletableFuture.postComplete(CompletableFuture.java:510)
	at java.base/java.util.concurrent.CompletableFuture.complete(CompletableFuture.java:2179)
	at software.amazon.awssdk.core.internal.http.pipeline.stages.MakeAsyncHttpRequestStage.lambda$null$0(MakeAsyncHttpRequestStage.java:105)
	at java.base/java.util.concurrent.CompletableFuture.uniWhenComplete(CompletableFuture.java:863)
	at java.base/java.util.concurrent.CompletableFuture$UniWhenComplete.tryFire(CompletableFuture.java:841)
	at java.base/java.util.concurrent.CompletableFuture.postComplete(CompletableFuture.java:510)
	at java.base/java.util.concurrent.CompletableFuture.complete(CompletableFuture.java:2179)
	at software.amazon.awssdk.core.internal.http.pipeline.stages.MakeAsyncHttpRequestStage.completeResponseFuture(MakeAsyncHttpRequestStage.java:238)
	at software.amazon.awssdk.core.internal.http.pipeline.stages.MakeAsyncHttpRequestStage.lambda$executeHttpRequest$3(MakeAsyncHttpRequestStage.java:163)
	at java.base/java.util.concurrent.CompletableFuture.uniHandle(CompletableFuture.java:934)
	at java.base/java.util.concurrent.CompletableFuture$UniHandle.tryFire(CompletableFuture.java:911)
	at java.base/java.util.concurrent.CompletableFuture$Completion.run(CompletableFuture.java:482)
	at java.base/java.util.concurrent.ThreadPoolExecutor.runWorker(ThreadPoolExecutor.java:1144)
	at java.base/java.util.concurrent.ThreadPoolExecutor$Worker.run(ThreadPoolExecutor.java:642)
	at java.base/java.lang.Thread.run(Thread.java:1583)
Caused by: software.amazon.awssdk.services.sqs.model.QueueDoesNotExistException: The specified queue does not exist for this wsdl version. (Service: Sqs, Status Code: 400, Request ID: 13f2c6fc-3e94-4c52-97c0-7249bf3e1af6)
	at software.amazon.awssdk.services.sqs.model.QueueDoesNotExistException$BuilderImpl.build(QueueDoesNotExistException.java:126)
	at software.amazon.awssdk.services.sqs.model.QueueDoesNotExistException$BuilderImpl.build(QueueDoesNotExistException.java:80)
	at software.amazon.awssdk.protocols.query.internal.unmarshall.AwsXmlErrorUnmarshaller.unmarshall(AwsXmlErrorUnmarshaller.java:99)
	at software.amazon.awssdk.protocols.query.unmarshall.AwsXmlErrorProtocolUnmarshaller.handle(AwsXmlErrorProtocolUnmarshaller.java:102)
	at software.amazon.awssdk.protocols.query.unmarshall.AwsXmlErrorProtocolUnmarshaller.handle(AwsXmlErrorProtocolUnmarshaller.java:82)
	at software.amazon.awssdk.core.http.MetricCollectingHttpResponseHandler.lambda$handle$0(MetricCollectingHttpResponseHandler.java:52)
	at software.amazon.awssdk.core.internal.util.MetricUtils.measureDurationUnsafe(MetricUtils.java:67)
	at software.amazon.awssdk.core.http.MetricCollectingHttpResponseHandler.handle(MetricCollectingHttpResponseHandler.java:52)
	at software.amazon.awssdk.core.internal.http.async.AsyncResponseHandler.lambda$prepare$0(AsyncResponseHandler.java:89)
	at java.base/java.util.concurrent.CompletableFuture$UniCompose.tryFire(CompletableFuture.java:1150)
	at java.base/java.util.concurrent.CompletableFuture.postComplete(CompletableFuture.java:510)
	at java.base/java.util.concurrent.CompletableFuture.complete(CompletableFuture.java:2179)
	at software.amazon.awssdk.core.internal.http.async.AsyncResponseHandler$BaosSubscriber.onComplete(AsyncResponseHandler.java:132)
	at software.amazon.awssdk.http.nio.netty.internal.ResponseHandler.runAndLogError(ResponseHandler.java:181)
	at software.amazon.awssdk.http.nio.netty.internal.ResponseHandler.access$500(ResponseHandler.java:71)
	at software.amazon.awssdk.http.nio.netty.internal.ResponseHandler$PublisherAdapter$1.onComplete(ResponseHandler.java:298)
	at software.amazon.awssdk.http.nio.netty.internal.nrs.HandlerPublisher.publishMessage(HandlerPublisher.java:402)
	at software.amazon.awssdk.http.nio.netty.internal.nrs.HandlerPublisher.flushBuffer(HandlerPublisher.java:338)
	at software.amazon.awssdk.http.nio.netty.internal.nrs.HandlerPublisher.receivedDemand(HandlerPublisher.java:291)
	at software.amazon.awssdk.http.nio.netty.internal.nrs.HandlerPublisher.access$200(HandlerPublisher.java:61)
	at software.amazon.awssdk.http.nio.netty.internal.nrs.HandlerPublisher$ChannelSubscription$1.run(HandlerPublisher.java:495)
	at io.netty.util.concurrent.AbstractEventExecutor.runTask(AbstractEventExecutor.java:173)
	at io.netty.util.concurrent.AbstractEventExecutor.safeExecute(AbstractEventExecutor.java:166)
	at io.netty.util.concurrent.SingleThreadEventExecutor.runAllTasks(SingleThreadEventExecutor.java:470)
	at io.netty.channel.nio.NioEventLoop.run(NioEventLoop.java:566)
	at io.netty.util.concurrent.SingleThreadEventExecutor$4.run(SingleThreadEventExecutor.java:997)
	at io.netty.util.internal.ThreadExecutorMap$2.run(ThreadExecutorMap.java:74)
	... 1 common frames omitted
]
Verifying message:[15:19:44.664 [sdk-async-response-1-9] ERROR i.a.c.s.l.s.AbstractPollingMessageSource - Error polling for messages in queue test-fraud-detection-queue
java.util.concurrent.CompletionException: software.amazon.awssdk.services.sqs.model.QueueDoesNotExistException: The specified queue does not exist for this wsdl version. (Service: Sqs, Status Code: 400, Request ID: b3d20c51-31ba-45ad-a1a6-ca0a3f323838)
	at software.amazon.awssdk.utils.CompletableFutureUtils.errorAsCompletionException(CompletableFutureUtils.java:65)
	at software.amazon.awssdk.core.internal.http.pipeline.stages.AsyncExecutionFailureExceptionReportingStage.lambda$execute$0(AsyncExecutionFailureExceptionReportingStage.java:51)
	at java.base/java.util.concurrent.CompletableFuture.uniHandle(CompletableFuture.java:934)
	at java.base/java.util.concurrent.CompletableFuture$UniHandle.tryFire(CompletableFuture.java:911)
	at java.base/java.util.concurrent.CompletableFuture.postComplete(CompletableFuture.java:510)
	at java.base/java.util.concurrent.CompletableFuture.completeExceptionally(CompletableFuture.java:2194)
	at software.amazon.awssdk.utils.CompletableFutureUtils.lambda$forwardExceptionTo$0(CompletableFutureUtils.java:79)
	at java.base/java.util.concurrent.CompletableFuture.uniWhenComplete(CompletableFuture.java:863)
	at java.base/java.util.concurrent.CompletableFuture$UniWhenComplete.tryFire(CompletableFuture.java:841)
	at java.base/java.util.concurrent.CompletableFuture.postComplete(CompletableFuture.java:510)
	at java.base/java.util.concurrent.CompletableFuture.completeExceptionally(CompletableFuture.java:2194)
	at software.amazon.awssdk.core.internal.http.pipeline.stages.AsyncRetryableStage$RetryingExecutor.maybeAttemptExecute(AsyncRetryableStage.java:103)
	at software.amazon.awssdk.core.internal.http.pipeline.stages.AsyncRetryableStage$RetryingExecutor.maybeRetryExecute(AsyncRetryableStage.java:184)
	at software.amazon.awssdk.core.internal.http.pipeline.stages.AsyncRetryableStage$RetryingExecutor.lambda$attemptExecute$1(AsyncRetryableStage.java:170)
	at java.base/java.util.concurrent.CompletableFuture.uniWhenComplete(CompletableFuture.java:863)
	at java.base/java.util.concurrent.CompletableFuture$UniWhenComplete.tryFire(CompletableFuture.java:841)
	at java.base/java.util.concurrent.CompletableFuture.postComplete(CompletableFuture.java:510)
	at java.base/java.util.concurrent.CompletableFuture.complete(CompletableFuture.java:2179)
	at software.amazon.awssdk.core.internal.http.pipeline.stages.MakeAsyncHttpRequestStage.lambda$null$0(MakeAsyncHttpRequestStage.java:105)
	at java.base/java.util.concurrent.CompletableFuture.uniWhenComplete(CompletableFuture.java:863)
	at java.base/java.util.concurrent.CompletableFuture$UniWhenComplete.tryFire(CompletableFuture.java:841)
	at java.base/java.util.concurrent.CompletableFuture.postComplete(CompletableFuture.java:510)
	at java.base/java.util.concurrent.CompletableFuture.complete(CompletableFuture.java:2179)
	at software.amazon.awssdk.core.internal.http.pipeline.stages.MakeAsyncHttpRequestStage.completeResponseFuture(MakeAsyncHttpRequestStage.java:238)
	at software.amazon.awssdk.core.internal.http.pipeline.stages.MakeAsyncHttpRequestStage.lambda$executeHttpRequest$3(MakeAsyncHttpRequestStage.java:163)
	at java.base/java.util.concurrent.CompletableFuture.uniHandle(CompletableFuture.java:934)
	at java.base/java.util.concurrent.CompletableFuture$UniHandle.tryFire(CompletableFuture.java:911)
	at java.base/java.util.concurrent.CompletableFuture$Completion.run(CompletableFuture.java:482)
	at java.base/java.util.concurrent.ThreadPoolExecutor.runWorker(ThreadPoolExecutor.java:1144)
	at java.base/java.util.concurrent.ThreadPoolExecutor$Worker.run(ThreadPoolExecutor.java:642)
	at java.base/java.lang.Thread.run(Thread.java:1583)
Caused by: software.amazon.awssdk.services.sqs.model.QueueDoesNotExistException: The specified queue does not exist for this wsdl version. (Service: Sqs, Status Code: 400, Request ID: b3d20c51-31ba-45ad-a1a6-ca0a3f323838)
	at software.amazon.awssdk.services.sqs.model.QueueDoesNotExistException$BuilderImpl.build(QueueDoesNotExistException.java:126)
	at software.amazon.awssdk.services.sqs.model.QueueDoesNotExistException$BuilderImpl.build(QueueDoesNotExistException.java:80)
	at software.amazon.awssdk.protocols.query.internal.unmarshall.AwsXmlErrorUnmarshaller.unmarshall(AwsXmlErrorUnmarshaller.java:99)
	at software.amazon.awssdk.protocols.query.unmarshall.AwsXmlErrorProtocolUnmarshaller.handle(AwsXmlErrorProtocolUnmarshaller.java:102)
	at software.amazon.awssdk.protocols.query.unmarshall.AwsXmlErrorProtocolUnmarshaller.handle(AwsXmlErrorProtocolUnmarshaller.java:82)
	at software.amazon.awssdk.core.http.MetricCollectingHttpResponseHandler.lambda$handle$0(MetricCollectingHttpResponseHandler.java:52)
	at software.amazon.awssdk.core.internal.util.MetricUtils.measureDurationUnsafe(MetricUtils.java:67)
	at software.amazon.awssdk.core.http.MetricCollectingHttpResponseHandler.handle(MetricCollectingHttpResponseHandler.java:52)
	at software.amazon.awssdk.core.internal.http.async.AsyncResponseHandler.lambda$prepare$0(AsyncResponseHandler.java:89)
	at java.base/java.util.concurrent.CompletableFuture$UniCompose.tryFire(CompletableFuture.java:1150)
	at java.base/java.util.concurrent.CompletableFuture.postComplete(CompletableFuture.java:510)
	at java.base/java.util.concurrent.CompletableFuture.complete(CompletableFuture.java:2179)
	at software.amazon.awssdk.core.internal.http.async.AsyncResponseHandler$BaosSubscriber.onComplete(AsyncResponseHandler.java:132)
	at software.amazon.awssdk.http.nio.netty.internal.ResponseHandler.runAndLogError(ResponseHandler.java:181)
	at software.amazon.awssdk.http.nio.netty.internal.ResponseHandler.access$500(ResponseHandler.java:71)
	at software.amazon.awssdk.http.nio.netty.internal.ResponseHandler$PublisherAdapter$1.onComplete(ResponseHandler.java:298)
	at software.amazon.awssdk.http.nio.netty.internal.nrs.HandlerPublisher.publishMessage(HandlerPublisher.java:402)
	at software.amazon.awssdk.http.nio.netty.internal.nrs.HandlerPublisher.flushBuffer(HandlerPublisher.java:338)
	at software.amazon.awssdk.http.nio.netty.internal.nrs.HandlerPublisher.receivedDemand(HandlerPublisher.java:291)
	at software.amazon.awssdk.http.nio.netty.internal.nrs.HandlerPublisher.access$200(HandlerPublisher.java:61)
	at software.amazon.awssdk.http.nio.netty.internal.nrs.HandlerPublisher$ChannelSubscription$1.run(HandlerPublisher.java:495)
	at io.netty.util.concurrent.AbstractEventExecutor.runTask(AbstractEventExecutor.java:173)
	at io.netty.util.concurrent.AbstractEventExecutor.safeExecute(AbstractEventExecutor.java:166)
	at io.netty.util.concurrent.SingleThreadEventExecutor.runAllTasks(SingleThreadEventExecutor.java:470)
	at io.netty.channel.nio.NioEventLoop.run(NioEventLoop.java:566)
	at io.netty.util.concurrent.SingleThreadEventExecutor$4.run(SingleThreadEventExecutor.java:997)
	at io.netty.util.internal.ThreadExecutorMap$2.run(ThreadExecutorMap.java:74)
	... 1 common frames omitted
]
Verifying message:[Test log stream initialization]
Verifying message:[15:19:56.841 [main] INFO  c.e.f.service.FraudDetectionService - Analyzing transaction: com.example.frauddetection.model.Transaction@925ac16
]
'High-value transaction detected' was found in logs: 15:19:56.843 [main] WARN  c.e.f.service.FraudDetectionService - High-value transaction detected: com.example.frauddetection.model.Transaction@925ac16

]]></system-out>
    <system-err><![CDATA[software.amazon.awssdk.core.exception.SdkClientException: Unable to execute HTTP request: Connect to localhost:4566 [localhost/127.0.0.1, localhost/0:0:0:0:0:0:0:1] failed: Connection refused
	at software.amazon.awssdk.core.exception.SdkClientException$BuilderImpl.build(SdkClientException.java:111)
	at software.amazon.awssdk.core.exception.SdkClientException.create(SdkClientException.java:47)
	at software.amazon.awssdk.core.internal.http.pipeline.stages.utils.RetryableStageHelper.setLastException(RetryableStageHelper.java:223)
	at software.amazon.awssdk.core.internal.http.pipeline.stages.RetryableStage.execute(RetryableStage.java:83)
	at software.amazon.awssdk.core.internal.http.pipeline.stages.RetryableStage.execute(RetryableStage.java:36)
	at software.amazon.awssdk.core.internal.http.pipeline.RequestPipelineBuilder$ComposingRequestPipelineStage.execute(RequestPipelineBuilder.java:206)
	at software.amazon.awssdk.core.internal.http.StreamManagingStage.execute(StreamManagingStage.java:56)
	at software.amazon.awssdk.core.internal.http.StreamManagingStage.execute(StreamManagingStage.java:36)
	at software.amazon.awssdk.core.internal.http.pipeline.stages.ApiCallTimeoutTrackingStage.executeWithTimer(ApiCallTimeoutTrackingStage.java:80)
	at software.amazon.awssdk.core.internal.http.pipeline.stages.ApiCallTimeoutTrackingStage.execute(ApiCallTimeoutTrackingStage.java:60)
	at software.amazon.awssdk.core.internal.http.pipeline.stages.ApiCallTimeoutTrackingStage.execute(ApiCallTimeoutTrackingStage.java:42)
	at software.amazon.awssdk.core.internal.http.pipeline.stages.ApiCallMetricCollectionStage.execute(ApiCallMetricCollectionStage.java:50)
	at software.amazon.awssdk.core.internal.http.pipeline.stages.ApiCallMetricCollectionStage.execute(ApiCallMetricCollectionStage.java:32)
	at software.amazon.awssdk.core.internal.http.pipeline.RequestPipelineBuilder$ComposingRequestPipelineStage.execute(RequestPipelineBuilder.java:206)
	at software.amazon.awssdk.core.internal.http.pipeline.RequestPipelineBuilder$ComposingRequestPipelineStage.execute(RequestPipelineBuilder.java:206)
	at software.amazon.awssdk.core.internal.http.pipeline.stages.ExecutionFailureExceptionReportingStage.execute(ExecutionFailureExceptionReportingStage.java:37)
	at software.amazon.awssdk.core.internal.http.pipeline.stages.ExecutionFailureExceptionReportingStage.execute(ExecutionFailureExceptionReportingStage.java:26)
	at software.amazon.awssdk.core.internal.http.AmazonSyncHttpClient$RequestExecutionBuilderImpl.execute(AmazonSyncHttpClient.java:198)
	at software.amazon.awssdk.core.internal.handler.BaseSyncClientHandler.invoke(BaseSyncClientHandler.java:103)
	at software.amazon.awssdk.core.internal.handler.BaseSyncClientHandler.doExecute(BaseSyncClientHandler.java:171)
	at software.amazon.awssdk.core.internal.handler.BaseSyncClientHandler.lambda$execute$1(BaseSyncClientHandler.java:82)
	at software.amazon.awssdk.core.internal.handler.BaseSyncClientHandler.measureApiCallSuccess(BaseSyncClientHandler.java:179)
	at software.amazon.awssdk.core.internal.handler.BaseSyncClientHandler.execute(BaseSyncClientHandler.java:76)
	at software.amazon.awssdk.core.client.handler.SdkSyncClientHandler.execute(SdkSyncClientHandler.java:45)
	at software.amazon.awssdk.awscore.client.handler.AwsSyncClientHandler.execute(AwsSyncClientHandler.java:56)
	at software.amazon.awssdk.services.cloudwatchlogs.DefaultCloudWatchLogsClient.putLogEvents(DefaultCloudWatchLogsClient.java:2873)
	at ca.pjer.logback.client.AwsLogsCloudWatchClient.sendLogs(AwsLogsCloudWatchClient.java:96)
	at ca.pjer.logback.AWSLogsStub.sendLogEvents(AWSLogsStub.java:84)
	at ca.pjer.logback.AWSLogsStub.logEvents(AWSLogsStub.java:80)
	at ca.pjer.logback.AsyncWorker.flush(AsyncWorker.java:148)
	at ca.pjer.logback.AsyncWorker.run(AsyncWorker.java:123)
	at java.base/java.lang.Thread.run(Thread.java:1583)
	Suppressed: software.amazon.awssdk.core.exception.SdkClientException: Request attempt 1 failure: Unable to execute HTTP request: The target server failed to respond
	Suppressed: software.amazon.awssdk.core.exception.SdkClientException: Request attempt 2 failure: Unable to execute HTTP request: Connect to localhost:4566 [localhost/127.0.0.1, localhost/0:0:0:0:0:0:0:1] failed: Connection refused
	Suppressed: software.amazon.awssdk.core.exception.SdkClientException: Request attempt 3 failure: Unable to execute HTTP request: Connect to localhost:4566 [localhost/127.0.0.1, localhost/0:0:0:0:0:0:0:1] failed: Connection refused
Caused by: org.apache.http.conn.HttpHostConnectException: Connect to localhost:4566 [localhost/127.0.0.1, localhost/0:0:0:0:0:0:0:1] failed: Connection refused
	at org.apache.http.impl.conn.DefaultHttpClientConnectionOperator.connect(DefaultHttpClientConnectionOperator.java:156)
	at org.apache.http.impl.conn.PoolingHttpClientConnectionManager.connect(PoolingHttpClientConnectionManager.java:376)
	at java.base/jdk.internal.reflect.DirectMethodHandleAccessor.invoke(DirectMethodHandleAccessor.java:103)
	at java.base/java.lang.reflect.Method.invoke(Method.java:580)
	at software.amazon.awssdk.http.apache.internal.conn.ClientConnectionManagerFactory$Handler.invoke(ClientConnectionManagerFactory.java:80)
	at jdk.proxy2/jdk.proxy2.$Proxy124.connect(Unknown Source)
	at org.apache.http.impl.execchain.MainClientExec.establishRoute(MainClientExec.java:393)
	at org.apache.http.impl.execchain.MainClientExec.execute(MainClientExec.java:236)
	at org.apache.http.impl.execchain.ProtocolExec.execute(ProtocolExec.java:186)
	at org.apache.http.impl.client.InternalHttpClient.doExecute(InternalHttpClient.java:185)
	at org.apache.http.impl.client.CloseableHttpClient.execute(CloseableHttpClient.java:83)
	at org.apache.http.impl.client.CloseableHttpClient.execute(CloseableHttpClient.java:56)
	at software.amazon.awssdk.http.apache.internal.impl.ApacheSdkHttpClient.execute(ApacheSdkHttpClient.java:72)
	at software.amazon.awssdk.http.apache.ApacheHttpClient.execute(ApacheHttpClient.java:253)
	at software.amazon.awssdk.http.apache.ApacheHttpClient.access$500(ApacheHttpClient.java:106)
	at software.amazon.awssdk.http.apache.ApacheHttpClient$1.call(ApacheHttpClient.java:232)
	at software.amazon.awssdk.http.apache.ApacheHttpClient$1.call(ApacheHttpClient.java:229)
	at software.amazon.awssdk.core.internal.util.MetricUtils.measureDurationUnsafe(MetricUtils.java:67)
	at software.amazon.awssdk.core.internal.http.pipeline.stages.MakeHttpRequestStage.executeHttpRequest(MakeHttpRequestStage.java:77)
	at software.amazon.awssdk.core.internal.http.pipeline.stages.MakeHttpRequestStage.execute(MakeHttpRequestStage.java:56)
	at software.amazon.awssdk.core.internal.http.pipeline.stages.MakeHttpRequestStage.execute(MakeHttpRequestStage.java:39)
	at software.amazon.awssdk.core.internal.http.pipeline.RequestPipelineBuilder$ComposingRequestPipelineStage.execute(RequestPipelineBuilder.java:206)
	at software.amazon.awssdk.core.internal.http.pipeline.RequestPipelineBuilder$ComposingRequestPipelineStage.execute(RequestPipelineBuilder.java:206)
	at software.amazon.awssdk.core.internal.http.pipeline.RequestPipelineBuilder$ComposingRequestPipelineStage.execute(RequestPipelineBuilder.java:206)
	at software.amazon.awssdk.core.internal.http.pipeline.RequestPipelineBuilder$ComposingRequestPipelineStage.execute(RequestPipelineBuilder.java:206)
	at software.amazon.awssdk.core.internal.http.pipeline.stages.ApiCallAttemptTimeoutTrackingStage.execute(ApiCallAttemptTimeoutTrackingStage.java:72)
	at software.amazon.awssdk.core.internal.http.pipeline.stages.ApiCallAttemptTimeoutTrackingStage.execute(ApiCallAttemptTimeoutTrackingStage.java:42)
	at software.amazon.awssdk.core.internal.http.pipeline.stages.TimeoutExceptionHandlingStage.execute(TimeoutExceptionHandlingStage.java:78)
	at software.amazon.awssdk.core.internal.http.pipeline.stages.TimeoutExceptionHandlingStage.execute(TimeoutExceptionHandlingStage.java:40)
	at software.amazon.awssdk.core.internal.http.pipeline.stages.ApiCallAttemptMetricCollectionStage.execute(ApiCallAttemptMetricCollectionStage.java:52)
	at software.amazon.awssdk.core.internal.http.pipeline.stages.ApiCallAttemptMetricCollectionStage.execute(ApiCallAttemptMetricCollectionStage.java:37)
	at software.amazon.awssdk.core.internal.http.pipeline.stages.RetryableStage.execute(RetryableStage.java:81)
	... 28 more
Caused by: java.net.ConnectException: Connection refused
	at java.base/sun.nio.ch.Net.pollConnect(Native Method)
	at java.base/sun.nio.ch.Net.pollConnectNow(Net.java:682)
	at java.base/sun.nio.ch.NioSocketImpl.timedFinishConnect(NioSocketImpl.java:549)
	at java.base/sun.nio.ch.NioSocketImpl.connect(NioSocketImpl.java:592)
	at java.base/java.net.SocksSocketImpl.connect(SocksSocketImpl.java:327)
	at java.base/java.net.Socket.connect(Socket.java:751)
	at org.apache.http.conn.socket.PlainConnectionSocketFactory.connectSocket(PlainConnectionSocketFactory.java:75)
	at org.apache.http.impl.conn.DefaultHttpClientConnectionOperator.connect(DefaultHttpClientConnectionOperator.java:142)
	... 59 more
software.amazon.awssdk.core.exception.SdkClientException: Unable to execute HTTP request: The target server failed to respond
	at software.amazon.awssdk.core.exception.SdkClientException$BuilderImpl.build(SdkClientException.java:111)
	at software.amazon.awssdk.core.exception.SdkClientException.create(SdkClientException.java:47)
	at software.amazon.awssdk.core.internal.http.pipeline.stages.utils.RetryableStageHelper.setLastException(RetryableStageHelper.java:223)
	at software.amazon.awssdk.core.internal.http.pipeline.stages.RetryableStage.execute(RetryableStage.java:83)
	at software.amazon.awssdk.core.internal.http.pipeline.stages.RetryableStage.execute(RetryableStage.java:36)
	at software.amazon.awssdk.core.internal.http.pipeline.RequestPipelineBuilder$ComposingRequestPipelineStage.execute(RequestPipelineBuilder.java:206)
	at software.amazon.awssdk.core.internal.http.StreamManagingStage.execute(StreamManagingStage.java:56)
	at software.amazon.awssdk.core.internal.http.StreamManagingStage.execute(StreamManagingStage.java:36)
	at software.amazon.awssdk.core.internal.http.pipeline.stages.ApiCallTimeoutTrackingStage.executeWithTimer(ApiCallTimeoutTrackingStage.java:80)
	at software.amazon.awssdk.core.internal.http.pipeline.stages.ApiCallTimeoutTrackingStage.execute(ApiCallTimeoutTrackingStage.java:60)
	at software.amazon.awssdk.core.internal.http.pipeline.stages.ApiCallTimeoutTrackingStage.execute(ApiCallTimeoutTrackingStage.java:42)
	at software.amazon.awssdk.core.internal.http.pipeline.stages.ApiCallMetricCollectionStage.execute(ApiCallMetricCollectionStage.java:50)
	at software.amazon.awssdk.core.internal.http.pipeline.stages.ApiCallMetricCollectionStage.execute(ApiCallMetricCollectionStage.java:32)
	at software.amazon.awssdk.core.internal.http.pipeline.RequestPipelineBuilder$ComposingRequestPipelineStage.execute(RequestPipelineBuilder.java:206)
	at software.amazon.awssdk.core.internal.http.pipeline.RequestPipelineBuilder$ComposingRequestPipelineStage.execute(RequestPipelineBuilder.java:206)
	at software.amazon.awssdk.core.internal.http.pipeline.stages.ExecutionFailureExceptionReportingStage.execute(ExecutionFailureExceptionReportingStage.java:37)
	at software.amazon.awssdk.core.internal.http.pipeline.stages.ExecutionFailureExceptionReportingStage.execute(ExecutionFailureExceptionReportingStage.java:26)
	at software.amazon.awssdk.core.internal.http.AmazonSyncHttpClient$RequestExecutionBuilderImpl.execute(AmazonSyncHttpClient.java:198)
	at software.amazon.awssdk.core.internal.handler.BaseSyncClientHandler.invoke(BaseSyncClientHandler.java:103)
	at software.amazon.awssdk.core.internal.handler.BaseSyncClientHandler.doExecute(BaseSyncClientHandler.java:171)
	at software.amazon.awssdk.core.internal.handler.BaseSyncClientHandler.lambda$execute$1(BaseSyncClientHandler.java:82)
	at software.amazon.awssdk.core.internal.handler.BaseSyncClientHandler.measureApiCallSuccess(BaseSyncClientHandler.java:179)
	at software.amazon.awssdk.core.internal.handler.BaseSyncClientHandler.execute(BaseSyncClientHandler.java:76)
	at software.amazon.awssdk.core.client.handler.SdkSyncClientHandler.execute(SdkSyncClientHandler.java:45)
	at software.amazon.awssdk.awscore.client.handler.AwsSyncClientHandler.execute(AwsSyncClientHandler.java:56)
	at software.amazon.awssdk.services.cloudwatchlogs.DefaultCloudWatchLogsClient.putLogEvents(DefaultCloudWatchLogsClient.java:2873)
	at ca.pjer.logback.client.AwsLogsCloudWatchClient.sendLogs(AwsLogsCloudWatchClient.java:96)
	at ca.pjer.logback.AWSLogsStub.sendLogEvents(AWSLogsStub.java:84)
	at ca.pjer.logback.AWSLogsStub.logEvents(AWSLogsStub.java:80)
	at ca.pjer.logback.AsyncWorker.flush(AsyncWorker.java:148)
	at ca.pjer.logback.AsyncWorker.run(AsyncWorker.java:123)
	at java.base/java.lang.Thread.run(Thread.java:1583)
	Suppressed: software.amazon.awssdk.core.exception.SdkClientException: Request attempt 1 failure: Unable to execute HTTP request: The target server failed to respond
	Suppressed: software.amazon.awssdk.core.exception.SdkClientException: Request attempt 2 failure: Unable to execute HTTP request: The target server failed to respond
	Suppressed: software.amazon.awssdk.core.exception.SdkClientException: Request attempt 3 failure: Unable to execute HTTP request: The target server failed to respond
Caused by: org.apache.http.NoHttpResponseException: The target server failed to respond
	at org.apache.http.impl.conn.DefaultHttpResponseParser.parseHead(DefaultHttpResponseParser.java:141)
	at org.apache.http.impl.conn.DefaultHttpResponseParser.parseHead(DefaultHttpResponseParser.java:56)
	at org.apache.http.impl.io.AbstractMessageParser.parse(AbstractMessageParser.java:259)
	at org.apache.http.impl.DefaultBHttpClientConnection.receiveResponseHeader(DefaultBHttpClientConnection.java:163)
	at org.apache.http.impl.conn.CPoolProxy.receiveResponseHeader(CPoolProxy.java:157)
	at org.apache.http.protocol.HttpRequestExecutor.doReceiveResponse(HttpRequestExecutor.java:273)
	at org.apache.http.protocol.HttpRequestExecutor.execute(HttpRequestExecutor.java:125)
	at org.apache.http.impl.execchain.MainClientExec.execute(MainClientExec.java:272)
	at org.apache.http.impl.execchain.ProtocolExec.execute(ProtocolExec.java:186)
	at org.apache.http.impl.client.InternalHttpClient.doExecute(InternalHttpClient.java:185)
	at org.apache.http.impl.client.CloseableHttpClient.execute(CloseableHttpClient.java:83)
	at org.apache.http.impl.client.CloseableHttpClient.execute(CloseableHttpClient.java:56)
	at software.amazon.awssdk.http.apache.internal.impl.ApacheSdkHttpClient.execute(ApacheSdkHttpClient.java:72)
	at software.amazon.awssdk.http.apache.ApacheHttpClient.execute(ApacheHttpClient.java:253)
	at software.amazon.awssdk.http.apache.ApacheHttpClient.access$500(ApacheHttpClient.java:106)
	at software.amazon.awssdk.http.apache.ApacheHttpClient$1.call(ApacheHttpClient.java:232)
	at software.amazon.awssdk.http.apache.ApacheHttpClient$1.call(ApacheHttpClient.java:229)
	at software.amazon.awssdk.core.internal.util.MetricUtils.measureDurationUnsafe(MetricUtils.java:67)
	at software.amazon.awssdk.core.internal.http.pipeline.stages.MakeHttpRequestStage.executeHttpRequest(MakeHttpRequestStage.java:77)
	at software.amazon.awssdk.core.internal.http.pipeline.stages.MakeHttpRequestStage.execute(MakeHttpRequestStage.java:56)
	at software.amazon.awssdk.core.internal.http.pipeline.stages.MakeHttpRequestStage.execute(MakeHttpRequestStage.java:39)
	at software.amazon.awssdk.core.internal.http.pipeline.RequestPipelineBuilder$ComposingRequestPipelineStage.execute(RequestPipelineBuilder.java:206)
	at software.amazon.awssdk.core.internal.http.pipeline.RequestPipelineBuilder$ComposingRequestPipelineStage.execute(RequestPipelineBuilder.java:206)
	at software.amazon.awssdk.core.internal.http.pipeline.RequestPipelineBuilder$ComposingRequestPipelineStage.execute(RequestPipelineBuilder.java:206)
	at software.amazon.awssdk.core.internal.http.pipeline.RequestPipelineBuilder$ComposingRequestPipelineStage.execute(RequestPipelineBuilder.java:206)
	at software.amazon.awssdk.core.internal.http.pipeline.stages.ApiCallAttemptTimeoutTrackingStage.execute(ApiCallAttemptTimeoutTrackingStage.java:72)
	at software.amazon.awssdk.core.internal.http.pipeline.stages.ApiCallAttemptTimeoutTrackingStage.execute(ApiCallAttemptTimeoutTrackingStage.java:42)
	at software.amazon.awssdk.core.internal.http.pipeline.stages.TimeoutExceptionHandlingStage.execute(TimeoutExceptionHandlingStage.java:78)
	at software.amazon.awssdk.core.internal.http.pipeline.stages.TimeoutExceptionHandlingStage.execute(TimeoutExceptionHandlingStage.java:40)
	at software.amazon.awssdk.core.internal.http.pipeline.stages.ApiCallAttemptMetricCollectionStage.execute(ApiCallAttemptMetricCollectionStage.java:52)
	at software.amazon.awssdk.core.internal.http.pipeline.stages.ApiCallAttemptMetricCollectionStage.execute(ApiCallAttemptMetricCollectionStage.java:37)
	at software.amazon.awssdk.core.internal.http.pipeline.stages.RetryableStage.execute(RetryableStage.java:81)
	... 28 more
software.amazon.awssdk.core.exception.SdkClientException: Unable to execute HTTP request: The target server failed to respond
	at software.amazon.awssdk.core.exception.SdkClientException$BuilderImpl.build(SdkClientException.java:111)
	at software.amazon.awssdk.core.exception.SdkClientException.create(SdkClientException.java:47)
	at software.amazon.awssdk.core.internal.http.pipeline.stages.utils.RetryableStageHelper.setLastException(RetryableStageHelper.java:223)
	at software.amazon.awssdk.core.internal.http.pipeline.stages.RetryableStage.execute(RetryableStage.java:83)
	at software.amazon.awssdk.core.internal.http.pipeline.stages.RetryableStage.execute(RetryableStage.java:36)
	at software.amazon.awssdk.core.internal.http.pipeline.RequestPipelineBuilder$ComposingRequestPipelineStage.execute(RequestPipelineBuilder.java:206)
	at software.amazon.awssdk.core.internal.http.StreamManagingStage.execute(StreamManagingStage.java:56)
	at software.amazon.awssdk.core.internal.http.StreamManagingStage.execute(StreamManagingStage.java:36)
	at software.amazon.awssdk.core.internal.http.pipeline.stages.ApiCallTimeoutTrackingStage.executeWithTimer(ApiCallTimeoutTrackingStage.java:80)
	at software.amazon.awssdk.core.internal.http.pipeline.stages.ApiCallTimeoutTrackingStage.execute(ApiCallTimeoutTrackingStage.java:60)
	at software.amazon.awssdk.core.internal.http.pipeline.stages.ApiCallTimeoutTrackingStage.execute(ApiCallTimeoutTrackingStage.java:42)
	at software.amazon.awssdk.core.internal.http.pipeline.stages.ApiCallMetricCollectionStage.execute(ApiCallMetricCollectionStage.java:50)
	at software.amazon.awssdk.core.internal.http.pipeline.stages.ApiCallMetricCollectionStage.execute(ApiCallMetricCollectionStage.java:32)
	at software.amazon.awssdk.core.internal.http.pipeline.RequestPipelineBuilder$ComposingRequestPipelineStage.execute(RequestPipelineBuilder.java:206)
	at software.amazon.awssdk.core.internal.http.pipeline.RequestPipelineBuilder$ComposingRequestPipelineStage.execute(RequestPipelineBuilder.java:206)
	at software.amazon.awssdk.core.internal.http.pipeline.stages.ExecutionFailureExceptionReportingStage.execute(ExecutionFailureExceptionReportingStage.java:37)
	at software.amazon.awssdk.core.internal.http.pipeline.stages.ExecutionFailureExceptionReportingStage.execute(ExecutionFailureExceptionReportingStage.java:26)
	at software.amazon.awssdk.core.internal.http.AmazonSyncHttpClient$RequestExecutionBuilderImpl.execute(AmazonSyncHttpClient.java:198)
	at software.amazon.awssdk.core.internal.handler.BaseSyncClientHandler.invoke(BaseSyncClientHandler.java:103)
	at software.amazon.awssdk.core.internal.handler.BaseSyncClientHandler.doExecute(BaseSyncClientHandler.java:171)
	at software.amazon.awssdk.core.internal.handler.BaseSyncClientHandler.lambda$execute$1(BaseSyncClientHandler.java:82)
	at software.amazon.awssdk.core.internal.handler.BaseSyncClientHandler.measureApiCallSuccess(BaseSyncClientHandler.java:179)
	at software.amazon.awssdk.core.internal.handler.BaseSyncClientHandler.execute(BaseSyncClientHandler.java:76)
	at software.amazon.awssdk.core.client.handler.SdkSyncClientHandler.execute(SdkSyncClientHandler.java:45)
	at software.amazon.awssdk.awscore.client.handler.AwsSyncClientHandler.execute(AwsSyncClientHandler.java:56)
	at software.amazon.awssdk.services.cloudwatchlogs.DefaultCloudWatchLogsClient.putLogEvents(DefaultCloudWatchLogsClient.java:2873)
	at ca.pjer.logback.client.AwsLogsCloudWatchClient.sendLogs(AwsLogsCloudWatchClient.java:96)
	at ca.pjer.logback.AWSLogsStub.sendLogEvents(AWSLogsStub.java:84)
	at ca.pjer.logback.AWSLogsStub.logEvents(AWSLogsStub.java:80)
	at ca.pjer.logback.AsyncWorker.flush(AsyncWorker.java:148)
	at ca.pjer.logback.AsyncWorker.run(AsyncWorker.java:123)
	at java.base/java.lang.Thread.run(Thread.java:1583)
	Suppressed: software.amazon.awssdk.core.exception.SdkClientException: Request attempt 1 failure: Unable to execute HTTP request: The target server failed to respond
	Suppressed: software.amazon.awssdk.core.exception.SdkClientException: Request attempt 2 failure: Unable to execute HTTP request: The target server failed to respond
	Suppressed: software.amazon.awssdk.core.exception.SdkClientException: Request attempt 3 failure: Unable to execute HTTP request: The target server failed to respond
Caused by: org.apache.http.NoHttpResponseException: The target server failed to respond
	at org.apache.http.impl.conn.DefaultHttpResponseParser.parseHead(DefaultHttpResponseParser.java:141)
	at org.apache.http.impl.conn.DefaultHttpResponseParser.parseHead(DefaultHttpResponseParser.java:56)
	at org.apache.http.impl.io.AbstractMessageParser.parse(AbstractMessageParser.java:259)
	at org.apache.http.impl.DefaultBHttpClientConnection.receiveResponseHeader(DefaultBHttpClientConnection.java:163)
	at org.apache.http.impl.conn.CPoolProxy.receiveResponseHeader(CPoolProxy.java:157)
	at org.apache.http.protocol.HttpRequestExecutor.doReceiveResponse(HttpRequestExecutor.java:273)
	at org.apache.http.protocol.HttpRequestExecutor.execute(HttpRequestExecutor.java:125)
	at org.apache.http.impl.execchain.MainClientExec.execute(MainClientExec.java:272)
	at org.apache.http.impl.execchain.ProtocolExec.execute(ProtocolExec.java:186)
	at org.apache.http.impl.client.InternalHttpClient.doExecute(InternalHttpClient.java:185)
	at org.apache.http.impl.client.CloseableHttpClient.execute(CloseableHttpClient.java:83)
	at org.apache.http.impl.client.CloseableHttpClient.execute(CloseableHttpClient.java:56)
	at software.amazon.awssdk.http.apache.internal.impl.ApacheSdkHttpClient.execute(ApacheSdkHttpClient.java:72)
	at software.amazon.awssdk.http.apache.ApacheHttpClient.execute(ApacheHttpClient.java:253)
	at software.amazon.awssdk.http.apache.ApacheHttpClient.access$500(ApacheHttpClient.java:106)
	at software.amazon.awssdk.http.apache.ApacheHttpClient$1.call(ApacheHttpClient.java:232)
	at software.amazon.awssdk.http.apache.ApacheHttpClient$1.call(ApacheHttpClient.java:229)
	at software.amazon.awssdk.core.internal.util.MetricUtils.measureDurationUnsafe(MetricUtils.java:67)
	at software.amazon.awssdk.core.internal.http.pipeline.stages.MakeHttpRequestStage.executeHttpRequest(MakeHttpRequestStage.java:77)
	at software.amazon.awssdk.core.internal.http.pipeline.stages.MakeHttpRequestStage.execute(MakeHttpRequestStage.java:56)
	at software.amazon.awssdk.core.internal.http.pipeline.stages.MakeHttpRequestStage.execute(MakeHttpRequestStage.java:39)
	at software.amazon.awssdk.core.internal.http.pipeline.RequestPipelineBuilder$ComposingRequestPipelineStage.execute(RequestPipelineBuilder.java:206)
	at software.amazon.awssdk.core.internal.http.pipeline.RequestPipelineBuilder$ComposingRequestPipelineStage.execute(RequestPipelineBuilder.java:206)
	at software.amazon.awssdk.core.internal.http.pipeline.RequestPipelineBuilder$ComposingRequestPipelineStage.execute(RequestPipelineBuilder.java:206)
	at software.amazon.awssdk.core.internal.http.pipeline.RequestPipelineBuilder$ComposingRequestPipelineStage.execute(RequestPipelineBuilder.java:206)
	at software.amazon.awssdk.core.internal.http.pipeline.stages.ApiCallAttemptTimeoutTrackingStage.execute(ApiCallAttemptTimeoutTrackingStage.java:72)
	at software.amazon.awssdk.core.internal.http.pipeline.stages.ApiCallAttemptTimeoutTrackingStage.execute(ApiCallAttemptTimeoutTrackingStage.java:42)
	at software.amazon.awssdk.core.internal.http.pipeline.stages.TimeoutExceptionHandlingStage.execute(TimeoutExceptionHandlingStage.java:78)
	at software.amazon.awssdk.core.internal.http.pipeline.stages.TimeoutExceptionHandlingStage.execute(TimeoutExceptionHandlingStage.java:40)
	at software.amazon.awssdk.core.internal.http.pipeline.stages.ApiCallAttemptMetricCollectionStage.execute(ApiCallAttemptMetricCollectionStage.java:52)
	at software.amazon.awssdk.core.internal.http.pipeline.stages.ApiCallAttemptMetricCollectionStage.execute(ApiCallAttemptMetricCollectionStage.java:37)
	at software.amazon.awssdk.core.internal.http.pipeline.stages.RetryableStage.execute(RetryableStage.java:81)
	... 28 more
software.amazon.awssdk.core.exception.SdkClientException: Unable to execute HTTP request: The target server failed to respond
	at software.amazon.awssdk.core.exception.SdkClientException$BuilderImpl.build(SdkClientException.java:111)
	at software.amazon.awssdk.core.exception.SdkClientException.create(SdkClientException.java:47)
	at software.amazon.awssdk.core.internal.http.pipeline.stages.utils.RetryableStageHelper.setLastException(RetryableStageHelper.java:223)
	at software.amazon.awssdk.core.internal.http.pipeline.stages.RetryableStage.execute(RetryableStage.java:83)
	at software.amazon.awssdk.core.internal.http.pipeline.stages.RetryableStage.execute(RetryableStage.java:36)
	at software.amazon.awssdk.core.internal.http.pipeline.RequestPipelineBuilder$ComposingRequestPipelineStage.execute(RequestPipelineBuilder.java:206)
	at software.amazon.awssdk.core.internal.http.StreamManagingStage.execute(StreamManagingStage.java:56)
	at software.amazon.awssdk.core.internal.http.StreamManagingStage.execute(StreamManagingStage.java:36)
	at software.amazon.awssdk.core.internal.http.pipeline.stages.ApiCallTimeoutTrackingStage.executeWithTimer(ApiCallTimeoutTrackingStage.java:80)
	at software.amazon.awssdk.core.internal.http.pipeline.stages.ApiCallTimeoutTrackingStage.execute(ApiCallTimeoutTrackingStage.java:60)
	at software.amazon.awssdk.core.internal.http.pipeline.stages.ApiCallTimeoutTrackingStage.execute(ApiCallTimeoutTrackingStage.java:42)
	at software.amazon.awssdk.core.internal.http.pipeline.stages.ApiCallMetricCollectionStage.execute(ApiCallMetricCollectionStage.java:50)
	at software.amazon.awssdk.core.internal.http.pipeline.stages.ApiCallMetricCollectionStage.execute(ApiCallMetricCollectionStage.java:32)
	at software.amazon.awssdk.core.internal.http.pipeline.RequestPipelineBuilder$ComposingRequestPipelineStage.execute(RequestPipelineBuilder.java:206)
	at software.amazon.awssdk.core.internal.http.pipeline.RequestPipelineBuilder$ComposingRequestPipelineStage.execute(RequestPipelineBuilder.java:206)
	at software.amazon.awssdk.core.internal.http.pipeline.stages.ExecutionFailureExceptionReportingStage.execute(ExecutionFailureExceptionReportingStage.java:37)
	at software.amazon.awssdk.core.internal.http.pipeline.stages.ExecutionFailureExceptionReportingStage.execute(ExecutionFailureExceptionReportingStage.java:26)
	at software.amazon.awssdk.core.internal.http.AmazonSyncHttpClient$RequestExecutionBuilderImpl.execute(AmazonSyncHttpClient.java:198)
	at software.amazon.awssdk.core.internal.handler.BaseSyncClientHandler.invoke(BaseSyncClientHandler.java:103)
	at software.amazon.awssdk.core.internal.handler.BaseSyncClientHandler.doExecute(BaseSyncClientHandler.java:171)
	at software.amazon.awssdk.core.internal.handler.BaseSyncClientHandler.lambda$execute$1(BaseSyncClientHandler.java:82)
	at software.amazon.awssdk.core.internal.handler.BaseSyncClientHandler.measureApiCallSuccess(BaseSyncClientHandler.java:179)
	at software.amazon.awssdk.core.internal.handler.BaseSyncClientHandler.execute(BaseSyncClientHandler.java:76)
	at software.amazon.awssdk.core.client.handler.SdkSyncClientHandler.execute(SdkSyncClientHandler.java:45)
	at software.amazon.awssdk.awscore.client.handler.AwsSyncClientHandler.execute(AwsSyncClientHandler.java:56)
	at software.amazon.awssdk.services.cloudwatchlogs.DefaultCloudWatchLogsClient.putLogEvents(DefaultCloudWatchLogsClient.java:2873)
	at ca.pjer.logback.client.AwsLogsCloudWatchClient.sendLogs(AwsLogsCloudWatchClient.java:96)
	at ca.pjer.logback.AWSLogsStub.sendLogEvents(AWSLogsStub.java:84)
	at ca.pjer.logback.AWSLogsStub.logEvents(AWSLogsStub.java:80)
	at ca.pjer.logback.AsyncWorker.flush(AsyncWorker.java:148)
	at ca.pjer.logback.AsyncWorker.run(AsyncWorker.java:123)
	at java.base/java.lang.Thread.run(Thread.java:1583)
	Suppressed: software.amazon.awssdk.core.exception.SdkClientException: Request attempt 1 failure: Unable to execute HTTP request: The target server failed to respond
	Suppressed: software.amazon.awssdk.core.exception.SdkClientException: Request attempt 2 failure: Unable to execute HTTP request: The target server failed to respond
	Suppressed: software.amazon.awssdk.core.exception.SdkClientException: Request attempt 3 failure: Unable to execute HTTP request: The target server failed to respond
Caused by: org.apache.http.NoHttpResponseException: The target server failed to respond
	at org.apache.http.impl.conn.DefaultHttpResponseParser.parseHead(DefaultHttpResponseParser.java:141)
	at org.apache.http.impl.conn.DefaultHttpResponseParser.parseHead(DefaultHttpResponseParser.java:56)
	at org.apache.http.impl.io.AbstractMessageParser.parse(AbstractMessageParser.java:259)
	at org.apache.http.impl.DefaultBHttpClientConnection.receiveResponseHeader(DefaultBHttpClientConnection.java:163)
	at org.apache.http.impl.conn.CPoolProxy.receiveResponseHeader(CPoolProxy.java:157)
	at org.apache.http.protocol.HttpRequestExecutor.doReceiveResponse(HttpRequestExecutor.java:273)
	at org.apache.http.protocol.HttpRequestExecutor.execute(HttpRequestExecutor.java:125)
	at org.apache.http.impl.execchain.MainClientExec.execute(MainClientExec.java:272)
	at org.apache.http.impl.execchain.ProtocolExec.execute(ProtocolExec.java:186)
	at org.apache.http.impl.client.InternalHttpClient.doExecute(InternalHttpClient.java:185)
	at org.apache.http.impl.client.CloseableHttpClient.execute(CloseableHttpClient.java:83)
	at org.apache.http.impl.client.CloseableHttpClient.execute(CloseableHttpClient.java:56)
	at software.amazon.awssdk.http.apache.internal.impl.ApacheSdkHttpClient.execute(ApacheSdkHttpClient.java:72)
	at software.amazon.awssdk.http.apache.ApacheHttpClient.execute(ApacheHttpClient.java:253)
	at software.amazon.awssdk.http.apache.ApacheHttpClient.access$500(ApacheHttpClient.java:106)
	at software.amazon.awssdk.http.apache.ApacheHttpClient$1.call(ApacheHttpClient.java:232)
	at software.amazon.awssdk.http.apache.ApacheHttpClient$1.call(ApacheHttpClient.java:229)
	at software.amazon.awssdk.core.internal.util.MetricUtils.measureDurationUnsafe(MetricUtils.java:67)
	at software.amazon.awssdk.core.internal.http.pipeline.stages.MakeHttpRequestStage.executeHttpRequest(MakeHttpRequestStage.java:77)
	at software.amazon.awssdk.core.internal.http.pipeline.stages.MakeHttpRequestStage.execute(MakeHttpRequestStage.java:56)
	at software.amazon.awssdk.core.internal.http.pipeline.stages.MakeHttpRequestStage.execute(MakeHttpRequestStage.java:39)
	at software.amazon.awssdk.core.internal.http.pipeline.RequestPipelineBuilder$ComposingRequestPipelineStage.execute(RequestPipelineBuilder.java:206)
	at software.amazon.awssdk.core.internal.http.pipeline.RequestPipelineBuilder$ComposingRequestPipelineStage.execute(RequestPipelineBuilder.java:206)
	at software.amazon.awssdk.core.internal.http.pipeline.RequestPipelineBuilder$ComposingRequestPipelineStage.execute(RequestPipelineBuilder.java:206)
	at software.amazon.awssdk.core.internal.http.pipeline.RequestPipelineBuilder$ComposingRequestPipelineStage.execute(RequestPipelineBuilder.java:206)
	at software.amazon.awssdk.core.internal.http.pipeline.stages.ApiCallAttemptTimeoutTrackingStage.execute(ApiCallAttemptTimeoutTrackingStage.java:72)
	at software.amazon.awssdk.core.internal.http.pipeline.stages.ApiCallAttemptTimeoutTrackingStage.execute(ApiCallAttemptTimeoutTrackingStage.java:42)
	at software.amazon.awssdk.core.internal.http.pipeline.stages.TimeoutExceptionHandlingStage.execute(TimeoutExceptionHandlingStage.java:78)
	at software.amazon.awssdk.core.internal.http.pipeline.stages.TimeoutExceptionHandlingStage.execute(TimeoutExceptionHandlingStage.java:40)
	at software.amazon.awssdk.core.internal.http.pipeline.stages.ApiCallAttemptMetricCollectionStage.execute(ApiCallAttemptMetricCollectionStage.java:52)
	at software.amazon.awssdk.core.internal.http.pipeline.stages.ApiCallAttemptMetricCollectionStage.execute(ApiCallAttemptMetricCollectionStage.java:37)
	at software.amazon.awssdk.core.internal.http.pipeline.stages.RetryableStage.execute(RetryableStage.java:81)
	... 28 more
software.amazon.awssdk.services.cloudwatchlogs.model.ResourceNotFoundException: The specified log group does not exist (Service: CloudWatchLogs, Status Code: 400, Request ID: 5f3a9769-2844-453a-be3c-9dfbdaddc18a)
	at software.amazon.awssdk.core.internal.http.CombinedResponseHandler.handleErrorResponse(CombinedResponseHandler.java:125)
	at software.amazon.awssdk.core.internal.http.CombinedResponseHandler.handleResponse(CombinedResponseHandler.java:82)
	at software.amazon.awssdk.core.internal.http.CombinedResponseHandler.handle(CombinedResponseHandler.java:60)
	at software.amazon.awssdk.core.internal.http.CombinedResponseHandler.handle(CombinedResponseHandler.java:41)
	at software.amazon.awssdk.core.internal.http.pipeline.stages.HandleResponseStage.execute(HandleResponseStage.java:40)
	at software.amazon.awssdk.core.internal.http.pipeline.stages.HandleResponseStage.execute(HandleResponseStage.java:30)
	at software.amazon.awssdk.core.internal.http.pipeline.RequestPipelineBuilder$ComposingRequestPipelineStage.execute(RequestPipelineBuilder.java:206)
	at software.amazon.awssdk.core.internal.http.pipeline.stages.ApiCallAttemptTimeoutTrackingStage.execute(ApiCallAttemptTimeoutTrackingStage.java:72)
	at software.amazon.awssdk.core.internal.http.pipeline.stages.ApiCallAttemptTimeoutTrackingStage.execute(ApiCallAttemptTimeoutTrackingStage.java:42)
	at software.amazon.awssdk.core.internal.http.pipeline.stages.TimeoutExceptionHandlingStage.execute(TimeoutExceptionHandlingStage.java:78)
	at software.amazon.awssdk.core.internal.http.pipeline.stages.TimeoutExceptionHandlingStage.execute(TimeoutExceptionHandlingStage.java:40)
	at software.amazon.awssdk.core.internal.http.pipeline.stages.ApiCallAttemptMetricCollectionStage.execute(ApiCallAttemptMetricCollectionStage.java:52)
	at software.amazon.awssdk.core.internal.http.pipeline.stages.ApiCallAttemptMetricCollectionStage.execute(ApiCallAttemptMetricCollectionStage.java:37)
	at software.amazon.awssdk.core.internal.http.pipeline.stages.RetryableStage.execute(RetryableStage.java:81)
	at software.amazon.awssdk.core.internal.http.pipeline.stages.RetryableStage.execute(RetryableStage.java:36)
	at software.amazon.awssdk.core.internal.http.pipeline.RequestPipelineBuilder$ComposingRequestPipelineStage.execute(RequestPipelineBuilder.java:206)
	at software.amazon.awssdk.core.internal.http.StreamManagingStage.execute(StreamManagingStage.java:56)
	at software.amazon.awssdk.core.internal.http.StreamManagingStage.execute(StreamManagingStage.java:36)
	at software.amazon.awssdk.core.internal.http.pipeline.stages.ApiCallTimeoutTrackingStage.executeWithTimer(ApiCallTimeoutTrackingStage.java:80)
	at software.amazon.awssdk.core.internal.http.pipeline.stages.ApiCallTimeoutTrackingStage.execute(ApiCallTimeoutTrackingStage.java:60)
	at software.amazon.awssdk.core.internal.http.pipeline.stages.ApiCallTimeoutTrackingStage.execute(ApiCallTimeoutTrackingStage.java:42)
	at software.amazon.awssdk.core.internal.http.pipeline.stages.ApiCallMetricCollectionStage.execute(ApiCallMetricCollectionStage.java:50)
	at software.amazon.awssdk.core.internal.http.pipeline.stages.ApiCallMetricCollectionStage.execute(ApiCallMetricCollectionStage.java:32)
	at software.amazon.awssdk.core.internal.http.pipeline.RequestPipelineBuilder$ComposingRequestPipelineStage.execute(RequestPipelineBuilder.java:206)
	at software.amazon.awssdk.core.internal.http.pipeline.RequestPipelineBuilder$ComposingRequestPipelineStage.execute(RequestPipelineBuilder.java:206)
	at software.amazon.awssdk.core.internal.http.pipeline.stages.ExecutionFailureExceptionReportingStage.execute(ExecutionFailureExceptionReportingStage.java:37)
	at software.amazon.awssdk.core.internal.http.pipeline.stages.ExecutionFailureExceptionReportingStage.execute(ExecutionFailureExceptionReportingStage.java:26)
	at software.amazon.awssdk.core.internal.http.AmazonSyncHttpClient$RequestExecutionBuilderImpl.execute(AmazonSyncHttpClient.java:198)
	at software.amazon.awssdk.core.internal.handler.BaseSyncClientHandler.invoke(BaseSyncClientHandler.java:103)
	at software.amazon.awssdk.core.internal.handler.BaseSyncClientHandler.doExecute(BaseSyncClientHandler.java:171)
	at software.amazon.awssdk.core.internal.handler.BaseSyncClientHandler.lambda$execute$1(BaseSyncClientHandler.java:82)
	at software.amazon.awssdk.core.internal.handler.BaseSyncClientHandler.measureApiCallSuccess(BaseSyncClientHandler.java:179)
	at software.amazon.awssdk.core.internal.handler.BaseSyncClientHandler.execute(BaseSyncClientHandler.java:76)
	at software.amazon.awssdk.core.client.handler.SdkSyncClientHandler.execute(SdkSyncClientHandler.java:45)
	at software.amazon.awssdk.awscore.client.handler.AwsSyncClientHandler.execute(AwsSyncClientHandler.java:56)
	at software.amazon.awssdk.services.cloudwatchlogs.DefaultCloudWatchLogsClient.putLogEvents(DefaultCloudWatchLogsClient.java:2873)
	at ca.pjer.logback.client.AwsLogsCloudWatchClient.sendLogs(AwsLogsCloudWatchClient.java:96)
	at ca.pjer.logback.AWSLogsStub.sendLogEvents(AWSLogsStub.java:84)
	at ca.pjer.logback.AWSLogsStub.logEvents(AWSLogsStub.java:80)
	at ca.pjer.logback.AsyncWorker.flush(AsyncWorker.java:148)
	at ca.pjer.logback.AsyncWorker.run(AsyncWorker.java:123)
	at java.base/java.lang.Thread.run(Thread.java:1583)
	Suppressed: software.amazon.awssdk.core.exception.SdkClientException: Request attempt 1 failure: Unable to execute HTTP request: The target server failed to respond
software.amazon.awssdk.services.cloudwatchlogs.model.ResourceNotFoundException: The specified log group does not exist (Service: CloudWatchLogs, Status Code: 400, Request ID: 5c6866a3-e306-4b12-aab3-e4cdcc0479db)
	at software.amazon.awssdk.core.internal.http.CombinedResponseHandler.handleErrorResponse(CombinedResponseHandler.java:125)
	at software.amazon.awssdk.core.internal.http.CombinedResponseHandler.handleResponse(CombinedResponseHandler.java:82)
	at software.amazon.awssdk.core.internal.http.CombinedResponseHandler.handle(CombinedResponseHandler.java:60)
	at software.amazon.awssdk.core.internal.http.CombinedResponseHandler.handle(CombinedResponseHandler.java:41)
	at software.amazon.awssdk.core.internal.http.pipeline.stages.HandleResponseStage.execute(HandleResponseStage.java:40)
	at software.amazon.awssdk.core.internal.http.pipeline.stages.HandleResponseStage.execute(HandleResponseStage.java:30)
	at software.amazon.awssdk.core.internal.http.pipeline.RequestPipelineBuilder$ComposingRequestPipelineStage.execute(RequestPipelineBuilder.java:206)
	at software.amazon.awssdk.core.internal.http.pipeline.stages.ApiCallAttemptTimeoutTrackingStage.execute(ApiCallAttemptTimeoutTrackingStage.java:72)
	at software.amazon.awssdk.core.internal.http.pipeline.stages.ApiCallAttemptTimeoutTrackingStage.execute(ApiCallAttemptTimeoutTrackingStage.java:42)
	at software.amazon.awssdk.core.internal.http.pipeline.stages.TimeoutExceptionHandlingStage.execute(TimeoutExceptionHandlingStage.java:78)
	at software.amazon.awssdk.core.internal.http.pipeline.stages.TimeoutExceptionHandlingStage.execute(TimeoutExceptionHandlingStage.java:40)
	at software.amazon.awssdk.core.internal.http.pipeline.stages.ApiCallAttemptMetricCollectionStage.execute(ApiCallAttemptMetricCollectionStage.java:52)
	at software.amazon.awssdk.core.internal.http.pipeline.stages.ApiCallAttemptMetricCollectionStage.execute(ApiCallAttemptMetricCollectionStage.java:37)
	at software.amazon.awssdk.core.internal.http.pipeline.stages.RetryableStage.execute(RetryableStage.java:81)
	at software.amazon.awssdk.core.internal.http.pipeline.stages.RetryableStage.execute(RetryableStage.java:36)
	at software.amazon.awssdk.core.internal.http.pipeline.RequestPipelineBuilder$ComposingRequestPipelineStage.execute(RequestPipelineBuilder.java:206)
	at software.amazon.awssdk.core.internal.http.StreamManagingStage.execute(StreamManagingStage.java:56)
	at software.amazon.awssdk.core.internal.http.StreamManagingStage.execute(StreamManagingStage.java:36)
	at software.amazon.awssdk.core.internal.http.pipeline.stages.ApiCallTimeoutTrackingStage.executeWithTimer(ApiCallTimeoutTrackingStage.java:80)
	at software.amazon.awssdk.core.internal.http.pipeline.stages.ApiCallTimeoutTrackingStage.execute(ApiCallTimeoutTrackingStage.java:60)
	at software.amazon.awssdk.core.internal.http.pipeline.stages.ApiCallTimeoutTrackingStage.execute(ApiCallTimeoutTrackingStage.java:42)
	at software.amazon.awssdk.core.internal.http.pipeline.stages.ApiCallMetricCollectionStage.execute(ApiCallMetricCollectionStage.java:50)
	at software.amazon.awssdk.core.internal.http.pipeline.stages.ApiCallMetricCollectionStage.execute(ApiCallMetricCollectionStage.java:32)
	at software.amazon.awssdk.core.internal.http.pipeline.RequestPipelineBuilder$ComposingRequestPipelineStage.execute(RequestPipelineBuilder.java:206)
	at software.amazon.awssdk.core.internal.http.pipeline.RequestPipelineBuilder$ComposingRequestPipelineStage.execute(RequestPipelineBuilder.java:206)
	at software.amazon.awssdk.core.internal.http.pipeline.stages.ExecutionFailureExceptionReportingStage.execute(ExecutionFailureExceptionReportingStage.java:37)
	at software.amazon.awssdk.core.internal.http.pipeline.stages.ExecutionFailureExceptionReportingStage.execute(ExecutionFailureExceptionReportingStage.java:26)
	at software.amazon.awssdk.core.internal.http.AmazonSyncHttpClient$RequestExecutionBuilderImpl.execute(AmazonSyncHttpClient.java:198)
	at software.amazon.awssdk.core.internal.handler.BaseSyncClientHandler.invoke(BaseSyncClientHandler.java:103)
	at software.amazon.awssdk.core.internal.handler.BaseSyncClientHandler.doExecute(BaseSyncClientHandler.java:171)
	at software.amazon.awssdk.core.internal.handler.BaseSyncClientHandler.lambda$execute$1(BaseSyncClientHandler.java:82)
	at software.amazon.awssdk.core.internal.handler.BaseSyncClientHandler.measureApiCallSuccess(BaseSyncClientHandler.java:179)
	at software.amazon.awssdk.core.internal.handler.BaseSyncClientHandler.execute(BaseSyncClientHandler.java:76)
	at software.amazon.awssdk.core.client.handler.SdkSyncClientHandler.execute(SdkSyncClientHandler.java:45)
	at software.amazon.awssdk.awscore.client.handler.AwsSyncClientHandler.execute(AwsSyncClientHandler.java:56)
	at software.amazon.awssdk.services.cloudwatchlogs.DefaultCloudWatchLogsClient.putLogEvents(DefaultCloudWatchLogsClient.java:2873)
	at ca.pjer.logback.client.AwsLogsCloudWatchClient.sendLogs(AwsLogsCloudWatchClient.java:96)
	at ca.pjer.logback.AWSLogsStub.sendLogEvents(AWSLogsStub.java:84)
	at ca.pjer.logback.AWSLogsStub.logEvents(AWSLogsStub.java:80)
	at ca.pjer.logback.AsyncWorker.flush(AsyncWorker.java:148)
	at ca.pjer.logback.AsyncWorker.run(AsyncWorker.java:123)
	at java.base/java.lang.Thread.run(Thread.java:1583)
software.amazon.awssdk.services.cloudwatchlogs.model.ResourceNotFoundException: The specified log group does not exist (Service: CloudWatchLogs, Status Code: 400, Request ID: 29456746-eb35-4dc3-a79a-3e24e5c09d4d)
	at software.amazon.awssdk.core.internal.http.CombinedResponseHandler.handleErrorResponse(CombinedResponseHandler.java:125)
	at software.amazon.awssdk.core.internal.http.CombinedResponseHandler.handleResponse(CombinedResponseHandler.java:82)
	at software.amazon.awssdk.core.internal.http.CombinedResponseHandler.handle(CombinedResponseHandler.java:60)
	at software.amazon.awssdk.core.internal.http.CombinedResponseHandler.handle(CombinedResponseHandler.java:41)
	at software.amazon.awssdk.core.internal.http.pipeline.stages.HandleResponseStage.execute(HandleResponseStage.java:40)
	at software.amazon.awssdk.core.internal.http.pipeline.stages.HandleResponseStage.execute(HandleResponseStage.java:30)
	at software.amazon.awssdk.core.internal.http.pipeline.RequestPipelineBuilder$ComposingRequestPipelineStage.execute(RequestPipelineBuilder.java:206)
	at software.amazon.awssdk.core.internal.http.pipeline.stages.ApiCallAttemptTimeoutTrackingStage.execute(ApiCallAttemptTimeoutTrackingStage.java:72)
	at software.amazon.awssdk.core.internal.http.pipeline.stages.ApiCallAttemptTimeoutTrackingStage.execute(ApiCallAttemptTimeoutTrackingStage.java:42)
	at software.amazon.awssdk.core.internal.http.pipeline.stages.TimeoutExceptionHandlingStage.execute(TimeoutExceptionHandlingStage.java:78)
	at software.amazon.awssdk.core.internal.http.pipeline.stages.TimeoutExceptionHandlingStage.execute(TimeoutExceptionHandlingStage.java:40)
	at software.amazon.awssdk.core.internal.http.pipeline.stages.ApiCallAttemptMetricCollectionStage.execute(ApiCallAttemptMetricCollectionStage.java:52)
	at software.amazon.awssdk.core.internal.http.pipeline.stages.ApiCallAttemptMetricCollectionStage.execute(ApiCallAttemptMetricCollectionStage.java:37)
	at software.amazon.awssdk.core.internal.http.pipeline.stages.RetryableStage.execute(RetryableStage.java:81)
	at software.amazon.awssdk.core.internal.http.pipeline.stages.RetryableStage.execute(RetryableStage.java:36)
	at software.amazon.awssdk.core.internal.http.pipeline.RequestPipelineBuilder$ComposingRequestPipelineStage.execute(RequestPipelineBuilder.java:206)
	at software.amazon.awssdk.core.internal.http.StreamManagingStage.execute(StreamManagingStage.java:56)
	at software.amazon.awssdk.core.internal.http.StreamManagingStage.execute(StreamManagingStage.java:36)
	at software.amazon.awssdk.core.internal.http.pipeline.stages.ApiCallTimeoutTrackingStage.executeWithTimer(ApiCallTimeoutTrackingStage.java:80)
	at software.amazon.awssdk.core.internal.http.pipeline.stages.ApiCallTimeoutTrackingStage.execute(ApiCallTimeoutTrackingStage.java:60)
	at software.amazon.awssdk.core.internal.http.pipeline.stages.ApiCallTimeoutTrackingStage.execute(ApiCallTimeoutTrackingStage.java:42)
	at software.amazon.awssdk.core.internal.http.pipeline.stages.ApiCallMetricCollectionStage.execute(ApiCallMetricCollectionStage.java:50)
	at software.amazon.awssdk.core.internal.http.pipeline.stages.ApiCallMetricCollectionStage.execute(ApiCallMetricCollectionStage.java:32)
	at software.amazon.awssdk.core.internal.http.pipeline.RequestPipelineBuilder$ComposingRequestPipelineStage.execute(RequestPipelineBuilder.java:206)
	at software.amazon.awssdk.core.internal.http.pipeline.RequestPipelineBuilder$ComposingRequestPipelineStage.execute(RequestPipelineBuilder.java:206)
	at software.amazon.awssdk.core.internal.http.pipeline.stages.ExecutionFailureExceptionReportingStage.execute(ExecutionFailureExceptionReportingStage.java:37)
	at software.amazon.awssdk.core.internal.http.pipeline.stages.ExecutionFailureExceptionReportingStage.execute(ExecutionFailureExceptionReportingStage.java:26)
	at software.amazon.awssdk.core.internal.http.AmazonSyncHttpClient$RequestExecutionBuilderImpl.execute(AmazonSyncHttpClient.java:198)
	at software.amazon.awssdk.core.internal.handler.BaseSyncClientHandler.invoke(BaseSyncClientHandler.java:103)
	at software.amazon.awssdk.core.internal.handler.BaseSyncClientHandler.doExecute(BaseSyncClientHandler.java:171)
	at software.amazon.awssdk.core.internal.handler.BaseSyncClientHandler.lambda$execute$1(BaseSyncClientHandler.java:82)
	at software.amazon.awssdk.core.internal.handler.BaseSyncClientHandler.measureApiCallSuccess(BaseSyncClientHandler.java:179)
	at software.amazon.awssdk.core.internal.handler.BaseSyncClientHandler.execute(BaseSyncClientHandler.java:76)
	at software.amazon.awssdk.core.client.handler.SdkSyncClientHandler.execute(SdkSyncClientHandler.java:45)
	at software.amazon.awssdk.awscore.client.handler.AwsSyncClientHandler.execute(AwsSyncClientHandler.java:56)
	at software.amazon.awssdk.services.cloudwatchlogs.DefaultCloudWatchLogsClient.putLogEvents(DefaultCloudWatchLogsClient.java:2873)
	at ca.pjer.logback.client.AwsLogsCloudWatchClient.sendLogs(AwsLogsCloudWatchClient.java:96)
	at ca.pjer.logback.AWSLogsStub.sendLogEvents(AWSLogsStub.java:84)
	at ca.pjer.logback.AWSLogsStub.logEvents(AWSLogsStub.java:80)
	at ca.pjer.logback.AsyncWorker.flush(AsyncWorker.java:148)
	at ca.pjer.logback.AsyncWorker.run(AsyncWorker.java:123)
	at java.base/java.lang.Thread.run(Thread.java:1583)
software.amazon.awssdk.services.cloudwatchlogs.model.ResourceNotFoundException: The specified log group does not exist (Service: CloudWatchLogs, Status Code: 400, Request ID: 1ddc9e5c-24a9-42ed-b25e-4d692f6d74fd)
	at software.amazon.awssdk.core.internal.http.CombinedResponseHandler.handleErrorResponse(CombinedResponseHandler.java:125)
	at software.amazon.awssdk.core.internal.http.CombinedResponseHandler.handleResponse(CombinedResponseHandler.java:82)
	at software.amazon.awssdk.core.internal.http.CombinedResponseHandler.handle(CombinedResponseHandler.java:60)
	at software.amazon.awssdk.core.internal.http.CombinedResponseHandler.handle(CombinedResponseHandler.java:41)
	at software.amazon.awssdk.core.internal.http.pipeline.stages.HandleResponseStage.execute(HandleResponseStage.java:40)
	at software.amazon.awssdk.core.internal.http.pipeline.stages.HandleResponseStage.execute(HandleResponseStage.java:30)
	at software.amazon.awssdk.core.internal.http.pipeline.RequestPipelineBuilder$ComposingRequestPipelineStage.execute(RequestPipelineBuilder.java:206)
	at software.amazon.awssdk.core.internal.http.pipeline.stages.ApiCallAttemptTimeoutTrackingStage.execute(ApiCallAttemptTimeoutTrackingStage.java:72)
	at software.amazon.awssdk.core.internal.http.pipeline.stages.ApiCallAttemptTimeoutTrackingStage.execute(ApiCallAttemptTimeoutTrackingStage.java:42)
	at software.amazon.awssdk.core.internal.http.pipeline.stages.TimeoutExceptionHandlingStage.execute(TimeoutExceptionHandlingStage.java:78)
	at software.amazon.awssdk.core.internal.http.pipeline.stages.TimeoutExceptionHandlingStage.execute(TimeoutExceptionHandlingStage.java:40)
	at software.amazon.awssdk.core.internal.http.pipeline.stages.ApiCallAttemptMetricCollectionStage.execute(ApiCallAttemptMetricCollectionStage.java:52)
	at software.amazon.awssdk.core.internal.http.pipeline.stages.ApiCallAttemptMetricCollectionStage.execute(ApiCallAttemptMetricCollectionStage.java:37)
	at software.amazon.awssdk.core.internal.http.pipeline.stages.RetryableStage.execute(RetryableStage.java:81)
	at software.amazon.awssdk.core.internal.http.pipeline.stages.RetryableStage.execute(RetryableStage.java:36)
	at software.amazon.awssdk.core.internal.http.pipeline.RequestPipelineBuilder$ComposingRequestPipelineStage.execute(RequestPipelineBuilder.java:206)
	at software.amazon.awssdk.core.internal.http.StreamManagingStage.execute(StreamManagingStage.java:56)
	at software.amazon.awssdk.core.internal.http.StreamManagingStage.execute(StreamManagingStage.java:36)
	at software.amazon.awssdk.core.internal.http.pipeline.stages.ApiCallTimeoutTrackingStage.executeWithTimer(ApiCallTimeoutTrackingStage.java:80)
	at software.amazon.awssdk.core.internal.http.pipeline.stages.ApiCallTimeoutTrackingStage.execute(ApiCallTimeoutTrackingStage.java:60)
	at software.amazon.awssdk.core.internal.http.pipeline.stages.ApiCallTimeoutTrackingStage.execute(ApiCallTimeoutTrackingStage.java:42)
	at software.amazon.awssdk.core.internal.http.pipeline.stages.ApiCallMetricCollectionStage.execute(ApiCallMetricCollectionStage.java:50)
	at software.amazon.awssdk.core.internal.http.pipeline.stages.ApiCallMetricCollectionStage.execute(ApiCallMetricCollectionStage.java:32)
	at software.amazon.awssdk.core.internal.http.pipeline.RequestPipelineBuilder$ComposingRequestPipelineStage.execute(RequestPipelineBuilder.java:206)
	at software.amazon.awssdk.core.internal.http.pipeline.RequestPipelineBuilder$ComposingRequestPipelineStage.execute(RequestPipelineBuilder.java:206)
	at software.amazon.awssdk.core.internal.http.pipeline.stages.ExecutionFailureExceptionReportingStage.execute(ExecutionFailureExceptionReportingStage.java:37)
	at software.amazon.awssdk.core.internal.http.pipeline.stages.ExecutionFailureExceptionReportingStage.execute(ExecutionFailureExceptionReportingStage.java:26)
	at software.amazon.awssdk.core.internal.http.AmazonSyncHttpClient$RequestExecutionBuilderImpl.execute(AmazonSyncHttpClient.java:198)
	at software.amazon.awssdk.core.internal.handler.BaseSyncClientHandler.invoke(BaseSyncClientHandler.java:103)
	at software.amazon.awssdk.core.internal.handler.BaseSyncClientHandler.doExecute(BaseSyncClientHandler.java:171)
	at software.amazon.awssdk.core.internal.handler.BaseSyncClientHandler.lambda$execute$1(BaseSyncClientHandler.java:82)
	at software.amazon.awssdk.core.internal.handler.BaseSyncClientHandler.measureApiCallSuccess(BaseSyncClientHandler.java:179)
	at software.amazon.awssdk.core.internal.handler.BaseSyncClientHandler.execute(BaseSyncClientHandler.java:76)
	at software.amazon.awssdk.core.client.handler.SdkSyncClientHandler.execute(SdkSyncClientHandler.java:45)
	at software.amazon.awssdk.awscore.client.handler.AwsSyncClientHandler.execute(AwsSyncClientHandler.java:56)
	at software.amazon.awssdk.services.cloudwatchlogs.DefaultCloudWatchLogsClient.putLogEvents(DefaultCloudWatchLogsClient.java:2873)
	at ca.pjer.logback.client.AwsLogsCloudWatchClient.sendLogs(AwsLogsCloudWatchClient.java:96)
	at ca.pjer.logback.AWSLogsStub.sendLogEvents(AWSLogsStub.java:84)
	at ca.pjer.logback.AWSLogsStub.logEvents(AWSLogsStub.java:80)
	at ca.pjer.logback.AsyncWorker.flush(AsyncWorker.java:148)
	at ca.pjer.logback.AsyncWorker.run(AsyncWorker.java:123)
	at java.base/java.lang.Thread.run(Thread.java:1583)
]]></system-err>
  </testcase>
</testsuite>