<?xml version="1.0" encoding="UTF-8"?>
<testsuite xmlns:xsi="http://www.w3.org/2001/XMLSchema-instance" xsi:noNamespaceSchemaLocation="https://maven.apache.org/surefire/maven-surefire-plugin/xsd/surefire-test-report-3.0.xsd" version="3.0" name="com.example.frauddetection.service.TransactionSQSConsumerIntegrationTest" time="35.842" tests="3" errors="0" skipped="0" failures="0">
  <properties>
    <property name="java.specification.version" value="21"/>
    <property name="sun.jnu.encoding" value="UTF-8"/>
    <property name="java.class.path" value="/Users/shaoliang/projs/fraud-detection/target/test-classes:/Users/shaoliang/projs/fraud-detection/target/classes:/Users/shaoliang/.m2/repository/org/springframework/boot/spring-boot-starter-web/3.1.5/spring-boot-starter-web-3.1.5.jar:/Users/shaoliang/.m2/repository/org/springframework/boot/spring-boot-starter/3.1.5/spring-boot-starter-3.1.5.jar:/Users/shaoliang/.m2/repository/org/springframework/boot/spring-boot/3.1.5/spring-boot-3.1.5.jar:/Users/shaoliang/.m2/repository/org/springframework/boot/spring-boot-autoconfigure/3.1.5/spring-boot-autoconfigure-3.1.5.jar:/Users/shaoliang/.m2/repository/org/springframework/boot/spring-boot-starter-logging/3.1.5/spring-boot-starter-logging-3.1.5.jar:/Users/shaoliang/.m2/repository/org/apache/logging/log4j/log4j-to-slf4j/2.20.0/log4j-to-slf4j-2.20.0.jar:/Users/shaoliang/.m2/repository/org/apache/logging/log4j/log4j-api/2.20.0/log4j-api-2.20.0.jar:/Users/shaoliang/.m2/repository/org/slf4j/jul-to-slf4j/2.0.9/jul-to-slf4j-2.0.9.jar:/Users/shaoliang/.m2/repository/jakarta/annotation/jakarta.annotation-api/2.1.1/jakarta.annotation-api-2.1.1.jar:/Users/shaoliang/.m2/repository/org/yaml/snakeyaml/1.33/snakeyaml-1.33.jar:/Users/shaoliang/.m2/repository/org/springframework/boot/spring-boot-starter-json/3.1.5/spring-boot-starter-json-3.1.5.jar:/Users/shaoliang/.m2/repository/com/fasterxml/jackson/core/jackson-databind/2.15.3/jackson-databind-2.15.3.jar:/Users/shaoliang/.m2/repository/com/fasterxml/jackson/core/jackson-core/2.15.3/jackson-core-2.15.3.jar:/Users/shaoliang/.m2/repository/com/fasterxml/jackson/datatype/jackson-datatype-jdk8/2.15.3/jackson-datatype-jdk8-2.15.3.jar:/Users/shaoliang/.m2/repository/com/fasterxml/jackson/datatype/jackson-datatype-jsr310/2.15.3/jackson-datatype-jsr310-2.15.3.jar:/Users/shaoliang/.m2/repository/com/fasterxml/jackson/module/jackson-module-parameter-names/2.15.3/jackson-module-parameter-names-2.15.3.jar:/Users/shaoliang/.m2/repository/org/springframework/boot/spring-boot-starter-tomcat/3.1.5/spring-boot-starter-tomcat-3.1.5.jar:/Users/shaoliang/.m2/repository/org/apache/tomcat/embed/tomcat-embed-core/10.1.15/tomcat-embed-core-10.1.15.jar:/Users/shaoliang/.m2/repository/org/apache/tomcat/embed/tomcat-embed-el/10.1.15/tomcat-embed-el-10.1.15.jar:/Users/shaoliang/.m2/repository/org/apache/tomcat/embed/tomcat-embed-websocket/10.1.15/tomcat-embed-websocket-10.1.15.jar:/Users/shaoliang/.m2/repository/org/springframework/spring-web/6.0.13/spring-web-6.0.13.jar:/Users/shaoliang/.m2/repository/org/springframework/spring-webmvc/6.0.13/spring-webmvc-6.0.13.jar:/Users/shaoliang/.m2/repository/org/springframework/boot/spring-boot-starter-data-jpa/3.1.5/spring-boot-starter-data-jpa-3.1.5.jar:/Users/shaoliang/.m2/repository/org/springframework/boot/spring-boot-starter-aop/3.1.5/spring-boot-starter-aop-3.1.5.jar:/Users/shaoliang/.m2/repository/org/aspectj/aspectjweaver/1.9.20/aspectjweaver-1.9.20.jar:/Users/shaoliang/.m2/repository/org/springframework/boot/spring-boot-starter-jdbc/3.1.5/spring-boot-starter-jdbc-3.1.5.jar:/Users/shaoliang/.m2/repository/com/zaxxer/HikariCP/5.0.1/HikariCP-5.0.1.jar:/Users/shaoliang/.m2/repository/org/springframework/spring-jdbc/6.0.13/spring-jdbc-6.0.13.jar:/Users/shaoliang/.m2/repository/org/hibernate/orm/hibernate-core/6.2.13.Final/hibernate-core-6.2.13.Final.jar:/Users/shaoliang/.m2/repository/jakarta/persistence/jakarta.persistence-api/3.1.0/jakarta.persistence-api-3.1.0.jar:/Users/shaoliang/.m2/repository/jakarta/transaction/jakarta.transaction-api/2.0.1/jakarta.transaction-api-2.0.1.jar:/Users/shaoliang/.m2/repository/org/jboss/logging/jboss-logging/3.5.3.Final/jboss-logging-3.5.3.Final.jar:/Users/shaoliang/.m2/repository/org/hibernate/common/hibernate-commons-annotations/6.0.6.Final/hibernate-commons-annotations-6.0.6.Final.jar:/Users/shaoliang/.m2/repository/io/smallrye/jandex/3.0.5/jandex-3.0.5.jar:/Users/shaoliang/.m2/repository/com/fasterxml/classmate/1.5.1/classmate-1.5.1.jar:/Users/shaoliang/.m2/repository/net/bytebuddy/byte-buddy/1.14.9/byte-buddy-1.14.9.jar:/Users/shaoliang/.m2/repository/org/glassfish/jaxb/jaxb-runtime/4.0.3/jaxb-runtime-4.0.3.jar:/Users/shaoliang/.m2/repository/org/glassfish/jaxb/jaxb-core/4.0.3/jaxb-core-4.0.3.jar:/Users/shaoliang/.m2/repository/org/eclipse/angus/angus-activation/2.0.1/angus-activation-2.0.1.jar:/Users/shaoliang/.m2/repository/org/glassfish/jaxb/txw2/4.0.3/txw2-4.0.3.jar:/Users/shaoliang/.m2/repository/com/sun/istack/istack-commons-runtime/4.1.2/istack-commons-runtime-4.1.2.jar:/Users/shaoliang/.m2/repository/jakarta/inject/jakarta.inject-api/2.0.1/jakarta.inject-api-2.0.1.jar:/Users/shaoliang/.m2/repository/org/antlr/antlr4-runtime/4.10.1/antlr4-runtime-4.10.1.jar:/Users/shaoliang/.m2/repository/org/springframework/data/spring-data-jpa/3.1.5/spring-data-jpa-3.1.5.jar:/Users/shaoliang/.m2/repository/org/springframework/data/spring-data-commons/3.1.5/spring-data-commons-3.1.5.jar:/Users/shaoliang/.m2/repository/org/springframework/spring-orm/6.0.13/spring-orm-6.0.13.jar:/Users/shaoliang/.m2/repository/org/springframework/spring-aspects/6.0.13/spring-aspects-6.0.13.jar:/Users/shaoliang/.m2/repository/org/springframework/kafka/spring-kafka/3.0.12/spring-kafka-3.0.12.jar:/Users/shaoliang/.m2/repository/org/springframework/spring-messaging/6.0.13/spring-messaging-6.0.13.jar:/Users/shaoliang/.m2/repository/org/springframework/spring-tx/6.0.13/spring-tx-6.0.13.jar:/Users/shaoliang/.m2/repository/org/springframework/retry/spring-retry/2.0.4/spring-retry-2.0.4.jar:/Users/shaoliang/.m2/repository/org/apache/kafka/kafka-clients/3.4.1/kafka-clients-3.4.1.jar:/Users/shaoliang/.m2/repository/com/github/luben/zstd-jni/1.5.2-1/zstd-jni-1.5.2-1.jar:/Users/shaoliang/.m2/repository/org/lz4/lz4-java/1.8.0/lz4-java-1.8.0.jar:/Users/shaoliang/.m2/repository/org/xerial/snappy/snappy-java/1.1.8.4/snappy-java-1.1.8.4.jar:/Users/shaoliang/.m2/repository/io/micrometer/micrometer-observation/1.11.5/micrometer-observation-1.11.5.jar:/Users/shaoliang/.m2/repository/io/micrometer/micrometer-commons/1.11.5/micrometer-commons-1.11.5.jar:/Users/shaoliang/.m2/repository/com/google/code/findbugs/jsr305/3.0.2/jsr305-3.0.2.jar:/Users/shaoliang/.m2/repository/io/awspring/cloud/spring-cloud-aws-starter-sqs/3.0.2/spring-cloud-aws-starter-sqs-3.0.2.jar:/Users/shaoliang/.m2/repository/io/awspring/cloud/spring-cloud-aws-starter/3.0.2/spring-cloud-aws-starter-3.0.2.jar:/Users/shaoliang/.m2/repository/io/awspring/cloud/spring-cloud-aws-autoconfigure/3.0.2/spring-cloud-aws-autoconfigure-3.0.2.jar:/Users/shaoliang/.m2/repository/io/awspring/cloud/spring-cloud-aws-core/3.0.2/spring-cloud-aws-core-3.0.2.jar:/Users/shaoliang/.m2/repository/io/awspring/cloud/spring-cloud-aws-sqs/3.0.2/spring-cloud-aws-sqs-3.0.2.jar:/Users/shaoliang/.m2/repository/software/amazon/awssdk/sqs/2.20.63/sqs-2.20.63.jar:/Users/shaoliang/.m2/repository/software/amazon/awssdk/aws-query-protocol/2.20.63/aws-query-protocol-2.20.63.jar:/Users/shaoliang/.m2/repository/software/amazon/awssdk/arns/2.20.63/arns-2.20.63.jar:/Users/shaoliang/.m2/repository/org/slf4j/slf4j-api/2.0.9/slf4j-api-2.0.9.jar:/Users/shaoliang/.m2/repository/io/github/dnovitski/logback-awslogs-appender/1.7.1/logback-awslogs-appender-1.7.1.jar:/Users/shaoliang/.m2/repository/ch/qos/logback/logback-classic/1.4.11/logback-classic-1.4.11.jar:/Users/shaoliang/.m2/repository/ch/qos/logback/logback-core/1.4.11/logback-core-1.4.11.jar:/Users/shaoliang/.m2/repository/software/amazon/awssdk/cloudwatchlogs/2.16.65/cloudwatchlogs-2.16.65.jar:/Users/shaoliang/.m2/repository/software/amazon/awssdk/aws-json-protocol/2.16.65/aws-json-protocol-2.16.65.jar:/Users/shaoliang/.m2/repository/software/amazon/awssdk/protocol-core/2.16.65/protocol-core-2.16.65.jar:/Users/shaoliang/.m2/repository/software/amazon/awssdk/apache-client/2.16.65/apache-client-2.16.65.jar:/Users/shaoliang/.m2/repository/org/apache/httpcomponents/httpcore/4.4.16/httpcore-4.4.16.jar:/Users/shaoliang/.m2/repository/software/amazon/awssdk/netty-nio-client/2.16.65/netty-nio-client-2.16.65.jar:/Users/shaoliang/.m2/repository/io/netty/netty-codec-http/4.1.100.Final/netty-codec-http-4.1.100.Final.jar:/Users/shaoliang/.m2/repository/io/netty/netty-codec-http2/4.1.100.Final/netty-codec-http2-4.1.100.Final.jar:/Users/shaoliang/.m2/repository/io/netty/netty-codec/4.1.100.Final/netty-codec-4.1.100.Final.jar:/Users/shaoliang/.m2/repository/io/netty/netty-transport/4.1.100.Final/netty-transport-4.1.100.Final.jar:/Users/shaoliang/.m2/repository/io/netty/netty-common/4.1.100.Final/netty-common-4.1.100.Final.jar:/Users/shaoliang/.m2/repository/io/netty/netty-buffer/4.1.100.Final/netty-buffer-4.1.100.Final.jar:/Users/shaoliang/.m2/repository/io/netty/netty-transport-native-epoll/4.1.100.Final/netty-transport-native-epoll-4.1.100.Final-linux-x86_64.jar:/Users/shaoliang/.m2/repository/com/typesafe/netty/netty-reactive-streams-http/2.0.5/netty-reactive-streams-http-2.0.5.jar:/Users/shaoliang/.m2/repository/com/typesafe/netty/netty-reactive-streams/2.0.5/netty-reactive-streams-2.0.5.jar:/Users/shaoliang/.m2/repository/software/amazon/awssdk/s3/2.16.65/s3-2.16.65.jar:/Users/shaoliang/.m2/repository/software/amazon/awssdk/aws-xml-protocol/2.16.65/aws-xml-protocol-2.16.65.jar:/Users/shaoliang/.m2/repository/org/springframework/boot/spring-boot-starter-actuator/3.1.5/spring-boot-starter-actuator-3.1.5.jar:/Users/shaoliang/.m2/repository/org/springframework/boot/spring-boot-actuator-autoconfigure/3.1.5/spring-boot-actuator-autoconfigure-3.1.5.jar:/Users/shaoliang/.m2/repository/org/springframework/boot/spring-boot-actuator/3.1.5/spring-boot-actuator-3.1.5.jar:/Users/shaoliang/.m2/repository/io/micrometer/micrometer-core/1.11.5/micrometer-core-1.11.5.jar:/Users/shaoliang/.m2/repository/org/hdrhistogram/HdrHistogram/2.1.12/HdrHistogram-2.1.12.jar:/Users/shaoliang/.m2/repository/org/latencyutils/LatencyUtils/2.0.3/LatencyUtils-2.0.3.jar:/Users/shaoliang/.m2/repository/io/micrometer/micrometer-registry-prometheus/1.11.5/micrometer-registry-prometheus-1.11.5.jar:/Users/shaoliang/.m2/repository/io/prometheus/simpleclient_common/0.16.0/simpleclient_common-0.16.0.jar:/Users/shaoliang/.m2/repository/io/prometheus/simpleclient/0.16.0/simpleclient-0.16.0.jar:/Users/shaoliang/.m2/repository/io/prometheus/simpleclient_tracer_otel/0.16.0/simpleclient_tracer_otel-0.16.0.jar:/Users/shaoliang/.m2/repository/io/prometheus/simpleclient_tracer_common/0.16.0/simpleclient_tracer_common-0.16.0.jar:/Users/shaoliang/.m2/repository/io/prometheus/simpleclient_tracer_otel_agent/0.16.0/simpleclient_tracer_otel_agent-0.16.0.jar:/Users/shaoliang/.m2/repository/com/h2database/h2/2.1.214/h2-2.1.214.jar:/Users/shaoliang/.m2/repository/org/projectlombok/lombok/1.18.30/lombok-1.18.30.jar:/Users/shaoliang/.m2/repository/org/springframework/boot/spring-boot-starter-test/3.1.5/spring-boot-starter-test-3.1.5.jar:/Users/shaoliang/.m2/repository/org/springframework/boot/spring-boot-test/3.1.5/spring-boot-test-3.1.5.jar:/Users/shaoliang/.m2/repository/org/springframework/boot/spring-boot-test-autoconfigure/3.1.5/spring-boot-test-autoconfigure-3.1.5.jar:/Users/shaoliang/.m2/repository/com/jayway/jsonpath/json-path/2.8.0/json-path-2.8.0.jar:/Users/shaoliang/.m2/repository/jakarta/xml/bind/jakarta.xml.bind-api/4.0.1/jakarta.xml.bind-api-4.0.1.jar:/Users/shaoliang/.m2/repository/jakarta/activation/jakarta.activation-api/2.1.2/jakarta.activation-api-2.1.2.jar:/Users/shaoliang/.m2/repository/net/minidev/json-smart/2.4.11/json-smart-2.4.11.jar:/Users/shaoliang/.m2/repository/net/minidev/accessors-smart/2.4.11/accessors-smart-2.4.11.jar:/Users/shaoliang/.m2/repository/org/ow2/asm/asm/9.3/asm-9.3.jar:/Users/shaoliang/.m2/repository/org/assertj/assertj-core/3.24.2/assertj-core-3.24.2.jar:/Users/shaoliang/.m2/repository/org/hamcrest/hamcrest/2.2/hamcrest-2.2.jar:/Users/shaoliang/.m2/repository/org/junit/jupiter/junit-jupiter/5.9.3/junit-jupiter-5.9.3.jar:/Users/shaoliang/.m2/repository/org/junit/jupiter/junit-jupiter-params/5.9.3/junit-jupiter-params-5.9.3.jar:/Users/shaoliang/.m2/repository/org/junit/jupiter/junit-jupiter-engine/5.9.3/junit-jupiter-engine-5.9.3.jar:/Users/shaoliang/.m2/repository/org/mockito/mockito-core/5.3.1/mockito-core-5.3.1.jar:/Users/shaoliang/.m2/repository/net/bytebuddy/byte-buddy-agent/1.14.9/byte-buddy-agent-1.14.9.jar:/Users/shaoliang/.m2/repository/org/objenesis/objenesis/3.3/objenesis-3.3.jar:/Users/shaoliang/.m2/repository/org/mockito/mockito-junit-jupiter/5.3.1/mockito-junit-jupiter-5.3.1.jar:/Users/shaoliang/.m2/repository/org/skyscreamer/jsonassert/1.5.1/jsonassert-1.5.1.jar:/Users/shaoliang/.m2/repository/com/vaadin/external/google/android-json/0.0.20131108.vaadin1/android-json-0.0.20131108.vaadin1.jar:/Users/shaoliang/.m2/repository/org/springframework/spring-core/6.0.13/spring-core-6.0.13.jar:/Users/shaoliang/.m2/repository/org/springframework/spring-jcl/6.0.13/spring-jcl-6.0.13.jar:/Users/shaoliang/.m2/repository/org/springframework/spring-test/6.0.13/spring-test-6.0.13.jar:/Users/shaoliang/.m2/repository/org/xmlunit/xmlunit-core/2.9.1/xmlunit-core-2.9.1.jar:/Users/shaoliang/.m2/repository/org/springframework/kafka/spring-kafka-test/3.0.12/spring-kafka-test-3.0.12.jar:/Users/shaoliang/.m2/repository/org/apache/zookeeper/zookeeper/3.6.3/zookeeper-3.6.3.jar:/Users/shaoliang/.m2/repository/org/apache/zookeeper/zookeeper-jute/3.6.3/zookeeper-jute-3.6.3.jar:/Users/shaoliang/.m2/repository/org/apache/yetus/audience-annotations/0.5.0/audience-annotations-0.5.0.jar:/Users/shaoliang/.m2/repository/io/netty/netty-handler/4.1.100.Final/netty-handler-4.1.100.Final.jar:/Users/shaoliang/.m2/repository/io/netty/netty-resolver/4.1.100.Final/netty-resolver-4.1.100.Final.jar:/Users/shaoliang/.m2/repository/io/netty/netty-transport-native-unix-common/4.1.100.Final/netty-transport-native-unix-common-4.1.100.Final.jar:/Users/shaoliang/.m2/repository/io/netty/netty-transport-native-epoll/4.1.100.Final/netty-transport-native-epoll-4.1.100.Final.jar:/Users/shaoliang/.m2/repository/io/netty/netty-transport-classes-epoll/4.1.100.Final/netty-transport-classes-epoll-4.1.100.Final.jar:/Users/shaoliang/.m2/repository/org/apache/kafka/kafka-clients/3.4.1/kafka-clients-3.4.1-test.jar:/Users/shaoliang/.m2/repository/org/apache/kafka/kafka-metadata/3.4.1/kafka-metadata-3.4.1.jar:/Users/shaoliang/.m2/repository/org/apache/kafka/kafka-server-common/3.4.1/kafka-server-common-3.4.1.jar:/Users/shaoliang/.m2/repository/org/apache/kafka/kafka-raft/3.4.1/kafka-raft-3.4.1.jar:/Users/shaoliang/.m2/repository/com/yammer/metrics/metrics-core/2.2.0/metrics-core-2.2.0.jar:/Users/shaoliang/.m2/repository/org/apache/kafka/kafka-streams-test-utils/3.4.1/kafka-streams-test-utils-3.4.1.jar:/Users/shaoliang/.m2/repository/org/apache/kafka/kafka-streams/3.4.1/kafka-streams-3.4.1.jar:/Users/shaoliang/.m2/repository/org/rocksdb/rocksdbjni/7.1.2/rocksdbjni-7.1.2.jar:/Users/shaoliang/.m2/repository/org/apache/kafka/kafka_2.13/3.4.1/kafka_2.13-3.4.1.jar:/Users/shaoliang/.m2/repository/org/scala-lang/scala-library/2.13.10/scala-library-2.13.10.jar:/Users/shaoliang/.m2/repository/org/apache/kafka/kafka-group-coordinator/3.4.1/kafka-group-coordinator-3.4.1.jar:/Users/shaoliang/.m2/repository/org/apache/kafka/kafka-storage/3.4.1/kafka-storage-3.4.1.jar:/Users/shaoliang/.m2/repository/org/apache/kafka/kafka-storage-api/3.4.1/kafka-storage-api-3.4.1.jar:/Users/shaoliang/.m2/repository/net/sourceforge/argparse4j/argparse4j/0.7.0/argparse4j-0.7.0.jar:/Users/shaoliang/.m2/repository/com/fasterxml/jackson/module/jackson-module-scala_2.13/2.15.3/jackson-module-scala_2.13-2.15.3.jar:/Users/shaoliang/.m2/repository/com/thoughtworks/paranamer/paranamer/2.8/paranamer-2.8.jar:/Users/shaoliang/.m2/repository/com/fasterxml/jackson/dataformat/jackson-dataformat-csv/2.15.3/jackson-dataformat-csv-2.15.3.jar:/Users/shaoliang/.m2/repository/net/sf/jopt-simple/jopt-simple/5.0.4/jopt-simple-5.0.4.jar:/Users/shaoliang/.m2/repository/org/bitbucket/b_c/jose4j/0.9.3/jose4j-0.9.3.jar:/Users/shaoliang/.m2/repository/org/scala-lang/modules/scala-collection-compat_2.13/2.10.0/scala-collection-compat_2.13-2.10.0.jar:/Users/shaoliang/.m2/repository/org/scala-lang/modules/scala-java8-compat_2.13/1.0.2/scala-java8-compat_2.13-1.0.2.jar:/Users/shaoliang/.m2/repository/org/scala-lang/scala-reflect/2.13.10/scala-reflect-2.13.10.jar:/Users/shaoliang/.m2/repository/com/typesafe/scala-logging/scala-logging_2.13/3.9.4/scala-logging_2.13-3.9.4.jar:/Users/shaoliang/.m2/repository/io/dropwizard/metrics/metrics-core/4.2.21/metrics-core-4.2.21.jar:/Users/shaoliang/.m2/repository/commons-cli/commons-cli/1.4/commons-cli-1.4.jar:/Users/shaoliang/.m2/repository/org/apache/kafka/kafka_2.13/3.4.1/kafka_2.13-3.4.1-test.jar:/Users/shaoliang/.m2/repository/org/junit/jupiter/junit-jupiter-api/5.9.3/junit-jupiter-api-5.9.3.jar:/Users/shaoliang/.m2/repository/org/opentest4j/opentest4j/1.2.0/opentest4j-1.2.0.jar:/Users/shaoliang/.m2/repository/org/junit/platform/junit-platform-commons/1.9.3/junit-platform-commons-1.9.3.jar:/Users/shaoliang/.m2/repository/org/apiguardian/apiguardian-api/1.1.2/apiguardian-api-1.1.2.jar:/Users/shaoliang/.m2/repository/org/junit/platform/junit-platform-launcher/1.9.3/junit-platform-launcher-1.9.3.jar:/Users/shaoliang/.m2/repository/org/junit/platform/junit-platform-engine/1.9.3/junit-platform-engine-1.9.3.jar:/Users/shaoliang/.m2/repository/org/testcontainers/testcontainers/1.19.1/testcontainers-1.19.1.jar:/Users/shaoliang/.m2/repository/junit/junit/4.13.2/junit-4.13.2.jar:/Users/shaoliang/.m2/repository/org/hamcrest/hamcrest-core/2.2/hamcrest-core-2.2.jar:/Users/shaoliang/.m2/repository/org/apache/commons/commons-compress/1.24.0/commons-compress-1.24.0.jar:/Users/shaoliang/.m2/repository/org/rnorth/duct-tape/duct-tape/1.0.8/duct-tape-1.0.8.jar:/Users/shaoliang/.m2/repository/org/jetbrains/annotations/17.0.0/annotations-17.0.0.jar:/Users/shaoliang/.m2/repository/com/github/docker-java/docker-java-api/3.3.3/docker-java-api-3.3.3.jar:/Users/shaoliang/.m2/repository/com/fasterxml/jackson/core/jackson-annotations/2.15.3/jackson-annotations-2.15.3.jar:/Users/shaoliang/.m2/repository/com/github/docker-java/docker-java-transport-zerodep/3.3.3/docker-java-transport-zerodep-3.3.3.jar:/Users/shaoliang/.m2/repository/com/github/docker-java/docker-java-transport/3.3.3/docker-java-transport-3.3.3.jar:/Users/shaoliang/.m2/repository/net/java/dev/jna/jna/5.12.1/jna-5.12.1.jar:/Users/shaoliang/.m2/repository/org/testcontainers/localstack/1.19.1/localstack-1.19.1.jar:/Users/shaoliang/.m2/repository/org/testcontainers/junit-jupiter/1.19.1/junit-jupiter-1.19.1.jar:/Users/shaoliang/.m2/repository/com/amazonaws/aws-java-sdk-logs/1.12.521/aws-java-sdk-logs-1.12.521.jar:/Users/shaoliang/.m2/repository/com/amazonaws/aws-java-sdk-core/1.12.521/aws-java-sdk-core-1.12.521.jar:/Users/shaoliang/.m2/repository/commons-logging/commons-logging/1.1.3/commons-logging-1.1.3.jar:/Users/shaoliang/.m2/repository/commons-codec/commons-codec/1.15/commons-codec-1.15.jar:/Users/shaoliang/.m2/repository/org/apache/httpcomponents/httpclient/4.5.13/httpclient-4.5.13.jar:/Users/shaoliang/.m2/repository/software/amazon/ion/ion-java/1.0.2/ion-java-1.0.2.jar:/Users/shaoliang/.m2/repository/com/fasterxml/jackson/dataformat/jackson-dataformat-cbor/2.15.3/jackson-dataformat-cbor-2.15.3.jar:/Users/shaoliang/.m2/repository/joda-time/joda-time/2.8.1/joda-time-2.8.1.jar:/Users/shaoliang/.m2/repository/com/amazonaws/jmespath-java/1.12.521/jmespath-java-1.12.521.jar:/Users/shaoliang/.m2/repository/com/google/guava/guava/32.1.3-jre/guava-32.1.3-jre.jar:/Users/shaoliang/.m2/repository/com/google/guava/failureaccess/1.0.1/failureaccess-1.0.1.jar:/Users/shaoliang/.m2/repository/com/google/guava/listenablefuture/9999.0-empty-to-avoid-conflict-with-guava/listenablefuture-9999.0-empty-to-avoid-conflict-with-guava.jar:/Users/shaoliang/.m2/repository/org/checkerframework/checker-qual/3.37.0/checker-qual-3.37.0.jar:/Users/shaoliang/.m2/repository/com/google/errorprone/error_prone_annotations/2.21.1/error_prone_annotations-2.21.1.jar:/Users/shaoliang/.m2/repository/com/google/j2objc/j2objc-annotations/2.8/j2objc-annotations-2.8.jar:/Users/shaoliang/.m2/repository/org/springframework/spring-context/6.0.13/spring-context-6.0.13.jar:/Users/shaoliang/.m2/repository/org/springframework/spring-aop/6.0.13/spring-aop-6.0.13.jar:/Users/shaoliang/.m2/repository/org/springframework/spring-beans/6.0.13/spring-beans-6.0.13.jar:/Users/shaoliang/.m2/repository/org/springframework/spring-expression/6.0.13/spring-expression-6.0.13.jar:/Users/shaoliang/.m2/repository/com/amazonaws/aws-java-sdk-sqs/1.12.261/aws-java-sdk-sqs-1.12.261.jar:/Users/shaoliang/.m2/repository/org/awaitility/awaitility/4.2.0/awaitility-4.2.0.jar:/Users/shaoliang/.m2/repository/software/amazon/awssdk/aws-core/2.20.162/aws-core-2.20.162.jar:/Users/shaoliang/.m2/repository/software/amazon/awssdk/annotations/2.20.162/annotations-2.20.162.jar:/Users/shaoliang/.m2/repository/software/amazon/awssdk/regions/2.20.162/regions-2.20.162.jar:/Users/shaoliang/.m2/repository/software/amazon/awssdk/json-utils/2.20.162/json-utils-2.20.162.jar:/Users/shaoliang/.m2/repository/software/amazon/awssdk/third-party-jackson-core/2.20.162/third-party-jackson-core-2.20.162.jar:/Users/shaoliang/.m2/repository/software/amazon/awssdk/auth/2.20.162/auth-2.20.162.jar:/Users/shaoliang/.m2/repository/software/amazon/awssdk/profiles/2.20.162/profiles-2.20.162.jar:/Users/shaoliang/.m2/repository/software/amazon/awssdk/sdk-core/2.20.162/sdk-core-2.20.162.jar:/Users/shaoliang/.m2/repository/org/reactivestreams/reactive-streams/1.0.4/reactive-streams-1.0.4.jar:/Users/shaoliang/.m2/repository/software/amazon/awssdk/http-client-spi/2.20.162/http-client-spi-2.20.162.jar:/Users/shaoliang/.m2/repository/software/amazon/awssdk/metrics-spi/2.20.162/metrics-spi-2.20.162.jar:/Users/shaoliang/.m2/repository/software/amazon/awssdk/endpoints-spi/2.20.162/endpoints-spi-2.20.162.jar:/Users/shaoliang/.m2/repository/software/amazon/awssdk/utils/2.20.162/utils-2.20.162.jar:/Users/shaoliang/.m2/repository/software/amazon/eventstream/eventstream/1.0.1/eventstream-1.0.1.jar:"/>
    <property name="java.vm.vendor" value="Homebrew"/>
    <property name="sun.arch.data.model" value="64"/>
    <property name="java.vendor.url" value="https://github.com/Homebrew/homebrew-core/issues"/>
    <property name="user.timezone" value="Asia/Singapore"/>
    <property name="org.jboss.logging.provider" value="slf4j"/>
    <property name="os.name" value="Mac OS X"/>
    <property name="java.vm.specification.version" value="21"/>
    <property name="sun.java.launcher" value="SUN_STANDARD"/>
    <property name="user.country" value="SG"/>
    <property name="sun.boot.library.path" value="/opt/homebrew/Cellar/openjdk@21/21.0.6/libexec/openjdk.jdk/Contents/Home/lib"/>
    <property name="sun.java.command" value="/Users/shaoliang/projs/fraud-detection/target/surefire/surefirebooter-20250216151901864_3.jar /Users/shaoliang/projs/fraud-detection/target/surefire 2025-02-16T15-19-01_798-jvmRun1 surefire-20250216151901864_1tmp surefire_0-20250216151901864_2tmp"/>
    <property name="http.nonProxyHosts" value="local|*.local|169.254/16|*.169.254/16"/>
    <property name="jdk.debug" value="release"/>
    <property name="surefire.test.class.path" value="/Users/shaoliang/projs/fraud-detection/target/test-classes:/Users/shaoliang/projs/fraud-detection/target/classes:/Users/shaoliang/.m2/repository/org/springframework/boot/spring-boot-starter-web/3.1.5/spring-boot-starter-web-3.1.5.jar:/Users/shaoliang/.m2/repository/org/springframework/boot/spring-boot-starter/3.1.5/spring-boot-starter-3.1.5.jar:/Users/shaoliang/.m2/repository/org/springframework/boot/spring-boot/3.1.5/spring-boot-3.1.5.jar:/Users/shaoliang/.m2/repository/org/springframework/boot/spring-boot-autoconfigure/3.1.5/spring-boot-autoconfigure-3.1.5.jar:/Users/shaoliang/.m2/repository/org/springframework/boot/spring-boot-starter-logging/3.1.5/spring-boot-starter-logging-3.1.5.jar:/Users/shaoliang/.m2/repository/org/apache/logging/log4j/log4j-to-slf4j/2.20.0/log4j-to-slf4j-2.20.0.jar:/Users/shaoliang/.m2/repository/org/apache/logging/log4j/log4j-api/2.20.0/log4j-api-2.20.0.jar:/Users/shaoliang/.m2/repository/org/slf4j/jul-to-slf4j/2.0.9/jul-to-slf4j-2.0.9.jar:/Users/shaoliang/.m2/repository/jakarta/annotation/jakarta.annotation-api/2.1.1/jakarta.annotation-api-2.1.1.jar:/Users/shaoliang/.m2/repository/org/yaml/snakeyaml/1.33/snakeyaml-1.33.jar:/Users/shaoliang/.m2/repository/org/springframework/boot/spring-boot-starter-json/3.1.5/spring-boot-starter-json-3.1.5.jar:/Users/shaoliang/.m2/repository/com/fasterxml/jackson/core/jackson-databind/2.15.3/jackson-databind-2.15.3.jar:/Users/shaoliang/.m2/repository/com/fasterxml/jackson/core/jackson-core/2.15.3/jackson-core-2.15.3.jar:/Users/shaoliang/.m2/repository/com/fasterxml/jackson/datatype/jackson-datatype-jdk8/2.15.3/jackson-datatype-jdk8-2.15.3.jar:/Users/shaoliang/.m2/repository/com/fasterxml/jackson/datatype/jackson-datatype-jsr310/2.15.3/jackson-datatype-jsr310-2.15.3.jar:/Users/shaoliang/.m2/repository/com/fasterxml/jackson/module/jackson-module-parameter-names/2.15.3/jackson-module-parameter-names-2.15.3.jar:/Users/shaoliang/.m2/repository/org/springframework/boot/spring-boot-starter-tomcat/3.1.5/spring-boot-starter-tomcat-3.1.5.jar:/Users/shaoliang/.m2/repository/org/apache/tomcat/embed/tomcat-embed-core/10.1.15/tomcat-embed-core-10.1.15.jar:/Users/shaoliang/.m2/repository/org/apache/tomcat/embed/tomcat-embed-el/10.1.15/tomcat-embed-el-10.1.15.jar:/Users/shaoliang/.m2/repository/org/apache/tomcat/embed/tomcat-embed-websocket/10.1.15/tomcat-embed-websocket-10.1.15.jar:/Users/shaoliang/.m2/repository/org/springframework/spring-web/6.0.13/spring-web-6.0.13.jar:/Users/shaoliang/.m2/repository/org/springframework/spring-webmvc/6.0.13/spring-webmvc-6.0.13.jar:/Users/shaoliang/.m2/repository/org/springframework/boot/spring-boot-starter-data-jpa/3.1.5/spring-boot-starter-data-jpa-3.1.5.jar:/Users/shaoliang/.m2/repository/org/springframework/boot/spring-boot-starter-aop/3.1.5/spring-boot-starter-aop-3.1.5.jar:/Users/shaoliang/.m2/repository/org/aspectj/aspectjweaver/1.9.20/aspectjweaver-1.9.20.jar:/Users/shaoliang/.m2/repository/org/springframework/boot/spring-boot-starter-jdbc/3.1.5/spring-boot-starter-jdbc-3.1.5.jar:/Users/shaoliang/.m2/repository/com/zaxxer/HikariCP/5.0.1/HikariCP-5.0.1.jar:/Users/shaoliang/.m2/repository/org/springframework/spring-jdbc/6.0.13/spring-jdbc-6.0.13.jar:/Users/shaoliang/.m2/repository/org/hibernate/orm/hibernate-core/6.2.13.Final/hibernate-core-6.2.13.Final.jar:/Users/shaoliang/.m2/repository/jakarta/persistence/jakarta.persistence-api/3.1.0/jakarta.persistence-api-3.1.0.jar:/Users/shaoliang/.m2/repository/jakarta/transaction/jakarta.transaction-api/2.0.1/jakarta.transaction-api-2.0.1.jar:/Users/shaoliang/.m2/repository/org/jboss/logging/jboss-logging/3.5.3.Final/jboss-logging-3.5.3.Final.jar:/Users/shaoliang/.m2/repository/org/hibernate/common/hibernate-commons-annotations/6.0.6.Final/hibernate-commons-annotations-6.0.6.Final.jar:/Users/shaoliang/.m2/repository/io/smallrye/jandex/3.0.5/jandex-3.0.5.jar:/Users/shaoliang/.m2/repository/com/fasterxml/classmate/1.5.1/classmate-1.5.1.jar:/Users/shaoliang/.m2/repository/net/bytebuddy/byte-buddy/1.14.9/byte-buddy-1.14.9.jar:/Users/shaoliang/.m2/repository/org/glassfish/jaxb/jaxb-runtime/4.0.3/jaxb-runtime-4.0.3.jar:/Users/shaoliang/.m2/repository/org/glassfish/jaxb/jaxb-core/4.0.3/jaxb-core-4.0.3.jar:/Users/shaoliang/.m2/repository/org/eclipse/angus/angus-activation/2.0.1/angus-activation-2.0.1.jar:/Users/shaoliang/.m2/repository/org/glassfish/jaxb/txw2/4.0.3/txw2-4.0.3.jar:/Users/shaoliang/.m2/repository/com/sun/istack/istack-commons-runtime/4.1.2/istack-commons-runtime-4.1.2.jar:/Users/shaoliang/.m2/repository/jakarta/inject/jakarta.inject-api/2.0.1/jakarta.inject-api-2.0.1.jar:/Users/shaoliang/.m2/repository/org/antlr/antlr4-runtime/4.10.1/antlr4-runtime-4.10.1.jar:/Users/shaoliang/.m2/repository/org/springframework/data/spring-data-jpa/3.1.5/spring-data-jpa-3.1.5.jar:/Users/shaoliang/.m2/repository/org/springframework/data/spring-data-commons/3.1.5/spring-data-commons-3.1.5.jar:/Users/shaoliang/.m2/repository/org/springframework/spring-orm/6.0.13/spring-orm-6.0.13.jar:/Users/shaoliang/.m2/repository/org/springframework/spring-aspects/6.0.13/spring-aspects-6.0.13.jar:/Users/shaoliang/.m2/repository/org/springframework/kafka/spring-kafka/3.0.12/spring-kafka-3.0.12.jar:/Users/shaoliang/.m2/repository/org/springframework/spring-messaging/6.0.13/spring-messaging-6.0.13.jar:/Users/shaoliang/.m2/repository/org/springframework/spring-tx/6.0.13/spring-tx-6.0.13.jar:/Users/shaoliang/.m2/repository/org/springframework/retry/spring-retry/2.0.4/spring-retry-2.0.4.jar:/Users/shaoliang/.m2/repository/org/apache/kafka/kafka-clients/3.4.1/kafka-clients-3.4.1.jar:/Users/shaoliang/.m2/repository/com/github/luben/zstd-jni/1.5.2-1/zstd-jni-1.5.2-1.jar:/Users/shaoliang/.m2/repository/org/lz4/lz4-java/1.8.0/lz4-java-1.8.0.jar:/Users/shaoliang/.m2/repository/org/xerial/snappy/snappy-java/1.1.8.4/snappy-java-1.1.8.4.jar:/Users/shaoliang/.m2/repository/io/micrometer/micrometer-observation/1.11.5/micrometer-observation-1.11.5.jar:/Users/shaoliang/.m2/repository/io/micrometer/micrometer-commons/1.11.5/micrometer-commons-1.11.5.jar:/Users/shaoliang/.m2/repository/com/google/code/findbugs/jsr305/3.0.2/jsr305-3.0.2.jar:/Users/shaoliang/.m2/repository/io/awspring/cloud/spring-cloud-aws-starter-sqs/3.0.2/spring-cloud-aws-starter-sqs-3.0.2.jar:/Users/shaoliang/.m2/repository/io/awspring/cloud/spring-cloud-aws-starter/3.0.2/spring-cloud-aws-starter-3.0.2.jar:/Users/shaoliang/.m2/repository/io/awspring/cloud/spring-cloud-aws-autoconfigure/3.0.2/spring-cloud-aws-autoconfigure-3.0.2.jar:/Users/shaoliang/.m2/repository/io/awspring/cloud/spring-cloud-aws-core/3.0.2/spring-cloud-aws-core-3.0.2.jar:/Users/shaoliang/.m2/repository/io/awspring/cloud/spring-cloud-aws-sqs/3.0.2/spring-cloud-aws-sqs-3.0.2.jar:/Users/shaoliang/.m2/repository/software/amazon/awssdk/sqs/2.20.63/sqs-2.20.63.jar:/Users/shaoliang/.m2/repository/software/amazon/awssdk/aws-query-protocol/2.20.63/aws-query-protocol-2.20.63.jar:/Users/shaoliang/.m2/repository/software/amazon/awssdk/arns/2.20.63/arns-2.20.63.jar:/Users/shaoliang/.m2/repository/org/slf4j/slf4j-api/2.0.9/slf4j-api-2.0.9.jar:/Users/shaoliang/.m2/repository/io/github/dnovitski/logback-awslogs-appender/1.7.1/logback-awslogs-appender-1.7.1.jar:/Users/shaoliang/.m2/repository/ch/qos/logback/logback-classic/1.4.11/logback-classic-1.4.11.jar:/Users/shaoliang/.m2/repository/ch/qos/logback/logback-core/1.4.11/logback-core-1.4.11.jar:/Users/shaoliang/.m2/repository/software/amazon/awssdk/cloudwatchlogs/2.16.65/cloudwatchlogs-2.16.65.jar:/Users/shaoliang/.m2/repository/software/amazon/awssdk/aws-json-protocol/2.16.65/aws-json-protocol-2.16.65.jar:/Users/shaoliang/.m2/repository/software/amazon/awssdk/protocol-core/2.16.65/protocol-core-2.16.65.jar:/Users/shaoliang/.m2/repository/software/amazon/awssdk/apache-client/2.16.65/apache-client-2.16.65.jar:/Users/shaoliang/.m2/repository/org/apache/httpcomponents/httpcore/4.4.16/httpcore-4.4.16.jar:/Users/shaoliang/.m2/repository/software/amazon/awssdk/netty-nio-client/2.16.65/netty-nio-client-2.16.65.jar:/Users/shaoliang/.m2/repository/io/netty/netty-codec-http/4.1.100.Final/netty-codec-http-4.1.100.Final.jar:/Users/shaoliang/.m2/repository/io/netty/netty-codec-http2/4.1.100.Final/netty-codec-http2-4.1.100.Final.jar:/Users/shaoliang/.m2/repository/io/netty/netty-codec/4.1.100.Final/netty-codec-4.1.100.Final.jar:/Users/shaoliang/.m2/repository/io/netty/netty-transport/4.1.100.Final/netty-transport-4.1.100.Final.jar:/Users/shaoliang/.m2/repository/io/netty/netty-common/4.1.100.Final/netty-common-4.1.100.Final.jar:/Users/shaoliang/.m2/repository/io/netty/netty-buffer/4.1.100.Final/netty-buffer-4.1.100.Final.jar:/Users/shaoliang/.m2/repository/io/netty/netty-transport-native-epoll/4.1.100.Final/netty-transport-native-epoll-4.1.100.Final-linux-x86_64.jar:/Users/shaoliang/.m2/repository/com/typesafe/netty/netty-reactive-streams-http/2.0.5/netty-reactive-streams-http-2.0.5.jar:/Users/shaoliang/.m2/repository/com/typesafe/netty/netty-reactive-streams/2.0.5/netty-reactive-streams-2.0.5.jar:/Users/shaoliang/.m2/repository/software/amazon/awssdk/s3/2.16.65/s3-2.16.65.jar:/Users/shaoliang/.m2/repository/software/amazon/awssdk/aws-xml-protocol/2.16.65/aws-xml-protocol-2.16.65.jar:/Users/shaoliang/.m2/repository/org/springframework/boot/spring-boot-starter-actuator/3.1.5/spring-boot-starter-actuator-3.1.5.jar:/Users/shaoliang/.m2/repository/org/springframework/boot/spring-boot-actuator-autoconfigure/3.1.5/spring-boot-actuator-autoconfigure-3.1.5.jar:/Users/shaoliang/.m2/repository/org/springframework/boot/spring-boot-actuator/3.1.5/spring-boot-actuator-3.1.5.jar:/Users/shaoliang/.m2/repository/io/micrometer/micrometer-core/1.11.5/micrometer-core-1.11.5.jar:/Users/shaoliang/.m2/repository/org/hdrhistogram/HdrHistogram/2.1.12/HdrHistogram-2.1.12.jar:/Users/shaoliang/.m2/repository/org/latencyutils/LatencyUtils/2.0.3/LatencyUtils-2.0.3.jar:/Users/shaoliang/.m2/repository/io/micrometer/micrometer-registry-prometheus/1.11.5/micrometer-registry-prometheus-1.11.5.jar:/Users/shaoliang/.m2/repository/io/prometheus/simpleclient_common/0.16.0/simpleclient_common-0.16.0.jar:/Users/shaoliang/.m2/repository/io/prometheus/simpleclient/0.16.0/simpleclient-0.16.0.jar:/Users/shaoliang/.m2/repository/io/prometheus/simpleclient_tracer_otel/0.16.0/simpleclient_tracer_otel-0.16.0.jar:/Users/shaoliang/.m2/repository/io/prometheus/simpleclient_tracer_common/0.16.0/simpleclient_tracer_common-0.16.0.jar:/Users/shaoliang/.m2/repository/io/prometheus/simpleclient_tracer_otel_agent/0.16.0/simpleclient_tracer_otel_agent-0.16.0.jar:/Users/shaoliang/.m2/repository/com/h2database/h2/2.1.214/h2-2.1.214.jar:/Users/shaoliang/.m2/repository/org/projectlombok/lombok/1.18.30/lombok-1.18.30.jar:/Users/shaoliang/.m2/repository/org/springframework/boot/spring-boot-starter-test/3.1.5/spring-boot-starter-test-3.1.5.jar:/Users/shaoliang/.m2/repository/org/springframework/boot/spring-boot-test/3.1.5/spring-boot-test-3.1.5.jar:/Users/shaoliang/.m2/repository/org/springframework/boot/spring-boot-test-autoconfigure/3.1.5/spring-boot-test-autoconfigure-3.1.5.jar:/Users/shaoliang/.m2/repository/com/jayway/jsonpath/json-path/2.8.0/json-path-2.8.0.jar:/Users/shaoliang/.m2/repository/jakarta/xml/bind/jakarta.xml.bind-api/4.0.1/jakarta.xml.bind-api-4.0.1.jar:/Users/shaoliang/.m2/repository/jakarta/activation/jakarta.activation-api/2.1.2/jakarta.activation-api-2.1.2.jar:/Users/shaoliang/.m2/repository/net/minidev/json-smart/2.4.11/json-smart-2.4.11.jar:/Users/shaoliang/.m2/repository/net/minidev/accessors-smart/2.4.11/accessors-smart-2.4.11.jar:/Users/shaoliang/.m2/repository/org/ow2/asm/asm/9.3/asm-9.3.jar:/Users/shaoliang/.m2/repository/org/assertj/assertj-core/3.24.2/assertj-core-3.24.2.jar:/Users/shaoliang/.m2/repository/org/hamcrest/hamcrest/2.2/hamcrest-2.2.jar:/Users/shaoliang/.m2/repository/org/junit/jupiter/junit-jupiter/5.9.3/junit-jupiter-5.9.3.jar:/Users/shaoliang/.m2/repository/org/junit/jupiter/junit-jupiter-params/5.9.3/junit-jupiter-params-5.9.3.jar:/Users/shaoliang/.m2/repository/org/junit/jupiter/junit-jupiter-engine/5.9.3/junit-jupiter-engine-5.9.3.jar:/Users/shaoliang/.m2/repository/org/mockito/mockito-core/5.3.1/mockito-core-5.3.1.jar:/Users/shaoliang/.m2/repository/net/bytebuddy/byte-buddy-agent/1.14.9/byte-buddy-agent-1.14.9.jar:/Users/shaoliang/.m2/repository/org/objenesis/objenesis/3.3/objenesis-3.3.jar:/Users/shaoliang/.m2/repository/org/mockito/mockito-junit-jupiter/5.3.1/mockito-junit-jupiter-5.3.1.jar:/Users/shaoliang/.m2/repository/org/skyscreamer/jsonassert/1.5.1/jsonassert-1.5.1.jar:/Users/shaoliang/.m2/repository/com/vaadin/external/google/android-json/0.0.20131108.vaadin1/android-json-0.0.20131108.vaadin1.jar:/Users/shaoliang/.m2/repository/org/springframework/spring-core/6.0.13/spring-core-6.0.13.jar:/Users/shaoliang/.m2/repository/org/springframework/spring-jcl/6.0.13/spring-jcl-6.0.13.jar:/Users/shaoliang/.m2/repository/org/springframework/spring-test/6.0.13/spring-test-6.0.13.jar:/Users/shaoliang/.m2/repository/org/xmlunit/xmlunit-core/2.9.1/xmlunit-core-2.9.1.jar:/Users/shaoliang/.m2/repository/org/springframework/kafka/spring-kafka-test/3.0.12/spring-kafka-test-3.0.12.jar:/Users/shaoliang/.m2/repository/org/apache/zookeeper/zookeeper/3.6.3/zookeeper-3.6.3.jar:/Users/shaoliang/.m2/repository/org/apache/zookeeper/zookeeper-jute/3.6.3/zookeeper-jute-3.6.3.jar:/Users/shaoliang/.m2/repository/org/apache/yetus/audience-annotations/0.5.0/audience-annotations-0.5.0.jar:/Users/shaoliang/.m2/repository/io/netty/netty-handler/4.1.100.Final/netty-handler-4.1.100.Final.jar:/Users/shaoliang/.m2/repository/io/netty/netty-resolver/4.1.100.Final/netty-resolver-4.1.100.Final.jar:/Users/shaoliang/.m2/repository/io/netty/netty-transport-native-unix-common/4.1.100.Final/netty-transport-native-unix-common-4.1.100.Final.jar:/Users/shaoliang/.m2/repository/io/netty/netty-transport-native-epoll/4.1.100.Final/netty-transport-native-epoll-4.1.100.Final.jar:/Users/shaoliang/.m2/repository/io/netty/netty-transport-classes-epoll/4.1.100.Final/netty-transport-classes-epoll-4.1.100.Final.jar:/Users/shaoliang/.m2/repository/org/apache/kafka/kafka-clients/3.4.1/kafka-clients-3.4.1-test.jar:/Users/shaoliang/.m2/repository/org/apache/kafka/kafka-metadata/3.4.1/kafka-metadata-3.4.1.jar:/Users/shaoliang/.m2/repository/org/apache/kafka/kafka-server-common/3.4.1/kafka-server-common-3.4.1.jar:/Users/shaoliang/.m2/repository/org/apache/kafka/kafka-raft/3.4.1/kafka-raft-3.4.1.jar:/Users/shaoliang/.m2/repository/com/yammer/metrics/metrics-core/2.2.0/metrics-core-2.2.0.jar:/Users/shaoliang/.m2/repository/org/apache/kafka/kafka-streams-test-utils/3.4.1/kafka-streams-test-utils-3.4.1.jar:/Users/shaoliang/.m2/repository/org/apache/kafka/kafka-streams/3.4.1/kafka-streams-3.4.1.jar:/Users/shaoliang/.m2/repository/org/rocksdb/rocksdbjni/7.1.2/rocksdbjni-7.1.2.jar:/Users/shaoliang/.m2/repository/org/apache/kafka/kafka_2.13/3.4.1/kafka_2.13-3.4.1.jar:/Users/shaoliang/.m2/repository/org/scala-lang/scala-library/2.13.10/scala-library-2.13.10.jar:/Users/shaoliang/.m2/repository/org/apache/kafka/kafka-group-coordinator/3.4.1/kafka-group-coordinator-3.4.1.jar:/Users/shaoliang/.m2/repository/org/apache/kafka/kafka-storage/3.4.1/kafka-storage-3.4.1.jar:/Users/shaoliang/.m2/repository/org/apache/kafka/kafka-storage-api/3.4.1/kafka-storage-api-3.4.1.jar:/Users/shaoliang/.m2/repository/net/sourceforge/argparse4j/argparse4j/0.7.0/argparse4j-0.7.0.jar:/Users/shaoliang/.m2/repository/com/fasterxml/jackson/module/jackson-module-scala_2.13/2.15.3/jackson-module-scala_2.13-2.15.3.jar:/Users/shaoliang/.m2/repository/com/thoughtworks/paranamer/paranamer/2.8/paranamer-2.8.jar:/Users/shaoliang/.m2/repository/com/fasterxml/jackson/dataformat/jackson-dataformat-csv/2.15.3/jackson-dataformat-csv-2.15.3.jar:/Users/shaoliang/.m2/repository/net/sf/jopt-simple/jopt-simple/5.0.4/jopt-simple-5.0.4.jar:/Users/shaoliang/.m2/repository/org/bitbucket/b_c/jose4j/0.9.3/jose4j-0.9.3.jar:/Users/shaoliang/.m2/repository/org/scala-lang/modules/scala-collection-compat_2.13/2.10.0/scala-collection-compat_2.13-2.10.0.jar:/Users/shaoliang/.m2/repository/org/scala-lang/modules/scala-java8-compat_2.13/1.0.2/scala-java8-compat_2.13-1.0.2.jar:/Users/shaoliang/.m2/repository/org/scala-lang/scala-reflect/2.13.10/scala-reflect-2.13.10.jar:/Users/shaoliang/.m2/repository/com/typesafe/scala-logging/scala-logging_2.13/3.9.4/scala-logging_2.13-3.9.4.jar:/Users/shaoliang/.m2/repository/io/dropwizard/metrics/metrics-core/4.2.21/metrics-core-4.2.21.jar:/Users/shaoliang/.m2/repository/commons-cli/commons-cli/1.4/commons-cli-1.4.jar:/Users/shaoliang/.m2/repository/org/apache/kafka/kafka_2.13/3.4.1/kafka_2.13-3.4.1-test.jar:/Users/shaoliang/.m2/repository/org/junit/jupiter/junit-jupiter-api/5.9.3/junit-jupiter-api-5.9.3.jar:/Users/shaoliang/.m2/repository/org/opentest4j/opentest4j/1.2.0/opentest4j-1.2.0.jar:/Users/shaoliang/.m2/repository/org/junit/platform/junit-platform-commons/1.9.3/junit-platform-commons-1.9.3.jar:/Users/shaoliang/.m2/repository/org/apiguardian/apiguardian-api/1.1.2/apiguardian-api-1.1.2.jar:/Users/shaoliang/.m2/repository/org/junit/platform/junit-platform-launcher/1.9.3/junit-platform-launcher-1.9.3.jar:/Users/shaoliang/.m2/repository/org/junit/platform/junit-platform-engine/1.9.3/junit-platform-engine-1.9.3.jar:/Users/shaoliang/.m2/repository/org/testcontainers/testcontainers/1.19.1/testcontainers-1.19.1.jar:/Users/shaoliang/.m2/repository/junit/junit/4.13.2/junit-4.13.2.jar:/Users/shaoliang/.m2/repository/org/hamcrest/hamcrest-core/2.2/hamcrest-core-2.2.jar:/Users/shaoliang/.m2/repository/org/apache/commons/commons-compress/1.24.0/commons-compress-1.24.0.jar:/Users/shaoliang/.m2/repository/org/rnorth/duct-tape/duct-tape/1.0.8/duct-tape-1.0.8.jar:/Users/shaoliang/.m2/repository/org/jetbrains/annotations/17.0.0/annotations-17.0.0.jar:/Users/shaoliang/.m2/repository/com/github/docker-java/docker-java-api/3.3.3/docker-java-api-3.3.3.jar:/Users/shaoliang/.m2/repository/com/fasterxml/jackson/core/jackson-annotations/2.15.3/jackson-annotations-2.15.3.jar:/Users/shaoliang/.m2/repository/com/github/docker-java/docker-java-transport-zerodep/3.3.3/docker-java-transport-zerodep-3.3.3.jar:/Users/shaoliang/.m2/repository/com/github/docker-java/docker-java-transport/3.3.3/docker-java-transport-3.3.3.jar:/Users/shaoliang/.m2/repository/net/java/dev/jna/jna/5.12.1/jna-5.12.1.jar:/Users/shaoliang/.m2/repository/org/testcontainers/localstack/1.19.1/localstack-1.19.1.jar:/Users/shaoliang/.m2/repository/org/testcontainers/junit-jupiter/1.19.1/junit-jupiter-1.19.1.jar:/Users/shaoliang/.m2/repository/com/amazonaws/aws-java-sdk-logs/1.12.521/aws-java-sdk-logs-1.12.521.jar:/Users/shaoliang/.m2/repository/com/amazonaws/aws-java-sdk-core/1.12.521/aws-java-sdk-core-1.12.521.jar:/Users/shaoliang/.m2/repository/commons-logging/commons-logging/1.1.3/commons-logging-1.1.3.jar:/Users/shaoliang/.m2/repository/commons-codec/commons-codec/1.15/commons-codec-1.15.jar:/Users/shaoliang/.m2/repository/org/apache/httpcomponents/httpclient/4.5.13/httpclient-4.5.13.jar:/Users/shaoliang/.m2/repository/software/amazon/ion/ion-java/1.0.2/ion-java-1.0.2.jar:/Users/shaoliang/.m2/repository/com/fasterxml/jackson/dataformat/jackson-dataformat-cbor/2.15.3/jackson-dataformat-cbor-2.15.3.jar:/Users/shaoliang/.m2/repository/joda-time/joda-time/2.8.1/joda-time-2.8.1.jar:/Users/shaoliang/.m2/repository/com/amazonaws/jmespath-java/1.12.521/jmespath-java-1.12.521.jar:/Users/shaoliang/.m2/repository/com/google/guava/guava/32.1.3-jre/guava-32.1.3-jre.jar:/Users/shaoliang/.m2/repository/com/google/guava/failureaccess/1.0.1/failureaccess-1.0.1.jar:/Users/shaoliang/.m2/repository/com/google/guava/listenablefuture/9999.0-empty-to-avoid-conflict-with-guava/listenablefuture-9999.0-empty-to-avoid-conflict-with-guava.jar:/Users/shaoliang/.m2/repository/org/checkerframework/checker-qual/3.37.0/checker-qual-3.37.0.jar:/Users/shaoliang/.m2/repository/com/google/errorprone/error_prone_annotations/2.21.1/error_prone_annotations-2.21.1.jar:/Users/shaoliang/.m2/repository/com/google/j2objc/j2objc-annotations/2.8/j2objc-annotations-2.8.jar:/Users/shaoliang/.m2/repository/org/springframework/spring-context/6.0.13/spring-context-6.0.13.jar:/Users/shaoliang/.m2/repository/org/springframework/spring-aop/6.0.13/spring-aop-6.0.13.jar:/Users/shaoliang/.m2/repository/org/springframework/spring-beans/6.0.13/spring-beans-6.0.13.jar:/Users/shaoliang/.m2/repository/org/springframework/spring-expression/6.0.13/spring-expression-6.0.13.jar:/Users/shaoliang/.m2/repository/com/amazonaws/aws-java-sdk-sqs/1.12.261/aws-java-sdk-sqs-1.12.261.jar:/Users/shaoliang/.m2/repository/org/awaitility/awaitility/4.2.0/awaitility-4.2.0.jar:/Users/shaoliang/.m2/repository/software/amazon/awssdk/aws-core/2.20.162/aws-core-2.20.162.jar:/Users/shaoliang/.m2/repository/software/amazon/awssdk/annotations/2.20.162/annotations-2.20.162.jar:/Users/shaoliang/.m2/repository/software/amazon/awssdk/regions/2.20.162/regions-2.20.162.jar:/Users/shaoliang/.m2/repository/software/amazon/awssdk/json-utils/2.20.162/json-utils-2.20.162.jar:/Users/shaoliang/.m2/repository/software/amazon/awssdk/third-party-jackson-core/2.20.162/third-party-jackson-core-2.20.162.jar:/Users/shaoliang/.m2/repository/software/amazon/awssdk/auth/2.20.162/auth-2.20.162.jar:/Users/shaoliang/.m2/repository/software/amazon/awssdk/profiles/2.20.162/profiles-2.20.162.jar:/Users/shaoliang/.m2/repository/software/amazon/awssdk/sdk-core/2.20.162/sdk-core-2.20.162.jar:/Users/shaoliang/.m2/repository/org/reactivestreams/reactive-streams/1.0.4/reactive-streams-1.0.4.jar:/Users/shaoliang/.m2/repository/software/amazon/awssdk/http-client-spi/2.20.162/http-client-spi-2.20.162.jar:/Users/shaoliang/.m2/repository/software/amazon/awssdk/metrics-spi/2.20.162/metrics-spi-2.20.162.jar:/Users/shaoliang/.m2/repository/software/amazon/awssdk/endpoints-spi/2.20.162/endpoints-spi-2.20.162.jar:/Users/shaoliang/.m2/repository/software/amazon/awssdk/utils/2.20.162/utils-2.20.162.jar:/Users/shaoliang/.m2/repository/software/amazon/eventstream/eventstream/1.0.1/eventstream-1.0.1.jar:"/>
    <property name="sun.cpu.endian" value="little"/>
    <property name="user.home" value="/Users/shaoliang"/>
    <property name="user.language" value="en"/>
    <property name="java.specification.vendor" value="Oracle Corporation"/>
    <property name="java.version.date" value="2025-01-21"/>
    <property name="java.home" value="/opt/homebrew/Cellar/openjdk@21/21.0.6/libexec/openjdk.jdk/Contents/Home"/>
    <property name="file.separator" value="/"/>
    <property name="basedir" value="/Users/shaoliang/projs/fraud-detection"/>
    <property name="java.vm.compressedOopsMode" value="Zero based"/>
    <property name="line.separator" value="&#10;"/>
    <property name="java.vm.specification.vendor" value="Oracle Corporation"/>
    <property name="java.specification.name" value="Java Platform API Specification"/>
    <property name="FILE_LOG_CHARSET" value="UTF-8"/>
    <property name="java.awt.headless" value="true"/>
    <property name="apple.awt.application.name" value="ForkedBooter"/>
    <property name="surefire.real.class.path" value="/Users/shaoliang/projs/fraud-detection/target/surefire/surefirebooter-20250216151901864_3.jar"/>
    <property name="sun.management.compiler" value="HotSpot 64-Bit Tiered Compilers"/>
    <property name="ftp.nonProxyHosts" value="local|*.local|169.254/16|*.169.254/16"/>
    <property name="java.runtime.version" value="21.0.6"/>
    <property name="user.name" value="shaoliang"/>
    <property name="stdout.encoding" value="UTF-8"/>
    <property name="path.separator" value=":"/>
    <property name="os.version" value="15.0.1"/>
    <property name="java.runtime.name" value="OpenJDK Runtime Environment"/>
    <property name="file.encoding" value="UTF-8"/>
    <property name="java.vm.name" value="OpenJDK 64-Bit Server VM"/>
    <property name="java.vendor.version" value="Homebrew"/>
    <property name="localRepository" value="/Users/shaoliang/.m2/repository"/>
    <property name="java.vendor.url.bug" value="https://github.com/Homebrew/homebrew-core/issues"/>
    <property name="java.io.tmpdir" value="/var/folders/4c/m2xlqfxx50j2b_28vh892mtm0000gn/T/"/>
    <property name="com.zaxxer.hikari.pool_number" value="1"/>
    <property name="java.version" value="21.0.6"/>
    <property name="user.dir" value="/Users/shaoliang/projs/fraud-detection"/>
    <property name="os.arch" value="aarch64"/>
    <property name="java.vm.specification.name" value="Java Virtual Machine Specification"/>
    <property name="PID" value="44625"/>
    <property name="CONSOLE_LOG_CHARSET" value="UTF-8"/>
    <property name="native.encoding" value="UTF-8"/>
    <property name="java.library.path" value="/Users/shaoliang/Library/Java/Extensions:/Library/Java/Extensions:/Network/Library/Java/Extensions:/System/Library/Java/Extensions:/usr/lib/java:."/>
    <property name="java.vm.info" value="mixed mode, sharing"/>
    <property name="stderr.encoding" value="UTF-8"/>
    <property name="java.vendor" value="Homebrew"/>
    <property name="java.vm.version" value="21.0.6"/>
    <property name="sun.io.unicode.encoding" value="UnicodeBig"/>
    <property name="socksNonProxyHosts" value="local|*.local|169.254/16|*.169.254/16"/>
    <property name="java.class.version" value="65.0"/>
  </properties>
  <testcase name="whenReceivingValidTransaction_thenProcessAndSave" classname="com.example.frauddetection.service.TransactionSQSConsumerIntegrationTest" time="6.412">
    <system-out><![CDATA[15:19:04.973 [main] INFO org.springframework.test.context.support.AnnotationConfigContextLoaderUtils -- Could not detect default configuration classes for test class [com.example.frauddetection.service.TransactionSQSConsumerIntegrationTest]: TransactionSQSConsumerIntegrationTest does not declare any static, non-private, non-final, nested classes annotated with @Configuration.
15:19:05.181 [main] INFO org.springframework.boot.test.context.SpringBootTestContextBootstrapper -- Found @SpringBootConfiguration com.example.frauddetection.FraudDetectionApplication for test class com.example.frauddetection.service.TransactionSQSConsumerIntegrationTest
15:19:05.386 [main] INFO org.testcontainers.images.PullPolicy -- Image pull policy will be performed by: DefaultPullPolicy()
15:19:05.388 [main] INFO org.testcontainers.utility.ImageNameSubstitutor -- Image name substitution will be performed by: DefaultImageNameSubstitutor (composite of 'ConfigurationFileImageNameSubstitutor' and 'PrefixingImageNameSubstitutor')
15:19:05.811 [main] INFO org.testcontainers.dockerclient.DockerClientProviderStrategy -- Loaded org.testcontainers.dockerclient.UnixSocketClientProviderStrategy from ~/.testcontainers.properties, will try it first
15:19:06.239 [main] INFO org.testcontainers.dockerclient.DockerClientProviderStrategy -- Found Docker environment with local Unix socket (unix:///var/run/docker.sock)
15:19:06.252 [main] INFO org.testcontainers.DockerClientFactory -- Docker host IP address is localhost
15:19:06.286 [main] INFO org.testcontainers.DockerClientFactory -- Connected to docker: 
  Server Version: 20.10.17
  API Version: 1.41
  Operating System: Docker Desktop
  Total Memory: 7851 MB
15:19:06.318 [main] INFO tc.testcontainers/ryuk:0.5.1 -- Creating container for image: testcontainers/ryuk:0.5.1
15:19:06.476 [main] INFO org.testcontainers.utility.RegistryAuthLocator -- Credential helper/store (docker-credential-desktop) does not have credentials for https://index.docker.io/v1/
15:19:06.617 [main] INFO tc.testcontainers/ryuk:0.5.1 -- Container testcontainers/ryuk:0.5.1 is starting: 01e22c3288be19dc7451065c9f80822ebe04bc420d92897cef4385b5060c6545
15:19:07.175 [main] INFO tc.testcontainers/ryuk:0.5.1 -- Container testcontainers/ryuk:0.5.1 started in PT0.856419S
15:19:07.212 [main] INFO org.testcontainers.utility.RyukResourceReaper -- Ryuk started - will monitor and terminate Testcontainers containers on JVM exit
15:19:07.213 [main] INFO org.testcontainers.DockerClientFactory -- Checking the system...
15:19:07.213 [main] INFO org.testcontainers.DockerClientFactory -- ✔︎ Docker server version should be at least 1.6.0
15:19:07.215 [main] INFO tc.localstack/localstack:2.1 -- LOCALSTACK_HOST environment variable set to localhost (to match host-routable address for container)
15:19:07.216 [main] INFO tc.localstack/localstack:2.1 -- Creating container for image: localstack/localstack:2.1
15:19:07.944 [main] INFO tc.localstack/localstack:2.1 -- Container localstack/localstack:2.1 is starting: ff7edb4824c4e87b15e782d67032a7d8c877fa42951706d86ea9abccbf349f2c
15:19:10.251 [main] INFO tc.localstack/localstack:2.1 -- Container localstack/localstack:2.1 started in PT3.035609S
15:19:10,549 |-INFO in ch.qos.logback.core.joran.util.ConfigurationWatchListUtil@3bd466bd - Adding [jar:file:/Users/shaoliang/.m2/repository/org/springframework/boot/spring-boot/3.1.5/spring-boot-3.1.5.jar!/org/springframework/boot/logging/logback/base.xml] to configuration watch list.
15:19:10,549 |-INFO in ch.qos.logback.core.joran.spi.ConfigurationWatchList@1bbf7e81 - URL [jar:file:/Users/shaoliang/.m2/repository/org/springframework/boot/spring-boot/3.1.5/spring-boot-3.1.5.jar!/org/springframework/boot/logging/logback/base.xml] is not of type file
15:19:10,551 |-INFO in ch.qos.logback.core.joran.util.ConfigurationWatchListUtil@3bd466bd - Adding [jar:file:/Users/shaoliang/.m2/repository/org/springframework/boot/spring-boot/3.1.5/spring-boot-3.1.5.jar!/org/springframework/boot/logging/logback/defaults.xml] to configuration watch list.
15:19:10,551 |-INFO in ch.qos.logback.core.joran.spi.ConfigurationWatchList@1bbf7e81 - URL [jar:file:/Users/shaoliang/.m2/repository/org/springframework/boot/spring-boot/3.1.5/spring-boot-3.1.5.jar!/org/springframework/boot/logging/logback/defaults.xml] is not of type file
15:19:10,553 |-INFO in ch.qos.logback.core.joran.action.ConversionRuleAction - registering conversion word clr with class [org.springframework.boot.logging.logback.ColorConverter]
15:19:10,553 |-INFO in ch.qos.logback.core.joran.action.ConversionRuleAction - registering conversion word wex with class [org.springframework.boot.logging.logback.WhitespaceThrowableProxyConverter]
15:19:10,553 |-INFO in ch.qos.logback.core.joran.action.ConversionRuleAction - registering conversion word wEx with class [org.springframework.boot.logging.logback.ExtendedWhitespaceThrowableProxyConverter]
15:19:10,554 |-INFO in ch.qos.logback.core.joran.util.ConfigurationWatchListUtil@3bd466bd - Adding [jar:file:/Users/shaoliang/.m2/repository/org/springframework/boot/spring-boot/3.1.5/spring-boot-3.1.5.jar!/org/springframework/boot/logging/logback/console-appender.xml] to configuration watch list.
15:19:10,554 |-INFO in ch.qos.logback.core.joran.spi.ConfigurationWatchList@1bbf7e81 - URL [jar:file:/Users/shaoliang/.m2/repository/org/springframework/boot/spring-boot/3.1.5/spring-boot-3.1.5.jar!/org/springframework/boot/logging/logback/console-appender.xml] is not of type file
15:19:10,556 |-INFO in ch.qos.logback.core.joran.util.ConfigurationWatchListUtil@3bd466bd - Adding [jar:file:/Users/shaoliang/.m2/repository/org/springframework/boot/spring-boot/3.1.5/spring-boot-3.1.5.jar!/org/springframework/boot/logging/logback/file-appender.xml] to configuration watch list.
15:19:10,556 |-INFO in ch.qos.logback.core.joran.spi.ConfigurationWatchList@1bbf7e81 - URL [jar:file:/Users/shaoliang/.m2/repository/org/springframework/boot/spring-boot/3.1.5/spring-boot-3.1.5.jar!/org/springframework/boot/logging/logback/file-appender.xml] is not of type file
15:19:10,595 |-INFO in ch.qos.logback.core.model.processor.StatusListenerModelHandler - Added status listener of type [ch.qos.logback.core.status.OnConsoleStatusListener]
15:19:10,598 |-INFO in ch.qos.logback.classic.model.processor.LoggerModelHandler - Setting level of logger [org.apache.catalina.startup.DigesterFactory] to ERROR
15:19:10,598 |-INFO in ch.qos.logback.classic.jul.LevelChangePropagator@302fa67a - Propagating ERROR level on Logger[org.apache.catalina.startup.DigesterFactory] onto the JUL framework
15:19:10,598 |-INFO in ch.qos.logback.classic.model.processor.LoggerModelHandler - Setting level of logger [org.apache.catalina.util.LifecycleBase] to ERROR
15:19:10,598 |-INFO in ch.qos.logback.classic.jul.LevelChangePropagator@302fa67a - Propagating ERROR level on Logger[org.apache.catalina.util.LifecycleBase] onto the JUL framework
15:19:10,599 |-INFO in ch.qos.logback.classic.model.processor.LoggerModelHandler - Setting level of logger [org.apache.coyote.http11.Http11NioProtocol] to WARN
15:19:10,599 |-INFO in ch.qos.logback.classic.jul.LevelChangePropagator@302fa67a - Propagating WARN level on Logger[org.apache.coyote.http11.Http11NioProtocol] onto the JUL framework
15:19:10,599 |-INFO in ch.qos.logback.classic.model.processor.LoggerModelHandler - Setting level of logger [org.apache.sshd.common.util.SecurityUtils] to WARN
15:19:10,599 |-INFO in ch.qos.logback.classic.jul.LevelChangePropagator@302fa67a - Propagating WARN level on Logger[org.apache.sshd.common.util.SecurityUtils] onto the JUL framework
15:19:10,599 |-INFO in ch.qos.logback.classic.model.processor.LoggerModelHandler - Setting level of logger [org.apache.tomcat.util.net.NioSelectorPool] to WARN
15:19:10,599 |-INFO in ch.qos.logback.classic.jul.LevelChangePropagator@302fa67a - Propagating WARN level on Logger[org.apache.tomcat.util.net.NioSelectorPool] onto the JUL framework
15:19:10,599 |-INFO in ch.qos.logback.classic.model.processor.LoggerModelHandler - Setting level of logger [org.eclipse.jetty.util.component.AbstractLifeCycle] to ERROR
15:19:10,599 |-INFO in ch.qos.logback.classic.jul.LevelChangePropagator@302fa67a - Propagating ERROR level on Logger[org.eclipse.jetty.util.component.AbstractLifeCycle] onto the JUL framework
15:19:10,599 |-INFO in ch.qos.logback.classic.model.processor.LoggerModelHandler - Setting level of logger [org.hibernate.validator.internal.util.Version] to WARN
15:19:10,599 |-INFO in ch.qos.logback.classic.jul.LevelChangePropagator@302fa67a - Propagating WARN level on Logger[org.hibernate.validator.internal.util.Version] onto the JUL framework
15:19:10,599 |-INFO in ch.qos.logback.classic.model.processor.LoggerModelHandler - Setting level of logger [org.springframework.boot.actuate.endpoint.jmx] to WARN
15:19:10,599 |-INFO in ch.qos.logback.classic.jul.LevelChangePropagator@302fa67a - Propagating WARN level on Logger[org.springframework.boot.actuate.endpoint.jmx] onto the JUL framework
15:19:10,600 |-INFO in ch.qos.logback.core.model.processor.AppenderModelHandler - Processing appender named [CONSOLE]
15:19:10,600 |-INFO in ch.qos.logback.core.model.processor.AppenderModelHandler - About to instantiate appender of type [ch.qos.logback.core.ConsoleAppender]
15:19:10,605 |-INFO in ch.qos.logback.core.model.processor.ImplicitModelHandler - Assuming default type [ch.qos.logback.classic.encoder.PatternLayoutEncoder] for [encoder] property
15:19:10,623 |-INFO in ch.qos.logback.core.model.processor.AppenderModelHandler - Processing appender named [FILE]
15:19:10,623 |-INFO in ch.qos.logback.core.model.processor.AppenderModelHandler - About to instantiate appender of type [ch.qos.logback.core.rolling.RollingFileAppender]
15:19:10,627 |-INFO in ch.qos.logback.core.model.processor.ImplicitModelHandler - Assuming default type [ch.qos.logback.classic.encoder.PatternLayoutEncoder] for [encoder] property
15:19:10,631 |-INFO in c.q.l.core.rolling.SizeAndTimeBasedRollingPolicy@119099227 - setting totalSizeCap to 0 Bytes
15:19:10,635 |-INFO in c.q.l.core.rolling.SizeAndTimeBasedRollingPolicy@119099227 - Archive files will be limited to [10 MB] each.
15:19:10,637 |-INFO in c.q.l.core.rolling.SizeAndTimeBasedRollingPolicy@119099227 - Will use gz compression
15:19:10,638 |-INFO in c.q.l.core.rolling.SizeAndTimeBasedRollingPolicy@119099227 - Will use the pattern /var/folders/4c/m2xlqfxx50j2b_28vh892mtm0000gn/T//spring.log.%d{yyyy-MM-dd}.%i for the active file
15:19:10,640 |-INFO in ch.qos.logback.core.rolling.SizeAndTimeBasedFNATP@30a0a440 - The date pattern is 'yyyy-MM-dd' from file name pattern '/var/folders/4c/m2xlqfxx50j2b_28vh892mtm0000gn/T//spring.log.%d{yyyy-MM-dd}.%i.gz'.
15:19:10,640 |-INFO in ch.qos.logback.core.rolling.SizeAndTimeBasedFNATP@30a0a440 - Roll-over at midnight.
15:19:10,641 |-INFO in ch.qos.logback.core.rolling.SizeAndTimeBasedFNATP@30a0a440 - Setting initial period to 2025-02-16T07:16:37.321Z
15:19:10,644 |-INFO in ch.qos.logback.core.rolling.RollingFileAppender[FILE] - Active log file name: /var/folders/4c/m2xlqfxx50j2b_28vh892mtm0000gn/T//spring.log
15:19:10,644 |-INFO in ch.qos.logback.core.rolling.RollingFileAppender[FILE] - File property is set to [/var/folders/4c/m2xlqfxx50j2b_28vh892mtm0000gn/T//spring.log]
15:19:10,645 |-INFO in ch.qos.logback.classic.model.processor.RootLoggerModelHandler - Setting level of ROOT logger to INFO
15:19:10,645 |-INFO in ch.qos.logback.classic.jul.LevelChangePropagator@302fa67a - Propagating INFO level on Logger[ROOT] onto the JUL framework
15:19:10,645 |-INFO in ch.qos.logback.core.model.processor.AppenderRefModelHandler - Attaching appender named [CONSOLE] to Logger[ROOT]
15:19:10,645 |-INFO in ch.qos.logback.core.model.processor.AppenderRefModelHandler - Attaching appender named [FILE] to Logger[ROOT]
15:19:10,646 |-INFO in ch.qos.logback.core.model.processor.AppenderModelHandler - Processing appender named [CLOUDWATCH]
15:19:10,646 |-INFO in ch.qos.logback.core.model.processor.AppenderModelHandler - About to instantiate appender of type [ca.pjer.logback.AwsLogsAppender]
15:19:10,649 |-INFO in ch.qos.logback.core.model.processor.ImplicitModelHandler - Assuming default type [ch.qos.logback.classic.PatternLayout] for [layout] property
15:19:10,656 |-INFO in ch.qos.logback.classic.model.processor.RootLoggerModelHandler - Setting level of ROOT logger to INFO
15:19:10,656 |-INFO in ch.qos.logback.core.model.processor.AppenderRefModelHandler - Attaching appender named [CLOUDWATCH] to Logger[ROOT]
15:19:10,656 |-INFO in ch.qos.logback.core.model.processor.DefaultProcessor@404d90c5 - End of configuration.
15:19:10,656 |-INFO in org.springframework.boot.logging.logback.SpringBootJoranConfigurator@4bd1541f - Registering current configuration as safe fallback point
15:19:10,667 |-INFO in ch.qos.logback.classic.jul.LevelChangePropagator@302fa67a - Propagating DEBUG level on Logger[com.example.frauddetection] onto the JUL framework
15:19:10,667 |-INFO in ch.qos.logback.classic.jul.LevelChangePropagator@302fa67a - Propagating INFO level on Logger[org.testcontainers] onto the JUL framework
15:19:10,667 |-INFO in ch.qos.logback.classic.jul.LevelChangePropagator@302fa67a - Propagating INFO level on Logger[com.amazonaws] onto the JUL framework

  .   ____          _            __ _ _
 /\\ / ___'_ __ _ _(_)_ __  __ _ \ \ \ \
( ( )\___ | '_ | '_| | '_ \/ _` | \ \ \ \
 \\/  ___)| |_)| | | | | || (_| |  ) ) ) )
  '  |____| .__|_| |_|_| |_\__, | / / / /
 =========|_|==============|___/=/_/_/_/
 :: Spring Boot ::                (v3.1.5)

2025-02-16T15:19:10.753+08:00  INFO 44625 --- [           main] .s.TransactionSQSConsumerIntegrationTest : Starting TransactionSQSConsumerIntegrationTest using Java 21.0.6 with PID 44625 (started by shaoliang in /Users/shaoliang/projs/fraud-detection)
2025-02-16T15:19:10.770+08:00 DEBUG 44625 --- [           main] .s.TransactionSQSConsumerIntegrationTest : Running with Spring Boot v3.1.5, Spring v6.0.13
2025-02-16T15:19:10.774+08:00  INFO 44625 --- [           main] .s.TransactionSQSConsumerIntegrationTest : No active profile set, falling back to 1 default profile: "default"
Creating AWSLogs Client
2025-02-16T15:19:11.910+08:00  INFO 44625 --- [           main] .s.d.r.c.RepositoryConfigurationDelegate : Bootstrapping Spring Data JPA repositories in DEFAULT mode.
2025-02-16T15:19:11.970+08:00  INFO 44625 --- [           main] .s.d.r.c.RepositoryConfigurationDelegate : Finished Spring Data repository scanning in 50 ms. Found 1 JPA repository interfaces.
2025-02-16T15:19:12.927+08:00  INFO 44625 --- [           main] com.zaxxer.hikari.HikariDataSource       : HikariPool-1 - Starting...
2025-02-16T15:19:13.652+08:00  INFO 44625 --- [           main] com.zaxxer.hikari.pool.HikariPool        : HikariPool-1 - Added connection conn0: url=jdbc:h2:mem:a16ba9a5-ace5-44ab-8eed-ead6096339d2 user=SA
2025-02-16T15:19:13.661+08:00  INFO 44625 --- [           main] com.zaxxer.hikari.HikariDataSource       : HikariPool-1 - Start completed.
2025-02-16T15:19:13.767+08:00  INFO 44625 --- [           main] o.hibernate.jpa.internal.util.LogHelper  : HHH000204: Processing PersistenceUnitInfo [name: default]
2025-02-16T15:19:13.872+08:00  INFO 44625 --- [           main] org.hibernate.Version                    : HHH000412: Hibernate ORM core version 6.2.13.Final
2025-02-16T15:19:13.877+08:00  INFO 44625 --- [           main] org.hibernate.cfg.Environment            : HHH000406: Using bytecode reflection optimizer
2025-02-16T15:19:14.126+08:00  INFO 44625 --- [           main] o.s.o.j.p.SpringPersistenceUnitInfo      : No LoadTimeWeaver setup: ignoring JPA class transformer
15:19:14,127 |-WARN in ca.pjer.logback.AwsLogsAppender[CLOUDWATCH] - 7 events lost
2025-02-16T15:19:15.161+08:00  INFO 44625 --- [           main] o.h.e.t.j.p.i.JtaPlatformInitiator       : HHH000489: No JTA platform available (set 'hibernate.transaction.jta.platform' to enable JTA platform integration)
2025-02-16T15:19:15.211+08:00  INFO 44625 --- [           main] j.LocalContainerEntityManagerFactoryBean : Initialized JPA EntityManagerFactory for persistence unit 'default'
2025-02-16T15:19:15.845+08:00  WARN 44625 --- [           main] JpaBaseConfiguration$JpaWebConfiguration : spring.jpa.open-in-view is enabled by default. Therefore, database queries may be performed during view rendering. Explicitly configure spring.jpa.open-in-view to disable this warning
2025-02-16T15:19:16.962+08:00  INFO 44625 --- [           main] o.s.b.a.e.web.EndpointLinksResolver      : Exposing 1 endpoint(s) beneath base path '/actuator'
2025-02-16T15:19:17.485+08:00  INFO 44625 --- [ecycle-thread-1] a.c.s.l.AbstractMessageListenerContainer : Container io.awspring.cloud.sqs.sqsListenerEndpointContainer#0 started
2025-02-16T15:19:17.510+08:00  INFO 44625 --- [           main] .s.TransactionSQSConsumerIntegrationTest : Started TransactionSQSConsumerIntegrationTest in 7.21 seconds (process running for 15.547)
2025-02-16T15:19:23.025+08:00  INFO 44625 --- [  AsyncThread-1] c.e.f.service.TransactionSQSConsumer     : Received transaction from SQS: com.example.frauddetection.model.Transaction@36afe1b7
2025-02-16T15:19:23.026+08:00  INFO 44625 --- [  AsyncThread-1] c.e.f.service.FraudDetectionService      : Analyzing transaction: com.example.frauddetection.model.Transaction@36afe1b7
]]></system-out>
  </testcase>
  <testcase name="whenReceivingSuspiciousTransaction_thenAlertAndSave" classname="com.example.frauddetection.service.TransactionSQSConsumerIntegrationTest" time="6.064">
    <system-out><![CDATA[2025-02-16T15:19:29.077+08:00  INFO 44625 --- [  AsyncThread-2] c.e.f.service.TransactionSQSConsumer     : Received transaction from SQS: com.example.frauddetection.model.Transaction@5b1023fd
2025-02-16T15:19:29.078+08:00  INFO 44625 --- [  AsyncThread-2] c.e.f.service.FraudDetectionService      : Analyzing transaction: com.example.frauddetection.model.Transaction@5b1023fd
2025-02-16T15:19:29.078+08:00  WARN 44625 --- [  AsyncThread-2] c.e.f.service.FraudDetectionService      : High-value transaction detected: com.example.frauddetection.model.Transaction@5b1023fd
2025-02-16T15:19:29.078+08:00  WARN 44625 --- [  AsyncThread-2] c.e.f.service.TransactionSQSConsumer     : Suspicious transaction detected and flagged: com.example.frauddetection.model.Transaction@5b1023fd
]]></system-out>
  </testcase>
  <testcase name="whenReceivingMultipleTransactions_thenProcessAllSuccessfully" classname="com.example.frauddetection.service.TransactionSQSConsumerIntegrationTest" time="10.229">
    <system-out><![CDATA[2025-02-16T15:19:35.154+08:00  INFO 44625 --- [  AsyncThread-3] c.e.f.service.TransactionSQSConsumer     : Received transaction from SQS: com.example.frauddetection.model.Transaction@65f0474d
2025-02-16T15:19:35.155+08:00  INFO 44625 --- [  AsyncThread-3] c.e.f.service.FraudDetectionService      : Analyzing transaction: com.example.frauddetection.model.Transaction@65f0474d
2025-02-16T15:19:36.205+08:00  INFO 44625 --- [  AsyncThread-4] c.e.f.service.TransactionSQSConsumer     : Received transaction from SQS: com.example.frauddetection.model.Transaction@4ae36144
2025-02-16T15:19:36.205+08:00  INFO 44625 --- [  AsyncThread-4] c.e.f.service.FraudDetectionService      : Analyzing transaction: com.example.frauddetection.model.Transaction@4ae36144
2025-02-16T15:19:37.252+08:00  INFO 44625 --- [  AsyncThread-5] c.e.f.service.TransactionSQSConsumer     : Received transaction from SQS: com.example.frauddetection.model.Transaction@5f65da91
2025-02-16T15:19:37.252+08:00  INFO 44625 --- [  AsyncThread-5] c.e.f.service.FraudDetectionService      : Analyzing transaction: com.example.frauddetection.model.Transaction@5f65da91
2025-02-16T15:19:38.287+08:00  INFO 44625 --- [  AsyncThread-6] c.e.f.service.TransactionSQSConsumer     : Received transaction from SQS: com.example.frauddetection.model.Transaction@646290c6
2025-02-16T15:19:38.288+08:00  INFO 44625 --- [  AsyncThread-6] c.e.f.service.FraudDetectionService      : Analyzing transaction: com.example.frauddetection.model.Transaction@646290c6
2025-02-16T15:19:39.319+08:00  INFO 44625 --- [  AsyncThread-7] c.e.f.service.TransactionSQSConsumer     : Received transaction from SQS: com.example.frauddetection.model.Transaction@59b47006
2025-02-16T15:19:39.319+08:00  INFO 44625 --- [  AsyncThread-7] c.e.f.service.FraudDetectionService      : Analyzing transaction: com.example.frauddetection.model.Transaction@59b47006
]]></system-out>
  </testcase>
</testsuite>