<?xml version="1.0" encoding="UTF-8"?>
<testsuite xmlns:xsi="http://www.w3.org/2001/XMLSchema-instance" xsi:noNamespaceSchemaLocation="https://maven.apache.org/surefire/maven-surefire-plugin/xsd/surefire-test-report-3.0.xsd" version="3.0" name="com.example.frauddetection.service.FraudDetectionServiceTest" time="1.624" tests="6" errors="0" skipped="0" failures="0">
  <properties>
    <property name="java.specification.version" value="21"/>
    <property name="sun.jnu.encoding" value="UTF-8"/>
    <property name="java.class.path" value="/Users/shaoliang/projs/fraud-detection/target/test-classes:/Users/shaoliang/projs/fraud-detection/target/classes:/Users/shaoliang/.m2/repository/org/springframework/boot/spring-boot-starter-web/3.1.5/spring-boot-starter-web-3.1.5.jar:/Users/shaoliang/.m2/repository/org/springframework/boot/spring-boot-starter/3.1.5/spring-boot-starter-3.1.5.jar:/Users/shaoliang/.m2/repository/org/springframework/boot/spring-boot/3.1.5/spring-boot-3.1.5.jar:/Users/shaoliang/.m2/repository/org/springframework/boot/spring-boot-autoconfigure/3.1.5/spring-boot-autoconfigure-3.1.5.jar:/Users/shaoliang/.m2/repository/org/springframework/boot/spring-boot-starter-logging/3.1.5/spring-boot-starter-logging-3.1.5.jar:/Users/shaoliang/.m2/repository/org/apache/logging/log4j/log4j-to-slf4j/2.20.0/log4j-to-slf4j-2.20.0.jar:/Users/shaoliang/.m2/repository/org/apache/logging/log4j/log4j-api/2.20.0/log4j-api-2.20.0.jar:/Users/shaoliang/.m2/repository/org/slf4j/jul-to-slf4j/2.0.9/jul-to-slf4j-2.0.9.jar:/Users/shaoliang/.m2/repository/jakarta/annotation/jakarta.annotation-api/2.1.1/jakarta.annotation-api-2.1.1.jar:/Users/shaoliang/.m2/repository/org/yaml/snakeyaml/1.33/snakeyaml-1.33.jar:/Users/shaoliang/.m2/repository/org/springframework/boot/spring-boot-starter-json/3.1.5/spring-boot-starter-json-3.1.5.jar:/Users/shaoliang/.m2/repository/com/fasterxml/jackson/core/jackson-databind/2.15.3/jackson-databind-2.15.3.jar:/Users/shaoliang/.m2/repository/com/fasterxml/jackson/core/jackson-core/2.15.3/jackson-core-2.15.3.jar:/Users/shaoliang/.m2/repository/com/fasterxml/jackson/datatype/jackson-datatype-jdk8/2.15.3/jackson-datatype-jdk8-2.15.3.jar:/Users/shaoliang/.m2/repository/com/fasterxml/jackson/datatype/jackson-datatype-jsr310/2.15.3/jackson-datatype-jsr310-2.15.3.jar:/Users/shaoliang/.m2/repository/com/fasterxml/jackson/module/jackson-module-parameter-names/2.15.3/jackson-module-parameter-names-2.15.3.jar:/Users/shaoliang/.m2/repository/org/springframework/boot/spring-boot-starter-tomcat/3.1.5/spring-boot-starter-tomcat-3.1.5.jar:/Users/shaoliang/.m2/repository/org/apache/tomcat/embed/tomcat-embed-core/10.1.15/tomcat-embed-core-10.1.15.jar:/Users/shaoliang/.m2/repository/org/apache/tomcat/embed/tomcat-embed-el/10.1.15/tomcat-embed-el-10.1.15.jar:/Users/shaoliang/.m2/repository/org/apache/tomcat/embed/tomcat-embed-websocket/10.1.15/tomcat-embed-websocket-10.1.15.jar:/Users/shaoliang/.m2/repository/org/springframework/spring-web/6.0.13/spring-web-6.0.13.jar:/Users/shaoliang/.m2/repository/org/springframework/spring-webmvc/6.0.13/spring-webmvc-6.0.13.jar:/Users/shaoliang/.m2/repository/org/springframework/boot/spring-boot-starter-data-jpa/3.1.5/spring-boot-starter-data-jpa-3.1.5.jar:/Users/shaoliang/.m2/repository/org/springframework/boot/spring-boot-starter-aop/3.1.5/spring-boot-starter-aop-3.1.5.jar:/Users/shaoliang/.m2/repository/org/aspectj/aspectjweaver/1.9.20/aspectjweaver-1.9.20.jar:/Users/shaoliang/.m2/repository/org/springframework/boot/spring-boot-starter-jdbc/3.1.5/spring-boot-starter-jdbc-3.1.5.jar:/Users/shaoliang/.m2/repository/com/zaxxer/HikariCP/5.0.1/HikariCP-5.0.1.jar:/Users/shaoliang/.m2/repository/org/springframework/spring-jdbc/6.0.13/spring-jdbc-6.0.13.jar:/Users/shaoliang/.m2/repository/org/hibernate/orm/hibernate-core/6.2.13.Final/hibernate-core-6.2.13.Final.jar:/Users/shaoliang/.m2/repository/jakarta/persistence/jakarta.persistence-api/3.1.0/jakarta.persistence-api-3.1.0.jar:/Users/shaoliang/.m2/repository/jakarta/transaction/jakarta.transaction-api/2.0.1/jakarta.transaction-api-2.0.1.jar:/Users/shaoliang/.m2/repository/org/jboss/logging/jboss-logging/3.5.3.Final/jboss-logging-3.5.3.Final.jar:/Users/shaoliang/.m2/repository/org/hibernate/common/hibernate-commons-annotations/6.0.6.Final/hibernate-commons-annotations-6.0.6.Final.jar:/Users/shaoliang/.m2/repository/io/smallrye/jandex/3.0.5/jandex-3.0.5.jar:/Users/shaoliang/.m2/repository/com/fasterxml/classmate/1.5.1/classmate-1.5.1.jar:/Users/shaoliang/.m2/repository/net/bytebuddy/byte-buddy/1.14.9/byte-buddy-1.14.9.jar:/Users/shaoliang/.m2/repository/org/glassfish/jaxb/jaxb-runtime/4.0.3/jaxb-runtime-4.0.3.jar:/Users/shaoliang/.m2/repository/org/glassfish/jaxb/jaxb-core/4.0.3/jaxb-core-4.0.3.jar:/Users/shaoliang/.m2/repository/org/eclipse/angus/angus-activation/2.0.1/angus-activation-2.0.1.jar:/Users/shaoliang/.m2/repository/org/glassfish/jaxb/txw2/4.0.3/txw2-4.0.3.jar:/Users/shaoliang/.m2/repository/com/sun/istack/istack-commons-runtime/4.1.2/istack-commons-runtime-4.1.2.jar:/Users/shaoliang/.m2/repository/jakarta/inject/jakarta.inject-api/2.0.1/jakarta.inject-api-2.0.1.jar:/Users/shaoliang/.m2/repository/org/antlr/antlr4-runtime/4.10.1/antlr4-runtime-4.10.1.jar:/Users/shaoliang/.m2/repository/org/springframework/data/spring-data-jpa/3.1.5/spring-data-jpa-3.1.5.jar:/Users/shaoliang/.m2/repository/org/springframework/data/spring-data-commons/3.1.5/spring-data-commons-3.1.5.jar:/Users/shaoliang/.m2/repository/org/springframework/spring-orm/6.0.13/spring-orm-6.0.13.jar:/Users/shaoliang/.m2/repository/org/springframework/spring-aspects/6.0.13/spring-aspects-6.0.13.jar:/Users/shaoliang/.m2/repository/org/springframework/kafka/spring-kafka/3.0.12/spring-kafka-3.0.12.jar:/Users/shaoliang/.m2/repository/org/springframework/spring-messaging/6.0.13/spring-messaging-6.0.13.jar:/Users/shaoliang/.m2/repository/org/springframework/spring-tx/6.0.13/spring-tx-6.0.13.jar:/Users/shaoliang/.m2/repository/org/springframework/retry/spring-retry/2.0.4/spring-retry-2.0.4.jar:/Users/shaoliang/.m2/repository/org/apache/kafka/kafka-clients/3.4.1/kafka-clients-3.4.1.jar:/Users/shaoliang/.m2/repository/com/github/luben/zstd-jni/1.5.2-1/zstd-jni-1.5.2-1.jar:/Users/shaoliang/.m2/repository/org/lz4/lz4-java/1.8.0/lz4-java-1.8.0.jar:/Users/shaoliang/.m2/repository/org/xerial/snappy/snappy-java/1.1.8.4/snappy-java-1.1.8.4.jar:/Users/shaoliang/.m2/repository/io/micrometer/micrometer-observation/1.11.5/micrometer-observation-1.11.5.jar:/Users/shaoliang/.m2/repository/io/micrometer/micrometer-commons/1.11.5/micrometer-commons-1.11.5.jar:/Users/shaoliang/.m2/repository/com/google/code/findbugs/jsr305/3.0.2/jsr305-3.0.2.jar:/Users/shaoliang/.m2/repository/io/awspring/cloud/spring-cloud-aws-starter-sqs/3.0.2/spring-cloud-aws-starter-sqs-3.0.2.jar:/Users/shaoliang/.m2/repository/io/awspring/cloud/spring-cloud-aws-starter/3.0.2/spring-cloud-aws-starter-3.0.2.jar:/Users/shaoliang/.m2/repository/io/awspring/cloud/spring-cloud-aws-autoconfigure/3.0.2/spring-cloud-aws-autoconfigure-3.0.2.jar:/Users/shaoliang/.m2/repository/io/awspring/cloud/spring-cloud-aws-core/3.0.2/spring-cloud-aws-core-3.0.2.jar:/Users/shaoliang/.m2/repository/io/awspring/cloud/spring-cloud-aws-sqs/3.0.2/spring-cloud-aws-sqs-3.0.2.jar:/Users/shaoliang/.m2/repository/software/amazon/awssdk/sqs/2.20.63/sqs-2.20.63.jar:/Users/shaoliang/.m2/repository/software/amazon/awssdk/aws-query-protocol/2.20.63/aws-query-protocol-2.20.63.jar:/Users/shaoliang/.m2/repository/software/amazon/awssdk/arns/2.20.63/arns-2.20.63.jar:/Users/shaoliang/.m2/repository/org/slf4j/slf4j-api/2.0.9/slf4j-api-2.0.9.jar:/Users/shaoliang/.m2/repository/io/github/dnovitski/logback-awslogs-appender/1.7.1/logback-awslogs-appender-1.7.1.jar:/Users/shaoliang/.m2/repository/ch/qos/logback/logback-classic/1.4.11/logback-classic-1.4.11.jar:/Users/shaoliang/.m2/repository/ch/qos/logback/logback-core/1.4.11/logback-core-1.4.11.jar:/Users/shaoliang/.m2/repository/software/amazon/awssdk/cloudwatchlogs/2.16.65/cloudwatchlogs-2.16.65.jar:/Users/shaoliang/.m2/repository/software/amazon/awssdk/aws-json-protocol/2.16.65/aws-json-protocol-2.16.65.jar:/Users/shaoliang/.m2/repository/software/amazon/awssdk/protocol-core/2.16.65/protocol-core-2.16.65.jar:/Users/shaoliang/.m2/repository/software/amazon/awssdk/apache-client/2.16.65/apache-client-2.16.65.jar:/Users/shaoliang/.m2/repository/org/apache/httpcomponents/httpcore/4.4.16/httpcore-4.4.16.jar:/Users/shaoliang/.m2/repository/software/amazon/awssdk/netty-nio-client/2.16.65/netty-nio-client-2.16.65.jar:/Users/shaoliang/.m2/repository/io/netty/netty-codec-http/4.1.100.Final/netty-codec-http-4.1.100.Final.jar:/Users/shaoliang/.m2/repository/io/netty/netty-codec-http2/4.1.100.Final/netty-codec-http2-4.1.100.Final.jar:/Users/shaoliang/.m2/repository/io/netty/netty-codec/4.1.100.Final/netty-codec-4.1.100.Final.jar:/Users/shaoliang/.m2/repository/io/netty/netty-transport/4.1.100.Final/netty-transport-4.1.100.Final.jar:/Users/shaoliang/.m2/repository/io/netty/netty-common/4.1.100.Final/netty-common-4.1.100.Final.jar:/Users/shaoliang/.m2/repository/io/netty/netty-buffer/4.1.100.Final/netty-buffer-4.1.100.Final.jar:/Users/shaoliang/.m2/repository/io/netty/netty-transport-native-epoll/4.1.100.Final/netty-transport-native-epoll-4.1.100.Final-linux-x86_64.jar:/Users/shaoliang/.m2/repository/com/typesafe/netty/netty-reactive-streams-http/2.0.5/netty-reactive-streams-http-2.0.5.jar:/Users/shaoliang/.m2/repository/com/typesafe/netty/netty-reactive-streams/2.0.5/netty-reactive-streams-2.0.5.jar:/Users/shaoliang/.m2/repository/software/amazon/awssdk/s3/2.16.65/s3-2.16.65.jar:/Users/shaoliang/.m2/repository/software/amazon/awssdk/aws-xml-protocol/2.16.65/aws-xml-protocol-2.16.65.jar:/Users/shaoliang/.m2/repository/org/springframework/boot/spring-boot-starter-actuator/3.1.5/spring-boot-starter-actuator-3.1.5.jar:/Users/shaoliang/.m2/repository/org/springframework/boot/spring-boot-actuator-autoconfigure/3.1.5/spring-boot-actuator-autoconfigure-3.1.5.jar:/Users/shaoliang/.m2/repository/org/springframework/boot/spring-boot-actuator/3.1.5/spring-boot-actuator-3.1.5.jar:/Users/shaoliang/.m2/repository/io/micrometer/micrometer-core/1.11.5/micrometer-core-1.11.5.jar:/Users/shaoliang/.m2/repository/org/hdrhistogram/HdrHistogram/2.1.12/HdrHistogram-2.1.12.jar:/Users/shaoliang/.m2/repository/org/latencyutils/LatencyUtils/2.0.3/LatencyUtils-2.0.3.jar:/Users/shaoliang/.m2/repository/io/micrometer/micrometer-registry-prometheus/1.11.5/micrometer-registry-prometheus-1.11.5.jar:/Users/shaoliang/.m2/repository/io/prometheus/simpleclient_common/0.16.0/simpleclient_common-0.16.0.jar:/Users/shaoliang/.m2/repository/io/prometheus/simpleclient/0.16.0/simpleclient-0.16.0.jar:/Users/shaoliang/.m2/repository/io/prometheus/simpleclient_tracer_otel/0.16.0/simpleclient_tracer_otel-0.16.0.jar:/Users/shaoliang/.m2/repository/io/prometheus/simpleclient_tracer_common/0.16.0/simpleclient_tracer_common-0.16.0.jar:/Users/shaoliang/.m2/repository/io/prometheus/simpleclient_tracer_otel_agent/0.16.0/simpleclient_tracer_otel_agent-0.16.0.jar:/Users/shaoliang/.m2/repository/com/h2database/h2/2.1.214/h2-2.1.214.jar:/Users/shaoliang/.m2/repository/org/projectlombok/lombok/1.18.30/lombok-1.18.30.jar:/Users/shaoliang/.m2/repository/org/springframework/boot/spring-boot-starter-test/3.1.5/spring-boot-starter-test-3.1.5.jar:/Users/shaoliang/.m2/repository/org/springframework/boot/spring-boot-test/3.1.5/spring-boot-test-3.1.5.jar:/Users/shaoliang/.m2/repository/org/springframework/boot/spring-boot-test-autoconfigure/3.1.5/spring-boot-test-autoconfigure-3.1.5.jar:/Users/shaoliang/.m2/repository/com/jayway/jsonpath/json-path/2.8.0/json-path-2.8.0.jar:/Users/shaoliang/.m2/repository/jakarta/xml/bind/jakarta.xml.bind-api/4.0.1/jakarta.xml.bind-api-4.0.1.jar:/Users/shaoliang/.m2/repository/jakarta/activation/jakarta.activation-api/2.1.2/jakarta.activation-api-2.1.2.jar:/Users/shaoliang/.m2/repository/net/minidev/json-smart/2.4.11/json-smart-2.4.11.jar:/Users/shaoliang/.m2/repository/net/minidev/accessors-smart/2.4.11/accessors-smart-2.4.11.jar:/Users/shaoliang/.m2/repository/org/ow2/asm/asm/9.3/asm-9.3.jar:/Users/shaoliang/.m2/repository/org/assertj/assertj-core/3.24.2/assertj-core-3.24.2.jar:/Users/shaoliang/.m2/repository/org/hamcrest/hamcrest/2.2/hamcrest-2.2.jar:/Users/shaoliang/.m2/repository/org/junit/jupiter/junit-jupiter/5.9.3/junit-jupiter-5.9.3.jar:/Users/shaoliang/.m2/repository/org/junit/jupiter/junit-jupiter-params/5.9.3/junit-jupiter-params-5.9.3.jar:/Users/shaoliang/.m2/repository/org/junit/jupiter/junit-jupiter-engine/5.9.3/junit-jupiter-engine-5.9.3.jar:/Users/shaoliang/.m2/repository/org/mockito/mockito-core/5.3.1/mockito-core-5.3.1.jar:/Users/shaoliang/.m2/repository/net/bytebuddy/byte-buddy-agent/1.14.9/byte-buddy-agent-1.14.9.jar:/Users/shaoliang/.m2/repository/org/objenesis/objenesis/3.3/objenesis-3.3.jar:/Users/shaoliang/.m2/repository/org/mockito/mockito-junit-jupiter/5.3.1/mockito-junit-jupiter-5.3.1.jar:/Users/shaoliang/.m2/repository/org/skyscreamer/jsonassert/1.5.1/jsonassert-1.5.1.jar:/Users/shaoliang/.m2/repository/com/vaadin/external/google/android-json/0.0.20131108.vaadin1/android-json-0.0.20131108.vaadin1.jar:/Users/shaoliang/.m2/repository/org/springframework/spring-core/6.0.13/spring-core-6.0.13.jar:/Users/shaoliang/.m2/repository/org/springframework/spring-jcl/6.0.13/spring-jcl-6.0.13.jar:/Users/shaoliang/.m2/repository/org/springframework/spring-test/6.0.13/spring-test-6.0.13.jar:/Users/shaoliang/.m2/repository/org/xmlunit/xmlunit-core/2.9.1/xmlunit-core-2.9.1.jar:/Users/shaoliang/.m2/repository/org/springframework/kafka/spring-kafka-test/3.0.12/spring-kafka-test-3.0.12.jar:/Users/shaoliang/.m2/repository/org/apache/zookeeper/zookeeper/3.6.3/zookeeper-3.6.3.jar:/Users/shaoliang/.m2/repository/org/apache/zookeeper/zookeeper-jute/3.6.3/zookeeper-jute-3.6.3.jar:/Users/shaoliang/.m2/repository/org/apache/yetus/audience-annotations/0.5.0/audience-annotations-0.5.0.jar:/Users/shaoliang/.m2/repository/io/netty/netty-handler/4.1.100.Final/netty-handler-4.1.100.Final.jar:/Users/shaoliang/.m2/repository/io/netty/netty-resolver/4.1.100.Final/netty-resolver-4.1.100.Final.jar:/Users/shaoliang/.m2/repository/io/netty/netty-transport-native-unix-common/4.1.100.Final/netty-transport-native-unix-common-4.1.100.Final.jar:/Users/shaoliang/.m2/repository/io/netty/netty-transport-native-epoll/4.1.100.Final/netty-transport-native-epoll-4.1.100.Final.jar:/Users/shaoliang/.m2/repository/io/netty/netty-transport-classes-epoll/4.1.100.Final/netty-transport-classes-epoll-4.1.100.Final.jar:/Users/shaoliang/.m2/repository/org/apache/kafka/kafka-clients/3.4.1/kafka-clients-3.4.1-test.jar:/Users/shaoliang/.m2/repository/org/apache/kafka/kafka-metadata/3.4.1/kafka-metadata-3.4.1.jar:/Users/shaoliang/.m2/repository/org/apache/kafka/kafka-server-common/3.4.1/kafka-server-common-3.4.1.jar:/Users/shaoliang/.m2/repository/org/apache/kafka/kafka-raft/3.4.1/kafka-raft-3.4.1.jar:/Users/shaoliang/.m2/repository/com/yammer/metrics/metrics-core/2.2.0/metrics-core-2.2.0.jar:/Users/shaoliang/.m2/repository/org/apache/kafka/kafka-streams-test-utils/3.4.1/kafka-streams-test-utils-3.4.1.jar:/Users/shaoliang/.m2/repository/org/apache/kafka/kafka-streams/3.4.1/kafka-streams-3.4.1.jar:/Users/shaoliang/.m2/repository/org/rocksdb/rocksdbjni/7.1.2/rocksdbjni-7.1.2.jar:/Users/shaoliang/.m2/repository/org/apache/kafka/kafka_2.13/3.4.1/kafka_2.13-3.4.1.jar:/Users/shaoliang/.m2/repository/org/scala-lang/scala-library/2.13.10/scala-library-2.13.10.jar:/Users/shaoliang/.m2/repository/org/apache/kafka/kafka-group-coordinator/3.4.1/kafka-group-coordinator-3.4.1.jar:/Users/shaoliang/.m2/repository/org/apache/kafka/kafka-storage/3.4.1/kafka-storage-3.4.1.jar:/Users/shaoliang/.m2/repository/org/apache/kafka/kafka-storage-api/3.4.1/kafka-storage-api-3.4.1.jar:/Users/shaoliang/.m2/repository/net/sourceforge/argparse4j/argparse4j/0.7.0/argparse4j-0.7.0.jar:/Users/shaoliang/.m2/repository/com/fasterxml/jackson/module/jackson-module-scala_2.13/2.15.3/jackson-module-scala_2.13-2.15.3.jar:/Users/shaoliang/.m2/repository/com/thoughtworks/paranamer/paranamer/2.8/paranamer-2.8.jar:/Users/shaoliang/.m2/repository/com/fasterxml/jackson/dataformat/jackson-dataformat-csv/2.15.3/jackson-dataformat-csv-2.15.3.jar:/Users/shaoliang/.m2/repository/net/sf/jopt-simple/jopt-simple/5.0.4/jopt-simple-5.0.4.jar:/Users/shaoliang/.m2/repository/org/bitbucket/b_c/jose4j/0.9.3/jose4j-0.9.3.jar:/Users/shaoliang/.m2/repository/org/scala-lang/modules/scala-collection-compat_2.13/2.10.0/scala-collection-compat_2.13-2.10.0.jar:/Users/shaoliang/.m2/repository/org/scala-lang/modules/scala-java8-compat_2.13/1.0.2/scala-java8-compat_2.13-1.0.2.jar:/Users/shaoliang/.m2/repository/org/scala-lang/scala-reflect/2.13.10/scala-reflect-2.13.10.jar:/Users/shaoliang/.m2/repository/com/typesafe/scala-logging/scala-logging_2.13/3.9.4/scala-logging_2.13-3.9.4.jar:/Users/shaoliang/.m2/repository/io/dropwizard/metrics/metrics-core/4.2.21/metrics-core-4.2.21.jar:/Users/shaoliang/.m2/repository/commons-cli/commons-cli/1.4/commons-cli-1.4.jar:/Users/shaoliang/.m2/repository/org/apache/kafka/kafka_2.13/3.4.1/kafka_2.13-3.4.1-test.jar:/Users/shaoliang/.m2/repository/org/junit/jupiter/junit-jupiter-api/5.9.3/junit-jupiter-api-5.9.3.jar:/Users/shaoliang/.m2/repository/org/opentest4j/opentest4j/1.2.0/opentest4j-1.2.0.jar:/Users/shaoliang/.m2/repository/org/junit/platform/junit-platform-commons/1.9.3/junit-platform-commons-1.9.3.jar:/Users/shaoliang/.m2/repository/org/apiguardian/apiguardian-api/1.1.2/apiguardian-api-1.1.2.jar:/Users/shaoliang/.m2/repository/org/junit/platform/junit-platform-launcher/1.9.3/junit-platform-launcher-1.9.3.jar:/Users/shaoliang/.m2/repository/org/junit/platform/junit-platform-engine/1.9.3/junit-platform-engine-1.9.3.jar:/Users/shaoliang/.m2/repository/org/testcontainers/testcontainers/1.19.1/testcontainers-1.19.1.jar:/Users/shaoliang/.m2/repository/junit/junit/4.13.2/junit-4.13.2.jar:/Users/shaoliang/.m2/repository/org/hamcrest/hamcrest-core/2.2/hamcrest-core-2.2.jar:/Users/shaoliang/.m2/repository/org/apache/commons/commons-compress/1.24.0/commons-compress-1.24.0.jar:/Users/shaoliang/.m2/repository/org/rnorth/duct-tape/duct-tape/1.0.8/duct-tape-1.0.8.jar:/Users/shaoliang/.m2/repository/org/jetbrains/annotations/17.0.0/annotations-17.0.0.jar:/Users/shaoliang/.m2/repository/com/github/docker-java/docker-java-api/3.3.3/docker-java-api-3.3.3.jar:/Users/shaoliang/.m2/repository/com/fasterxml/jackson/core/jackson-annotations/2.15.3/jackson-annotations-2.15.3.jar:/Users/shaoliang/.m2/repository/com/github/docker-java/docker-java-transport-zerodep/3.3.3/docker-java-transport-zerodep-3.3.3.jar:/Users/shaoliang/.m2/repository/com/github/docker-java/docker-java-transport/3.3.3/docker-java-transport-3.3.3.jar:/Users/shaoliang/.m2/repository/net/java/dev/jna/jna/5.12.1/jna-5.12.1.jar:/Users/shaoliang/.m2/repository/org/testcontainers/localstack/1.19.1/localstack-1.19.1.jar:/Users/shaoliang/.m2/repository/org/testcontainers/junit-jupiter/1.19.1/junit-jupiter-1.19.1.jar:/Users/shaoliang/.m2/repository/com/amazonaws/aws-java-sdk-logs/1.12.521/aws-java-sdk-logs-1.12.521.jar:/Users/shaoliang/.m2/repository/com/amazonaws/aws-java-sdk-core/1.12.521/aws-java-sdk-core-1.12.521.jar:/Users/shaoliang/.m2/repository/commons-logging/commons-logging/1.1.3/commons-logging-1.1.3.jar:/Users/shaoliang/.m2/repository/commons-codec/commons-codec/1.15/commons-codec-1.15.jar:/Users/shaoliang/.m2/repository/org/apache/httpcomponents/httpclient/4.5.13/httpclient-4.5.13.jar:/Users/shaoliang/.m2/repository/software/amazon/ion/ion-java/1.0.2/ion-java-1.0.2.jar:/Users/shaoliang/.m2/repository/com/fasterxml/jackson/dataformat/jackson-dataformat-cbor/2.15.3/jackson-dataformat-cbor-2.15.3.jar:/Users/shaoliang/.m2/repository/joda-time/joda-time/2.8.1/joda-time-2.8.1.jar:/Users/shaoliang/.m2/repository/com/amazonaws/jmespath-java/1.12.521/jmespath-java-1.12.521.jar:/Users/shaoliang/.m2/repository/com/google/guava/guava/32.1.3-jre/guava-32.1.3-jre.jar:/Users/shaoliang/.m2/repository/com/google/guava/failureaccess/1.0.1/failureaccess-1.0.1.jar:/Users/shaoliang/.m2/repository/com/google/guava/listenablefuture/9999.0-empty-to-avoid-conflict-with-guava/listenablefuture-9999.0-empty-to-avoid-conflict-with-guava.jar:/Users/shaoliang/.m2/repository/org/checkerframework/checker-qual/3.37.0/checker-qual-3.37.0.jar:/Users/shaoliang/.m2/repository/com/google/errorprone/error_prone_annotations/2.21.1/error_prone_annotations-2.21.1.jar:/Users/shaoliang/.m2/repository/com/google/j2objc/j2objc-annotations/2.8/j2objc-annotations-2.8.jar:/Users/shaoliang/.m2/repository/org/springframework/spring-context/6.0.13/spring-context-6.0.13.jar:/Users/shaoliang/.m2/repository/org/springframework/spring-aop/6.0.13/spring-aop-6.0.13.jar:/Users/shaoliang/.m2/repository/org/springframework/spring-beans/6.0.13/spring-beans-6.0.13.jar:/Users/shaoliang/.m2/repository/org/springframework/spring-expression/6.0.13/spring-expression-6.0.13.jar:/Users/shaoliang/.m2/repository/com/amazonaws/aws-java-sdk-sqs/1.12.261/aws-java-sdk-sqs-1.12.261.jar:/Users/shaoliang/.m2/repository/org/awaitility/awaitility/4.2.0/awaitility-4.2.0.jar:/Users/shaoliang/.m2/repository/software/amazon/awssdk/aws-core/2.20.162/aws-core-2.20.162.jar:/Users/shaoliang/.m2/repository/software/amazon/awssdk/annotations/2.20.162/annotations-2.20.162.jar:/Users/shaoliang/.m2/repository/software/amazon/awssdk/regions/2.20.162/regions-2.20.162.jar:/Users/shaoliang/.m2/repository/software/amazon/awssdk/json-utils/2.20.162/json-utils-2.20.162.jar:/Users/shaoliang/.m2/repository/software/amazon/awssdk/third-party-jackson-core/2.20.162/third-party-jackson-core-2.20.162.jar:/Users/shaoliang/.m2/repository/software/amazon/awssdk/auth/2.20.162/auth-2.20.162.jar:/Users/shaoliang/.m2/repository/software/amazon/awssdk/profiles/2.20.162/profiles-2.20.162.jar:/Users/shaoliang/.m2/repository/software/amazon/awssdk/sdk-core/2.20.162/sdk-core-2.20.162.jar:/Users/shaoliang/.m2/repository/org/reactivestreams/reactive-streams/1.0.4/reactive-streams-1.0.4.jar:/Users/shaoliang/.m2/repository/software/amazon/awssdk/http-client-spi/2.20.162/http-client-spi-2.20.162.jar:/Users/shaoliang/.m2/repository/software/amazon/awssdk/metrics-spi/2.20.162/metrics-spi-2.20.162.jar:/Users/shaoliang/.m2/repository/software/amazon/awssdk/endpoints-spi/2.20.162/endpoints-spi-2.20.162.jar:/Users/shaoliang/.m2/repository/software/amazon/awssdk/utils/2.20.162/utils-2.20.162.jar:/Users/shaoliang/.m2/repository/software/amazon/eventstream/eventstream/1.0.1/eventstream-1.0.1.jar:"/>
    <property name="java.vm.vendor" value="Homebrew"/>
    <property name="sun.arch.data.model" value="64"/>
    <property name="java.vendor.url" value="https://github.com/Homebrew/homebrew-core/issues"/>
    <property name="user.timezone" value="Asia/Singapore"/>
    <property name="os.name" value="Mac OS X"/>
    <property name="java.vm.specification.version" value="21"/>
    <property name="sun.java.launcher" value="SUN_STANDARD"/>
    <property name="user.country" value="SG"/>
    <property name="sun.boot.library.path" value="/opt/homebrew/Cellar/openjdk@21/21.0.6/libexec/openjdk.jdk/Contents/Home/lib"/>
    <property name="sun.java.command" value="/Users/shaoliang/projs/fraud-detection/target/surefire/surefirebooter-20250216151901864_3.jar /Users/shaoliang/projs/fraud-detection/target/surefire 2025-02-16T15-19-01_798-jvmRun1 surefire-20250216151901864_1tmp surefire_0-20250216151901864_2tmp"/>
    <property name="http.nonProxyHosts" value="local|*.local|169.254/16|*.169.254/16"/>
    <property name="jdk.debug" value="release"/>
    <property name="surefire.test.class.path" value="/Users/shaoliang/projs/fraud-detection/target/test-classes:/Users/shaoliang/projs/fraud-detection/target/classes:/Users/shaoliang/.m2/repository/org/springframework/boot/spring-boot-starter-web/3.1.5/spring-boot-starter-web-3.1.5.jar:/Users/shaoliang/.m2/repository/org/springframework/boot/spring-boot-starter/3.1.5/spring-boot-starter-3.1.5.jar:/Users/shaoliang/.m2/repository/org/springframework/boot/spring-boot/3.1.5/spring-boot-3.1.5.jar:/Users/shaoliang/.m2/repository/org/springframework/boot/spring-boot-autoconfigure/3.1.5/spring-boot-autoconfigure-3.1.5.jar:/Users/shaoliang/.m2/repository/org/springframework/boot/spring-boot-starter-logging/3.1.5/spring-boot-starter-logging-3.1.5.jar:/Users/shaoliang/.m2/repository/org/apache/logging/log4j/log4j-to-slf4j/2.20.0/log4j-to-slf4j-2.20.0.jar:/Users/shaoliang/.m2/repository/org/apache/logging/log4j/log4j-api/2.20.0/log4j-api-2.20.0.jar:/Users/shaoliang/.m2/repository/org/slf4j/jul-to-slf4j/2.0.9/jul-to-slf4j-2.0.9.jar:/Users/shaoliang/.m2/repository/jakarta/annotation/jakarta.annotation-api/2.1.1/jakarta.annotation-api-2.1.1.jar:/Users/shaoliang/.m2/repository/org/yaml/snakeyaml/1.33/snakeyaml-1.33.jar:/Users/shaoliang/.m2/repository/org/springframework/boot/spring-boot-starter-json/3.1.5/spring-boot-starter-json-3.1.5.jar:/Users/shaoliang/.m2/repository/com/fasterxml/jackson/core/jackson-databind/2.15.3/jackson-databind-2.15.3.jar:/Users/shaoliang/.m2/repository/com/fasterxml/jackson/core/jackson-core/2.15.3/jackson-core-2.15.3.jar:/Users/shaoliang/.m2/repository/com/fasterxml/jackson/datatype/jackson-datatype-jdk8/2.15.3/jackson-datatype-jdk8-2.15.3.jar:/Users/shaoliang/.m2/repository/com/fasterxml/jackson/datatype/jackson-datatype-jsr310/2.15.3/jackson-datatype-jsr310-2.15.3.jar:/Users/shaoliang/.m2/repository/com/fasterxml/jackson/module/jackson-module-parameter-names/2.15.3/jackson-module-parameter-names-2.15.3.jar:/Users/shaoliang/.m2/repository/org/springframework/boot/spring-boot-starter-tomcat/3.1.5/spring-boot-starter-tomcat-3.1.5.jar:/Users/shaoliang/.m2/repository/org/apache/tomcat/embed/tomcat-embed-core/10.1.15/tomcat-embed-core-10.1.15.jar:/Users/shaoliang/.m2/repository/org/apache/tomcat/embed/tomcat-embed-el/10.1.15/tomcat-embed-el-10.1.15.jar:/Users/shaoliang/.m2/repository/org/apache/tomcat/embed/tomcat-embed-websocket/10.1.15/tomcat-embed-websocket-10.1.15.jar:/Users/shaoliang/.m2/repository/org/springframework/spring-web/6.0.13/spring-web-6.0.13.jar:/Users/shaoliang/.m2/repository/org/springframework/spring-webmvc/6.0.13/spring-webmvc-6.0.13.jar:/Users/shaoliang/.m2/repository/org/springframework/boot/spring-boot-starter-data-jpa/3.1.5/spring-boot-starter-data-jpa-3.1.5.jar:/Users/shaoliang/.m2/repository/org/springframework/boot/spring-boot-starter-aop/3.1.5/spring-boot-starter-aop-3.1.5.jar:/Users/shaoliang/.m2/repository/org/aspectj/aspectjweaver/1.9.20/aspectjweaver-1.9.20.jar:/Users/shaoliang/.m2/repository/org/springframework/boot/spring-boot-starter-jdbc/3.1.5/spring-boot-starter-jdbc-3.1.5.jar:/Users/shaoliang/.m2/repository/com/zaxxer/HikariCP/5.0.1/HikariCP-5.0.1.jar:/Users/shaoliang/.m2/repository/org/springframework/spring-jdbc/6.0.13/spring-jdbc-6.0.13.jar:/Users/shaoliang/.m2/repository/org/hibernate/orm/hibernate-core/6.2.13.Final/hibernate-core-6.2.13.Final.jar:/Users/shaoliang/.m2/repository/jakarta/persistence/jakarta.persistence-api/3.1.0/jakarta.persistence-api-3.1.0.jar:/Users/shaoliang/.m2/repository/jakarta/transaction/jakarta.transaction-api/2.0.1/jakarta.transaction-api-2.0.1.jar:/Users/shaoliang/.m2/repository/org/jboss/logging/jboss-logging/3.5.3.Final/jboss-logging-3.5.3.Final.jar:/Users/shaoliang/.m2/repository/org/hibernate/common/hibernate-commons-annotations/6.0.6.Final/hibernate-commons-annotations-6.0.6.Final.jar:/Users/shaoliang/.m2/repository/io/smallrye/jandex/3.0.5/jandex-3.0.5.jar:/Users/shaoliang/.m2/repository/com/fasterxml/classmate/1.5.1/classmate-1.5.1.jar:/Users/shaoliang/.m2/repository/net/bytebuddy/byte-buddy/1.14.9/byte-buddy-1.14.9.jar:/Users/shaoliang/.m2/repository/org/glassfish/jaxb/jaxb-runtime/4.0.3/jaxb-runtime-4.0.3.jar:/Users/shaoliang/.m2/repository/org/glassfish/jaxb/jaxb-core/4.0.3/jaxb-core-4.0.3.jar:/Users/shaoliang/.m2/repository/org/eclipse/angus/angus-activation/2.0.1/angus-activation-2.0.1.jar:/Users/shaoliang/.m2/repository/org/glassfish/jaxb/txw2/4.0.3/txw2-4.0.3.jar:/Users/shaoliang/.m2/repository/com/sun/istack/istack-commons-runtime/4.1.2/istack-commons-runtime-4.1.2.jar:/Users/shaoliang/.m2/repository/jakarta/inject/jakarta.inject-api/2.0.1/jakarta.inject-api-2.0.1.jar:/Users/shaoliang/.m2/repository/org/antlr/antlr4-runtime/4.10.1/antlr4-runtime-4.10.1.jar:/Users/shaoliang/.m2/repository/org/springframework/data/spring-data-jpa/3.1.5/spring-data-jpa-3.1.5.jar:/Users/shaoliang/.m2/repository/org/springframework/data/spring-data-commons/3.1.5/spring-data-commons-3.1.5.jar:/Users/shaoliang/.m2/repository/org/springframework/spring-orm/6.0.13/spring-orm-6.0.13.jar:/Users/shaoliang/.m2/repository/org/springframework/spring-aspects/6.0.13/spring-aspects-6.0.13.jar:/Users/shaoliang/.m2/repository/org/springframework/kafka/spring-kafka/3.0.12/spring-kafka-3.0.12.jar:/Users/shaoliang/.m2/repository/org/springframework/spring-messaging/6.0.13/spring-messaging-6.0.13.jar:/Users/shaoliang/.m2/repository/org/springframework/spring-tx/6.0.13/spring-tx-6.0.13.jar:/Users/shaoliang/.m2/repository/org/springframework/retry/spring-retry/2.0.4/spring-retry-2.0.4.jar:/Users/shaoliang/.m2/repository/org/apache/kafka/kafka-clients/3.4.1/kafka-clients-3.4.1.jar:/Users/shaoliang/.m2/repository/com/github/luben/zstd-jni/1.5.2-1/zstd-jni-1.5.2-1.jar:/Users/shaoliang/.m2/repository/org/lz4/lz4-java/1.8.0/lz4-java-1.8.0.jar:/Users/shaoliang/.m2/repository/org/xerial/snappy/snappy-java/1.1.8.4/snappy-java-1.1.8.4.jar:/Users/shaoliang/.m2/repository/io/micrometer/micrometer-observation/1.11.5/micrometer-observation-1.11.5.jar:/Users/shaoliang/.m2/repository/io/micrometer/micrometer-commons/1.11.5/micrometer-commons-1.11.5.jar:/Users/shaoliang/.m2/repository/com/google/code/findbugs/jsr305/3.0.2/jsr305-3.0.2.jar:/Users/shaoliang/.m2/repository/io/awspring/cloud/spring-cloud-aws-starter-sqs/3.0.2/spring-cloud-aws-starter-sqs-3.0.2.jar:/Users/shaoliang/.m2/repository/io/awspring/cloud/spring-cloud-aws-starter/3.0.2/spring-cloud-aws-starter-3.0.2.jar:/Users/shaoliang/.m2/repository/io/awspring/cloud/spring-cloud-aws-autoconfigure/3.0.2/spring-cloud-aws-autoconfigure-3.0.2.jar:/Users/shaoliang/.m2/repository/io/awspring/cloud/spring-cloud-aws-core/3.0.2/spring-cloud-aws-core-3.0.2.jar:/Users/shaoliang/.m2/repository/io/awspring/cloud/spring-cloud-aws-sqs/3.0.2/spring-cloud-aws-sqs-3.0.2.jar:/Users/shaoliang/.m2/repository/software/amazon/awssdk/sqs/2.20.63/sqs-2.20.63.jar:/Users/shaoliang/.m2/repository/software/amazon/awssdk/aws-query-protocol/2.20.63/aws-query-protocol-2.20.63.jar:/Users/shaoliang/.m2/repository/software/amazon/awssdk/arns/2.20.63/arns-2.20.63.jar:/Users/shaoliang/.m2/repository/org/slf4j/slf4j-api/2.0.9/slf4j-api-2.0.9.jar:/Users/shaoliang/.m2/repository/io/github/dnovitski/logback-awslogs-appender/1.7.1/logback-awslogs-appender-1.7.1.jar:/Users/shaoliang/.m2/repository/ch/qos/logback/logback-classic/1.4.11/logback-classic-1.4.11.jar:/Users/shaoliang/.m2/repository/ch/qos/logback/logback-core/1.4.11/logback-core-1.4.11.jar:/Users/shaoliang/.m2/repository/software/amazon/awssdk/cloudwatchlogs/2.16.65/cloudwatchlogs-2.16.65.jar:/Users/shaoliang/.m2/repository/software/amazon/awssdk/aws-json-protocol/2.16.65/aws-json-protocol-2.16.65.jar:/Users/shaoliang/.m2/repository/software/amazon/awssdk/protocol-core/2.16.65/protocol-core-2.16.65.jar:/Users/shaoliang/.m2/repository/software/amazon/awssdk/apache-client/2.16.65/apache-client-2.16.65.jar:/Users/shaoliang/.m2/repository/org/apache/httpcomponents/httpcore/4.4.16/httpcore-4.4.16.jar:/Users/shaoliang/.m2/repository/software/amazon/awssdk/netty-nio-client/2.16.65/netty-nio-client-2.16.65.jar:/Users/shaoliang/.m2/repository/io/netty/netty-codec-http/4.1.100.Final/netty-codec-http-4.1.100.Final.jar:/Users/shaoliang/.m2/repository/io/netty/netty-codec-http2/4.1.100.Final/netty-codec-http2-4.1.100.Final.jar:/Users/shaoliang/.m2/repository/io/netty/netty-codec/4.1.100.Final/netty-codec-4.1.100.Final.jar:/Users/shaoliang/.m2/repository/io/netty/netty-transport/4.1.100.Final/netty-transport-4.1.100.Final.jar:/Users/shaoliang/.m2/repository/io/netty/netty-common/4.1.100.Final/netty-common-4.1.100.Final.jar:/Users/shaoliang/.m2/repository/io/netty/netty-buffer/4.1.100.Final/netty-buffer-4.1.100.Final.jar:/Users/shaoliang/.m2/repository/io/netty/netty-transport-native-epoll/4.1.100.Final/netty-transport-native-epoll-4.1.100.Final-linux-x86_64.jar:/Users/shaoliang/.m2/repository/com/typesafe/netty/netty-reactive-streams-http/2.0.5/netty-reactive-streams-http-2.0.5.jar:/Users/shaoliang/.m2/repository/com/typesafe/netty/netty-reactive-streams/2.0.5/netty-reactive-streams-2.0.5.jar:/Users/shaoliang/.m2/repository/software/amazon/awssdk/s3/2.16.65/s3-2.16.65.jar:/Users/shaoliang/.m2/repository/software/amazon/awssdk/aws-xml-protocol/2.16.65/aws-xml-protocol-2.16.65.jar:/Users/shaoliang/.m2/repository/org/springframework/boot/spring-boot-starter-actuator/3.1.5/spring-boot-starter-actuator-3.1.5.jar:/Users/shaoliang/.m2/repository/org/springframework/boot/spring-boot-actuator-autoconfigure/3.1.5/spring-boot-actuator-autoconfigure-3.1.5.jar:/Users/shaoliang/.m2/repository/org/springframework/boot/spring-boot-actuator/3.1.5/spring-boot-actuator-3.1.5.jar:/Users/shaoliang/.m2/repository/io/micrometer/micrometer-core/1.11.5/micrometer-core-1.11.5.jar:/Users/shaoliang/.m2/repository/org/hdrhistogram/HdrHistogram/2.1.12/HdrHistogram-2.1.12.jar:/Users/shaoliang/.m2/repository/org/latencyutils/LatencyUtils/2.0.3/LatencyUtils-2.0.3.jar:/Users/shaoliang/.m2/repository/io/micrometer/micrometer-registry-prometheus/1.11.5/micrometer-registry-prometheus-1.11.5.jar:/Users/shaoliang/.m2/repository/io/prometheus/simpleclient_common/0.16.0/simpleclient_common-0.16.0.jar:/Users/shaoliang/.m2/repository/io/prometheus/simpleclient/0.16.0/simpleclient-0.16.0.jar:/Users/shaoliang/.m2/repository/io/prometheus/simpleclient_tracer_otel/0.16.0/simpleclient_tracer_otel-0.16.0.jar:/Users/shaoliang/.m2/repository/io/prometheus/simpleclient_tracer_common/0.16.0/simpleclient_tracer_common-0.16.0.jar:/Users/shaoliang/.m2/repository/io/prometheus/simpleclient_tracer_otel_agent/0.16.0/simpleclient_tracer_otel_agent-0.16.0.jar:/Users/shaoliang/.m2/repository/com/h2database/h2/2.1.214/h2-2.1.214.jar:/Users/shaoliang/.m2/repository/org/projectlombok/lombok/1.18.30/lombok-1.18.30.jar:/Users/shaoliang/.m2/repository/org/springframework/boot/spring-boot-starter-test/3.1.5/spring-boot-starter-test-3.1.5.jar:/Users/shaoliang/.m2/repository/org/springframework/boot/spring-boot-test/3.1.5/spring-boot-test-3.1.5.jar:/Users/shaoliang/.m2/repository/org/springframework/boot/spring-boot-test-autoconfigure/3.1.5/spring-boot-test-autoconfigure-3.1.5.jar:/Users/shaoliang/.m2/repository/com/jayway/jsonpath/json-path/2.8.0/json-path-2.8.0.jar:/Users/shaoliang/.m2/repository/jakarta/xml/bind/jakarta.xml.bind-api/4.0.1/jakarta.xml.bind-api-4.0.1.jar:/Users/shaoliang/.m2/repository/jakarta/activation/jakarta.activation-api/2.1.2/jakarta.activation-api-2.1.2.jar:/Users/shaoliang/.m2/repository/net/minidev/json-smart/2.4.11/json-smart-2.4.11.jar:/Users/shaoliang/.m2/repository/net/minidev/accessors-smart/2.4.11/accessors-smart-2.4.11.jar:/Users/shaoliang/.m2/repository/org/ow2/asm/asm/9.3/asm-9.3.jar:/Users/shaoliang/.m2/repository/org/assertj/assertj-core/3.24.2/assertj-core-3.24.2.jar:/Users/shaoliang/.m2/repository/org/hamcrest/hamcrest/2.2/hamcrest-2.2.jar:/Users/shaoliang/.m2/repository/org/junit/jupiter/junit-jupiter/5.9.3/junit-jupiter-5.9.3.jar:/Users/shaoliang/.m2/repository/org/junit/jupiter/junit-jupiter-params/5.9.3/junit-jupiter-params-5.9.3.jar:/Users/shaoliang/.m2/repository/org/junit/jupiter/junit-jupiter-engine/5.9.3/junit-jupiter-engine-5.9.3.jar:/Users/shaoliang/.m2/repository/org/mockito/mockito-core/5.3.1/mockito-core-5.3.1.jar:/Users/shaoliang/.m2/repository/net/bytebuddy/byte-buddy-agent/1.14.9/byte-buddy-agent-1.14.9.jar:/Users/shaoliang/.m2/repository/org/objenesis/objenesis/3.3/objenesis-3.3.jar:/Users/shaoliang/.m2/repository/org/mockito/mockito-junit-jupiter/5.3.1/mockito-junit-jupiter-5.3.1.jar:/Users/shaoliang/.m2/repository/org/skyscreamer/jsonassert/1.5.1/jsonassert-1.5.1.jar:/Users/shaoliang/.m2/repository/com/vaadin/external/google/android-json/0.0.20131108.vaadin1/android-json-0.0.20131108.vaadin1.jar:/Users/shaoliang/.m2/repository/org/springframework/spring-core/6.0.13/spring-core-6.0.13.jar:/Users/shaoliang/.m2/repository/org/springframework/spring-jcl/6.0.13/spring-jcl-6.0.13.jar:/Users/shaoliang/.m2/repository/org/springframework/spring-test/6.0.13/spring-test-6.0.13.jar:/Users/shaoliang/.m2/repository/org/xmlunit/xmlunit-core/2.9.1/xmlunit-core-2.9.1.jar:/Users/shaoliang/.m2/repository/org/springframework/kafka/spring-kafka-test/3.0.12/spring-kafka-test-3.0.12.jar:/Users/shaoliang/.m2/repository/org/apache/zookeeper/zookeeper/3.6.3/zookeeper-3.6.3.jar:/Users/shaoliang/.m2/repository/org/apache/zookeeper/zookeeper-jute/3.6.3/zookeeper-jute-3.6.3.jar:/Users/shaoliang/.m2/repository/org/apache/yetus/audience-annotations/0.5.0/audience-annotations-0.5.0.jar:/Users/shaoliang/.m2/repository/io/netty/netty-handler/4.1.100.Final/netty-handler-4.1.100.Final.jar:/Users/shaoliang/.m2/repository/io/netty/netty-resolver/4.1.100.Final/netty-resolver-4.1.100.Final.jar:/Users/shaoliang/.m2/repository/io/netty/netty-transport-native-unix-common/4.1.100.Final/netty-transport-native-unix-common-4.1.100.Final.jar:/Users/shaoliang/.m2/repository/io/netty/netty-transport-native-epoll/4.1.100.Final/netty-transport-native-epoll-4.1.100.Final.jar:/Users/shaoliang/.m2/repository/io/netty/netty-transport-classes-epoll/4.1.100.Final/netty-transport-classes-epoll-4.1.100.Final.jar:/Users/shaoliang/.m2/repository/org/apache/kafka/kafka-clients/3.4.1/kafka-clients-3.4.1-test.jar:/Users/shaoliang/.m2/repository/org/apache/kafka/kafka-metadata/3.4.1/kafka-metadata-3.4.1.jar:/Users/shaoliang/.m2/repository/org/apache/kafka/kafka-server-common/3.4.1/kafka-server-common-3.4.1.jar:/Users/shaoliang/.m2/repository/org/apache/kafka/kafka-raft/3.4.1/kafka-raft-3.4.1.jar:/Users/shaoliang/.m2/repository/com/yammer/metrics/metrics-core/2.2.0/metrics-core-2.2.0.jar:/Users/shaoliang/.m2/repository/org/apache/kafka/kafka-streams-test-utils/3.4.1/kafka-streams-test-utils-3.4.1.jar:/Users/shaoliang/.m2/repository/org/apache/kafka/kafka-streams/3.4.1/kafka-streams-3.4.1.jar:/Users/shaoliang/.m2/repository/org/rocksdb/rocksdbjni/7.1.2/rocksdbjni-7.1.2.jar:/Users/shaoliang/.m2/repository/org/apache/kafka/kafka_2.13/3.4.1/kafka_2.13-3.4.1.jar:/Users/shaoliang/.m2/repository/org/scala-lang/scala-library/2.13.10/scala-library-2.13.10.jar:/Users/shaoliang/.m2/repository/org/apache/kafka/kafka-group-coordinator/3.4.1/kafka-group-coordinator-3.4.1.jar:/Users/shaoliang/.m2/repository/org/apache/kafka/kafka-storage/3.4.1/kafka-storage-3.4.1.jar:/Users/shaoliang/.m2/repository/org/apache/kafka/kafka-storage-api/3.4.1/kafka-storage-api-3.4.1.jar:/Users/shaoliang/.m2/repository/net/sourceforge/argparse4j/argparse4j/0.7.0/argparse4j-0.7.0.jar:/Users/shaoliang/.m2/repository/com/fasterxml/jackson/module/jackson-module-scala_2.13/2.15.3/jackson-module-scala_2.13-2.15.3.jar:/Users/shaoliang/.m2/repository/com/thoughtworks/paranamer/paranamer/2.8/paranamer-2.8.jar:/Users/shaoliang/.m2/repository/com/fasterxml/jackson/dataformat/jackson-dataformat-csv/2.15.3/jackson-dataformat-csv-2.15.3.jar:/Users/shaoliang/.m2/repository/net/sf/jopt-simple/jopt-simple/5.0.4/jopt-simple-5.0.4.jar:/Users/shaoliang/.m2/repository/org/bitbucket/b_c/jose4j/0.9.3/jose4j-0.9.3.jar:/Users/shaoliang/.m2/repository/org/scala-lang/modules/scala-collection-compat_2.13/2.10.0/scala-collection-compat_2.13-2.10.0.jar:/Users/shaoliang/.m2/repository/org/scala-lang/modules/scala-java8-compat_2.13/1.0.2/scala-java8-compat_2.13-1.0.2.jar:/Users/shaoliang/.m2/repository/org/scala-lang/scala-reflect/2.13.10/scala-reflect-2.13.10.jar:/Users/shaoliang/.m2/repository/com/typesafe/scala-logging/scala-logging_2.13/3.9.4/scala-logging_2.13-3.9.4.jar:/Users/shaoliang/.m2/repository/io/dropwizard/metrics/metrics-core/4.2.21/metrics-core-4.2.21.jar:/Users/shaoliang/.m2/repository/commons-cli/commons-cli/1.4/commons-cli-1.4.jar:/Users/shaoliang/.m2/repository/org/apache/kafka/kafka_2.13/3.4.1/kafka_2.13-3.4.1-test.jar:/Users/shaoliang/.m2/repository/org/junit/jupiter/junit-jupiter-api/5.9.3/junit-jupiter-api-5.9.3.jar:/Users/shaoliang/.m2/repository/org/opentest4j/opentest4j/1.2.0/opentest4j-1.2.0.jar:/Users/shaoliang/.m2/repository/org/junit/platform/junit-platform-commons/1.9.3/junit-platform-commons-1.9.3.jar:/Users/shaoliang/.m2/repository/org/apiguardian/apiguardian-api/1.1.2/apiguardian-api-1.1.2.jar:/Users/shaoliang/.m2/repository/org/junit/platform/junit-platform-launcher/1.9.3/junit-platform-launcher-1.9.3.jar:/Users/shaoliang/.m2/repository/org/junit/platform/junit-platform-engine/1.9.3/junit-platform-engine-1.9.3.jar:/Users/shaoliang/.m2/repository/org/testcontainers/testcontainers/1.19.1/testcontainers-1.19.1.jar:/Users/shaoliang/.m2/repository/junit/junit/4.13.2/junit-4.13.2.jar:/Users/shaoliang/.m2/repository/org/hamcrest/hamcrest-core/2.2/hamcrest-core-2.2.jar:/Users/shaoliang/.m2/repository/org/apache/commons/commons-compress/1.24.0/commons-compress-1.24.0.jar:/Users/shaoliang/.m2/repository/org/rnorth/duct-tape/duct-tape/1.0.8/duct-tape-1.0.8.jar:/Users/shaoliang/.m2/repository/org/jetbrains/annotations/17.0.0/annotations-17.0.0.jar:/Users/shaoliang/.m2/repository/com/github/docker-java/docker-java-api/3.3.3/docker-java-api-3.3.3.jar:/Users/shaoliang/.m2/repository/com/fasterxml/jackson/core/jackson-annotations/2.15.3/jackson-annotations-2.15.3.jar:/Users/shaoliang/.m2/repository/com/github/docker-java/docker-java-transport-zerodep/3.3.3/docker-java-transport-zerodep-3.3.3.jar:/Users/shaoliang/.m2/repository/com/github/docker-java/docker-java-transport/3.3.3/docker-java-transport-3.3.3.jar:/Users/shaoliang/.m2/repository/net/java/dev/jna/jna/5.12.1/jna-5.12.1.jar:/Users/shaoliang/.m2/repository/org/testcontainers/localstack/1.19.1/localstack-1.19.1.jar:/Users/shaoliang/.m2/repository/org/testcontainers/junit-jupiter/1.19.1/junit-jupiter-1.19.1.jar:/Users/shaoliang/.m2/repository/com/amazonaws/aws-java-sdk-logs/1.12.521/aws-java-sdk-logs-1.12.521.jar:/Users/shaoliang/.m2/repository/com/amazonaws/aws-java-sdk-core/1.12.521/aws-java-sdk-core-1.12.521.jar:/Users/shaoliang/.m2/repository/commons-logging/commons-logging/1.1.3/commons-logging-1.1.3.jar:/Users/shaoliang/.m2/repository/commons-codec/commons-codec/1.15/commons-codec-1.15.jar:/Users/shaoliang/.m2/repository/org/apache/httpcomponents/httpclient/4.5.13/httpclient-4.5.13.jar:/Users/shaoliang/.m2/repository/software/amazon/ion/ion-java/1.0.2/ion-java-1.0.2.jar:/Users/shaoliang/.m2/repository/com/fasterxml/jackson/dataformat/jackson-dataformat-cbor/2.15.3/jackson-dataformat-cbor-2.15.3.jar:/Users/shaoliang/.m2/repository/joda-time/joda-time/2.8.1/joda-time-2.8.1.jar:/Users/shaoliang/.m2/repository/com/amazonaws/jmespath-java/1.12.521/jmespath-java-1.12.521.jar:/Users/shaoliang/.m2/repository/com/google/guava/guava/32.1.3-jre/guava-32.1.3-jre.jar:/Users/shaoliang/.m2/repository/com/google/guava/failureaccess/1.0.1/failureaccess-1.0.1.jar:/Users/shaoliang/.m2/repository/com/google/guava/listenablefuture/9999.0-empty-to-avoid-conflict-with-guava/listenablefuture-9999.0-empty-to-avoid-conflict-with-guava.jar:/Users/shaoliang/.m2/repository/org/checkerframework/checker-qual/3.37.0/checker-qual-3.37.0.jar:/Users/shaoliang/.m2/repository/com/google/errorprone/error_prone_annotations/2.21.1/error_prone_annotations-2.21.1.jar:/Users/shaoliang/.m2/repository/com/google/j2objc/j2objc-annotations/2.8/j2objc-annotations-2.8.jar:/Users/shaoliang/.m2/repository/org/springframework/spring-context/6.0.13/spring-context-6.0.13.jar:/Users/shaoliang/.m2/repository/org/springframework/spring-aop/6.0.13/spring-aop-6.0.13.jar:/Users/shaoliang/.m2/repository/org/springframework/spring-beans/6.0.13/spring-beans-6.0.13.jar:/Users/shaoliang/.m2/repository/org/springframework/spring-expression/6.0.13/spring-expression-6.0.13.jar:/Users/shaoliang/.m2/repository/com/amazonaws/aws-java-sdk-sqs/1.12.261/aws-java-sdk-sqs-1.12.261.jar:/Users/shaoliang/.m2/repository/org/awaitility/awaitility/4.2.0/awaitility-4.2.0.jar:/Users/shaoliang/.m2/repository/software/amazon/awssdk/aws-core/2.20.162/aws-core-2.20.162.jar:/Users/shaoliang/.m2/repository/software/amazon/awssdk/annotations/2.20.162/annotations-2.20.162.jar:/Users/shaoliang/.m2/repository/software/amazon/awssdk/regions/2.20.162/regions-2.20.162.jar:/Users/shaoliang/.m2/repository/software/amazon/awssdk/json-utils/2.20.162/json-utils-2.20.162.jar:/Users/shaoliang/.m2/repository/software/amazon/awssdk/third-party-jackson-core/2.20.162/third-party-jackson-core-2.20.162.jar:/Users/shaoliang/.m2/repository/software/amazon/awssdk/auth/2.20.162/auth-2.20.162.jar:/Users/shaoliang/.m2/repository/software/amazon/awssdk/profiles/2.20.162/profiles-2.20.162.jar:/Users/shaoliang/.m2/repository/software/amazon/awssdk/sdk-core/2.20.162/sdk-core-2.20.162.jar:/Users/shaoliang/.m2/repository/org/reactivestreams/reactive-streams/1.0.4/reactive-streams-1.0.4.jar:/Users/shaoliang/.m2/repository/software/amazon/awssdk/http-client-spi/2.20.162/http-client-spi-2.20.162.jar:/Users/shaoliang/.m2/repository/software/amazon/awssdk/metrics-spi/2.20.162/metrics-spi-2.20.162.jar:/Users/shaoliang/.m2/repository/software/amazon/awssdk/endpoints-spi/2.20.162/endpoints-spi-2.20.162.jar:/Users/shaoliang/.m2/repository/software/amazon/awssdk/utils/2.20.162/utils-2.20.162.jar:/Users/shaoliang/.m2/repository/software/amazon/eventstream/eventstream/1.0.1/eventstream-1.0.1.jar:"/>
    <property name="sun.cpu.endian" value="little"/>
    <property name="user.home" value="/Users/shaoliang"/>
    <property name="user.language" value="en"/>
    <property name="java.specification.vendor" value="Oracle Corporation"/>
    <property name="java.version.date" value="2025-01-21"/>
    <property name="java.home" value="/opt/homebrew/Cellar/openjdk@21/21.0.6/libexec/openjdk.jdk/Contents/Home"/>
    <property name="file.separator" value="/"/>
    <property name="basedir" value="/Users/shaoliang/projs/fraud-detection"/>
    <property name="java.vm.compressedOopsMode" value="Zero based"/>
    <property name="line.separator" value="&#10;"/>
    <property name="java.vm.specification.vendor" value="Oracle Corporation"/>
    <property name="java.specification.name" value="Java Platform API Specification"/>
    <property name="apple.awt.application.name" value="ForkedBooter"/>
    <property name="surefire.real.class.path" value="/Users/shaoliang/projs/fraud-detection/target/surefire/surefirebooter-20250216151901864_3.jar"/>
    <property name="sun.management.compiler" value="HotSpot 64-Bit Tiered Compilers"/>
    <property name="ftp.nonProxyHosts" value="local|*.local|169.254/16|*.169.254/16"/>
    <property name="java.runtime.version" value="21.0.6"/>
    <property name="user.name" value="shaoliang"/>
    <property name="stdout.encoding" value="UTF-8"/>
    <property name="path.separator" value=":"/>
    <property name="os.version" value="15.0.1"/>
    <property name="java.runtime.name" value="OpenJDK Runtime Environment"/>
    <property name="file.encoding" value="UTF-8"/>
    <property name="java.vm.name" value="OpenJDK 64-Bit Server VM"/>
    <property name="java.vendor.version" value="Homebrew"/>
    <property name="localRepository" value="/Users/shaoliang/.m2/repository"/>
    <property name="java.vendor.url.bug" value="https://github.com/Homebrew/homebrew-core/issues"/>
    <property name="java.io.tmpdir" value="/var/folders/4c/m2xlqfxx50j2b_28vh892mtm0000gn/T/"/>
    <property name="java.version" value="21.0.6"/>
    <property name="user.dir" value="/Users/shaoliang/projs/fraud-detection"/>
    <property name="os.arch" value="aarch64"/>
    <property name="java.vm.specification.name" value="Java Virtual Machine Specification"/>
    <property name="native.encoding" value="UTF-8"/>
    <property name="java.library.path" value="/Users/shaoliang/Library/Java/Extensions:/Library/Java/Extensions:/Network/Library/Java/Extensions:/System/Library/Java/Extensions:/usr/lib/java:."/>
    <property name="java.vm.info" value="mixed mode, sharing"/>
    <property name="stderr.encoding" value="UTF-8"/>
    <property name="java.vendor" value="Homebrew"/>
    <property name="java.vm.version" value="21.0.6"/>
    <property name="sun.io.unicode.encoding" value="UnicodeBig"/>
    <property name="socksNonProxyHosts" value="local|*.local|169.254/16|*.169.254/16"/>
    <property name="java.class.version" value="65.0"/>
  </properties>
  <testcase name="whenTransactionAmountExceedsThreshold_thenFlagAsSuspicious" classname="com.example.frauddetection.service.FraudDetectionServiceTest" time="1.497">
    <system-out><![CDATA[15:19:04.519 [main] INFO com.example.frauddetection.service.FraudDetectionService -- Analyzing transaction: com.example.frauddetection.model.Transaction@21a46ff1
15:19:04.524 [main] WARN com.example.frauddetection.service.FraudDetectionService -- High-value transaction detected: com.example.frauddetection.model.Transaction@21a46ff1
]]></system-out>
    <system-err><![CDATA[WARNING: A Java agent has been loaded dynamically (/Users/shaoliang/.m2/repository/net/bytebuddy/byte-buddy-agent/1.14.9/byte-buddy-agent-1.14.9.jar)
WARNING: If a serviceability tool is in use, please run with -XX:+EnableDynamicAgentLoading to hide this warning
WARNING: If a serviceability tool is not in use, please run with -Djdk.instrument.traceUsage for more information
WARNING: Dynamic loading of agents will be disallowed by default in a future release
]]></system-err>
  </testcase>
  <testcase name="whenLocationChange_thenFlagAsSuspicious" classname="com.example.frauddetection.service.FraudDetectionServiceTest" time="0.085">
    <system-out><![CDATA[15:19:04.611 [main] INFO com.example.frauddetection.service.FraudDetectionService -- Analyzing transaction: com.example.frauddetection.model.Transaction@75eaba95
15:19:04.639 [main] WARN com.example.frauddetection.service.FraudDetectionService -- Suspicious location change detected for account: ACC123
]]></system-out>
  </testcase>
  <testcase name="whenMultipleSuspiciousTransactions_thenFlagAsSuspicious" classname="com.example.frauddetection.service.FraudDetectionServiceTest" time="0.003">
    <system-out><![CDATA[15:19:04.643 [main] INFO com.example.frauddetection.service.FraudDetectionService -- Analyzing transaction: com.example.frauddetection.model.Transaction@544e3679
15:19:04.644 [main] WARN com.example.frauddetection.service.FraudDetectionService -- Multiple suspicious transactions detected for account: ACC123
]]></system-out>
  </testcase>
  <testcase name="whenRapidSuccessiveTransactions_thenFlagAsSuspicious" classname="com.example.frauddetection.service.FraudDetectionServiceTest" time="0.004">
    <system-out><![CDATA[15:19:04.647 [main] INFO com.example.frauddetection.service.FraudDetectionService -- Analyzing transaction: com.example.frauddetection.model.Transaction@26da1ba2
15:19:04.648 [main] WARN com.example.frauddetection.service.FraudDetectionService -- Rapid successive transactions detected for account: ACC123
]]></system-out>
  </testcase>
  <testcase name="whenNormalTransaction_thenApprove" classname="com.example.frauddetection.service.FraudDetectionServiceTest" time="0.002">
    <system-out><![CDATA[15:19:04.652 [main] INFO com.example.frauddetection.service.FraudDetectionService -- Analyzing transaction: com.example.frauddetection.model.Transaction@5cff729b
]]></system-out>
  </testcase>
  <testcase name="whenUnusualCurrencyPattern_thenFlagAsSuspicious" classname="com.example.frauddetection.service.FraudDetectionServiceTest" time="0.004">
    <system-out><![CDATA[15:19:04.655 [main] INFO com.example.frauddetection.service.FraudDetectionService -- Analyzing transaction: com.example.frauddetection.model.Transaction@7d37ee0c
15:19:04.656 [main] WARN com.example.frauddetection.service.FraudDetectionService -- Unusual currency pattern detected for account: ACC123
]]></system-out>
  </testcase>
</testsuite>